[CMD] docker volume create pg_bench || true
[INIT] Starting container for DB initialization...
[CLEANUP] Stopping container...
[CMD] docker stop tuning || true
[CMD] docker rm tuning || true
[CMD] docker run -d --name tuning -u postgres -e POSTGRES_PASSWORD=password_test -e POSTGRES_USER=postgres -p 5432:5432 -v pg_bench:/var/lib/postgresql/data postgres:18-alpine 
[DB] Waiting for PostgreSQL to be ready...
[CMD] docker exec tuning pg_isready -U postgres -h 127.0.0.1
[DB] PostgreSQL is ready.
[DB] Initializing pgbench with scale=150...
[CMD] docker exec tuning bash -c 'dropdb benchdb; createdb benchdb; pgbench -iqs 150 benchdb'
[CMD] docker exec tuning psql -U postgres -d benchdb -c 'ANALYZE;'
[CLEANUP] Stopping container...
[CMD] docker stop tuning || true
[CMD] docker rm tuning || true

========================================
[Trial 0] Config: {'shared_buffers': '4GB', 'work_mem': '40MB', 'maintenance_work_mem': '192MB', 'max_parallel_workers_per_gather': 9, 'checkpoint_completion_target': '0.7454562418017752', 'random_page_cost': '1.0550213529560302', 'effective_cache_size': '8MB'}
[CLEANUP] Stopping container...
[CMD] docker stop tuning || true
[CMD] docker rm tuning || true
[CMD] docker run -d --name tuning -u postgres -e POSTGRES_PASSWORD=password_test -e POSTGRES_USER=postgres -p 5432:5432 -v pg_bench:/var/lib/postgresql/data postgres:18-alpine -c shared_buffers=4GB -c work_mem=40MB -c maintenance_work_mem=192MB -c max_parallel_workers_per_gather=9 -c checkpoint_completion_target=0.7454562418017752 -c random_page_cost=1.0550213529560302 -c effective_cache_size=8MB
[DB] Waiting for PostgreSQL to be ready...
[CMD] docker exec tuning pg_isready -U postgres -h 127.0.0.1
[CMD] docker exec tuning pg_isready -U postgres -h 127.0.0.1
[DB] PostgreSQL is ready.
[TEST] Running pgbench (warmup)...
[CMD] docker exec tuning pgbench -U postgres -h 127.0.0.1 -c 32 -j 2 -T 10 benchdb
[TEST] Running pgbench (test)...
[CMD] docker exec tuning pgbench -U postgres -h 127.0.0.1 -c 64 -j 2 -T 60 benchdb
[Trial 0] TPS: 5869.59 | Latency Avg: 10.90 ms
[32m[I 2026-05-06 16:43:05,875][0m Trial 0 finished with value: 5869.593814 and parameters: {'shared_buffers': '4GB', 'work_mem': 40, 'maintenance_work_mem': 192, 'max_parallel_workers_per_gather': 9, 'checkpoint_completion_target': 0.7454562418017752, 'random_page_cost': 1.0550213529560302, 'effective_cache_size': 8}. Best is trial 0 with value: 5869.593814.[0m

========================================
[Trial 1] Config: {'shared_buffers': '2GB', 'work_mem': '40MB', 'maintenance_work_mem': '192MB', 'max_parallel_workers_per_gather': 3, 'checkpoint_completion_target': '0.7426310309218228', 'random_page_cost': '1.019515477895584', 'effective_cache_size': '24MB'}
[CLEANUP] Stopping container...
[CMD] docker stop tuning || true
[CMD] docker rm tuning || true
[CMD] docker run -d --name tuning -u postgres -e POSTGRES_PASSWORD=password_test -e POSTGRES_USER=postgres -p 5432:5432 -v pg_bench:/var/lib/postgresql/data postgres:18-alpine -c shared_buffers=2GB -c work_mem=40MB -c maintenance_work_mem=192MB -c max_parallel_workers_per_gather=3 -c checkpoint_completion_target=0.7426310309218228 -c random_page_cost=1.019515477895584 -c effective_cache_size=24MB
[DB] Waiting for PostgreSQL to be ready...
[CMD] docker exec tuning pg_isready -U postgres -h 127.0.0.1
[CMD] docker exec tuning pg_isready -U postgres -h 127.0.0.1
[DB] PostgreSQL is ready.
[TEST] Running pgbench (warmup)...
[CMD] docker exec tuning pgbench -U postgres -h 127.0.0.1 -c 32 -j 2 -T 10 benchdb
[TEST] Running pgbench (test)...
[CMD] docker exec tuning pgbench -U postgres -h 127.0.0.1 -c 64 -j 2 -T 60 benchdb
[Trial 1] TPS: 6346.27 | Latency Avg: 10.09 ms
[32m[I 2026-05-06 16:44:21,810][0m Trial 1 finished with value: 6346.274185 and parameters: {'shared_buffers': '2GB', 'work_mem': 40, 'maintenance_work_mem': 192, 'max_parallel_workers_per_gather': 3, 'checkpoint_completion_target': 0.7426310309218228, 'random_page_cost': 1.019515477895584, 'effective_cache_size': 24}. Best is trial 1 with value: 6346.274185.[0m

========================================
[Trial 2] Config: {'shared_buffers': '2GB', 'work_mem': '8MB', 'maintenance_work_mem': '704MB', 'max_parallel_workers_per_gather': 5, 'checkpoint_completion_target': '0.8366775698358199', 'random_page_cost': '1.0554563366576581', 'effective_cache_size': '24MB'}
[CLEANUP] Stopping container...
[CMD] docker stop tuning || true
[CMD] docker rm tuning || true
[CMD] docker run -d --name tuning -u postgres -e POSTGRES_PASSWORD=password_test -e POSTGRES_USER=postgres -p 5432:5432 -v pg_bench:/var/lib/postgresql/data postgres:18-alpine -c shared_buffers=2GB -c work_mem=8MB -c maintenance_work_mem=704MB -c max_parallel_workers_per_gather=5 -c checkpoint_completion_target=0.8366775698358199 -c random_page_cost=1.0554563366576581 -c effective_cache_size=24MB
[DB] Waiting for PostgreSQL to be ready...
[CMD] docker exec tuning pg_isready -U postgres -h 127.0.0.1
[CMD] docker exec tuning pg_isready -U postgres -h 127.0.0.1
[DB] PostgreSQL is ready.
[TEST] Running pgbench (warmup)...
[CMD] docker exec tuning pgbench -U postgres -h 127.0.0.1 -c 32 -j 2 -T 10 benchdb
[TEST] Running pgbench (test)...
[CMD] docker exec tuning pgbench -U postgres -h 127.0.0.1 -c 64 -j 2 -T 60 benchdb
[Trial 2] TPS: 7839.00 | Latency Avg: 8.16 ms
[32m[I 2026-05-06 16:45:37,795][0m Trial 2 finished with value: 7839.003016 and parameters: {'shared_buffers': '2GB', 'work_mem': 8, 'maintenance_work_mem': 704, 'max_parallel_workers_per_gather': 5, 'checkpoint_completion_target': 0.8366775698358199, 'random_page_cost': 1.0554563366576581, 'effective_cache_size': 24}. Best is trial 2 with value: 7839.003016.[0m

========================================
[Trial 3] Config: {'shared_buffers': '4GB', 'work_mem': '40MB', 'maintenance_work_mem': '960MB', 'max_parallel_workers_per_gather': 9, 'checkpoint_completion_target': '0.8356740207895621', 'random_page_cost': '1.0422772674924288', 'effective_cache_size': '20MB'}
[CLEANUP] Stopping container...
[CMD] docker stop tuning || true
[CMD] docker rm tuning || true
[CMD] docker run -d --name tuning -u postgres -e POSTGRES_PASSWORD=password_test -e POSTGRES_USER=postgres -p 5432:5432 -v pg_bench:/var/lib/postgresql/data postgres:18-alpine -c shared_buffers=4GB -c work_mem=40MB -c maintenance_work_mem=960MB -c max_parallel_workers_per_gather=9 -c checkpoint_completion_target=0.8356740207895621 -c random_page_cost=1.0422772674924288 -c effective_cache_size=20MB
[DB] Waiting for PostgreSQL to be ready...
[CMD] docker exec tuning pg_isready -U postgres -h 127.0.0.1
[CMD] docker exec tuning pg_isready -U postgres -h 127.0.0.1
[DB] PostgreSQL is ready.
[TEST] Running pgbench (warmup)...
[CMD] docker exec tuning pgbench -U postgres -h 127.0.0.1 -c 32 -j 2 -T 10 benchdb
[TEST] Running pgbench (test)...
[CMD] docker exec tuning pgbench -U postgres -h 127.0.0.1 -c 64 -j 2 -T 60 benchdb
[Trial 3] TPS: 6734.48 | Latency Avg: 9.50 ms
[32m[I 2026-05-06 16:46:53,990][0m Trial 3 finished with value: 6734.484328 and parameters: {'shared_buffers': '4GB', 'work_mem': 40, 'maintenance_work_mem': 960, 'max_parallel_workers_per_gather': 9, 'checkpoint_completion_target': 0.8356740207895621, 'random_page_cost': 1.0422772674924288, 'effective_cache_size': 20}. Best is trial 2 with value: 7839.003016.[0m

========================================
[Trial 4] Config: {'shared_buffers': '4GB', 'work_mem': '16MB', 'maintenance_work_mem': '64MB', 'max_parallel_workers_per_gather': 11, 'checkpoint_completion_target': '0.7827245062131623', 'random_page_cost': '1.0190675050858071', 'effective_cache_size': '8MB'}
[CLEANUP] Stopping container...
[CMD] docker stop tuning || true
[CMD] docker rm tuning || true
[CMD] docker run -d --name tuning -u postgres -e POSTGRES_PASSWORD=password_test -e POSTGRES_USER=postgres -p 5432:5432 -v pg_bench:/var/lib/postgresql/data postgres:18-alpine -c shared_buffers=4GB -c work_mem=16MB -c maintenance_work_mem=64MB -c max_parallel_workers_per_gather=11 -c checkpoint_completion_target=0.7827245062131623 -c random_page_cost=1.0190675050858071 -c effective_cache_size=8MB
[DB] Waiting for PostgreSQL to be ready...
[CMD] docker exec tuning pg_isready -U postgres -h 127.0.0.1
[CMD] docker exec tuning pg_isready -U postgres -h 127.0.0.1
[DB] PostgreSQL is ready.
[TEST] Running pgbench (warmup)...
[CMD] docker exec tuning pgbench -U postgres -h 127.0.0.1 -c 32 -j 2 -T 10 benchdb
[TEST] Running pgbench (test)...
[CMD] docker exec tuning pgbench -U postgres -h 127.0.0.1 -c 64 -j 2 -T 60 benchdb
[Trial 4] TPS: 7603.98 | Latency Avg: 8.42 ms
[32m[I 2026-05-06 16:48:10,252][0m Trial 4 finished with value: 7603.98349 and parameters: {'shared_buffers': '4GB', 'work_mem': 16, 'maintenance_work_mem': 64, 'max_parallel_workers_per_gather': 11, 'checkpoint_completion_target': 0.7827245062131623, 'random_page_cost': 1.0190675050858071, 'effective_cache_size': 8}. Best is trial 2 with value: 7839.003016.[0m

========================================
[Trial 5] Config: {'shared_buffers': '4GB', 'work_mem': '60MB', 'maintenance_work_mem': '512MB', 'max_parallel_workers_per_gather': 5, 'checkpoint_completion_target': '0.726972856748326', 'random_page_cost': '1.0094287557060202', 'effective_cache_size': '16MB'}
[CLEANUP] Stopping container...
[CMD] docker stop tuning || true
[CMD] docker rm tuning || true
[CMD] docker run -d --name tuning -u postgres -e POSTGRES_PASSWORD=password_test -e POSTGRES_USER=postgres -p 5432:5432 -v pg_bench:/var/lib/postgresql/data postgres:18-alpine -c shared_buffers=4GB -c work_mem=60MB -c maintenance_work_mem=512MB -c max_parallel_workers_per_gather=5 -c checkpoint_completion_target=0.726972856748326 -c random_page_cost=1.0094287557060202 -c effective_cache_size=16MB
[DB] Waiting for PostgreSQL to be ready...
[CMD] docker exec tuning pg_isready -U postgres -h 127.0.0.1
[CMD] docker exec tuning pg_isready -U postgres -h 127.0.0.1
[DB] PostgreSQL is ready.
[TEST] Running pgbench (warmup)...
[CMD] docker exec tuning pgbench -U postgres -h 127.0.0.1 -c 32 -j 2 -T 10 benchdb
[TEST] Running pgbench (test)...
[CMD] docker exec tuning pgbench -U postgres -h 127.0.0.1 -c 64 -j 2 -T 60 benchdb
[Trial 5] TPS: 6643.72 | Latency Avg: 9.63 ms
[32m[I 2026-05-06 16:49:26,213][0m Trial 5 finished with value: 6643.715157 and parameters: {'shared_buffers': '4GB', 'work_mem': 60, 'maintenance_work_mem': 512, 'max_parallel_workers_per_gather': 5, 'checkpoint_completion_target': 0.726972856748326, 'random_page_cost': 1.0094287557060202, 'effective_cache_size': 16}. Best is trial 2 with value: 7839.003016.[0m

========================================
[Trial 6] Config: {'shared_buffers': '8GB', 'work_mem': '16MB', 'maintenance_work_mem': '448MB', 'max_parallel_workers_per_gather': 7, 'checkpoint_completion_target': '0.9009180192247785', 'random_page_cost': '1.0559710176658108', 'effective_cache_size': '24MB'}
[CLEANUP] Stopping container...
[CMD] docker stop tuning || true
[CMD] docker rm tuning || true
[CMD] docker run -d --name tuning -u postgres -e POSTGRES_PASSWORD=password_test -e POSTGRES_USER=postgres -p 5432:5432 -v pg_bench:/var/lib/postgresql/data postgres:18-alpine -c shared_buffers=8GB -c work_mem=16MB -c maintenance_work_mem=448MB -c max_parallel_workers_per_gather=7 -c checkpoint_completion_target=0.9009180192247785 -c random_page_cost=1.0559710176658108 -c effective_cache_size=24MB
[DB] Waiting for PostgreSQL to be ready...
[CMD] docker exec tuning pg_isready -U postgres -h 127.0.0.1
[CMD] docker exec tuning pg_isready -U postgres -h 127.0.0.1
[DB] PostgreSQL is ready.
[TEST] Running pgbench (warmup)...
[CMD] docker exec tuning pgbench -U postgres -h 127.0.0.1 -c 32 -j 2 -T 10 benchdb
[TEST] Running pgbench (test)...
[CMD] docker exec tuning pgbench -U postgres -h 127.0.0.1 -c 64 -j 2 -T 60 benchdb
[Trial 6] TPS: 8158.09 | Latency Avg: 7.84 ms
[32m[I 2026-05-06 16:50:42,430][0m Trial 6 finished with value: 8158.09198 and parameters: {'shared_buffers': '8GB', 'work_mem': 16, 'maintenance_work_mem': 448, 'max_parallel_workers_per_gather': 7, 'checkpoint_completion_target': 0.9009180192247785, 'random_page_cost': 1.0559710176658108, 'effective_cache_size': 24}. Best is trial 6 with value: 8158.09198.[0m

========================================
[Trial 7] Config: {'shared_buffers': '8GB', 'work_mem': '24MB', 'maintenance_work_mem': '128MB', 'max_parallel_workers_per_gather': 3, 'checkpoint_completion_target': '0.7844037928509069', 'random_page_cost': '1.2828729111737558', 'effective_cache_size': '8MB'}
[CLEANUP] Stopping container...
[CMD] docker stop tuning || true
[CMD] docker rm tuning || true
[CMD] docker run -d --name tuning -u postgres -e POSTGRES_PASSWORD=password_test -e POSTGRES_USER=postgres -p 5432:5432 -v pg_bench:/var/lib/postgresql/data postgres:18-alpine -c shared_buffers=8GB -c work_mem=24MB -c maintenance_work_mem=128MB -c max_parallel_workers_per_gather=3 -c checkpoint_completion_target=0.7844037928509069 -c random_page_cost=1.2828729111737558 -c effective_cache_size=8MB
[DB] Waiting for PostgreSQL to be ready...
[CMD] docker exec tuning pg_isready -U postgres -h 127.0.0.1
[CMD] docker exec tuning pg_isready -U postgres -h 127.0.0.1
[DB] PostgreSQL is ready.
[TEST] Running pgbench (warmup)...
[CMD] docker exec tuning pgbench -U postgres -h 127.0.0.1 -c 32 -j 2 -T 10 benchdb
[TEST] Running pgbench (test)...
[CMD] docker exec tuning pgbench -U postgres -h 127.0.0.1 -c 64 -j 2 -T 60 benchdb
[Trial 7] TPS: 7159.96 | Latency Avg: 8.94 ms
[32m[I 2026-05-06 16:51:58,326][0m Trial 7 finished with value: 7159.964252 and parameters: {'shared_buffers': '8GB', 'work_mem': 24, 'maintenance_work_mem': 128, 'max_parallel_workers_per_gather': 3, 'checkpoint_completion_target': 0.7844037928509069, 'random_page_cost': 1.2828729111737558, 'effective_cache_size': 8}. Best is trial 6 with value: 8158.09198.[0m

========================================
[Trial 8] Config: {'shared_buffers': '4GB', 'work_mem': '64MB', 'maintenance_work_mem': '1024MB', 'max_parallel_workers_per_gather': 7, 'checkpoint_completion_target': '0.9270664714916634', 'random_page_cost': '1.0718685672000918', 'effective_cache_size': '4MB'}
[CLEANUP] Stopping container...
[CMD] docker stop tuning || true
[CMD] docker rm tuning || true
[CMD] docker run -d --name tuning -u postgres -e POSTGRES_PASSWORD=password_test -e POSTGRES_USER=postgres -p 5432:5432 -v pg_bench:/var/lib/postgresql/data postgres:18-alpine -c shared_buffers=4GB -c work_mem=64MB -c maintenance_work_mem=1024MB -c max_parallel_workers_per_gather=7 -c checkpoint_completion_target=0.9270664714916634 -c random_page_cost=1.0718685672000918 -c effective_cache_size=4MB
[DB] Waiting for PostgreSQL to be ready...
[CMD] docker exec tuning pg_isready -U postgres -h 127.0.0.1
[CMD] docker exec tuning pg_isready -U postgres -h 127.0.0.1
[DB] PostgreSQL is ready.
[TEST] Running pgbench (warmup)...
[CMD] docker exec tuning pgbench -U postgres -h 127.0.0.1 -c 32 -j 2 -T 10 benchdb
[TEST] Running pgbench (test)...
[CMD] docker exec tuning pgbench -U postgres -h 127.0.0.1 -c 64 -j 2 -T 60 benchdb
[Trial 8] TPS: 7835.73 | Latency Avg: 8.17 ms
[32m[I 2026-05-06 16:53:14,299][0m Trial 8 finished with value: 7835.728706 and parameters: {'shared_buffers': '4GB', 'work_mem': 64, 'maintenance_work_mem': 1024, 'max_parallel_workers_per_gather': 7, 'checkpoint_completion_target': 0.9270664714916634, 'random_page_cost': 1.0718685672000918, 'effective_cache_size': 4}. Best is trial 6 with value: 8158.09198.[0m

========================================
[Trial 9] Config: {'shared_buffers': '4GB', 'work_mem': '44MB', 'maintenance_work_mem': '832MB', 'max_parallel_workers_per_gather': 11, 'checkpoint_completion_target': '0.7466296275999635', 'random_page_cost': '1.0122325424664291', 'effective_cache_size': '16MB'}
[CLEANUP] Stopping container...
[CMD] docker stop tuning || true
[CMD] docker rm tuning || true
[CMD] docker run -d --name tuning -u postgres -e POSTGRES_PASSWORD=password_test -e POSTGRES_USER=postgres -p 5432:5432 -v pg_bench:/var/lib/postgresql/data postgres:18-alpine -c shared_buffers=4GB -c work_mem=44MB -c maintenance_work_mem=832MB -c max_parallel_workers_per_gather=11 -c checkpoint_completion_target=0.7466296275999635 -c random_page_cost=1.0122325424664291 -c effective_cache_size=16MB
[DB] Waiting for PostgreSQL to be ready...
[CMD] docker exec tuning pg_isready -U postgres -h 127.0.0.1
[CMD] docker exec tuning pg_isready -U postgres -h 127.0.0.1
[DB] PostgreSQL is ready.
[TEST] Running pgbench (warmup)...
[CMD] docker exec tuning pgbench -U postgres -h 127.0.0.1 -c 32 -j 2 -T 10 benchdb
[TEST] Running pgbench (test)...
[CMD] docker exec tuning pgbench -U postgres -h 127.0.0.1 -c 64 -j 2 -T 60 benchdb
[Trial 9] TPS: 6787.38 | Latency Avg: 9.43 ms
[32m[I 2026-05-06 16:54:30,213][0m Trial 9 finished with value: 6787.383867 and parameters: {'shared_buffers': '4GB', 'work_mem': 44, 'maintenance_work_mem': 832, 'max_parallel_workers_per_gather': 11, 'checkpoint_completion_target': 0.7466296275999635, 'random_page_cost': 1.0122325424664291, 'effective_cache_size': 16}. Best is trial 6 with value: 8158.09198.[0m

========================================
[Trial 10] Config: {'shared_buffers': '8GB', 'work_mem': '4MB', 'maintenance_work_mem': '448MB', 'max_parallel_workers_per_gather': 0, 'checkpoint_completion_target': '0.9251502661461086', 'random_page_cost': '1.1341959583645287', 'effective_cache_size': '20MB'}
[CLEANUP] Stopping container...
[CMD] docker stop tuning || true
[CMD] docker rm tuning || true
[CMD] docker run -d --name tuning -u postgres -e POSTGRES_PASSWORD=password_test -e POSTGRES_USER=postgres -p 5432:5432 -v pg_bench:/var/lib/postgresql/data postgres:18-alpine -c shared_buffers=8GB -c work_mem=4MB -c maintenance_work_mem=448MB -c max_parallel_workers_per_gather=0 -c checkpoint_completion_target=0.9251502661461086 -c random_page_cost=1.1341959583645287 -c effective_cache_size=20MB
[DB] Waiting for PostgreSQL to be ready...
[CMD] docker exec tuning pg_isready -U postgres -h 127.0.0.1
[CMD] docker exec tuning pg_isready -U postgres -h 127.0.0.1
[DB] PostgreSQL is ready.
[TEST] Running pgbench (warmup)...
[CMD] docker exec tuning pgbench -U postgres -h 127.0.0.1 -c 32 -j 2 -T 10 benchdb
[TEST] Running pgbench (test)...
[CMD] docker exec tuning pgbench -U postgres -h 127.0.0.1 -c 64 -j 2 -T 60 benchdb
[Trial 10] TPS: 7855.19 | Latency Avg: 8.15 ms
[32m[I 2026-05-06 16:55:46,237][0m Trial 10 finished with value: 7855.186307 and parameters: {'shared_buffers': '8GB', 'work_mem': 4, 'maintenance_work_mem': 448, 'max_parallel_workers_per_gather': 0, 'checkpoint_completion_target': 0.9251502661461086, 'random_page_cost': 1.1341959583645287, 'effective_cache_size': 20}. Best is trial 6 with value: 8158.09198.[0m

========================================
[Trial 11] Config: {'shared_buffers': '8GB', 'work_mem': '4MB', 'maintenance_work_mem': '448MB', 'max_parallel_workers_per_gather': 0, 'checkpoint_completion_target': '0.9364524299934283', 'random_page_cost': '1.1387033759264937', 'effective_cache_size': '20MB'}
[CLEANUP] Stopping container...
[CMD] docker stop tuning || true
[CMD] docker rm tuning || true
[CMD] docker run -d --name tuning -u postgres -e POSTGRES_PASSWORD=password_test -e POSTGRES_USER=postgres -p 5432:5432 -v pg_bench:/var/lib/postgresql/data postgres:18-alpine -c shared_buffers=8GB -c work_mem=4MB -c maintenance_work_mem=448MB -c max_parallel_workers_per_gather=0 -c checkpoint_completion_target=0.9364524299934283 -c random_page_cost=1.1387033759264937 -c effective_cache_size=20MB
[DB] Waiting for PostgreSQL to be ready...
[CMD] docker exec tuning pg_isready -U postgres -h 127.0.0.1
[CMD] docker exec tuning pg_isready -U postgres -h 127.0.0.1
[DB] PostgreSQL is ready.
[TEST] Running pgbench (warmup)...
[CMD] docker exec tuning pgbench -U postgres -h 127.0.0.1 -c 32 -j 2 -T 10 benchdb
[TEST] Running pgbench (test)...
[CMD] docker exec tuning pgbench -U postgres -h 127.0.0.1 -c 64 -j 2 -T 60 benchdb
[Trial 11] TPS: 7877.42 | Latency Avg: 8.12 ms
[32m[I 2026-05-06 16:57:02,237][0m Trial 11 finished with value: 7877.41704 and parameters: {'shared_buffers': '8GB', 'work_mem': 4, 'maintenance_work_mem': 448, 'max_parallel_workers_per_gather': 0, 'checkpoint_completion_target': 0.9364524299934283, 'random_page_cost': 1.1387033759264937, 'effective_cache_size': 20}. Best is trial 6 with value: 8158.09198.[0m

========================================
[Trial 12] Config: {'shared_buffers': '8GB', 'work_mem': '20MB', 'maintenance_work_mem': '448MB', 'max_parallel_workers_per_gather': 0, 'checkpoint_completion_target': '0.8882512191270074', 'random_page_cost': '1.1495034079233049', 'effective_cache_size': '20MB'}
[CLEANUP] Stopping container...
[CMD] docker stop tuning || true
[CMD] docker rm tuning || true
[CMD] docker run -d --name tuning -u postgres -e POSTGRES_PASSWORD=password_test -e POSTGRES_USER=postgres -p 5432:5432 -v pg_bench:/var/lib/postgresql/data postgres:18-alpine -c shared_buffers=8GB -c work_mem=20MB -c maintenance_work_mem=448MB -c max_parallel_workers_per_gather=0 -c checkpoint_completion_target=0.8882512191270074 -c random_page_cost=1.1495034079233049 -c effective_cache_size=20MB
[DB] Waiting for PostgreSQL to be ready...
[CMD] docker exec tuning pg_isready -U postgres -h 127.0.0.1
[CMD] docker exec tuning pg_isready -U postgres -h 127.0.0.1
[DB] PostgreSQL is ready.
[TEST] Running pgbench (warmup)...
[CMD] docker exec tuning pgbench -U postgres -h 127.0.0.1 -c 32 -j 2 -T 10 benchdb
[TEST] Running pgbench (test)...
[CMD] docker exec tuning pgbench -U postgres -h 127.0.0.1 -c 64 -j 2 -T 60 benchdb
[Trial 12] TPS: 6846.00 | Latency Avg: 9.35 ms
