[32m[I 2026-05-06 16:58:18,218][0m Trial 12 finished with value: 6846.002522 and parameters: {'shared_buffers': '8GB', 'work_mem': 20, 'maintenance_work_mem': 448, 'max_parallel_workers_per_gather': 0, 'checkpoint_completion_target': 0.8882512191270074, 'random_page_cost': 1.1495034079233049, 'effective_cache_size': 20}. Best is trial 6 with value: 8158.09198.[0m

========================================
[Trial 13] Config: {'shared_buffers': '8GB', 'work_mem': '12MB', 'maintenance_work_mem': '320MB', 'max_parallel_workers_per_gather': 7, 'checkpoint_completion_target': '0.8873271901464095', 'random_page_cost': '1.231578875128058', 'effective_cache_size': '24MB'}
[CLEANUP] Stopping container...
[CMD] docker stop tuning || true
[CMD] docker rm tuning || true
[CMD] docker run -d --name tuning -u postgres -e POSTGRES_PASSWORD=password_test -e POSTGRES_USER=postgres -p 5432:5432 -v pg_bench:/var/lib/postgresql/data postgres:18-alpine -c shared_buffers=8GB -c work_mem=12MB -c maintenance_work_mem=320MB -c max_parallel_workers_per_gather=7 -c checkpoint_completion_target=0.8873271901464095 -c random_page_cost=1.231578875128058 -c effective_cache_size=24MB
[DB] Waiting for PostgreSQL to be ready...
[CMD] docker exec tuning pg_isready -U postgres -h 127.0.0.1
[CMD] docker exec tuning pg_isready -U postgres -h 127.0.0.1
[DB] PostgreSQL is ready.
[TEST] Running pgbench (warmup)...
[CMD] docker exec tuning pgbench -U postgres -h 127.0.0.1 -c 32 -j 2 -T 10 benchdb
[TEST] Running pgbench (test)...
[CMD] docker exec tuning pgbench -U postgres -h 127.0.0.1 -c 64 -j 2 -T 60 benchdb
[Trial 13] TPS: 8285.75 | Latency Avg: 7.72 ms
[32m[I 2026-05-06 16:59:34,181][0m Trial 13 finished with value: 8285.745162 and parameters: {'shared_buffers': '8GB', 'work_mem': 12, 'maintenance_work_mem': 320, 'max_parallel_workers_per_gather': 7, 'checkpoint_completion_target': 0.8873271901464095, 'random_page_cost': 1.231578875128058, 'effective_cache_size': 24}. Best is trial 13 with value: 8285.745162.[0m

========================================
[Trial 14] Config: {'shared_buffers': '8GB', 'work_mem': '28MB', 'maintenance_work_mem': '320MB', 'max_parallel_workers_per_gather': 7, 'checkpoint_completion_target': '0.8738593530607148', 'random_page_cost': '1.2489965842249016', 'effective_cache_size': '24MB'}
[CLEANUP] Stopping container...
[CMD] docker stop tuning || true
[CMD] docker rm tuning || true
[CMD] docker run -d --name tuning -u postgres -e POSTGRES_PASSWORD=password_test -e POSTGRES_USER=postgres -p 5432:5432 -v pg_bench:/var/lib/postgresql/data postgres:18-alpine -c shared_buffers=8GB -c work_mem=28MB -c maintenance_work_mem=320MB -c max_parallel_workers_per_gather=7 -c checkpoint_completion_target=0.8738593530607148 -c random_page_cost=1.2489965842249016 -c effective_cache_size=24MB
[DB] Waiting for PostgreSQL to be ready...
[CMD] docker exec tuning pg_isready -U postgres -h 127.0.0.1
[CMD] docker exec tuning pg_isready -U postgres -h 127.0.0.1
[DB] PostgreSQL is ready.
[TEST] Running pgbench (warmup)...
[CMD] docker exec tuning pgbench -U postgres -h 127.0.0.1 -c 32 -j 2 -T 10 benchdb
[TEST] Running pgbench (test)...
[CMD] docker exec tuning pgbench -U postgres -h 127.0.0.1 -c 64 -j 2 -T 60 benchdb
[Trial 14] TPS: 6470.75 | Latency Avg: 9.89 ms
[32m[I 2026-05-06 17:00:50,244][0m Trial 14 finished with value: 6470.748231 and parameters: {'shared_buffers': '8GB', 'work_mem': 28, 'maintenance_work_mem': 320, 'max_parallel_workers_per_gather': 7, 'checkpoint_completion_target': 0.8738593530607148, 'random_page_cost': 1.2489965842249016, 'effective_cache_size': 24}. Best is trial 13 with value: 8285.745162.[0m

========================================
[Trial 15] Config: {'shared_buffers': '8GB', 'work_mem': '12MB', 'maintenance_work_mem': '640MB', 'max_parallel_workers_per_gather': 7, 'checkpoint_completion_target': '0.8821942879774838', 'random_page_cost': '1.2008195074895183', 'effective_cache_size': '12MB'}
[CLEANUP] Stopping container...
[CMD] docker stop tuning || true
[CMD] docker rm tuning || true
[CMD] docker run -d --name tuning -u postgres -e POSTGRES_PASSWORD=password_test -e POSTGRES_USER=postgres -p 5432:5432 -v pg_bench:/var/lib/postgresql/data postgres:18-alpine -c shared_buffers=8GB -c work_mem=12MB -c maintenance_work_mem=640MB -c max_parallel_workers_per_gather=7 -c checkpoint_completion_target=0.8821942879774838 -c random_page_cost=1.2008195074895183 -c effective_cache_size=12MB
[DB] Waiting for PostgreSQL to be ready...
[CMD] docker exec tuning pg_isready -U postgres -h 127.0.0.1
[CMD] docker exec tuning pg_isready -U postgres -h 127.0.0.1
[DB] PostgreSQL is ready.
[TEST] Running pgbench (warmup)...
[CMD] docker exec tuning pgbench -U postgres -h 127.0.0.1 -c 32 -j 2 -T 10 benchdb
[TEST] Running pgbench (test)...
[CMD] docker exec tuning pgbench -U postgres -h 127.0.0.1 -c 64 -j 2 -T 60 benchdb
[Trial 15] TPS: 6716.06 | Latency Avg: 9.53 ms
[32m[I 2026-05-06 17:02:06,261][0m Trial 15 finished with value: 6716.058132 and parameters: {'shared_buffers': '8GB', 'work_mem': 12, 'maintenance_work_mem': 640, 'max_parallel_workers_per_gather': 7, 'checkpoint_completion_target': 0.8821942879774838, 'random_page_cost': 1.2008195074895183, 'effective_cache_size': 12}. Best is trial 13 with value: 8285.745162.[0m

========================================
[Trial 16] Config: {'shared_buffers': '8GB', 'work_mem': '28MB', 'maintenance_work_mem': '320MB', 'max_parallel_workers_per_gather': 13, 'checkpoint_completion_target': '0.8966569679424996', 'random_page_cost': '1.208028600986015', 'effective_cache_size': '24MB'}
[CLEANUP] Stopping container...
[CMD] docker stop tuning || true
[CMD] docker rm tuning || true
[CMD] docker run -d --name tuning -u postgres -e POSTGRES_PASSWORD=password_test -e POSTGRES_USER=postgres -p 5432:5432 -v pg_bench:/var/lib/postgresql/data postgres:18-alpine -c shared_buffers=8GB -c work_mem=28MB -c maintenance_work_mem=320MB -c max_parallel_workers_per_gather=13 -c checkpoint_completion_target=0.8966569679424996 -c random_page_cost=1.208028600986015 -c effective_cache_size=24MB
[DB] Waiting for PostgreSQL to be ready...
[CMD] docker exec tuning pg_isready -U postgres -h 127.0.0.1
[CMD] docker exec tuning pg_isready -U postgres -h 127.0.0.1
[DB] PostgreSQL is ready.
[TEST] Running pgbench (warmup)...
[CMD] docker exec tuning pgbench -U postgres -h 127.0.0.1 -c 32 -j 2 -T 10 benchdb
[TEST] Running pgbench (test)...
[CMD] docker exec tuning pgbench -U postgres -h 127.0.0.1 -c 64 -j 2 -T 60 benchdb
[Trial 16] TPS: 7073.99 | Latency Avg: 9.05 ms
[32m[I 2026-05-06 17:03:22,163][0m Trial 16 finished with value: 7073.993517 and parameters: {'shared_buffers': '8GB', 'work_mem': 28, 'maintenance_work_mem': 320, 'max_parallel_workers_per_gather': 13, 'checkpoint_completion_target': 0.8966569679424996, 'random_page_cost': 1.208028600986015, 'effective_cache_size': 24}. Best is trial 13 with value: 8285.745162.[0m

========================================
[Trial 17] Config: {'shared_buffers': '8GB', 'work_mem': '16MB', 'maintenance_work_mem': '320MB', 'max_parallel_workers_per_gather': 1, 'checkpoint_completion_target': '0.8550154167406958', 'random_page_cost': '1.0959617720790662', 'effective_cache_size': '16MB'}
[CLEANUP] Stopping container...
[CMD] docker stop tuning || true
[CMD] docker rm tuning || true
[CMD] docker run -d --name tuning -u postgres -e POSTGRES_PASSWORD=password_test -e POSTGRES_USER=postgres -p 5432:5432 -v pg_bench:/var/lib/postgresql/data postgres:18-alpine -c shared_buffers=8GB -c work_mem=16MB -c maintenance_work_mem=320MB -c max_parallel_workers_per_gather=1 -c checkpoint_completion_target=0.8550154167406958 -c random_page_cost=1.0959617720790662 -c effective_cache_size=16MB
[DB] Waiting for PostgreSQL to be ready...
[CMD] docker exec tuning pg_isready -U postgres -h 127.0.0.1
[CMD] docker exec tuning pg_isready -U postgres -h 127.0.0.1
[DB] PostgreSQL is ready.
[TEST] Running pgbench (warmup)...
[CMD] docker exec tuning pgbench -U postgres -h 127.0.0.1 -c 32 -j 2 -T 10 benchdb
[TEST] Running pgbench (test)...
[CMD] docker exec tuning pgbench -U postgres -h 127.0.0.1 -c 64 -j 2 -T 60 benchdb
[Trial 17] TPS: 6456.58 | Latency Avg: 9.91 ms
[32m[I 2026-05-06 17:04:38,139][0m Trial 17 finished with value: 6456.580658 and parameters: {'shared_buffers': '8GB', 'work_mem': 16, 'maintenance_work_mem': 320, 'max_parallel_workers_per_gather': 1, 'checkpoint_completion_target': 0.8550154167406958, 'random_page_cost': 1.0959617720790662, 'effective_cache_size': 16}. Best is trial 13 with value: 8285.745162.[0m

========================================
[Trial 18] Config: {'shared_buffers': '2GB', 'work_mem': '52MB', 'maintenance_work_mem': '640MB', 'max_parallel_workers_per_gather': 2, 'checkpoint_completion_target': '0.9101613105072518', 'random_page_cost': '1.1900856448900918', 'effective_cache_size': '24MB'}
[CLEANUP] Stopping container...
[CMD] docker stop tuning || true
[CMD] docker rm tuning || true
[CMD] docker run -d --name tuning -u postgres -e POSTGRES_PASSWORD=password_test -e POSTGRES_USER=postgres -p 5432:5432 -v pg_bench:/var/lib/postgresql/data postgres:18-alpine -c shared_buffers=2GB -c work_mem=52MB -c maintenance_work_mem=640MB -c max_parallel_workers_per_gather=2 -c checkpoint_completion_target=0.9101613105072518 -c random_page_cost=1.1900856448900918 -c effective_cache_size=24MB
[DB] Waiting for PostgreSQL to be ready...
[CMD] docker exec tuning pg_isready -U postgres -h 127.0.0.1
[CMD] docker exec tuning pg_isready -U postgres -h 127.0.0.1
[DB] PostgreSQL is ready.
[TEST] Running pgbench (warmup)...
[CMD] docker exec tuning pgbench -U postgres -h 127.0.0.1 -c 32 -j 2 -T 10 benchdb
[TEST] Running pgbench (test)...
[CMD] docker exec tuning pgbench -U postgres -h 127.0.0.1 -c 64 -j 2 -T 60 benchdb
[Trial 18] TPS: 7979.07 | Latency Avg: 8.02 ms
[32m[I 2026-05-06 17:05:54,179][0m Trial 18 finished with value: 7979.07018 and parameters: {'shared_buffers': '2GB', 'work_mem': 52, 'maintenance_work_mem': 640, 'max_parallel_workers_per_gather': 2, 'checkpoint_completion_target': 0.9101613105072518, 'random_page_cost': 1.1900856448900918, 'effective_cache_size': 24}. Best is trial 13 with value: 8285.745162.[0m

========================================
[Trial 19] Config: {'shared_buffers': '8GB', 'work_mem': '32MB', 'maintenance_work_mem': '256MB', 'max_parallel_workers_per_gather': 7, 'checkpoint_completion_target': '0.806645798463177', 'random_page_cost': '1.2993494669252978', 'effective_cache_size': '20MB'}
[CLEANUP] Stopping container...
[CMD] docker stop tuning || true
[CMD] docker rm tuning || true
[CMD] docker run -d --name tuning -u postgres -e POSTGRES_PASSWORD=password_test -e POSTGRES_USER=postgres -p 5432:5432 -v pg_bench:/var/lib/postgresql/data postgres:18-alpine -c shared_buffers=8GB -c work_mem=32MB -c maintenance_work_mem=256MB -c max_parallel_workers_per_gather=7 -c checkpoint_completion_target=0.806645798463177 -c random_page_cost=1.2993494669252978 -c effective_cache_size=20MB
[DB] Waiting for PostgreSQL to be ready...
[CMD] docker exec tuning pg_isready -U postgres -h 127.0.0.1
[CMD] docker exec tuning pg_isready -U postgres -h 127.0.0.1
[DB] PostgreSQL is ready.
[TEST] Running pgbench (warmup)...
[CMD] docker exec tuning pgbench -U postgres -h 127.0.0.1 -c 32 -j 2 -T 10 benchdb
[TEST] Running pgbench (test)...
[CMD] docker exec tuning pgbench -U postgres -h 127.0.0.1 -c 64 -j 2 -T 60 benchdb
[Trial 19] TPS: 7381.98 | Latency Avg: 8.67 ms
[32m[I 2026-05-06 17:07:10,145][0m Trial 19 finished with value: 7381.975555 and parameters: {'shared_buffers': '8GB', 'work_mem': 32, 'maintenance_work_mem': 256, 'max_parallel_workers_per_gather': 7, 'checkpoint_completion_target': 0.806645798463177, 'random_page_cost': 1.2993494669252978, 'effective_cache_size': 20}. Best is trial 13 with value: 8285.745162.[0m

========================================
[Trial 20] Config: {'shared_buffers': '8GB', 'work_mem': '12MB', 'maintenance_work_mem': '768MB', 'max_parallel_workers_per_gather': 7, 'checkpoint_completion_target': '0.8651768002282222', 'random_page_cost': '1.1070111909124214', 'effective_cache_size': '12MB'}
[CLEANUP] Stopping container...
[CMD] docker stop tuning || true
[CMD] docker rm tuning || true
[CMD] docker run -d --name tuning -u postgres -e POSTGRES_PASSWORD=password_test -e POSTGRES_USER=postgres -p 5432:5432 -v pg_bench:/var/lib/postgresql/data postgres:18-alpine -c shared_buffers=8GB -c work_mem=12MB -c maintenance_work_mem=768MB -c max_parallel_workers_per_gather=7 -c checkpoint_completion_target=0.8651768002282222 -c random_page_cost=1.1070111909124214 -c effective_cache_size=12MB
[DB] Waiting for PostgreSQL to be ready...
[CMD] docker exec tuning pg_isready -U postgres -h 127.0.0.1
[CMD] docker exec tuning pg_isready -U postgres -h 127.0.0.1
[DB] PostgreSQL is ready.
[TEST] Running pgbench (warmup)...
[CMD] docker exec tuning pgbench -U postgres -h 127.0.0.1 -c 32 -j 2 -T 10 benchdb
[TEST] Running pgbench (test)...
[CMD] docker exec tuning pgbench -U postgres -h 127.0.0.1 -c 64 -j 2 -T 60 benchdb
[Trial 20] TPS: 7085.62 | Latency Avg: 9.03 ms
[32m[I 2026-05-06 17:08:26,183][0m Trial 20 finished with value: 7085.622262 and parameters: {'shared_buffers': '8GB', 'work_mem': 12, 'maintenance_work_mem': 768, 'max_parallel_workers_per_gather': 7, 'checkpoint_completion_target': 0.8651768002282222, 'random_page_cost': 1.1070111909124214, 'effective_cache_size': 12}. Best is trial 13 with value: 8285.745162.[0m

========================================
[Trial 21] Config: {'shared_buffers': '2GB', 'work_mem': '56MB', 'maintenance_work_mem': '576MB', 'max_parallel_workers_per_gather': 2, 'checkpoint_completion_target': '0.908938194127265', 'random_page_cost': '1.194048059393867', 'effective_cache_size': '24MB'}
[CLEANUP] Stopping container...
[CMD] docker stop tuning || true
[CMD] docker rm tuning || true
[CMD] docker run -d --name tuning -u postgres -e POSTGRES_PASSWORD=password_test -e POSTGRES_USER=postgres -p 5432:5432 -v pg_bench:/var/lib/postgresql/data postgres:18-alpine -c shared_buffers=2GB -c work_mem=56MB -c maintenance_work_mem=576MB -c max_parallel_workers_per_gather=2 -c checkpoint_completion_target=0.908938194127265 -c random_page_cost=1.194048059393867 -c effective_cache_size=24MB
[DB] Waiting for PostgreSQL to be ready...
[CMD] docker exec tuning pg_isready -U postgres -h 127.0.0.1
[CMD] docker exec tuning pg_isready -U postgres -h 127.0.0.1
[DB] PostgreSQL is ready.
[TEST] Running pgbench (warmup)...
[CMD] docker exec tuning pgbench -U postgres -h 127.0.0.1 -c 32 -j 2 -T 10 benchdb
[TEST] Running pgbench (test)...
[CMD] docker exec tuning pgbench -U postgres -h 127.0.0.1 -c 64 -j 2 -T 60 benchdb
[Trial 21] TPS: 8105.57 | Latency Avg: 7.90 ms
[32m[I 2026-05-06 17:09:42,345][0m Trial 21 finished with value: 8105.566001 and parameters: {'shared_buffers': '2GB', 'work_mem': 56, 'maintenance_work_mem': 576, 'max_parallel_workers_per_gather': 2, 'checkpoint_completion_target': 0.908938194127265, 'random_page_cost': 1.194048059393867, 'effective_cache_size': 24}. Best is trial 13 with value: 8285.745162.[0m

========================================
[Trial 22] Config: {'shared_buffers': '2GB', 'work_mem': '52MB', 'maintenance_work_mem': '576MB', 'max_parallel_workers_per_gather': 2, 'checkpoint_completion_target': '0.9495114574625664', 'random_page_cost': '1.2351378181352712', 'effective_cache_size': '24MB'}
[CLEANUP] Stopping container...
[CMD] docker stop tuning || true
[CMD] docker rm tuning || true
[CMD] docker run -d --name tuning -u postgres -e POSTGRES_PASSWORD=password_test -e POSTGRES_USER=postgres -p 5432:5432 -v pg_bench:/var/lib/postgresql/data postgres:18-alpine -c shared_buffers=2GB -c work_mem=52MB -c maintenance_work_mem=576MB -c max_parallel_workers_per_gather=2 -c checkpoint_completion_target=0.9495114574625664 -c random_page_cost=1.2351378181352712 -c effective_cache_size=24MB
[DB] Waiting for PostgreSQL to be ready...
[CMD] docker exec tuning pg_isready -U postgres -h 127.0.0.1
[CMD] docker exec tuning pg_isready -U postgres -h 127.0.0.1
[DB] PostgreSQL is ready.
[TEST] Running pgbench (warmup)...
[CMD] docker exec tuning pgbench -U postgres -h 127.0.0.1 -c 32 -j 2 -T 10 benchdb
[TEST] Running pgbench (test)...
[CMD] docker exec tuning pgbench -U postgres -h 127.0.0.1 -c 64 -j 2 -T 60 benchdb
[Trial 22] TPS: 8255.87 | Latency Avg: 7.75 ms
[32m[I 2026-05-06 17:10:58,360][0m Trial 22 finished with value: 8255.869729 and parameters: {'shared_buffers': '2GB', 'work_mem': 52, 'maintenance_work_mem': 576, 'max_parallel_workers_per_gather': 2, 'checkpoint_completion_target': 0.9495114574625664, 'random_page_cost': 1.2351378181352712, 'effective_cache_size': 24}. Best is trial 13 with value: 8285.745162.[0m

========================================
[Trial 23] Config: {'shared_buffers': '2GB', 'work_mem': '52MB', 'maintenance_work_mem': '384MB', 'max_parallel_workers_per_gather': 2, 'checkpoint_completion_target': '0.9429159232323909', 'random_page_cost': '1.2383365776922162', 'effective_cache_size': '20MB'}
[CLEANUP] Stopping container...
[CMD] docker stop tuning || true
[CMD] docker rm tuning || true
[CMD] docker run -d --name tuning -u postgres -e POSTGRES_PASSWORD=password_test -e POSTGRES_USER=postgres -p 5432:5432 -v pg_bench:/var/lib/postgresql/data postgres:18-alpine -c shared_buffers=2GB -c work_mem=52MB -c maintenance_work_mem=384MB -c max_parallel_workers_per_gather=2 -c checkpoint_completion_target=0.9429159232323909 -c random_page_cost=1.2383365776922162 -c effective_cache_size=20MB
[DB] Waiting for PostgreSQL to be ready...
[CMD] docker exec tuning pg_isready -U postgres -h 127.0.0.1
[CMD] docker exec tuning pg_isready -U postgres -h 127.0.0.1
[DB] PostgreSQL is ready.
[TEST] Running pgbench (warmup)...
[CMD] docker exec tuning pgbench -U postgres -h 127.0.0.1 -c 32 -j 2 -T 10 benchdb
[TEST] Running pgbench (test)...
[CMD] docker exec tuning pgbench -U postgres -h 127.0.0.1 -c 64 -j 2 -T 60 benchdb
[Trial 23] TPS: 6672.05 | Latency Avg: 9.59 ms
[32m[I 2026-05-06 17:12:14,328][0m Trial 23 finished with value: 6672.052921 and parameters: {'shared_buffers': '2GB', 'work_mem': 52, 'maintenance_work_mem': 384, 'max_parallel_workers_per_gather': 2, 'checkpoint_completion_target': 0.9429159232323909, 'random_page_cost': 1.2383365776922162, 'effective_cache_size': 20}. Best is trial 13 with value: 8285.745162.[0m

========================================
[Trial 24] Config: {'shared_buffers': '2GB', 'work_mem': '20MB', 'maintenance_work_mem': '576MB', 'max_parallel_workers_per_gather': 1, 'checkpoint_completion_target': '0.9475712725384421', 'random_page_cost': '1.2485743417340411', 'effective_cache_size': '24MB'}
[CLEANUP] Stopping container...
[CMD] docker stop tuning || true
[CMD] docker rm tuning || true
[CMD] docker run -d --name tuning -u postgres -e POSTGRES_PASSWORD=password_test -e POSTGRES_USER=postgres -p 5432:5432 -v pg_bench:/var/lib/postgresql/data postgres:18-alpine -c shared_buffers=2GB -c work_mem=20MB -c maintenance_work_mem=576MB -c max_parallel_workers_per_gather=1 -c checkpoint_completion_target=0.9475712725384421 -c random_page_cost=1.2485743417340411 -c effective_cache_size=24MB
[DB] Waiting for PostgreSQL to be ready...
[CMD] docker exec tuning pg_isready -U postgres -h 127.0.0.1
[CMD] docker exec tuning pg_isready -U postgres -h 127.0.0.1
[DB] PostgreSQL is ready.
[TEST] Running pgbench (warmup)...
[CMD] docker exec tuning pgbench -U postgres -h 127.0.0.1 -c 32 -j 2 -T 10 benchdb
[TEST] Running pgbench (test)...
[CMD] docker exec tuning pgbench -U postgres -h 127.0.0.1 -c 64 -j 2 -T 60 benchdb
[Trial 24] TPS: 7599.50 | Latency Avg: 8.42 ms
[32m[I 2026-05-06 17:13:30,309][0m Trial 24 finished with value: 7599.501857 and parameters: {'shared_buffers': '2GB', 'work_mem': 20, 'maintenance_work_mem': 576, 'max_parallel_workers_per_gather': 1, 'checkpoint_completion_target': 0.9475712725384421, 'random_page_cost': 1.2485743417340411, 'effective_cache_size': 24}. Best is trial 13 with value: 8285.745162.[0m

========================================
[Trial 25] Config: {'shared_buffers': '2GB', 'work_mem': '48MB', 'maintenance_work_mem': '512MB', 'max_parallel_workers_per_gather': 13, 'checkpoint_completion_target': '0.9092265395185006', 'random_page_cost': '1.1706131934430006', 'effective_cache_size': '24MB'}
[CLEANUP] Stopping container...
[CMD] docker stop tuning || true
[CMD] docker rm tuning || true
[CMD] docker run -d --name tuning -u postgres -e POSTGRES_PASSWORD=password_test -e POSTGRES_USER=postgres -p 5432:5432 -v pg_bench:/var/lib/postgresql/data postgres:18-alpine -c shared_buffers=2GB -c work_mem=48MB -c maintenance_work_mem=512MB -c max_parallel_workers_per_gather=13 -c checkpoint_completion_target=0.9092265395185006 -c random_page_cost=1.1706131934430006 -c effective_cache_size=24MB
[DB] Waiting for PostgreSQL to be ready...
[CMD] docker exec tuning pg_isready -U postgres -h 127.0.0.1
[CMD] docker exec tuning pg_isready -U postgres -h 127.0.0.1
[DB] PostgreSQL is ready.
[TEST] Running pgbench (warmup)...
[CMD] docker exec tuning pgbench -U postgres -h 127.0.0.1 -c 32 -j 2 -T 10 benchdb
[TEST] Running pgbench (test)...
[CMD] docker exec tuning pgbench -U postgres -h 127.0.0.1 -c 64 -j 2 -T 60 benchdb
[Trial 25] TPS: 7939.82 | Latency Avg: 8.06 ms
