[32m[I 2026-05-06 17:14:46,306][0m Trial 25 finished with value: 7939.823979 and parameters: {'shared_buffers': '2GB', 'work_mem': 48, 'maintenance_work_mem': 512, 'max_parallel_workers_per_gather': 13, 'checkpoint_completion_target': 0.9092265395185006, 'random_page_cost': 1.1706131934430006, 'effective_cache_size': 24}. Best is trial 13 with value: 8285.745162.[0m

========================================
[Trial 26] Config: {'shared_buffers': '8GB', 'work_mem': '32MB', 'maintenance_work_mem': '384MB', 'max_parallel_workers_per_gather': 2, 'checkpoint_completion_target': '0.9156617942106456', 'random_page_cost': '1.2307390038369241', 'effective_cache_size': '20MB'}
[CLEANUP] Stopping container...
[CMD] docker stop tuning || true
[CMD] docker rm tuning || true
[CMD] docker run -d --name tuning -u postgres -e POSTGRES_PASSWORD=password_test -e POSTGRES_USER=postgres -p 5432:5432 -v pg_bench:/var/lib/postgresql/data postgres:18-alpine -c shared_buffers=8GB -c work_mem=32MB -c maintenance_work_mem=384MB -c max_parallel_workers_per_gather=2 -c checkpoint_completion_target=0.9156617942106456 -c random_page_cost=1.2307390038369241 -c effective_cache_size=20MB
[DB] Waiting for PostgreSQL to be ready...
[CMD] docker exec tuning pg_isready -U postgres -h 127.0.0.1
[CMD] docker exec tuning pg_isready -U postgres -h 127.0.0.1
[DB] PostgreSQL is ready.
[TEST] Running pgbench (warmup)...
[CMD] docker exec tuning pgbench -U postgres -h 127.0.0.1 -c 32 -j 2 -T 10 benchdb
[TEST] Running pgbench (test)...
[CMD] docker exec tuning pgbench -U postgres -h 127.0.0.1 -c 64 -j 2 -T 60 benchdb
[Trial 26] TPS: 6470.69 | Latency Avg: 9.89 ms
[32m[I 2026-05-06 17:16:02,302][0m Trial 26 finished with value: 6470.685822 and parameters: {'shared_buffers': '8GB', 'work_mem': 32, 'maintenance_work_mem': 384, 'max_parallel_workers_per_gather': 2, 'checkpoint_completion_target': 0.9156617942106456, 'random_page_cost': 1.2307390038369241, 'effective_cache_size': 20}. Best is trial 13 with value: 8285.745162.[0m

========================================
[Trial 27] Config: {'shared_buffers': '2GB', 'work_mem': '8MB', 'maintenance_work_mem': '832MB', 'max_parallel_workers_per_gather': 7, 'checkpoint_completion_target': '0.8597263413923834', 'random_page_cost': '1.2782774835980029', 'effective_cache_size': '16MB'}
[CLEANUP] Stopping container...
[CMD] docker stop tuning || true
[CMD] docker rm tuning || true
[CMD] docker run -d --name tuning -u postgres -e POSTGRES_PASSWORD=password_test -e POSTGRES_USER=postgres -p 5432:5432 -v pg_bench:/var/lib/postgresql/data postgres:18-alpine -c shared_buffers=2GB -c work_mem=8MB -c maintenance_work_mem=832MB -c max_parallel_workers_per_gather=7 -c checkpoint_completion_target=0.8597263413923834 -c random_page_cost=1.2782774835980029 -c effective_cache_size=16MB
[DB] Waiting for PostgreSQL to be ready...
[CMD] docker exec tuning pg_isready -U postgres -h 127.0.0.1
[CMD] docker exec tuning pg_isready -U postgres -h 127.0.0.1
[DB] PostgreSQL is ready.
[TEST] Running pgbench (warmup)...
[CMD] docker exec tuning pgbench -U postgres -h 127.0.0.1 -c 32 -j 2 -T 10 benchdb
[TEST] Running pgbench (test)...
[CMD] docker exec tuning pgbench -U postgres -h 127.0.0.1 -c 64 -j 2 -T 60 benchdb
[Trial 27] TPS: 8262.03 | Latency Avg: 7.75 ms
[32m[I 2026-05-06 17:17:18,340][0m Trial 27 finished with value: 8262.025919 and parameters: {'shared_buffers': '2GB', 'work_mem': 8, 'maintenance_work_mem': 832, 'max_parallel_workers_per_gather': 7, 'checkpoint_completion_target': 0.8597263413923834, 'random_page_cost': 1.2782774835980029, 'effective_cache_size': 16}. Best is trial 13 with value: 8285.745162.[0m

========================================
[Trial 28] Config: {'shared_buffers': '2GB', 'work_mem': '8MB', 'maintenance_work_mem': '896MB', 'max_parallel_workers_per_gather': 2, 'checkpoint_completion_target': '0.8539968064910781', 'random_page_cost': '1.2749126215673299', 'effective_cache_size': '16MB'}
[CLEANUP] Stopping container...
[CMD] docker stop tuning || true
[CMD] docker rm tuning || true
[CMD] docker run -d --name tuning -u postgres -e POSTGRES_PASSWORD=password_test -e POSTGRES_USER=postgres -p 5432:5432 -v pg_bench:/var/lib/postgresql/data postgres:18-alpine -c shared_buffers=2GB -c work_mem=8MB -c maintenance_work_mem=896MB -c max_parallel_workers_per_gather=2 -c checkpoint_completion_target=0.8539968064910781 -c random_page_cost=1.2749126215673299 -c effective_cache_size=16MB
[DB] Waiting for PostgreSQL to be ready...
[CMD] docker exec tuning pg_isready -U postgres -h 127.0.0.1
[CMD] docker exec tuning pg_isready -U postgres -h 127.0.0.1
[DB] PostgreSQL is ready.
[TEST] Running pgbench (warmup)...
[CMD] docker exec tuning pgbench -U postgres -h 127.0.0.1 -c 32 -j 2 -T 10 benchdb
[TEST] Running pgbench (test)...
[CMD] docker exec tuning pgbench -U postgres -h 127.0.0.1 -c 64 -j 2 -T 60 benchdb
[Trial 28] TPS: 7255.79 | Latency Avg: 8.82 ms
[32m[I 2026-05-06 17:18:34,321][0m Trial 28 finished with value: 7255.789638 and parameters: {'shared_buffers': '2GB', 'work_mem': 8, 'maintenance_work_mem': 896, 'max_parallel_workers_per_gather': 2, 'checkpoint_completion_target': 0.8539968064910781, 'random_page_cost': 1.2749126215673299, 'effective_cache_size': 16}. Best is trial 13 with value: 8285.745162.[0m

========================================
[Trial 29] Config: {'shared_buffers': '2GB', 'work_mem': '36MB', 'maintenance_work_mem': '768MB', 'max_parallel_workers_per_gather': 9, 'checkpoint_completion_target': '0.8064257076935569', 'random_page_cost': '1.2661509630074281', 'effective_cache_size': '12MB'}
[CLEANUP] Stopping container...
[CMD] docker stop tuning || true
[CMD] docker rm tuning || true
[CMD] docker run -d --name tuning -u postgres -e POSTGRES_PASSWORD=password_test -e POSTGRES_USER=postgres -p 5432:5432 -v pg_bench:/var/lib/postgresql/data postgres:18-alpine -c shared_buffers=2GB -c work_mem=36MB -c maintenance_work_mem=768MB -c max_parallel_workers_per_gather=9 -c checkpoint_completion_target=0.8064257076935569 -c random_page_cost=1.2661509630074281 -c effective_cache_size=12MB
[DB] Waiting for PostgreSQL to be ready...
[CMD] docker exec tuning pg_isready -U postgres -h 127.0.0.1
[CMD] docker exec tuning pg_isready -U postgres -h 127.0.0.1
[DB] PostgreSQL is ready.
[TEST] Running pgbench (warmup)...
[CMD] docker exec tuning pgbench -U postgres -h 127.0.0.1 -c 32 -j 2 -T 10 benchdb
[TEST] Running pgbench (test)...
[CMD] docker exec tuning pgbench -U postgres -h 127.0.0.1 -c 64 -j 2 -T 60 benchdb
[Trial 29] TPS: 7829.95 | Latency Avg: 8.17 ms
[32m[I 2026-05-06 17:19:50,275][0m Trial 29 finished with value: 7829.946892 and parameters: {'shared_buffers': '2GB', 'work_mem': 36, 'maintenance_work_mem': 768, 'max_parallel_workers_per_gather': 9, 'checkpoint_completion_target': 0.8064257076935569, 'random_page_cost': 1.2661509630074281, 'effective_cache_size': 12}. Best is trial 13 with value: 8285.745162.[0m

========================================
[Trial 30] Config: {'shared_buffers': '2GB', 'work_mem': '8MB', 'maintenance_work_mem': '896MB', 'max_parallel_workers_per_gather': 7, 'checkpoint_completion_target': '0.8213009929475662', 'random_page_cost': '1.2170840249054846', 'effective_cache_size': '4MB'}
[CLEANUP] Stopping container...
[CMD] docker stop tuning || true
[CMD] docker rm tuning || true
[CMD] docker run -d --name tuning -u postgres -e POSTGRES_PASSWORD=password_test -e POSTGRES_USER=postgres -p 5432:5432 -v pg_bench:/var/lib/postgresql/data postgres:18-alpine -c shared_buffers=2GB -c work_mem=8MB -c maintenance_work_mem=896MB -c max_parallel_workers_per_gather=7 -c checkpoint_completion_target=0.8213009929475662 -c random_page_cost=1.2170840249054846 -c effective_cache_size=4MB
[DB] Waiting for PostgreSQL to be ready...
[CMD] docker exec tuning pg_isready -U postgres -h 127.0.0.1
[CMD] docker exec tuning pg_isready -U postgres -h 127.0.0.1
[DB] PostgreSQL is ready.
[TEST] Running pgbench (warmup)...
[CMD] docker exec tuning pgbench -U postgres -h 127.0.0.1 -c 32 -j 2 -T 10 benchdb
[TEST] Running pgbench (test)...
[CMD] docker exec tuning pgbench -U postgres -h 127.0.0.1 -c 64 -j 2 -T 60 benchdb
[Trial 30] TPS: 7397.79 | Latency Avg: 8.65 ms
[32m[I 2026-05-06 17:21:06,267][0m Trial 30 finished with value: 7397.790257 and parameters: {'shared_buffers': '2GB', 'work_mem': 8, 'maintenance_work_mem': 896, 'max_parallel_workers_per_gather': 7, 'checkpoint_completion_target': 0.8213009929475662, 'random_page_cost': 1.2170840249054846, 'effective_cache_size': 4}. Best is trial 13 with value: 8285.745162.[0m

========================================
[Trial 31] Config: {'shared_buffers': '2GB', 'work_mem': '16MB', 'maintenance_work_mem': '192MB', 'max_parallel_workers_per_gather': 7, 'checkpoint_completion_target': '0.8917684785074206', 'random_page_cost': '1.1711799119509012', 'effective_cache_size': '24MB'}
[CLEANUP] Stopping container...
[CMD] docker stop tuning || true
[CMD] docker rm tuning || true
[CMD] docker run -d --name tuning -u postgres -e POSTGRES_PASSWORD=password_test -e POSTGRES_USER=postgres -p 5432:5432 -v pg_bench:/var/lib/postgresql/data postgres:18-alpine -c shared_buffers=2GB -c work_mem=16MB -c maintenance_work_mem=192MB -c max_parallel_workers_per_gather=7 -c checkpoint_completion_target=0.8917684785074206 -c random_page_cost=1.1711799119509012 -c effective_cache_size=24MB
[DB] Waiting for PostgreSQL to be ready...
[CMD] docker exec tuning pg_isready -U postgres -h 127.0.0.1
[CMD] docker exec tuning pg_isready -U postgres -h 127.0.0.1
[DB] PostgreSQL is ready.
[TEST] Running pgbench (warmup)...
[CMD] docker exec tuning pgbench -U postgres -h 127.0.0.1 -c 32 -j 2 -T 10 benchdb
[TEST] Running pgbench (test)...
[CMD] docker exec tuning pgbench -U postgres -h 127.0.0.1 -c 64 -j 2 -T 60 benchdb
[Trial 31] TPS: 8317.54 | Latency Avg: 7.70 ms
[32m[I 2026-05-06 17:22:22,227][0m Trial 31 finished with value: 8317.538324 and parameters: {'shared_buffers': '2GB', 'work_mem': 16, 'maintenance_work_mem': 192, 'max_parallel_workers_per_gather': 7, 'checkpoint_completion_target': 0.8917684785074206, 'random_page_cost': 1.1711799119509012, 'effective_cache_size': 24}. Best is trial 31 with value: 8317.538324.[0m

========================================
[Trial 32] Config: {'shared_buffers': '2GB', 'work_mem': '12MB', 'maintenance_work_mem': '128MB', 'max_parallel_workers_per_gather': 7, 'checkpoint_completion_target': '0.8564944456076671', 'random_page_cost': '1.166684931952037', 'effective_cache_size': '20MB'}
[CLEANUP] Stopping container...
[CMD] docker stop tuning || true
[CMD] docker rm tuning || true
[CMD] docker run -d --name tuning -u postgres -e POSTGRES_PASSWORD=password_test -e POSTGRES_USER=postgres -p 5432:5432 -v pg_bench:/var/lib/postgresql/data postgres:18-alpine -c shared_buffers=2GB -c work_mem=12MB -c maintenance_work_mem=128MB -c max_parallel_workers_per_gather=7 -c checkpoint_completion_target=0.8564944456076671 -c random_page_cost=1.166684931952037 -c effective_cache_size=20MB
[DB] Waiting for PostgreSQL to be ready...
[CMD] docker exec tuning pg_isready -U postgres -h 127.0.0.1
[CMD] docker exec tuning pg_isready -U postgres -h 127.0.0.1
[DB] PostgreSQL is ready.
[TEST] Running pgbench (warmup)...
[CMD] docker exec tuning pgbench -U postgres -h 127.0.0.1 -c 32 -j 2 -T 10 benchdb
[TEST] Running pgbench (test)...
[CMD] docker exec tuning pgbench -U postgres -h 127.0.0.1 -c 64 -j 2 -T 60 benchdb
[Trial 32] TPS: 6876.54 | Latency Avg: 9.31 ms
[32m[I 2026-05-06 17:23:38,206][0m Trial 32 finished with value: 6876.544262 and parameters: {'shared_buffers': '2GB', 'work_mem': 12, 'maintenance_work_mem': 128, 'max_parallel_workers_per_gather': 7, 'checkpoint_completion_target': 0.8564944456076671, 'random_page_cost': 1.166684931952037, 'effective_cache_size': 20}. Best is trial 31 with value: 8317.538324.[0m

========================================
[Trial 33] Config: {'shared_buffers': '2GB', 'work_mem': '24MB', 'maintenance_work_mem': '192MB', 'max_parallel_workers_per_gather': 3, 'checkpoint_completion_target': '0.8768258478965547', 'random_page_cost': '1.26094485061933', 'effective_cache_size': '24MB'}
[CLEANUP] Stopping container...
[CMD] docker stop tuning || true
[CMD] docker rm tuning || true
[CMD] docker run -d --name tuning -u postgres -e POSTGRES_PASSWORD=password_test -e POSTGRES_USER=postgres -p 5432:5432 -v pg_bench:/var/lib/postgresql/data postgres:18-alpine -c shared_buffers=2GB -c work_mem=24MB -c maintenance_work_mem=192MB -c max_parallel_workers_per_gather=3 -c checkpoint_completion_target=0.8768258478965547 -c random_page_cost=1.26094485061933 -c effective_cache_size=24MB
[DB] Waiting for PostgreSQL to be ready...
[CMD] docker exec tuning pg_isready -U postgres -h 127.0.0.1
[CMD] docker exec tuning pg_isready -U postgres -h 127.0.0.1
[DB] PostgreSQL is ready.
[TEST] Running pgbench (warmup)...
[CMD] docker exec tuning pgbench -U postgres -h 127.0.0.1 -c 32 -j 2 -T 10 benchdb
[TEST] Running pgbench (test)...
[CMD] docker exec tuning pgbench -U postgres -h 127.0.0.1 -c 64 -j 2 -T 60 benchdb
[Trial 33] TPS: 8231.97 | Latency Avg: 7.78 ms
[32m[I 2026-05-06 17:24:54,134][0m Trial 33 finished with value: 8231.97244 and parameters: {'shared_buffers': '2GB', 'work_mem': 24, 'maintenance_work_mem': 192, 'max_parallel_workers_per_gather': 3, 'checkpoint_completion_target': 0.8768258478965547, 'random_page_cost': 1.26094485061933, 'effective_cache_size': 24}. Best is trial 31 with value: 8317.538324.[0m

========================================
[Trial 34] Config: {'shared_buffers': '2GB', 'work_mem': '4MB', 'maintenance_work_mem': '256MB', 'max_parallel_workers_per_gather': 7, 'checkpoint_completion_target': '0.834361479101469', 'random_page_cost': '1.2247196496974586', 'effective_cache_size': '8MB'}
[CLEANUP] Stopping container...
[CMD] docker stop tuning || true
[CMD] docker rm tuning || true
[CMD] docker run -d --name tuning -u postgres -e POSTGRES_PASSWORD=password_test -e POSTGRES_USER=postgres -p 5432:5432 -v pg_bench:/var/lib/postgresql/data postgres:18-alpine -c shared_buffers=2GB -c work_mem=4MB -c maintenance_work_mem=256MB -c max_parallel_workers_per_gather=7 -c checkpoint_completion_target=0.834361479101469 -c random_page_cost=1.2247196496974586 -c effective_cache_size=8MB
[DB] Waiting for PostgreSQL to be ready...
[CMD] docker exec tuning pg_isready -U postgres -h 127.0.0.1
[CMD] docker exec tuning pg_isready -U postgres -h 127.0.0.1
[DB] PostgreSQL is ready.
[TEST] Running pgbench (warmup)...
[CMD] docker exec tuning pgbench -U postgres -h 127.0.0.1 -c 32 -j 2 -T 10 benchdb
[TEST] Running pgbench (test)...
[CMD] docker exec tuning pgbench -U postgres -h 127.0.0.1 -c 64 -j 2 -T 60 benchdb
[Trial 34] TPS: 7866.49 | Latency Avg: 8.14 ms
[32m[I 2026-05-06 17:26:10,140][0m Trial 34 finished with value: 7866.490598 and parameters: {'shared_buffers': '2GB', 'work_mem': 4, 'maintenance_work_mem': 256, 'max_parallel_workers_per_gather': 7, 'checkpoint_completion_target': 0.834361479101469, 'random_page_cost': 1.2247196496974586, 'effective_cache_size': 8}. Best is trial 31 with value: 8317.538324.[0m

========================================
[Trial 35] Config: {'shared_buffers': '2GB', 'work_mem': '20MB', 'maintenance_work_mem': '64MB', 'max_parallel_workers_per_gather': 5, 'checkpoint_completion_target': '0.8932150551946118', 'random_page_cost': '1.2952318762772388', 'effective_cache_size': '20MB'}
[CLEANUP] Stopping container...
[CMD] docker stop tuning || true
[CMD] docker rm tuning || true
[CMD] docker run -d --name tuning -u postgres -e POSTGRES_PASSWORD=password_test -e POSTGRES_USER=postgres -p 5432:5432 -v pg_bench:/var/lib/postgresql/data postgres:18-alpine -c shared_buffers=2GB -c work_mem=20MB -c maintenance_work_mem=64MB -c max_parallel_workers_per_gather=5 -c checkpoint_completion_target=0.8932150551946118 -c random_page_cost=1.2952318762772388 -c effective_cache_size=20MB
[DB] Waiting for PostgreSQL to be ready...
[CMD] docker exec tuning pg_isready -U postgres -h 127.0.0.1
[CMD] docker exec tuning pg_isready -U postgres -h 127.0.0.1
[DB] PostgreSQL is ready.
[TEST] Running pgbench (warmup)...
[CMD] docker exec tuning pgbench -U postgres -h 127.0.0.1 -c 32 -j 2 -T 10 benchdb
[TEST] Running pgbench (test)...
[CMD] docker exec tuning pgbench -U postgres -h 127.0.0.1 -c 64 -j 2 -T 60 benchdb
[Trial 35] TPS: 6660.12 | Latency Avg: 9.61 ms
[32m[I 2026-05-06 17:27:26,112][0m Trial 35 finished with value: 6660.119006 and parameters: {'shared_buffers': '2GB', 'work_mem': 20, 'maintenance_work_mem': 64, 'max_parallel_workers_per_gather': 5, 'checkpoint_completion_target': 0.8932150551946118, 'random_page_cost': 1.2952318762772388, 'effective_cache_size': 20}. Best is trial 31 with value: 8317.538324.[0m

========================================
[Trial 36] Config: {'shared_buffers': '2GB', 'work_mem': '40MB', 'maintenance_work_mem': '704MB', 'max_parallel_workers_per_gather': 9, 'checkpoint_completion_target': '0.8470847106722148', 'random_page_cost': '1.1738754346994518', 'effective_cache_size': '24MB'}
[CLEANUP] Stopping container...
[CMD] docker stop tuning || true
[CMD] docker rm tuning || true
[CMD] docker run -d --name tuning -u postgres -e POSTGRES_PASSWORD=password_test -e POSTGRES_USER=postgres -p 5432:5432 -v pg_bench:/var/lib/postgresql/data postgres:18-alpine -c shared_buffers=2GB -c work_mem=40MB -c maintenance_work_mem=704MB -c max_parallel_workers_per_gather=9 -c checkpoint_completion_target=0.8470847106722148 -c random_page_cost=1.1738754346994518 -c effective_cache_size=24MB
[DB] Waiting for PostgreSQL to be ready...
[CMD] docker exec tuning pg_isready -U postgres -h 127.0.0.1
[CMD] docker exec tuning pg_isready -U postgres -h 127.0.0.1
[DB] PostgreSQL is ready.
[TEST] Running pgbench (warmup)...
[CMD] docker exec tuning pgbench -U postgres -h 127.0.0.1 -c 32 -j 2 -T 10 benchdb
[TEST] Running pgbench (test)...
[CMD] docker exec tuning pgbench -U postgres -h 127.0.0.1 -c 64 -j 2 -T 60 benchdb
[Trial 36] TPS: 6537.39 | Latency Avg: 9.79 ms
[32m[I 2026-05-06 17:28:42,198][0m Trial 36 finished with value: 6537.387924 and parameters: {'shared_buffers': '2GB', 'work_mem': 40, 'maintenance_work_mem': 704, 'max_parallel_workers_per_gather': 9, 'checkpoint_completion_target': 0.8470847106722148, 'random_page_cost': 1.1738754346994518, 'effective_cache_size': 24}. Best is trial 31 with value: 8317.538324.[0m

========================================
[Trial 37] Config: {'shared_buffers': '2GB', 'work_mem': '12MB', 'maintenance_work_mem': '256MB', 'max_parallel_workers_per_gather': 11, 'checkpoint_completion_target': '0.9286719807663573', 'random_page_cost': '1.250407099067566', 'effective_cache_size': '16MB'}
[CLEANUP] Stopping container...
[CMD] docker stop tuning || true
[CMD] docker rm tuning || true
[CMD] docker run -d --name tuning -u postgres -e POSTGRES_PASSWORD=password_test -e POSTGRES_USER=postgres -p 5432:5432 -v pg_bench:/var/lib/postgresql/data postgres:18-alpine -c shared_buffers=2GB -c work_mem=12MB -c maintenance_work_mem=256MB -c max_parallel_workers_per_gather=11 -c checkpoint_completion_target=0.9286719807663573 -c random_page_cost=1.250407099067566 -c effective_cache_size=16MB
[DB] Waiting for PostgreSQL to be ready...
[CMD] docker exec tuning pg_isready -U postgres -h 127.0.0.1
[CMD] docker exec tuning pg_isready -U postgres -h 127.0.0.1
[DB] PostgreSQL is ready.
[TEST] Running pgbench (warmup)...
[CMD] docker exec tuning pgbench -U postgres -h 127.0.0.1 -c 32 -j 2 -T 10 benchdb
[TEST] Running pgbench (test)...
[CMD] docker exec tuning pgbench -U postgres -h 127.0.0.1 -c 64 -j 2 -T 60 benchdb
[Trial 37] TPS: 7285.02 | Latency Avg: 8.79 ms
[32m[I 2026-05-06 17:29:58,140][0m Trial 37 finished with value: 7285.021694 and parameters: {'shared_buffers': '2GB', 'work_mem': 12, 'maintenance_work_mem': 256, 'max_parallel_workers_per_gather': 11, 'checkpoint_completion_target': 0.9286719807663573, 'random_page_cost': 1.250407099067566, 'effective_cache_size': 16}. Best is trial 31 with value: 8317.538324.[0m

========================================
[Trial 38] Config: {'shared_buffers': '4GB', 'work_mem': '8MB', 'maintenance_work_mem': '128MB', 'max_parallel_workers_per_gather': 7, 'checkpoint_completion_target': '0.8724843907463564', 'random_page_cost': '1.2153085381954696', 'effective_cache_size': '24MB'}
[CLEANUP] Stopping container...
[CMD] docker stop tuning || true
[CMD] docker rm tuning || true
[CMD] docker run -d --name tuning -u postgres -e POSTGRES_PASSWORD=password_test -e POSTGRES_USER=postgres -p 5432:5432 -v pg_bench:/var/lib/postgresql/data postgres:18-alpine -c shared_buffers=4GB -c work_mem=8MB -c maintenance_work_mem=128MB -c max_parallel_workers_per_gather=7 -c checkpoint_completion_target=0.8724843907463564 -c random_page_cost=1.2153085381954696 -c effective_cache_size=24MB
[DB] Waiting for PostgreSQL to be ready...
[CMD] docker exec tuning pg_isready -U postgres -h 127.0.0.1
[CMD] docker exec tuning pg_isready -U postgres -h 127.0.0.1
[DB] PostgreSQL is ready.
[TEST] Running pgbench (warmup)...
[CMD] docker exec tuning pgbench -U postgres -h 127.0.0.1 -c 32 -j 2 -T 10 benchdb
[TEST] Running pgbench (test)...
[CMD] docker exec tuning pgbench -U postgres -h 127.0.0.1 -c 64 -j 2 -T 60 benchdb
[Trial 38] TPS: 8103.86 | Latency Avg: 7.90 ms
