[32m[I 2026-05-06 17:31:14,181][0m Trial 38 finished with value: 8103.8591 and parameters: {'shared_buffers': '4GB', 'work_mem': 8, 'maintenance_work_mem': 128, 'max_parallel_workers_per_gather': 7, 'checkpoint_completion_target': 0.8724843907463564, 'random_page_cost': 1.2153085381954696, 'effective_cache_size': 24}. Best is trial 31 with value: 8317.538324.[0m

========================================
[Trial 39] Config: {'shared_buffers': '2GB', 'work_mem': '16MB', 'maintenance_work_mem': '960MB', 'max_parallel_workers_per_gather': 7, 'checkpoint_completion_target': '0.8212243323138552', 'random_page_cost': '1.2813159778803327', 'effective_cache_size': '24MB'}
[CLEANUP] Stopping container...
[CMD] docker stop tuning || true
[CMD] docker rm tuning || true
[CMD] docker run -d --name tuning -u postgres -e POSTGRES_PASSWORD=password_test -e POSTGRES_USER=postgres -p 5432:5432 -v pg_bench:/var/lib/postgresql/data postgres:18-alpine -c shared_buffers=2GB -c work_mem=16MB -c maintenance_work_mem=960MB -c max_parallel_workers_per_gather=7 -c checkpoint_completion_target=0.8212243323138552 -c random_page_cost=1.2813159778803327 -c effective_cache_size=24MB
[DB] Waiting for PostgreSQL to be ready...
[CMD] docker exec tuning pg_isready -U postgres -h 127.0.0.1
[CMD] docker exec tuning pg_isready -U postgres -h 127.0.0.1
[DB] PostgreSQL is ready.
[TEST] Running pgbench (warmup)...
[CMD] docker exec tuning pgbench -U postgres -h 127.0.0.1 -c 32 -j 2 -T 10 benchdb
[TEST] Running pgbench (test)...
[CMD] docker exec tuning pgbench -U postgres -h 127.0.0.1 -c 64 -j 2 -T 60 benchdb
[Trial 39] TPS: 6772.51 | Latency Avg: 9.45 ms
[32m[I 2026-05-06 17:32:39,194][0m Trial 39 finished with value: 6772.510068 and parameters: {'shared_buffers': '2GB', 'work_mem': 16, 'maintenance_work_mem': 960, 'max_parallel_workers_per_gather': 7, 'checkpoint_completion_target': 0.8212243323138552, 'random_page_cost': 1.2813159778803327, 'effective_cache_size': 24}. Best is trial 31 with value: 8317.538324.[0m

========================================
[Trial 40] Config: {'shared_buffers': '2GB', 'work_mem': '44MB', 'maintenance_work_mem': '192MB', 'max_parallel_workers_per_gather': 5, 'checkpoint_completion_target': '0.8408287336350703', 'random_page_cost': '1.2638332727675063', 'effective_cache_size': '16MB'}
[CLEANUP] Stopping container...
[CMD] docker stop tuning || true
[CMD] docker rm tuning || true
[CMD] docker run -d --name tuning -u postgres -e POSTGRES_PASSWORD=password_test -e POSTGRES_USER=postgres -p 5432:5432 -v pg_bench:/var/lib/postgresql/data postgres:18-alpine -c shared_buffers=2GB -c work_mem=44MB -c maintenance_work_mem=192MB -c max_parallel_workers_per_gather=5 -c checkpoint_completion_target=0.8408287336350703 -c random_page_cost=1.2638332727675063 -c effective_cache_size=16MB
[DB] Waiting for PostgreSQL to be ready...
[CMD] docker exec tuning pg_isready -U postgres -h 127.0.0.1
[CMD] docker exec tuning pg_isready -U postgres -h 127.0.0.1
[DB] PostgreSQL is ready.
[TEST] Running pgbench (warmup)...
[CMD] docker exec tuning pgbench -U postgres -h 127.0.0.1 -c 32 -j 2 -T 10 benchdb
[TEST] Running pgbench (test)...
[CMD] docker exec tuning pgbench -U postgres -h 127.0.0.1 -c 64 -j 2 -T 60 benchdb
[Trial 40] TPS: 6844.02 | Latency Avg: 9.35 ms
[32m[I 2026-05-06 17:33:55,246][0m Trial 40 finished with value: 6844.023147 and parameters: {'shared_buffers': '2GB', 'work_mem': 44, 'maintenance_work_mem': 192, 'max_parallel_workers_per_gather': 5, 'checkpoint_completion_target': 0.8408287336350703, 'random_page_cost': 1.2638332727675063, 'effective_cache_size': 16}. Best is trial 31 with value: 8317.538324.[0m

========================================
[Trial 41] Config: {'shared_buffers': '2GB', 'work_mem': '24MB', 'maintenance_work_mem': '192MB', 'max_parallel_workers_per_gather': 3, 'checkpoint_completion_target': '0.8806955462582682', 'random_page_cost': '1.2594515958813621', 'effective_cache_size': '24MB'}
[CLEANUP] Stopping container...
[CMD] docker stop tuning || true
[CMD] docker rm tuning || true
[CMD] docker run -d --name tuning -u postgres -e POSTGRES_PASSWORD=password_test -e POSTGRES_USER=postgres -p 5432:5432 -v pg_bench:/var/lib/postgresql/data postgres:18-alpine -c shared_buffers=2GB -c work_mem=24MB -c maintenance_work_mem=192MB -c max_parallel_workers_per_gather=3 -c checkpoint_completion_target=0.8806955462582682 -c random_page_cost=1.2594515958813621 -c effective_cache_size=24MB
[DB] Waiting for PostgreSQL to be ready...
[CMD] docker exec tuning pg_isready -U postgres -h 127.0.0.1
[CMD] docker exec tuning pg_isready -U postgres -h 127.0.0.1
[DB] PostgreSQL is ready.
[TEST] Running pgbench (warmup)...
[CMD] docker exec tuning pgbench -U postgres -h 127.0.0.1 -c 32 -j 2 -T 10 benchdb
[TEST] Running pgbench (test)...
[CMD] docker exec tuning pgbench -U postgres -h 127.0.0.1 -c 64 -j 2 -T 60 benchdb
[Trial 41] TPS: 7838.40 | Latency Avg: 8.16 ms
[32m[I 2026-05-06 17:35:11,380][0m Trial 41 finished with value: 7838.398849 and parameters: {'shared_buffers': '2GB', 'work_mem': 24, 'maintenance_work_mem': 192, 'max_parallel_workers_per_gather': 3, 'checkpoint_completion_target': 0.8806955462582682, 'random_page_cost': 1.2594515958813621, 'effective_cache_size': 24}. Best is trial 31 with value: 8317.538324.[0m

========================================
[Trial 42] Config: {'shared_buffers': '2GB', 'work_mem': '24MB', 'maintenance_work_mem': '64MB', 'max_parallel_workers_per_gather': 3, 'checkpoint_completion_target': '0.8655777406126256', 'random_page_cost': '1.2306130385801837', 'effective_cache_size': '24MB'}
[CLEANUP] Stopping container...
[CMD] docker stop tuning || true
[CMD] docker rm tuning || true
[CMD] docker run -d --name tuning -u postgres -e POSTGRES_PASSWORD=password_test -e POSTGRES_USER=postgres -p 5432:5432 -v pg_bench:/var/lib/postgresql/data postgres:18-alpine -c shared_buffers=2GB -c work_mem=24MB -c maintenance_work_mem=64MB -c max_parallel_workers_per_gather=3 -c checkpoint_completion_target=0.8655777406126256 -c random_page_cost=1.2306130385801837 -c effective_cache_size=24MB
[DB] Waiting for PostgreSQL to be ready...
[CMD] docker exec tuning pg_isready -U postgres -h 127.0.0.1
[CMD] docker exec tuning pg_isready -U postgres -h 127.0.0.1
[DB] PostgreSQL is ready.
[TEST] Running pgbench (warmup)...
[CMD] docker exec tuning pgbench -U postgres -h 127.0.0.1 -c 32 -j 2 -T 10 benchdb
[TEST] Running pgbench (test)...
[CMD] docker exec tuning pgbench -U postgres -h 127.0.0.1 -c 64 -j 2 -T 60 benchdb
[Trial 42] TPS: 7565.62 | Latency Avg: 8.46 ms
[32m[I 2026-05-06 17:36:27,590][0m Trial 42 finished with value: 7565.61532 and parameters: {'shared_buffers': '2GB', 'work_mem': 24, 'maintenance_work_mem': 64, 'max_parallel_workers_per_gather': 3, 'checkpoint_completion_target': 0.8655777406126256, 'random_page_cost': 1.2306130385801837, 'effective_cache_size': 24}. Best is trial 31 with value: 8317.538324.[0m

========================================
[Trial 43] Config: {'shared_buffers': '2GB', 'work_mem': '64MB', 'maintenance_work_mem': '192MB', 'max_parallel_workers_per_gather': 3, 'checkpoint_completion_target': '0.8929237327435596', 'random_page_cost': '1.2784970140456484', 'effective_cache_size': '20MB'}
[CLEANUP] Stopping container...
[CMD] docker stop tuning || true
[CMD] docker rm tuning || true
[CMD] docker run -d --name tuning -u postgres -e POSTGRES_PASSWORD=password_test -e POSTGRES_USER=postgres -p 5432:5432 -v pg_bench:/var/lib/postgresql/data postgres:18-alpine -c shared_buffers=2GB -c work_mem=64MB -c maintenance_work_mem=192MB -c max_parallel_workers_per_gather=3 -c checkpoint_completion_target=0.8929237327435596 -c random_page_cost=1.2784970140456484 -c effective_cache_size=20MB
[DB] Waiting for PostgreSQL to be ready...
[CMD] docker exec tuning pg_isready -U postgres -h 127.0.0.1
[CMD] docker exec tuning pg_isready -U postgres -h 127.0.0.1
[DB] PostgreSQL is ready.
[TEST] Running pgbench (warmup)...
[CMD] docker exec tuning pgbench -U postgres -h 127.0.0.1 -c 32 -j 2 -T 10 benchdb
[TEST] Running pgbench (test)...
[CMD] docker exec tuning pgbench -U postgres -h 127.0.0.1 -c 64 -j 2 -T 60 benchdb
[Trial 43] TPS: 7681.71 | Latency Avg: 8.33 ms
[32m[I 2026-05-06 17:37:43,797][0m Trial 43 finished with value: 7681.711704 and parameters: {'shared_buffers': '2GB', 'work_mem': 64, 'maintenance_work_mem': 192, 'max_parallel_workers_per_gather': 3, 'checkpoint_completion_target': 0.8929237327435596, 'random_page_cost': 1.2784970140456484, 'effective_cache_size': 20}. Best is trial 31 with value: 8317.538324.[0m

========================================
[Trial 44] Config: {'shared_buffers': '4GB', 'work_mem': '20MB', 'maintenance_work_mem': '384MB', 'max_parallel_workers_per_gather': 3, 'checkpoint_completion_target': '0.9208061900595982', 'random_page_cost': '1.1854906518673516', 'effective_cache_size': '20MB'}
[CLEANUP] Stopping container...
[CMD] docker stop tuning || true
[CMD] docker rm tuning || true
[CMD] docker run -d --name tuning -u postgres -e POSTGRES_PASSWORD=password_test -e POSTGRES_USER=postgres -p 5432:5432 -v pg_bench:/var/lib/postgresql/data postgres:18-alpine -c shared_buffers=4GB -c work_mem=20MB -c maintenance_work_mem=384MB -c max_parallel_workers_per_gather=3 -c checkpoint_completion_target=0.9208061900595982 -c random_page_cost=1.1854906518673516 -c effective_cache_size=20MB
[DB] Waiting for PostgreSQL to be ready...
[CMD] docker exec tuning pg_isready -U postgres -h 127.0.0.1
[CMD] docker exec tuning pg_isready -U postgres -h 127.0.0.1
[DB] PostgreSQL is ready.
[TEST] Running pgbench (warmup)...
[CMD] docker exec tuning pgbench -U postgres -h 127.0.0.1 -c 32 -j 2 -T 10 benchdb
[TEST] Running pgbench (test)...
[CMD] docker exec tuning pgbench -U postgres -h 127.0.0.1 -c 64 -j 2 -T 60 benchdb
[Trial 44] TPS: 6389.81 | Latency Avg: 10.02 ms
[32m[I 2026-05-06 17:39:00,014][0m Trial 44 finished with value: 6389.812597 and parameters: {'shared_buffers': '4GB', 'work_mem': 20, 'maintenance_work_mem': 384, 'max_parallel_workers_per_gather': 3, 'checkpoint_completion_target': 0.9208061900595982, 'random_page_cost': 1.1854906518673516, 'effective_cache_size': 20}. Best is trial 31 with value: 8317.538324.[0m

========================================
[Trial 45] Config: {'shared_buffers': '2GB', 'work_mem': '28MB', 'maintenance_work_mem': '1024MB', 'max_parallel_workers_per_gather': 11, 'checkpoint_completion_target': '0.7010173081047282', 'random_page_cost': '1.2381504213283598', 'effective_cache_size': '24MB'}
[CLEANUP] Stopping container...
[CMD] docker stop tuning || true
[CMD] docker rm tuning || true
[CMD] docker run -d --name tuning -u postgres -e POSTGRES_PASSWORD=password_test -e POSTGRES_USER=postgres -p 5432:5432 -v pg_bench:/var/lib/postgresql/data postgres:18-alpine -c shared_buffers=2GB -c work_mem=28MB -c maintenance_work_mem=1024MB -c max_parallel_workers_per_gather=11 -c checkpoint_completion_target=0.7010173081047282 -c random_page_cost=1.2381504213283598 -c effective_cache_size=24MB
[DB] Waiting for PostgreSQL to be ready...
[CMD] docker exec tuning pg_isready -U postgres -h 127.0.0.1
[CMD] docker exec tuning pg_isready -U postgres -h 127.0.0.1
[DB] PostgreSQL is ready.
[TEST] Running pgbench (warmup)...
[CMD] docker exec tuning pgbench -U postgres -h 127.0.0.1 -c 32 -j 2 -T 10 benchdb
[TEST] Running pgbench (test)...
[CMD] docker exec tuning pgbench -U postgres -h 127.0.0.1 -c 64 -j 2 -T 60 benchdb
[Trial 45] TPS: 7535.44 | Latency Avg: 8.49 ms
[32m[I 2026-05-06 17:40:16,205][0m Trial 45 finished with value: 7535.44143 and parameters: {'shared_buffers': '2GB', 'work_mem': 28, 'maintenance_work_mem': 1024, 'max_parallel_workers_per_gather': 11, 'checkpoint_completion_target': 0.7010173081047282, 'random_page_cost': 1.2381504213283598, 'effective_cache_size': 24}. Best is trial 31 with value: 8317.538324.[0m

========================================
[Trial 46] Config: {'shared_buffers': '2GB', 'work_mem': '12MB', 'maintenance_work_mem': '128MB', 'max_parallel_workers_per_gather': 7, 'checkpoint_completion_target': '0.8764581065501923', 'random_page_cost': '1.2865268977244668', 'effective_cache_size': '24MB'}
[CLEANUP] Stopping container...
[CMD] docker stop tuning || true
[CMD] docker rm tuning || true
[CMD] docker run -d --name tuning -u postgres -e POSTGRES_PASSWORD=password_test -e POSTGRES_USER=postgres -p 5432:5432 -v pg_bench:/var/lib/postgresql/data postgres:18-alpine -c shared_buffers=2GB -c work_mem=12MB -c maintenance_work_mem=128MB -c max_parallel_workers_per_gather=7 -c checkpoint_completion_target=0.8764581065501923 -c random_page_cost=1.2865268977244668 -c effective_cache_size=24MB
[DB] Waiting for PostgreSQL to be ready...
[CMD] docker exec tuning pg_isready -U postgres -h 127.0.0.1
[CMD] docker exec tuning pg_isready -U postgres -h 127.0.0.1
[DB] PostgreSQL is ready.
[TEST] Running pgbench (warmup)...
[CMD] docker exec tuning pgbench -U postgres -h 127.0.0.1 -c 32 -j 2 -T 10 benchdb
[TEST] Running pgbench (test)...
[CMD] docker exec tuning pgbench -U postgres -h 127.0.0.1 -c 64 -j 2 -T 60 benchdb
[Trial 46] TPS: 7127.29 | Latency Avg: 8.98 ms
[32m[I 2026-05-06 17:41:32,266][0m Trial 46 finished with value: 7127.285844 and parameters: {'shared_buffers': '2GB', 'work_mem': 12, 'maintenance_work_mem': 128, 'max_parallel_workers_per_gather': 7, 'checkpoint_completion_target': 0.8764581065501923, 'random_page_cost': 1.2865268977244668, 'effective_cache_size': 24}. Best is trial 31 with value: 8317.538324.[0m

========================================
[Trial 47] Config: {'shared_buffers': '4GB', 'work_mem': '16MB', 'maintenance_work_mem': '256MB', 'max_parallel_workers_per_gather': 13, 'checkpoint_completion_target': '0.9348172936723852', 'random_page_cost': '1.2545447827095901', 'effective_cache_size': '20MB'}
[CLEANUP] Stopping container...
[CMD] docker stop tuning || true
[CMD] docker rm tuning || true
[CMD] docker run -d --name tuning -u postgres -e POSTGRES_PASSWORD=password_test -e POSTGRES_USER=postgres -p 5432:5432 -v pg_bench:/var/lib/postgresql/data postgres:18-alpine -c shared_buffers=4GB -c work_mem=16MB -c maintenance_work_mem=256MB -c max_parallel_workers_per_gather=13 -c checkpoint_completion_target=0.9348172936723852 -c random_page_cost=1.2545447827095901 -c effective_cache_size=20MB
[DB] Waiting for PostgreSQL to be ready...
[CMD] docker exec tuning pg_isready -U postgres -h 127.0.0.1
[CMD] docker exec tuning pg_isready -U postgres -h 127.0.0.1
[DB] PostgreSQL is ready.
[TEST] Running pgbench (warmup)...
[CMD] docker exec tuning pgbench -U postgres -h 127.0.0.1 -c 32 -j 2 -T 10 benchdb
[TEST] Running pgbench (test)...
[CMD] docker exec tuning pgbench -U postgres -h 127.0.0.1 -c 64 -j 2 -T 60 benchdb
[Trial 47] TPS: 7456.67 | Latency Avg: 8.58 ms
[32m[I 2026-05-06 17:42:48,461][0m Trial 47 finished with value: 7456.674547 and parameters: {'shared_buffers': '4GB', 'work_mem': 16, 'maintenance_work_mem': 256, 'max_parallel_workers_per_gather': 13, 'checkpoint_completion_target': 0.9348172936723852, 'random_page_cost': 1.2545447827095901, 'effective_cache_size': 20}. Best is trial 31 with value: 8317.538324.[0m

========================================
[Trial 48] Config: {'shared_buffers': '2GB', 'work_mem': '16MB', 'maintenance_work_mem': '512MB', 'max_parallel_workers_per_gather': 3, 'checkpoint_completion_target': '0.9036278353985625', 'random_page_cost': '1.1291620582511002', 'effective_cache_size': '24MB'}
[CLEANUP] Stopping container...
[CMD] docker stop tuning || true
[CMD] docker rm tuning || true
[CMD] docker run -d --name tuning -u postgres -e POSTGRES_PASSWORD=password_test -e POSTGRES_USER=postgres -p 5432:5432 -v pg_bench:/var/lib/postgresql/data postgres:18-alpine -c shared_buffers=2GB -c work_mem=16MB -c maintenance_work_mem=512MB -c max_parallel_workers_per_gather=3 -c checkpoint_completion_target=0.9036278353985625 -c random_page_cost=1.1291620582511002 -c effective_cache_size=24MB
[DB] Waiting for PostgreSQL to be ready...
[CMD] docker exec tuning pg_isready -U postgres -h 127.0.0.1
[CMD] docker exec tuning pg_isready -U postgres -h 127.0.0.1
[DB] PostgreSQL is ready.
[TEST] Running pgbench (warmup)...
[CMD] docker exec tuning pgbench -U postgres -h 127.0.0.1 -c 32 -j 2 -T 10 benchdb
[TEST] Running pgbench (test)...
[CMD] docker exec tuning pgbench -U postgres -h 127.0.0.1 -c 64 -j 2 -T 60 benchdb
[Trial 48] TPS: 7020.34 | Latency Avg: 9.12 ms
[32m[I 2026-05-06 17:44:04,761][0m Trial 48 finished with value: 7020.339946 and parameters: {'shared_buffers': '2GB', 'work_mem': 16, 'maintenance_work_mem': 512, 'max_parallel_workers_per_gather': 3, 'checkpoint_completion_target': 0.9036278353985625, 'random_page_cost': 1.1291620582511002, 'effective_cache_size': 24}. Best is trial 31 with value: 8317.538324.[0m

========================================
[Trial 49] Config: {'shared_buffers': '2GB', 'work_mem': '4MB', 'maintenance_work_mem': '320MB', 'max_parallel_workers_per_gather': 0, 'checkpoint_completion_target': '0.7757287378873985', 'random_page_cost': '1.2697814357453834', 'effective_cache_size': '24MB'}
[CLEANUP] Stopping container...
[CMD] docker stop tuning || true
[CMD] docker rm tuning || true
[CMD] docker run -d --name tuning -u postgres -e POSTGRES_PASSWORD=password_test -e POSTGRES_USER=postgres -p 5432:5432 -v pg_bench:/var/lib/postgresql/data postgres:18-alpine -c shared_buffers=2GB -c work_mem=4MB -c maintenance_work_mem=320MB -c max_parallel_workers_per_gather=0 -c checkpoint_completion_target=0.7757287378873985 -c random_page_cost=1.2697814357453834 -c effective_cache_size=24MB
[DB] Waiting for PostgreSQL to be ready...
[CMD] docker exec tuning pg_isready -U postgres -h 127.0.0.1
[CMD] docker exec tuning pg_isready -U postgres -h 127.0.0.1
[DB] PostgreSQL is ready.
[TEST] Running pgbench (warmup)...
[CMD] docker exec tuning pgbench -U postgres -h 127.0.0.1 -c 32 -j 2 -T 10 benchdb
[TEST] Running pgbench (test)...
[CMD] docker exec tuning pgbench -U postgres -h 127.0.0.1 -c 64 -j 2 -T 60 benchdb
[Trial 49] TPS: 7816.39 | Latency Avg: 8.19 ms
[32m[I 2026-05-06 17:45:20,916][0m Trial 49 finished with value: 7816.385671 and parameters: {'shared_buffers': '2GB', 'work_mem': 4, 'maintenance_work_mem': 320, 'max_parallel_workers_per_gather': 0, 'checkpoint_completion_target': 0.7757287378873985, 'random_page_cost': 1.2697814357453834, 'effective_cache_size': 24}. Best is trial 31 with value: 8317.538324.[0m

==================================================
✅ ОПТИМИЗАЦИЯ ЗАВЕРШЕНА
📊 Лучшая конфигурация (Trial 31):
   shared_buffers = 2GB
   work_mem = 16
   maintenance_work_mem = 192
   max_parallel_workers_per_gather = 7
   checkpoint_completion_target = 0.8917684785074206
   random_page_cost = 1.1711799119509012
   effective_cache_size = 24
🏆 tps: 8317.54
📁 Результаты сохранены в: results.csv

📋 🔼 ТОП-5 по максимизации 'tps':
|   trial | shared_buffers   | work_mem   | maintenance_work_mem   |   max_parallel_workers_per_gather |   checkpoint_completion_target |   random_page_cost | effective_cache_size   |     tps |   latency average |   number of transactions actually processed |   number of failed transactions |
|--------:|:-----------------|:-----------|:-----------------------|----------------------------------:|-------------------------------:|-------------------:|:-----------------------|--------:|------------------:|--------------------------------------------:|--------------------------------:|
|      31 | 2GB              | 16MB       | 192MB                  |                                 7 |                           0.89 |               1.17 | 24MB                   | 8317.54 |              7.7  |                                      498679 |                               0 |
|      13 | 8GB              | 12MB       | 320MB                  |                                 7 |                           0.89 |               1.23 | 24MB                   | 8285.75 |              7.72 |                                      496759 |                               0 |
|      27 | 2GB              | 8MB        | 832MB                  |                                 7 |                           0.86 |               1.28 | 16MB                   | 8262.03 |              7.75 |                                      495250 |                               0 |
|      22 | 2GB              | 52MB       | 576MB                  |                                 2 |                           0.95 |               1.24 | 24MB                   | 8255.87 |              7.75 |                                      495092 |                               0 |
|      33 | 2GB              | 24MB       | 192MB                  |                                 3 |                           0.88 |               1.26 | 24MB                   | 8231.97 |              7.78 |                                      493424 |                               0 |

📈 Статистика по 'tps':
   Min: 3615.33 | Max: 8317.54 | Mean: 7148.68 | Std: 922.60

🎯 Важность гиперпараметров (оценка влияния на 'tps'):
Параметр                                   Важность Визуализация
----------------------------------------------------------------------
work_mem                                  25.66%  ████████████
checkpoint_completion_target              24.95%  ████████████
max_parallel_workers_per_gather           13.58%  ██████
effective_cache_size                      11.79%  █████
random_page_cost                          11.45%  █████
maintenance_work_mem                       8.49%  ████
shared_buffers                             4.09%  ██

💡 Параметр 'work_mem' наиболее сильно влияет на tps.
[CLEANUP] Stopping container...
[CMD] docker stop tuning || true
[CMD] docker rm tuning || true
