[32m[I 2026-05-06 23:16:30,559][0m Trial 38 finished with value: 7640.560922 and parameters: {'shared_buffers': '2GB', 'work_mem': 16, 'maintenance_work_mem': 704, 'max_parallel_workers_per_gather': 5, 'checkpoint_completion_target': 0.7058468839917591, 'random_page_cost': 1.0357642991366676, 'effective_cache_size': 1152}. Best is trial 8 with value: 7920.704568.[0m

========================================
[Trial 39] Config: {'shared_buffers': '4GB', 'work_mem': '20MB', 'maintenance_work_mem': '704MB', 'max_parallel_workers_per_gather': 5, 'checkpoint_completion_target': '0.70906292751727', 'random_page_cost': '1.0381912259089818', 'effective_cache_size': '1152MB'}
[CLEANUP] Stopping container...
[CMD] docker stop tuning || true
[CMD] docker rm tuning || true
[CMD] docker run -d --name tuning -u postgres -e POSTGRES_PASSWORD=password_test -e POSTGRES_USER=postgres -p 5432:5432 -v pg_bench:/var/lib/postgresql/data postgres:18-alpine -c shared_buffers=4GB -c work_mem=20MB -c maintenance_work_mem=704MB -c max_parallel_workers_per_gather=5 -c checkpoint_completion_target=0.70906292751727 -c random_page_cost=1.0381912259089818 -c effective_cache_size=1152MB
[DB] Waiting for PostgreSQL to be ready...
[CMD] docker exec tuning pg_isready -U postgres -h 127.0.0.1
[CMD] docker exec tuning pg_isready -U postgres -h 127.0.0.1
[DB] PostgreSQL is ready.
[TEST] Running pgbench (warmup)...
[CMD] docker exec tuning pgbench -U postgres -h 127.0.0.1 -c 32 -j 2 -T 10 benchdb
[TEST] Running pgbench (test)...
[CMD] docker exec tuning pgbench -U postgres -h 127.0.0.1 -c 64 -j 2 -T 60 benchdb
[Trial 39] TPS: 6787.83 | Latency Avg: 9.43 ms
[32m[I 2026-05-06 23:17:46,434][0m Trial 39 finished with value: 6787.828158 and parameters: {'shared_buffers': '4GB', 'work_mem': 20, 'maintenance_work_mem': 704, 'max_parallel_workers_per_gather': 5, 'checkpoint_completion_target': 0.70906292751727, 'random_page_cost': 1.0381912259089818, 'effective_cache_size': 1152}. Best is trial 8 with value: 7920.704568.[0m

========================================
[Trial 40] Config: {'shared_buffers': '8GB', 'work_mem': '4MB', 'maintenance_work_mem': '960MB', 'max_parallel_workers_per_gather': 5, 'checkpoint_completion_target': '0.7608786386196928', 'random_page_cost': '1.00052290080284', 'effective_cache_size': '2176MB'}
[CLEANUP] Stopping container...
[CMD] docker stop tuning || true
[CMD] docker rm tuning || true
[CMD] docker run -d --name tuning -u postgres -e POSTGRES_PASSWORD=password_test -e POSTGRES_USER=postgres -p 5432:5432 -v pg_bench:/var/lib/postgresql/data postgres:18-alpine -c shared_buffers=8GB -c work_mem=4MB -c maintenance_work_mem=960MB -c max_parallel_workers_per_gather=5 -c checkpoint_completion_target=0.7608786386196928 -c random_page_cost=1.00052290080284 -c effective_cache_size=2176MB
[DB] Waiting for PostgreSQL to be ready...
[CMD] docker exec tuning pg_isready -U postgres -h 127.0.0.1
[CMD] docker exec tuning pg_isready -U postgres -h 127.0.0.1
[DB] PostgreSQL is ready.
[TEST] Running pgbench (warmup)...
[CMD] docker exec tuning pgbench -U postgres -h 127.0.0.1 -c 32 -j 2 -T 10 benchdb
[TEST] Running pgbench (test)...
[CMD] docker exec tuning pgbench -U postgres -h 127.0.0.1 -c 64 -j 2 -T 60 benchdb
[Trial 40] TPS: 6731.86 | Latency Avg: 9.51 ms
[32m[I 2026-05-06 23:19:02,782][0m Trial 40 finished with value: 6731.859559 and parameters: {'shared_buffers': '8GB', 'work_mem': 4, 'maintenance_work_mem': 960, 'max_parallel_workers_per_gather': 5, 'checkpoint_completion_target': 0.7608786386196928, 'random_page_cost': 1.00052290080284, 'effective_cache_size': 2176}. Best is trial 8 with value: 7920.704568.[0m

========================================
[Trial 41] Config: {'shared_buffers': '2GB', 'work_mem': '20MB', 'maintenance_work_mem': '448MB', 'max_parallel_workers_per_gather': 5, 'checkpoint_completion_target': '0.7182500679408537', 'random_page_cost': '1.0355308404129473', 'effective_cache_size': '384MB'}
[CLEANUP] Stopping container...
[CMD] docker stop tuning || true
[CMD] docker rm tuning || true
[CMD] docker run -d --name tuning -u postgres -e POSTGRES_PASSWORD=password_test -e POSTGRES_USER=postgres -p 5432:5432 -v pg_bench:/var/lib/postgresql/data postgres:18-alpine -c shared_buffers=2GB -c work_mem=20MB -c maintenance_work_mem=448MB -c max_parallel_workers_per_gather=5 -c checkpoint_completion_target=0.7182500679408537 -c random_page_cost=1.0355308404129473 -c effective_cache_size=384MB
[DB] Waiting for PostgreSQL to be ready...
[CMD] docker exec tuning pg_isready -U postgres -h 127.0.0.1
[CMD] docker exec tuning pg_isready -U postgres -h 127.0.0.1
[DB] PostgreSQL is ready.
[TEST] Running pgbench (warmup)...
[CMD] docker exec tuning pgbench -U postgres -h 127.0.0.1 -c 32 -j 2 -T 10 benchdb
[TEST] Running pgbench (test)...
[CMD] docker exec tuning pgbench -U postgres -h 127.0.0.1 -c 64 -j 2 -T 60 benchdb
[Trial 41] TPS: 6551.85 | Latency Avg: 9.77 ms
[32m[I 2026-05-06 23:20:19,036][0m Trial 41 finished with value: 6551.847986 and parameters: {'shared_buffers': '2GB', 'work_mem': 20, 'maintenance_work_mem': 448, 'max_parallel_workers_per_gather': 5, 'checkpoint_completion_target': 0.7182500679408537, 'random_page_cost': 1.0355308404129473, 'effective_cache_size': 384}. Best is trial 8 with value: 7920.704568.[0m

========================================
[Trial 42] Config: {'shared_buffers': '2GB', 'work_mem': '40MB', 'maintenance_work_mem': '896MB', 'max_parallel_workers_per_gather': 3, 'checkpoint_completion_target': '0.7333291072818036', 'random_page_cost': '1.0493667857981108', 'effective_cache_size': '768MB'}
[CLEANUP] Stopping container...
[CMD] docker stop tuning || true
[CMD] docker rm tuning || true
[CMD] docker run -d --name tuning -u postgres -e POSTGRES_PASSWORD=password_test -e POSTGRES_USER=postgres -p 5432:5432 -v pg_bench:/var/lib/postgresql/data postgres:18-alpine -c shared_buffers=2GB -c work_mem=40MB -c maintenance_work_mem=896MB -c max_parallel_workers_per_gather=3 -c checkpoint_completion_target=0.7333291072818036 -c random_page_cost=1.0493667857981108 -c effective_cache_size=768MB
[DB] Waiting for PostgreSQL to be ready...
[CMD] docker exec tuning pg_isready -U postgres -h 127.0.0.1
[CMD] docker exec tuning pg_isready -U postgres -h 127.0.0.1
[DB] PostgreSQL is ready.
[TEST] Running pgbench (warmup)...
[CMD] docker exec tuning pgbench -U postgres -h 127.0.0.1 -c 32 -j 2 -T 10 benchdb
[TEST] Running pgbench (test)...
[CMD] docker exec tuning pgbench -U postgres -h 127.0.0.1 -c 64 -j 2 -T 60 benchdb
[Trial 42] TPS: 6875.19 | Latency Avg: 9.31 ms
[32m[I 2026-05-06 23:21:34,919][0m Trial 42 finished with value: 6875.193588 and parameters: {'shared_buffers': '2GB', 'work_mem': 40, 'maintenance_work_mem': 896, 'max_parallel_workers_per_gather': 3, 'checkpoint_completion_target': 0.7333291072818036, 'random_page_cost': 1.0493667857981108, 'effective_cache_size': 768}. Best is trial 8 with value: 7920.704568.[0m

========================================
[Trial 43] Config: {'shared_buffers': '2GB', 'work_mem': '12MB', 'maintenance_work_mem': '704MB', 'max_parallel_workers_per_gather': 11, 'checkpoint_completion_target': '0.7698632036585338', 'random_page_cost': '1.0845616917736824', 'effective_cache_size': '1536MB'}
[CLEANUP] Stopping container...
[CMD] docker stop tuning || true
[CMD] docker rm tuning || true
[CMD] docker run -d --name tuning -u postgres -e POSTGRES_PASSWORD=password_test -e POSTGRES_USER=postgres -p 5432:5432 -v pg_bench:/var/lib/postgresql/data postgres:18-alpine -c shared_buffers=2GB -c work_mem=12MB -c maintenance_work_mem=704MB -c max_parallel_workers_per_gather=11 -c checkpoint_completion_target=0.7698632036585338 -c random_page_cost=1.0845616917736824 -c effective_cache_size=1536MB
[DB] Waiting for PostgreSQL to be ready...
[CMD] docker exec tuning pg_isready -U postgres -h 127.0.0.1
[CMD] docker exec tuning pg_isready -U postgres -h 127.0.0.1
[DB] PostgreSQL is ready.
[TEST] Running pgbench (warmup)...
[CMD] docker exec tuning pgbench -U postgres -h 127.0.0.1 -c 32 -j 2 -T 10 benchdb
[TEST] Running pgbench (test)...
[CMD] docker exec tuning pgbench -U postgres -h 127.0.0.1 -c 64 -j 2 -T 60 benchdb
[Trial 43] TPS: 7387.50 | Latency Avg: 8.66 ms
[32m[I 2026-05-06 23:22:50,972][0m Trial 43 finished with value: 7387.496083 and parameters: {'shared_buffers': '2GB', 'work_mem': 12, 'maintenance_work_mem': 704, 'max_parallel_workers_per_gather': 11, 'checkpoint_completion_target': 0.7698632036585338, 'random_page_cost': 1.0845616917736824, 'effective_cache_size': 1536}. Best is trial 8 with value: 7920.704568.[0m

========================================
[Trial 44] Config: {'shared_buffers': '2GB', 'work_mem': '28MB', 'maintenance_work_mem': '960MB', 'max_parallel_workers_per_gather': 5, 'checkpoint_completion_target': '0.7914124347422762', 'random_page_cost': '1.2992439644835319', 'effective_cache_size': '256MB'}
[CLEANUP] Stopping container...
[CMD] docker stop tuning || true
[CMD] docker rm tuning || true
[CMD] docker run -d --name tuning -u postgres -e POSTGRES_PASSWORD=password_test -e POSTGRES_USER=postgres -p 5432:5432 -v pg_bench:/var/lib/postgresql/data postgres:18-alpine -c shared_buffers=2GB -c work_mem=28MB -c maintenance_work_mem=960MB -c max_parallel_workers_per_gather=5 -c checkpoint_completion_target=0.7914124347422762 -c random_page_cost=1.2992439644835319 -c effective_cache_size=256MB
[DB] Waiting for PostgreSQL to be ready...
[CMD] docker exec tuning pg_isready -U postgres -h 127.0.0.1
[CMD] docker exec tuning pg_isready -U postgres -h 127.0.0.1
[DB] PostgreSQL is ready.
[TEST] Running pgbench (warmup)...
[CMD] docker exec tuning pgbench -U postgres -h 127.0.0.1 -c 32 -j 2 -T 10 benchdb
[TEST] Running pgbench (test)...
[CMD] docker exec tuning pgbench -U postgres -h 127.0.0.1 -c 64 -j 2 -T 60 benchdb
[Trial 44] TPS: 6728.74 | Latency Avg: 9.51 ms
[32m[I 2026-05-06 23:24:06,937][0m Trial 44 finished with value: 6728.741901 and parameters: {'shared_buffers': '2GB', 'work_mem': 28, 'maintenance_work_mem': 960, 'max_parallel_workers_per_gather': 5, 'checkpoint_completion_target': 0.7914124347422762, 'random_page_cost': 1.2992439644835319, 'effective_cache_size': 256}. Best is trial 8 with value: 7920.704568.[0m

========================================
[Trial 45] Config: {'shared_buffers': '2GB', 'work_mem': '36MB', 'maintenance_work_mem': '832MB', 'max_parallel_workers_per_gather': 9, 'checkpoint_completion_target': '0.7010173081047282', 'random_page_cost': '1.023878741694043', 'effective_cache_size': '640MB'}
[CLEANUP] Stopping container...
[CMD] docker stop tuning || true
[CMD] docker rm tuning || true
[CMD] docker run -d --name tuning -u postgres -e POSTGRES_PASSWORD=password_test -e POSTGRES_USER=postgres -p 5432:5432 -v pg_bench:/var/lib/postgresql/data postgres:18-alpine -c shared_buffers=2GB -c work_mem=36MB -c maintenance_work_mem=832MB -c max_parallel_workers_per_gather=9 -c checkpoint_completion_target=0.7010173081047282 -c random_page_cost=1.023878741694043 -c effective_cache_size=640MB
[DB] Waiting for PostgreSQL to be ready...
[CMD] docker exec tuning pg_isready -U postgres -h 127.0.0.1
[CMD] docker exec tuning pg_isready -U postgres -h 127.0.0.1
[DB] PostgreSQL is ready.
[TEST] Running pgbench (warmup)...
[CMD] docker exec tuning pgbench -U postgres -h 127.0.0.1 -c 32 -j 2 -T 10 benchdb
[TEST] Running pgbench (test)...
[CMD] docker exec tuning pgbench -U postgres -h 127.0.0.1 -c 64 -j 2 -T 60 benchdb
[Trial 45] TPS: 7230.87 | Latency Avg: 8.85 ms
[32m[I 2026-05-06 23:25:22,949][0m Trial 45 finished with value: 7230.87083 and parameters: {'shared_buffers': '2GB', 'work_mem': 36, 'maintenance_work_mem': 832, 'max_parallel_workers_per_gather': 9, 'checkpoint_completion_target': 0.7010173081047282, 'random_page_cost': 1.023878741694043, 'effective_cache_size': 640}. Best is trial 8 with value: 7920.704568.[0m

========================================
[Trial 46] Config: {'shared_buffers': '2GB', 'work_mem': '52MB', 'maintenance_work_mem': '512MB', 'max_parallel_workers_per_gather': 5, 'checkpoint_completion_target': '0.7741101524717185', 'random_page_cost': '1.0609524026618797', 'effective_cache_size': '128MB'}
[CLEANUP] Stopping container...
[CMD] docker stop tuning || true
[CMD] docker rm tuning || true
[CMD] docker run -d --name tuning -u postgres -e POSTGRES_PASSWORD=password_test -e POSTGRES_USER=postgres -p 5432:5432 -v pg_bench:/var/lib/postgresql/data postgres:18-alpine -c shared_buffers=2GB -c work_mem=52MB -c maintenance_work_mem=512MB -c max_parallel_workers_per_gather=5 -c checkpoint_completion_target=0.7741101524717185 -c random_page_cost=1.0609524026618797 -c effective_cache_size=128MB
[DB] Waiting for PostgreSQL to be ready...
[CMD] docker exec tuning pg_isready -U postgres -h 127.0.0.1
[CMD] docker exec tuning pg_isready -U postgres -h 127.0.0.1
[DB] PostgreSQL is ready.
[TEST] Running pgbench (warmup)...
[CMD] docker exec tuning pgbench -U postgres -h 127.0.0.1 -c 32 -j 2 -T 10 benchdb
[TEST] Running pgbench (test)...
[CMD] docker exec tuning pgbench -U postgres -h 127.0.0.1 -c 64 -j 2 -T 60 benchdb
[Trial 46] TPS: 7582.18 | Latency Avg: 8.44 ms
[32m[I 2026-05-06 23:26:39,041][0m Trial 46 finished with value: 7582.175177 and parameters: {'shared_buffers': '2GB', 'work_mem': 52, 'maintenance_work_mem': 512, 'max_parallel_workers_per_gather': 5, 'checkpoint_completion_target': 0.7741101524717185, 'random_page_cost': 1.0609524026618797, 'effective_cache_size': 128}. Best is trial 8 with value: 7920.704568.[0m

========================================
[Trial 47] Config: {'shared_buffers': '4GB', 'work_mem': '12MB', 'maintenance_work_mem': '704MB', 'max_parallel_workers_per_gather': 5, 'checkpoint_completion_target': '0.773411259059508', 'random_page_cost': '1.0219581696635984', 'effective_cache_size': '128MB'}
[CLEANUP] Stopping container...
[CMD] docker stop tuning || true
[CMD] docker rm tuning || true
[CMD] docker run -d --name tuning -u postgres -e POSTGRES_PASSWORD=password_test -e POSTGRES_USER=postgres -p 5432:5432 -v pg_bench:/var/lib/postgresql/data postgres:18-alpine -c shared_buffers=4GB -c work_mem=12MB -c maintenance_work_mem=704MB -c max_parallel_workers_per_gather=5 -c checkpoint_completion_target=0.773411259059508 -c random_page_cost=1.0219581696635984 -c effective_cache_size=128MB
[DB] Waiting for PostgreSQL to be ready...
[CMD] docker exec tuning pg_isready -U postgres -h 127.0.0.1
[CMD] docker exec tuning pg_isready -U postgres -h 127.0.0.1
[DB] PostgreSQL is ready.
[TEST] Running pgbench (warmup)...
[CMD] docker exec tuning pgbench -U postgres -h 127.0.0.1 -c 32 -j 2 -T 10 benchdb
[TEST] Running pgbench (test)...
[CMD] docker exec tuning pgbench -U postgres -h 127.0.0.1 -c 64 -j 2 -T 60 benchdb
[Trial 47] TPS: 6204.15 | Latency Avg: 10.32 ms
[32m[I 2026-05-06 23:27:55,130][0m Trial 47 finished with value: 6204.146469 and parameters: {'shared_buffers': '4GB', 'work_mem': 12, 'maintenance_work_mem': 704, 'max_parallel_workers_per_gather': 5, 'checkpoint_completion_target': 0.773411259059508, 'random_page_cost': 1.0219581696635984, 'effective_cache_size': 128}. Best is trial 8 with value: 7920.704568.[0m

========================================
[Trial 48] Config: {'shared_buffers': '2GB', 'work_mem': '72MB', 'maintenance_work_mem': '896MB', 'max_parallel_workers_per_gather': 5, 'checkpoint_completion_target': '0.7356715946878252', 'random_page_cost': '1.059934498405808', 'effective_cache_size': '3200MB'}
[CLEANUP] Stopping container...
[CMD] docker stop tuning || true
[CMD] docker rm tuning || true
[CMD] docker run -d --name tuning -u postgres -e POSTGRES_PASSWORD=password_test -e POSTGRES_USER=postgres -p 5432:5432 -v pg_bench:/var/lib/postgresql/data postgres:18-alpine -c shared_buffers=2GB -c work_mem=72MB -c maintenance_work_mem=896MB -c max_parallel_workers_per_gather=5 -c checkpoint_completion_target=0.7356715946878252 -c random_page_cost=1.059934498405808 -c effective_cache_size=3200MB
[DB] Waiting for PostgreSQL to be ready...
[CMD] docker exec tuning pg_isready -U postgres -h 127.0.0.1
[CMD] docker exec tuning pg_isready -U postgres -h 127.0.0.1
[DB] PostgreSQL is ready.
[TEST] Running pgbench (warmup)...
[CMD] docker exec tuning pgbench -U postgres -h 127.0.0.1 -c 32 -j 2 -T 10 benchdb
[TEST] Running pgbench (test)...
[CMD] docker exec tuning pgbench -U postgres -h 127.0.0.1 -c 64 -j 2 -T 60 benchdb
[Trial 48] TPS: 7448.67 | Latency Avg: 8.59 ms
[32m[I 2026-05-06 23:29:11,337][0m Trial 48 finished with value: 7448.674588 and parameters: {'shared_buffers': '2GB', 'work_mem': 72, 'maintenance_work_mem': 896, 'max_parallel_workers_per_gather': 5, 'checkpoint_completion_target': 0.7356715946878252, 'random_page_cost': 1.059934498405808, 'effective_cache_size': 3200}. Best is trial 8 with value: 7920.704568.[0m

========================================
[Trial 49] Config: {'shared_buffers': '8GB', 'work_mem': '56MB', 'maintenance_work_mem': '448MB', 'max_parallel_workers_per_gather': 5, 'checkpoint_completion_target': '0.7945466253652036', 'random_page_cost': '1.0486393941923182', 'effective_cache_size': '3840MB'}
[CLEANUP] Stopping container...
[CMD] docker stop tuning || true
[CMD] docker rm tuning || true
[CMD] docker run -d --name tuning -u postgres -e POSTGRES_PASSWORD=password_test -e POSTGRES_USER=postgres -p 5432:5432 -v pg_bench:/var/lib/postgresql/data postgres:18-alpine -c shared_buffers=8GB -c work_mem=56MB -c maintenance_work_mem=448MB -c max_parallel_workers_per_gather=5 -c checkpoint_completion_target=0.7945466253652036 -c random_page_cost=1.0486393941923182 -c effective_cache_size=3840MB
[DB] Waiting for PostgreSQL to be ready...
[CMD] docker exec tuning pg_isready -U postgres -h 127.0.0.1
[CMD] docker exec tuning pg_isready -U postgres -h 127.0.0.1
[DB] PostgreSQL is ready.
[TEST] Running pgbench (warmup)...
[CMD] docker exec tuning pgbench -U postgres -h 127.0.0.1 -c 32 -j 2 -T 10 benchdb
[TEST] Running pgbench (test)...
[CMD] docker exec tuning pgbench -U postgres -h 127.0.0.1 -c 64 -j 2 -T 60 benchdb
[Trial 49] TPS: 6318.83 | Latency Avg: 10.13 ms
[32m[I 2026-05-06 23:30:27,384][0m Trial 49 finished with value: 6318.832759 and parameters: {'shared_buffers': '8GB', 'work_mem': 56, 'maintenance_work_mem': 448, 'max_parallel_workers_per_gather': 5, 'checkpoint_completion_target': 0.7945466253652036, 'random_page_cost': 1.0486393941923182, 'effective_cache_size': 3840}. Best is trial 8 with value: 7920.704568.[0m

========================================
[Trial 50] Config: {'shared_buffers': '2GB', 'work_mem': '24MB', 'maintenance_work_mem': '832MB', 'max_parallel_workers_per_gather': 5, 'checkpoint_completion_target': '0.7437921725641707', 'random_page_cost': '1.0247999314240674', 'effective_cache_size': '256MB'}
[CLEANUP] Stopping container...
[CMD] docker stop tuning || true
[CMD] docker rm tuning || true
[CMD] docker run -d --name tuning -u postgres -e POSTGRES_PASSWORD=password_test -e POSTGRES_USER=postgres -p 5432:5432 -v pg_bench:/var/lib/postgresql/data postgres:18-alpine -c shared_buffers=2GB -c work_mem=24MB -c maintenance_work_mem=832MB -c max_parallel_workers_per_gather=5 -c checkpoint_completion_target=0.7437921725641707 -c random_page_cost=1.0247999314240674 -c effective_cache_size=256MB
[DB] Waiting for PostgreSQL to be ready...
[CMD] docker exec tuning pg_isready -U postgres -h 127.0.0.1
[CMD] docker exec tuning pg_isready -U postgres -h 127.0.0.1
[DB] PostgreSQL is ready.
[TEST] Running pgbench (warmup)...
[CMD] docker exec tuning pgbench -U postgres -h 127.0.0.1 -c 32 -j 2 -T 10 benchdb
[TEST] Running pgbench (test)...
[CMD] docker exec tuning pgbench -U postgres -h 127.0.0.1 -c 64 -j 2 -T 60 benchdb
[Trial 50] TPS: 7556.21 | Latency Avg: 8.47 ms
[32m[I 2026-05-06 23:31:43,701][0m Trial 50 finished with value: 7556.206487 and parameters: {'shared_buffers': '2GB', 'work_mem': 24, 'maintenance_work_mem': 832, 'max_parallel_workers_per_gather': 5, 'checkpoint_completion_target': 0.7437921725641707, 'random_page_cost': 1.0247999314240674, 'effective_cache_size': 256}. Best is trial 8 with value: 7920.704568.[0m

========================================
[Trial 51] Config: {'shared_buffers': '2GB', 'work_mem': '24MB', 'maintenance_work_mem': '832MB', 'max_parallel_workers_per_gather': 5, 'checkpoint_completion_target': '0.7228001301848872', 'random_page_cost': '1.0102788140714722', 'effective_cache_size': '256MB'}
[CLEANUP] Stopping container...
[CMD] docker stop tuning || true
[CMD] docker rm tuning || true
[CMD] docker run -d --name tuning -u postgres -e POSTGRES_PASSWORD=password_test -e POSTGRES_USER=postgres -p 5432:5432 -v pg_bench:/var/lib/postgresql/data postgres:18-alpine -c shared_buffers=2GB -c work_mem=24MB -c maintenance_work_mem=832MB -c max_parallel_workers_per_gather=5 -c checkpoint_completion_target=0.7228001301848872 -c random_page_cost=1.0102788140714722 -c effective_cache_size=256MB
[DB] Waiting for PostgreSQL to be ready...
[CMD] docker exec tuning pg_isready -U postgres -h 127.0.0.1
[CMD] docker exec tuning pg_isready -U postgres -h 127.0.0.1
[DB] PostgreSQL is ready.
[TEST] Running pgbench (warmup)...
[CMD] docker exec tuning pgbench -U postgres -h 127.0.0.1 -c 32 -j 2 -T 10 benchdb
[TEST] Running pgbench (test)...
[CMD] docker exec tuning pgbench -U postgres -h 127.0.0.1 -c 64 -j 2 -T 60 benchdb
[Trial 51] TPS: 6534.56 | Latency Avg: 9.79 ms
