[32m[I 2026-05-07 00:22:29,342][0m Trial 90 finished with value: 7630.659688 and parameters: {'shared_buffers': '8GB', 'work_mem': 64, 'maintenance_work_mem': 896, 'max_parallel_workers_per_gather': 1, 'checkpoint_completion_target': 0.858453586571445, 'random_page_cost': 1.0357516476175672, 'effective_cache_size': 512}. Best is trial 8 with value: 7920.704568.[0m

========================================
[Trial 91] Config: {'shared_buffers': '8GB', 'work_mem': '76MB', 'maintenance_work_mem': '896MB', 'max_parallel_workers_per_gather': 1, 'checkpoint_completion_target': '0.8720341720751009', 'random_page_cost': '1.03330109656526', 'effective_cache_size': '512MB'}
[CLEANUP] Stopping container...
[CMD] docker stop tuning || true
[CMD] docker rm tuning || true
[CMD] docker run -d --name tuning -u postgres -e POSTGRES_PASSWORD=password_test -e POSTGRES_USER=postgres -p 5432:5432 -v pg_bench:/var/lib/postgresql/data postgres:18-alpine -c shared_buffers=8GB -c work_mem=76MB -c maintenance_work_mem=896MB -c max_parallel_workers_per_gather=1 -c checkpoint_completion_target=0.8720341720751009 -c random_page_cost=1.03330109656526 -c effective_cache_size=512MB
[DB] Waiting for PostgreSQL to be ready...
[CMD] docker exec tuning pg_isready -U postgres -h 127.0.0.1
[CMD] docker exec tuning pg_isready -U postgres -h 127.0.0.1
[DB] PostgreSQL is ready.
[TEST] Running pgbench (warmup)...
[CMD] docker exec tuning pgbench -U postgres -h 127.0.0.1 -c 32 -j 2 -T 10 benchdb
[TEST] Running pgbench (test)...
[CMD] docker exec tuning pgbench -U postgres -h 127.0.0.1 -c 64 -j 2 -T 60 benchdb
[Trial 91] TPS: 6240.44 | Latency Avg: 10.26 ms
[32m[I 2026-05-07 00:23:45,685][0m Trial 91 finished with value: 6240.443275 and parameters: {'shared_buffers': '8GB', 'work_mem': 76, 'maintenance_work_mem': 896, 'max_parallel_workers_per_gather': 1, 'checkpoint_completion_target': 0.8720341720751009, 'random_page_cost': 1.03330109656526, 'effective_cache_size': 512}. Best is trial 8 with value: 7920.704568.[0m

========================================
[Trial 92] Config: {'shared_buffers': '8GB', 'work_mem': '60MB', 'maintenance_work_mem': '896MB', 'max_parallel_workers_per_gather': 1, 'checkpoint_completion_target': '0.8543808094625909', 'random_page_cost': '1.0493496607167323', 'effective_cache_size': '384MB'}
[CLEANUP] Stopping container...
[CMD] docker stop tuning || true
[CMD] docker rm tuning || true
[CMD] docker run -d --name tuning -u postgres -e POSTGRES_PASSWORD=password_test -e POSTGRES_USER=postgres -p 5432:5432 -v pg_bench:/var/lib/postgresql/data postgres:18-alpine -c shared_buffers=8GB -c work_mem=60MB -c maintenance_work_mem=896MB -c max_parallel_workers_per_gather=1 -c checkpoint_completion_target=0.8543808094625909 -c random_page_cost=1.0493496607167323 -c effective_cache_size=384MB
[DB] Waiting for PostgreSQL to be ready...
[CMD] docker exec tuning pg_isready -U postgres -h 127.0.0.1
[CMD] docker exec tuning pg_isready -U postgres -h 127.0.0.1
[DB] PostgreSQL is ready.
[TEST] Running pgbench (warmup)...
[CMD] docker exec tuning pgbench -U postgres -h 127.0.0.1 -c 32 -j 2 -T 10 benchdb
[TEST] Running pgbench (test)...
[CMD] docker exec tuning pgbench -U postgres -h 127.0.0.1 -c 64 -j 2 -T 60 benchdb
[Trial 92] TPS: 7461.42 | Latency Avg: 8.58 ms
[32m[I 2026-05-07 00:25:01,774][0m Trial 92 finished with value: 7461.422983 and parameters: {'shared_buffers': '8GB', 'work_mem': 60, 'maintenance_work_mem': 896, 'max_parallel_workers_per_gather': 1, 'checkpoint_completion_target': 0.8543808094625909, 'random_page_cost': 1.0493496607167323, 'effective_cache_size': 384}. Best is trial 8 with value: 7920.704568.[0m

========================================
[Trial 93] Config: {'shared_buffers': '8GB', 'work_mem': '100MB', 'maintenance_work_mem': '832MB', 'max_parallel_workers_per_gather': 1, 'checkpoint_completion_target': '0.7002939760649648', 'random_page_cost': '1.0266530976268802', 'effective_cache_size': '256MB'}
[CLEANUP] Stopping container...
[CMD] docker stop tuning || true
[CMD] docker rm tuning || true
[CMD] docker run -d --name tuning -u postgres -e POSTGRES_PASSWORD=password_test -e POSTGRES_USER=postgres -p 5432:5432 -v pg_bench:/var/lib/postgresql/data postgres:18-alpine -c shared_buffers=8GB -c work_mem=100MB -c maintenance_work_mem=832MB -c max_parallel_workers_per_gather=1 -c checkpoint_completion_target=0.7002939760649648 -c random_page_cost=1.0266530976268802 -c effective_cache_size=256MB
[DB] Waiting for PostgreSQL to be ready...
[CMD] docker exec tuning pg_isready -U postgres -h 127.0.0.1
[CMD] docker exec tuning pg_isready -U postgres -h 127.0.0.1
[DB] PostgreSQL is ready.
[TEST] Running pgbench (warmup)...
[CMD] docker exec tuning pgbench -U postgres -h 127.0.0.1 -c 32 -j 2 -T 10 benchdb
[TEST] Running pgbench (test)...
[CMD] docker exec tuning pgbench -U postgres -h 127.0.0.1 -c 64 -j 2 -T 60 benchdb
[Trial 93] TPS: 7520.18 | Latency Avg: 8.51 ms
[32m[I 2026-05-07 00:26:18,045][0m Trial 93 finished with value: 7520.179212 and parameters: {'shared_buffers': '8GB', 'work_mem': 100, 'maintenance_work_mem': 832, 'max_parallel_workers_per_gather': 1, 'checkpoint_completion_target': 0.7002939760649648, 'random_page_cost': 1.0266530976268802, 'effective_cache_size': 256}. Best is trial 8 with value: 7920.704568.[0m

========================================
[Trial 94] Config: {'shared_buffers': '8GB', 'work_mem': '64MB', 'maintenance_work_mem': '896MB', 'max_parallel_workers_per_gather': 9, 'checkpoint_completion_target': '0.8473373284509793', 'random_page_cost': '1.042205773670606', 'effective_cache_size': '128MB'}
[CLEANUP] Stopping container...
[CMD] docker stop tuning || true
[CMD] docker rm tuning || true
[CMD] docker run -d --name tuning -u postgres -e POSTGRES_PASSWORD=password_test -e POSTGRES_USER=postgres -p 5432:5432 -v pg_bench:/var/lib/postgresql/data postgres:18-alpine -c shared_buffers=8GB -c work_mem=64MB -c maintenance_work_mem=896MB -c max_parallel_workers_per_gather=9 -c checkpoint_completion_target=0.8473373284509793 -c random_page_cost=1.042205773670606 -c effective_cache_size=128MB
[DB] Waiting for PostgreSQL to be ready...
[CMD] docker exec tuning pg_isready -U postgres -h 127.0.0.1
[CMD] docker exec tuning pg_isready -U postgres -h 127.0.0.1
[DB] PostgreSQL is ready.
[TEST] Running pgbench (warmup)...
[CMD] docker exec tuning pgbench -U postgres -h 127.0.0.1 -c 32 -j 2 -T 10 benchdb
[TEST] Running pgbench (test)...
[CMD] docker exec tuning pgbench -U postgres -h 127.0.0.1 -c 64 -j 2 -T 60 benchdb
[Trial 94] TPS: 7462.81 | Latency Avg: 8.58 ms
[32m[I 2026-05-07 00:27:34,147][0m Trial 94 finished with value: 7462.807195 and parameters: {'shared_buffers': '8GB', 'work_mem': 64, 'maintenance_work_mem': 896, 'max_parallel_workers_per_gather': 9, 'checkpoint_completion_target': 0.8473373284509793, 'random_page_cost': 1.042205773670606, 'effective_cache_size': 128}. Best is trial 8 with value: 7920.704568.[0m

========================================
[Trial 95] Config: {'shared_buffers': '8GB', 'work_mem': '72MB', 'maintenance_work_mem': '960MB', 'max_parallel_workers_per_gather': 1, 'checkpoint_completion_target': '0.8599178585322488', 'random_page_cost': '1.0535239777691687', 'effective_cache_size': '768MB'}
[CLEANUP] Stopping container...
[CMD] docker stop tuning || true
[CMD] docker rm tuning || true
[CMD] docker run -d --name tuning -u postgres -e POSTGRES_PASSWORD=password_test -e POSTGRES_USER=postgres -p 5432:5432 -v pg_bench:/var/lib/postgresql/data postgres:18-alpine -c shared_buffers=8GB -c work_mem=72MB -c maintenance_work_mem=960MB -c max_parallel_workers_per_gather=1 -c checkpoint_completion_target=0.8599178585322488 -c random_page_cost=1.0535239777691687 -c effective_cache_size=768MB
[DB] Waiting for PostgreSQL to be ready...
[CMD] docker exec tuning pg_isready -U postgres -h 127.0.0.1
[CMD] docker exec tuning pg_isready -U postgres -h 127.0.0.1
[DB] PostgreSQL is ready.
[TEST] Running pgbench (warmup)...
[CMD] docker exec tuning pgbench -U postgres -h 127.0.0.1 -c 32 -j 2 -T 10 benchdb
[TEST] Running pgbench (test)...
[CMD] docker exec tuning pgbench -U postgres -h 127.0.0.1 -c 64 -j 2 -T 60 benchdb
[Trial 95] TPS: 6364.94 | Latency Avg: 10.05 ms
[32m[I 2026-05-07 00:28:50,417][0m Trial 95 finished with value: 6364.944505 and parameters: {'shared_buffers': '8GB', 'work_mem': 72, 'maintenance_work_mem': 960, 'max_parallel_workers_per_gather': 1, 'checkpoint_completion_target': 0.8599178585322488, 'random_page_cost': 1.0535239777691687, 'effective_cache_size': 768}. Best is trial 8 with value: 7920.704568.[0m

========================================
[Trial 96] Config: {'shared_buffers': '2GB', 'work_mem': '16MB', 'maintenance_work_mem': '832MB', 'max_parallel_workers_per_gather': 5, 'checkpoint_completion_target': '0.8112050594824366', 'random_page_cost': '1.068858641608422', 'effective_cache_size': '1024MB'}
[CLEANUP] Stopping container...
[CMD] docker stop tuning || true
[CMD] docker rm tuning || true
[CMD] docker run -d --name tuning -u postgres -e POSTGRES_PASSWORD=password_test -e POSTGRES_USER=postgres -p 5432:5432 -v pg_bench:/var/lib/postgresql/data postgres:18-alpine -c shared_buffers=2GB -c work_mem=16MB -c maintenance_work_mem=832MB -c max_parallel_workers_per_gather=5 -c checkpoint_completion_target=0.8112050594824366 -c random_page_cost=1.068858641608422 -c effective_cache_size=1024MB
[DB] Waiting for PostgreSQL to be ready...
[CMD] docker exec tuning pg_isready -U postgres -h 127.0.0.1
[CMD] docker exec tuning pg_isready -U postgres -h 127.0.0.1
[DB] PostgreSQL is ready.
[TEST] Running pgbench (warmup)...
[CMD] docker exec tuning pgbench -U postgres -h 127.0.0.1 -c 32 -j 2 -T 10 benchdb
[TEST] Running pgbench (test)...
[CMD] docker exec tuning pgbench -U postgres -h 127.0.0.1 -c 64 -j 2 -T 60 benchdb
[Trial 96] TPS: 6099.87 | Latency Avg: 10.49 ms
[32m[I 2026-05-07 00:30:06,704][0m Trial 96 finished with value: 6099.868756 and parameters: {'shared_buffers': '2GB', 'work_mem': 16, 'maintenance_work_mem': 832, 'max_parallel_workers_per_gather': 5, 'checkpoint_completion_target': 0.8112050594824366, 'random_page_cost': 1.068858641608422, 'effective_cache_size': 1024}. Best is trial 8 with value: 7920.704568.[0m

========================================
[Trial 97] Config: {'shared_buffers': '4GB', 'work_mem': '44MB', 'maintenance_work_mem': '1024MB', 'max_parallel_workers_per_gather': 2, 'checkpoint_completion_target': '0.7857352913012008', 'random_page_cost': '1.0174883734631228', 'effective_cache_size': '640MB'}
[CLEANUP] Stopping container...
[CMD] docker stop tuning || true
[CMD] docker rm tuning || true
[CMD] docker run -d --name tuning -u postgres -e POSTGRES_PASSWORD=password_test -e POSTGRES_USER=postgres -p 5432:5432 -v pg_bench:/var/lib/postgresql/data postgres:18-alpine -c shared_buffers=4GB -c work_mem=44MB -c maintenance_work_mem=1024MB -c max_parallel_workers_per_gather=2 -c checkpoint_completion_target=0.7857352913012008 -c random_page_cost=1.0174883734631228 -c effective_cache_size=640MB
[DB] Waiting for PostgreSQL to be ready...
[CMD] docker exec tuning pg_isready -U postgres -h 127.0.0.1
[CMD] docker exec tuning pg_isready -U postgres -h 127.0.0.1
[DB] PostgreSQL is ready.
[TEST] Running pgbench (warmup)...
[CMD] docker exec tuning pgbench -U postgres -h 127.0.0.1 -c 32 -j 2 -T 10 benchdb
[TEST] Running pgbench (test)...
[CMD] docker exec tuning pgbench -U postgres -h 127.0.0.1 -c 64 -j 2 -T 60 benchdb
[Trial 97] TPS: 6120.97 | Latency Avg: 10.46 ms
[32m[I 2026-05-07 00:31:22,769][0m Trial 97 finished with value: 6120.972763 and parameters: {'shared_buffers': '4GB', 'work_mem': 44, 'maintenance_work_mem': 1024, 'max_parallel_workers_per_gather': 2, 'checkpoint_completion_target': 0.7857352913012008, 'random_page_cost': 1.0174883734631228, 'effective_cache_size': 640}. Best is trial 8 with value: 7920.704568.[0m

========================================
[Trial 98] Config: {'shared_buffers': '2GB', 'work_mem': '60MB', 'maintenance_work_mem': '896MB', 'max_parallel_workers_per_gather': 0, 'checkpoint_completion_target': '0.7138467072300797', 'random_page_cost': '1.0766540834225726', 'effective_cache_size': '3328MB'}
[CLEANUP] Stopping container...
[CMD] docker stop tuning || true
[CMD] docker rm tuning || true
[CMD] docker run -d --name tuning -u postgres -e POSTGRES_PASSWORD=password_test -e POSTGRES_USER=postgres -p 5432:5432 -v pg_bench:/var/lib/postgresql/data postgres:18-alpine -c shared_buffers=2GB -c work_mem=60MB -c maintenance_work_mem=896MB -c max_parallel_workers_per_gather=0 -c checkpoint_completion_target=0.7138467072300797 -c random_page_cost=1.0766540834225726 -c effective_cache_size=3328MB
[DB] Waiting for PostgreSQL to be ready...
[CMD] docker exec tuning pg_isready -U postgres -h 127.0.0.1
[CMD] docker exec tuning pg_isready -U postgres -h 127.0.0.1
[DB] PostgreSQL is ready.
[TEST] Running pgbench (warmup)...
[CMD] docker exec tuning pgbench -U postgres -h 127.0.0.1 -c 32 -j 2 -T 10 benchdb
[TEST] Running pgbench (test)...
[CMD] docker exec tuning pgbench -U postgres -h 127.0.0.1 -c 64 -j 2 -T 60 benchdb
[Trial 98] TPS: 7565.32 | Latency Avg: 8.46 ms
[32m[I 2026-05-07 00:32:39,082][0m Trial 98 finished with value: 7565.315411 and parameters: {'shared_buffers': '2GB', 'work_mem': 60, 'maintenance_work_mem': 896, 'max_parallel_workers_per_gather': 0, 'checkpoint_completion_target': 0.7138467072300797, 'random_page_cost': 1.0766540834225726, 'effective_cache_size': 3328}. Best is trial 8 with value: 7920.704568.[0m

========================================
[Trial 99] Config: {'shared_buffers': '2GB', 'work_mem': '68MB', 'maintenance_work_mem': '768MB', 'max_parallel_workers_per_gather': 11, 'checkpoint_completion_target': '0.7128492262655617', 'random_page_cost': '1.0072268753101552', 'effective_cache_size': '3584MB'}
[CLEANUP] Stopping container...
[CMD] docker stop tuning || true
[CMD] docker rm tuning || true
[CMD] docker run -d --name tuning -u postgres -e POSTGRES_PASSWORD=password_test -e POSTGRES_USER=postgres -p 5432:5432 -v pg_bench:/var/lib/postgresql/data postgres:18-alpine -c shared_buffers=2GB -c work_mem=68MB -c maintenance_work_mem=768MB -c max_parallel_workers_per_gather=11 -c checkpoint_completion_target=0.7128492262655617 -c random_page_cost=1.0072268753101552 -c effective_cache_size=3584MB
[DB] Waiting for PostgreSQL to be ready...
[CMD] docker exec tuning pg_isready -U postgres -h 127.0.0.1
[CMD] docker exec tuning pg_isready -U postgres -h 127.0.0.1
[DB] PostgreSQL is ready.
[TEST] Running pgbench (warmup)...
[CMD] docker exec tuning pgbench -U postgres -h 127.0.0.1 -c 32 -j 2 -T 10 benchdb
[TEST] Running pgbench (test)...
[CMD] docker exec tuning pgbench -U postgres -h 127.0.0.1 -c 64 -j 2 -T 60 benchdb
[Trial 99] TPS: 7383.30 | Latency Avg: 8.67 ms
[32m[I 2026-05-07 00:33:55,048][0m Trial 99 finished with value: 7383.298004 and parameters: {'shared_buffers': '2GB', 'work_mem': 68, 'maintenance_work_mem': 768, 'max_parallel_workers_per_gather': 11, 'checkpoint_completion_target': 0.7128492262655617, 'random_page_cost': 1.0072268753101552, 'effective_cache_size': 3584}. Best is trial 8 with value: 7920.704568.[0m

========================================
[Trial 100] Config: {'shared_buffers': '4GB', 'work_mem': '76MB', 'maintenance_work_mem': '896MB', 'max_parallel_workers_per_gather': 0, 'checkpoint_completion_target': '0.7361198605682415', 'random_page_cost': '1.0638576604722454', 'effective_cache_size': '4096MB'}
[CLEANUP] Stopping container...
[CMD] docker stop tuning || true
[CMD] docker rm tuning || true
[CMD] docker run -d --name tuning -u postgres -e POSTGRES_PASSWORD=password_test -e POSTGRES_USER=postgres -p 5432:5432 -v pg_bench:/var/lib/postgresql/data postgres:18-alpine -c shared_buffers=4GB -c work_mem=76MB -c maintenance_work_mem=896MB -c max_parallel_workers_per_gather=0 -c checkpoint_completion_target=0.7361198605682415 -c random_page_cost=1.0638576604722454 -c effective_cache_size=4096MB
[DB] Waiting for PostgreSQL to be ready...
[CMD] docker exec tuning pg_isready -U postgres -h 127.0.0.1
[CMD] docker exec tuning pg_isready -U postgres -h 127.0.0.1
[DB] PostgreSQL is ready.
[TEST] Running pgbench (warmup)...
[CMD] docker exec tuning pgbench -U postgres -h 127.0.0.1 -c 32 -j 2 -T 10 benchdb
[TEST] Running pgbench (test)...
[CMD] docker exec tuning pgbench -U postgres -h 127.0.0.1 -c 64 -j 2 -T 60 benchdb
[Trial 100] TPS: 6213.27 | Latency Avg: 10.30 ms
[32m[I 2026-05-07 00:35:11,095][0m Trial 100 finished with value: 6213.270719 and parameters: {'shared_buffers': '4GB', 'work_mem': 76, 'maintenance_work_mem': 896, 'max_parallel_workers_per_gather': 0, 'checkpoint_completion_target': 0.7361198605682415, 'random_page_cost': 1.0638576604722454, 'effective_cache_size': 4096}. Best is trial 8 with value: 7920.704568.[0m

========================================
[Trial 101] Config: {'shared_buffers': '2GB', 'work_mem': '60MB', 'maintenance_work_mem': '896MB', 'max_parallel_workers_per_gather': 0, 'checkpoint_completion_target': '0.7049562519238692', 'random_page_cost': '1.10358967584174', 'effective_cache_size': '3200MB'}
[CLEANUP] Stopping container...
[CMD] docker stop tuning || true
[CMD] docker rm tuning || true
[CMD] docker run -d --name tuning -u postgres -e POSTGRES_PASSWORD=password_test -e POSTGRES_USER=postgres -p 5432:5432 -v pg_bench:/var/lib/postgresql/data postgres:18-alpine -c shared_buffers=2GB -c work_mem=60MB -c maintenance_work_mem=896MB -c max_parallel_workers_per_gather=0 -c checkpoint_completion_target=0.7049562519238692 -c random_page_cost=1.10358967584174 -c effective_cache_size=3200MB
[DB] Waiting for PostgreSQL to be ready...
[CMD] docker exec tuning pg_isready -U postgres -h 127.0.0.1
[CMD] docker exec tuning pg_isready -U postgres -h 127.0.0.1
[DB] PostgreSQL is ready.
[TEST] Running pgbench (warmup)...
[CMD] docker exec tuning pgbench -U postgres -h 127.0.0.1 -c 32 -j 2 -T 10 benchdb
[TEST] Running pgbench (test)...
[CMD] docker exec tuning pgbench -U postgres -h 127.0.0.1 -c 64 -j 2 -T 60 benchdb
[Trial 101] TPS: 7529.81 | Latency Avg: 8.50 ms
[32m[I 2026-05-07 00:36:27,366][0m Trial 101 finished with value: 7529.805044 and parameters: {'shared_buffers': '2GB', 'work_mem': 60, 'maintenance_work_mem': 896, 'max_parallel_workers_per_gather': 0, 'checkpoint_completion_target': 0.7049562519238692, 'random_page_cost': 1.10358967584174, 'effective_cache_size': 3200}. Best is trial 8 with value: 7920.704568.[0m

========================================
[Trial 102] Config: {'shared_buffers': '2GB', 'work_mem': '56MB', 'maintenance_work_mem': '896MB', 'max_parallel_workers_per_gather': 5, 'checkpoint_completion_target': '0.705412386679771', 'random_page_cost': '1.0774365126188896', 'effective_cache_size': '3456MB'}
[CLEANUP] Stopping container...
[CMD] docker stop tuning || true
[CMD] docker rm tuning || true
[CMD] docker run -d --name tuning -u postgres -e POSTGRES_PASSWORD=password_test -e POSTGRES_USER=postgres -p 5432:5432 -v pg_bench:/var/lib/postgresql/data postgres:18-alpine -c shared_buffers=2GB -c work_mem=56MB -c maintenance_work_mem=896MB -c max_parallel_workers_per_gather=5 -c checkpoint_completion_target=0.705412386679771 -c random_page_cost=1.0774365126188896 -c effective_cache_size=3456MB
[DB] Waiting for PostgreSQL to be ready...
[CMD] docker exec tuning pg_isready -U postgres -h 127.0.0.1
[CMD] docker exec tuning pg_isready -U postgres -h 127.0.0.1
[DB] PostgreSQL is ready.
[TEST] Running pgbench (warmup)...
[CMD] docker exec tuning pgbench -U postgres -h 127.0.0.1 -c 32 -j 2 -T 10 benchdb
[TEST] Running pgbench (test)...
[CMD] docker exec tuning pgbench -U postgres -h 127.0.0.1 -c 64 -j 2 -T 60 benchdb
[Trial 102] TPS: 6766.80 | Latency Avg: 9.46 ms
[32m[I 2026-05-07 00:37:43,136][0m Trial 102 finished with value: 6766.800778 and parameters: {'shared_buffers': '2GB', 'work_mem': 56, 'maintenance_work_mem': 896, 'max_parallel_workers_per_gather': 5, 'checkpoint_completion_target': 0.705412386679771, 'random_page_cost': 1.0774365126188896, 'effective_cache_size': 3456}. Best is trial 8 with value: 7920.704568.[0m

========================================
[Trial 103] Config: {'shared_buffers': '2GB', 'work_mem': '60MB', 'maintenance_work_mem': '960MB', 'max_parallel_workers_per_gather': 0, 'checkpoint_completion_target': '0.7156554296848531', 'random_page_cost': '1.0892446959853317', 'effective_cache_size': '2944MB'}
[CLEANUP] Stopping container...
[CMD] docker stop tuning || true
[CMD] docker rm tuning || true
[CMD] docker run -d --name tuning -u postgres -e POSTGRES_PASSWORD=password_test -e POSTGRES_USER=postgres -p 5432:5432 -v pg_bench:/var/lib/postgresql/data postgres:18-alpine -c shared_buffers=2GB -c work_mem=60MB -c maintenance_work_mem=960MB -c max_parallel_workers_per_gather=0 -c checkpoint_completion_target=0.7156554296848531 -c random_page_cost=1.0892446959853317 -c effective_cache_size=2944MB
[DB] Waiting for PostgreSQL to be ready...
[CMD] docker exec tuning pg_isready -U postgres -h 127.0.0.1
[CMD] docker exec tuning pg_isready -U postgres -h 127.0.0.1
[DB] PostgreSQL is ready.
[TEST] Running pgbench (warmup)...
[CMD] docker exec tuning pgbench -U postgres -h 127.0.0.1 -c 32 -j 2 -T 10 benchdb
[TEST] Running pgbench (test)...
[CMD] docker exec tuning pgbench -U postgres -h 127.0.0.1 -c 64 -j 2 -T 60 benchdb
[Trial 103] TPS: 7402.02 | Latency Avg: 8.65 ms
