[32m[I 2026-05-07 01:28:28,808][0m Trial 142 finished with value: 6860.942688 and parameters: {'shared_buffers': '4GB', 'work_mem': 16, 'maintenance_work_mem': 768, 'max_parallel_workers_per_gather': 5, 'checkpoint_completion_target': 0.7523249895781032, 'random_page_cost': 1.273444984470089, 'effective_cache_size': 896}. Best is trial 8 with value: 7920.704568.[0m

========================================
[Trial 143] Config: {'shared_buffers': '4GB', 'work_mem': '20MB', 'maintenance_work_mem': '768MB', 'max_parallel_workers_per_gather': 5, 'checkpoint_completion_target': '0.7385895574341308', 'random_page_cost': '1.1724158896558332', 'effective_cache_size': '512MB'}
[CLEANUP] Stopping container...
[CMD] docker stop tuning || true
[CMD] docker rm tuning || true
[CMD] docker run -d --name tuning -u postgres -e POSTGRES_PASSWORD=password_test -e POSTGRES_USER=postgres -p 5432:5432 -v pg_bench:/var/lib/postgresql/data postgres:18-alpine -c shared_buffers=4GB -c work_mem=20MB -c maintenance_work_mem=768MB -c max_parallel_workers_per_gather=5 -c checkpoint_completion_target=0.7385895574341308 -c random_page_cost=1.1724158896558332 -c effective_cache_size=512MB
[DB] Waiting for PostgreSQL to be ready...
[CMD] docker exec tuning pg_isready -U postgres -h 127.0.0.1
[CMD] docker exec tuning pg_isready -U postgres -h 127.0.0.1
[DB] PostgreSQL is ready.
[TEST] Running pgbench (warmup)...
[CMD] docker exec tuning pgbench -U postgres -h 127.0.0.1 -c 32 -j 2 -T 10 benchdb
[TEST] Running pgbench (test)...
[CMD] docker exec tuning pgbench -U postgres -h 127.0.0.1 -c 64 -j 2 -T 60 benchdb
[Trial 143] TPS: 7414.98 | Latency Avg: 8.63 ms
[32m[I 2026-05-07 01:29:44,989][0m Trial 143 finished with value: 7414.97871 and parameters: {'shared_buffers': '4GB', 'work_mem': 20, 'maintenance_work_mem': 768, 'max_parallel_workers_per_gather': 5, 'checkpoint_completion_target': 0.7385895574341308, 'random_page_cost': 1.1724158896558332, 'effective_cache_size': 512}. Best is trial 8 with value: 7920.704568.[0m

========================================
[Trial 144] Config: {'shared_buffers': '4GB', 'work_mem': '16MB', 'maintenance_work_mem': '832MB', 'max_parallel_workers_per_gather': 5, 'checkpoint_completion_target': '0.7575478593915943', 'random_page_cost': '1.2910210042139385', 'effective_cache_size': '128MB'}
[CLEANUP] Stopping container...
[CMD] docker stop tuning || true
[CMD] docker rm tuning || true
[CMD] docker run -d --name tuning -u postgres -e POSTGRES_PASSWORD=password_test -e POSTGRES_USER=postgres -p 5432:5432 -v pg_bench:/var/lib/postgresql/data postgres:18-alpine -c shared_buffers=4GB -c work_mem=16MB -c maintenance_work_mem=832MB -c max_parallel_workers_per_gather=5 -c checkpoint_completion_target=0.7575478593915943 -c random_page_cost=1.2910210042139385 -c effective_cache_size=128MB
[DB] Waiting for PostgreSQL to be ready...
[CMD] docker exec tuning pg_isready -U postgres -h 127.0.0.1
[CMD] docker exec tuning pg_isready -U postgres -h 127.0.0.1
[DB] PostgreSQL is ready.
[TEST] Running pgbench (warmup)...
[CMD] docker exec tuning pgbench -U postgres -h 127.0.0.1 -c 32 -j 2 -T 10 benchdb
[TEST] Running pgbench (test)...
[CMD] docker exec tuning pgbench -U postgres -h 127.0.0.1 -c 64 -j 2 -T 60 benchdb
[Trial 144] TPS: 6367.06 | Latency Avg: 10.05 ms
[32m[I 2026-05-07 01:31:00,997][0m Trial 144 finished with value: 6367.058078 and parameters: {'shared_buffers': '4GB', 'work_mem': 16, 'maintenance_work_mem': 832, 'max_parallel_workers_per_gather': 5, 'checkpoint_completion_target': 0.7575478593915943, 'random_page_cost': 1.2910210042139385, 'effective_cache_size': 128}. Best is trial 8 with value: 7920.704568.[0m

========================================
[Trial 145] Config: {'shared_buffers': '4GB', 'work_mem': '8MB', 'maintenance_work_mem': '896MB', 'max_parallel_workers_per_gather': 11, 'checkpoint_completion_target': '0.7468945985365257', 'random_page_cost': '1.0583107187890721', 'effective_cache_size': '384MB'}
[CLEANUP] Stopping container...
[CMD] docker stop tuning || true
[CMD] docker rm tuning || true
[CMD] docker run -d --name tuning -u postgres -e POSTGRES_PASSWORD=password_test -e POSTGRES_USER=postgres -p 5432:5432 -v pg_bench:/var/lib/postgresql/data postgres:18-alpine -c shared_buffers=4GB -c work_mem=8MB -c maintenance_work_mem=896MB -c max_parallel_workers_per_gather=11 -c checkpoint_completion_target=0.7468945985365257 -c random_page_cost=1.0583107187890721 -c effective_cache_size=384MB
[DB] Waiting for PostgreSQL to be ready...
[CMD] docker exec tuning pg_isready -U postgres -h 127.0.0.1
[CMD] docker exec tuning pg_isready -U postgres -h 127.0.0.1
[DB] PostgreSQL is ready.
[TEST] Running pgbench (warmup)...
[CMD] docker exec tuning pgbench -U postgres -h 127.0.0.1 -c 32 -j 2 -T 10 benchdb
[TEST] Running pgbench (test)...
[CMD] docker exec tuning pgbench -U postgres -h 127.0.0.1 -c 64 -j 2 -T 60 benchdb
[Trial 145] TPS: 6276.49 | Latency Avg: 10.20 ms
[32m[I 2026-05-07 01:32:17,239][0m Trial 145 finished with value: 6276.490459 and parameters: {'shared_buffers': '4GB', 'work_mem': 8, 'maintenance_work_mem': 896, 'max_parallel_workers_per_gather': 11, 'checkpoint_completion_target': 0.7468945985365257, 'random_page_cost': 1.0583107187890721, 'effective_cache_size': 384}. Best is trial 8 with value: 7920.704568.[0m

========================================
[Trial 146] Config: {'shared_buffers': '4GB', 'work_mem': '4MB', 'maintenance_work_mem': '832MB', 'max_parallel_workers_per_gather': 1, 'checkpoint_completion_target': '0.7272178312444624', 'random_page_cost': '1.275389548894284', 'effective_cache_size': '256MB'}
[CLEANUP] Stopping container...
[CMD] docker stop tuning || true
[CMD] docker rm tuning || true
[CMD] docker run -d --name tuning -u postgres -e POSTGRES_PASSWORD=password_test -e POSTGRES_USER=postgres -p 5432:5432 -v pg_bench:/var/lib/postgresql/data postgres:18-alpine -c shared_buffers=4GB -c work_mem=4MB -c maintenance_work_mem=832MB -c max_parallel_workers_per_gather=1 -c checkpoint_completion_target=0.7272178312444624 -c random_page_cost=1.275389548894284 -c effective_cache_size=256MB
[DB] Waiting for PostgreSQL to be ready...
[CMD] docker exec tuning pg_isready -U postgres -h 127.0.0.1
[CMD] docker exec tuning pg_isready -U postgres -h 127.0.0.1
[DB] PostgreSQL is ready.
[TEST] Running pgbench (warmup)...
[CMD] docker exec tuning pgbench -U postgres -h 127.0.0.1 -c 32 -j 2 -T 10 benchdb
[TEST] Running pgbench (test)...
[CMD] docker exec tuning pgbench -U postgres -h 127.0.0.1 -c 64 -j 2 -T 60 benchdb
[Trial 146] TPS: 7521.13 | Latency Avg: 8.51 ms
[32m[I 2026-05-07 01:33:33,488][0m Trial 146 finished with value: 7521.126628 and parameters: {'shared_buffers': '4GB', 'work_mem': 4, 'maintenance_work_mem': 832, 'max_parallel_workers_per_gather': 1, 'checkpoint_completion_target': 0.7272178312444624, 'random_page_cost': 1.275389548894284, 'effective_cache_size': 256}. Best is trial 8 with value: 7920.704568.[0m

========================================
[Trial 147] Config: {'shared_buffers': '4GB', 'work_mem': '24MB', 'maintenance_work_mem': '896MB', 'max_parallel_workers_per_gather': 13, 'checkpoint_completion_target': '0.7407084711562184', 'random_page_cost': '1.0382760524959065', 'effective_cache_size': '512MB'}
[CLEANUP] Stopping container...
[CMD] docker stop tuning || true
[CMD] docker rm tuning || true
[CMD] docker run -d --name tuning -u postgres -e POSTGRES_PASSWORD=password_test -e POSTGRES_USER=postgres -p 5432:5432 -v pg_bench:/var/lib/postgresql/data postgres:18-alpine -c shared_buffers=4GB -c work_mem=24MB -c maintenance_work_mem=896MB -c max_parallel_workers_per_gather=13 -c checkpoint_completion_target=0.7407084711562184 -c random_page_cost=1.0382760524959065 -c effective_cache_size=512MB
[DB] Waiting for PostgreSQL to be ready...
[CMD] docker exec tuning pg_isready -U postgres -h 127.0.0.1
[CMD] docker exec tuning pg_isready -U postgres -h 127.0.0.1
[DB] PostgreSQL is ready.
[TEST] Running pgbench (warmup)...
[CMD] docker exec tuning pgbench -U postgres -h 127.0.0.1 -c 32 -j 2 -T 10 benchdb
[TEST] Running pgbench (test)...
[CMD] docker exec tuning pgbench -U postgres -h 127.0.0.1 -c 64 -j 2 -T 60 benchdb
[Trial 147] TPS: 6281.47 | Latency Avg: 10.19 ms
[32m[I 2026-05-07 01:34:49,717][0m Trial 147 finished with value: 6281.47178 and parameters: {'shared_buffers': '4GB', 'work_mem': 24, 'maintenance_work_mem': 896, 'max_parallel_workers_per_gather': 13, 'checkpoint_completion_target': 0.7407084711562184, 'random_page_cost': 1.0382760524959065, 'effective_cache_size': 512}. Best is trial 8 with value: 7920.704568.[0m

========================================
[Trial 148] Config: {'shared_buffers': '4GB', 'work_mem': '16MB', 'maintenance_work_mem': '832MB', 'max_parallel_workers_per_gather': 5, 'checkpoint_completion_target': '0.9406033691375048', 'random_page_cost': '1.2562820622287867', 'effective_cache_size': '1280MB'}
[CLEANUP] Stopping container...
[CMD] docker stop tuning || true
[CMD] docker rm tuning || true
[CMD] docker run -d --name tuning -u postgres -e POSTGRES_PASSWORD=password_test -e POSTGRES_USER=postgres -p 5432:5432 -v pg_bench:/var/lib/postgresql/data postgres:18-alpine -c shared_buffers=4GB -c work_mem=16MB -c maintenance_work_mem=832MB -c max_parallel_workers_per_gather=5 -c checkpoint_completion_target=0.9406033691375048 -c random_page_cost=1.2562820622287867 -c effective_cache_size=1280MB
[DB] Waiting for PostgreSQL to be ready...
[CMD] docker exec tuning pg_isready -U postgres -h 127.0.0.1
[CMD] docker exec tuning pg_isready -U postgres -h 127.0.0.1
[DB] PostgreSQL is ready.
[TEST] Running pgbench (warmup)...
[CMD] docker exec tuning pgbench -U postgres -h 127.0.0.1 -c 32 -j 2 -T 10 benchdb
[TEST] Running pgbench (test)...
[CMD] docker exec tuning pgbench -U postgres -h 127.0.0.1 -c 64 -j 2 -T 60 benchdb
[Trial 148] TPS: 6380.07 | Latency Avg: 10.03 ms
[32m[I 2026-05-07 01:36:05,981][0m Trial 148 finished with value: 6380.069157 and parameters: {'shared_buffers': '4GB', 'work_mem': 16, 'maintenance_work_mem': 832, 'max_parallel_workers_per_gather': 5, 'checkpoint_completion_target': 0.9406033691375048, 'random_page_cost': 1.2562820622287867, 'effective_cache_size': 1280}. Best is trial 8 with value: 7920.704568.[0m

========================================
[Trial 149] Config: {'shared_buffers': '8GB', 'work_mem': '32MB', 'maintenance_work_mem': '960MB', 'max_parallel_workers_per_gather': 2, 'checkpoint_completion_target': '0.7804112136624879', 'random_page_cost': '1.1843982682698184', 'effective_cache_size': '128MB'}
[CLEANUP] Stopping container...
[CMD] docker stop tuning || true
[CMD] docker rm tuning || true
[CMD] docker run -d --name tuning -u postgres -e POSTGRES_PASSWORD=password_test -e POSTGRES_USER=postgres -p 5432:5432 -v pg_bench:/var/lib/postgresql/data postgres:18-alpine -c shared_buffers=8GB -c work_mem=32MB -c maintenance_work_mem=960MB -c max_parallel_workers_per_gather=2 -c checkpoint_completion_target=0.7804112136624879 -c random_page_cost=1.1843982682698184 -c effective_cache_size=128MB
[DB] Waiting for PostgreSQL to be ready...
[CMD] docker exec tuning pg_isready -U postgres -h 127.0.0.1
[CMD] docker exec tuning pg_isready -U postgres -h 127.0.0.1
[DB] PostgreSQL is ready.
[TEST] Running pgbench (warmup)...
[CMD] docker exec tuning pgbench -U postgres -h 127.0.0.1 -c 32 -j 2 -T 10 benchdb
[TEST] Running pgbench (test)...
[CMD] docker exec tuning pgbench -U postgres -h 127.0.0.1 -c 64 -j 2 -T 60 benchdb
[Trial 149] TPS: 6265.32 | Latency Avg: 10.21 ms
[32m[I 2026-05-07 01:37:22,181][0m Trial 149 finished with value: 6265.315893 and parameters: {'shared_buffers': '8GB', 'work_mem': 32, 'maintenance_work_mem': 960, 'max_parallel_workers_per_gather': 2, 'checkpoint_completion_target': 0.7804112136624879, 'random_page_cost': 1.1843982682698184, 'effective_cache_size': 128}. Best is trial 8 with value: 7920.704568.[0m

========================================
[Trial 150] Config: {'shared_buffers': '4GB', 'work_mem': '20MB', 'maintenance_work_mem': '896MB', 'max_parallel_workers_per_gather': 7, 'checkpoint_completion_target': '0.750709808416636', 'random_page_cost': '1.0668530228731457', 'effective_cache_size': '768MB'}
[CLEANUP] Stopping container...
[CMD] docker stop tuning || true
[CMD] docker rm tuning || true
[CMD] docker run -d --name tuning -u postgres -e POSTGRES_PASSWORD=password_test -e POSTGRES_USER=postgres -p 5432:5432 -v pg_bench:/var/lib/postgresql/data postgres:18-alpine -c shared_buffers=4GB -c work_mem=20MB -c maintenance_work_mem=896MB -c max_parallel_workers_per_gather=7 -c checkpoint_completion_target=0.750709808416636 -c random_page_cost=1.0668530228731457 -c effective_cache_size=768MB
[DB] Waiting for PostgreSQL to be ready...
[CMD] docker exec tuning pg_isready -U postgres -h 127.0.0.1
[CMD] docker exec tuning pg_isready -U postgres -h 127.0.0.1
[DB] PostgreSQL is ready.
[TEST] Running pgbench (warmup)...
[CMD] docker exec tuning pgbench -U postgres -h 127.0.0.1 -c 32 -j 2 -T 10 benchdb
[TEST] Running pgbench (test)...
[CMD] docker exec tuning pgbench -U postgres -h 127.0.0.1 -c 64 -j 2 -T 60 benchdb
[Trial 150] TPS: 6296.88 | Latency Avg: 10.16 ms
[32m[I 2026-05-07 01:38:38,429][0m Trial 150 finished with value: 6296.87651 and parameters: {'shared_buffers': '4GB', 'work_mem': 20, 'maintenance_work_mem': 896, 'max_parallel_workers_per_gather': 7, 'checkpoint_completion_target': 0.750709808416636, 'random_page_cost': 1.0668530228731457, 'effective_cache_size': 768}. Best is trial 8 with value: 7920.704568.[0m

========================================
[Trial 151] Config: {'shared_buffers': '4GB', 'work_mem': '60MB', 'maintenance_work_mem': '896MB', 'max_parallel_workers_per_gather': 0, 'checkpoint_completion_target': '0.7049930078121028', 'random_page_cost': '1.0532428454387135', 'effective_cache_size': '3200MB'}
[CLEANUP] Stopping container...
[CMD] docker stop tuning || true
[CMD] docker rm tuning || true
[CMD] docker run -d --name tuning -u postgres -e POSTGRES_PASSWORD=password_test -e POSTGRES_USER=postgres -p 5432:5432 -v pg_bench:/var/lib/postgresql/data postgres:18-alpine -c shared_buffers=4GB -c work_mem=60MB -c maintenance_work_mem=896MB -c max_parallel_workers_per_gather=0 -c checkpoint_completion_target=0.7049930078121028 -c random_page_cost=1.0532428454387135 -c effective_cache_size=3200MB
[DB] Waiting for PostgreSQL to be ready...
[CMD] docker exec tuning pg_isready -U postgres -h 127.0.0.1
[CMD] docker exec tuning pg_isready -U postgres -h 127.0.0.1
[DB] PostgreSQL is ready.
[TEST] Running pgbench (warmup)...
[CMD] docker exec tuning pgbench -U postgres -h 127.0.0.1 -c 32 -j 2 -T 10 benchdb
[TEST] Running pgbench (test)...
[CMD] docker exec tuning pgbench -U postgres -h 127.0.0.1 -c 64 -j 2 -T 60 benchdb
[Trial 151] TPS: 7722.99 | Latency Avg: 8.29 ms
[32m[I 2026-05-07 01:39:54,676][0m Trial 151 finished with value: 7722.993821 and parameters: {'shared_buffers': '4GB', 'work_mem': 60, 'maintenance_work_mem': 896, 'max_parallel_workers_per_gather': 0, 'checkpoint_completion_target': 0.7049930078121028, 'random_page_cost': 1.0532428454387135, 'effective_cache_size': 3200}. Best is trial 8 with value: 7920.704568.[0m

========================================
[Trial 152] Config: {'shared_buffers': '4GB', 'work_mem': '28MB', 'maintenance_work_mem': '896MB', 'max_parallel_workers_per_gather': 5, 'checkpoint_completion_target': '0.9127713536492209', 'random_page_cost': '1.0518214572554998', 'effective_cache_size': '384MB'}
[CLEANUP] Stopping container...
[CMD] docker stop tuning || true
[CMD] docker rm tuning || true
[CMD] docker run -d --name tuning -u postgres -e POSTGRES_PASSWORD=password_test -e POSTGRES_USER=postgres -p 5432:5432 -v pg_bench:/var/lib/postgresql/data postgres:18-alpine -c shared_buffers=4GB -c work_mem=28MB -c maintenance_work_mem=896MB -c max_parallel_workers_per_gather=5 -c checkpoint_completion_target=0.9127713536492209 -c random_page_cost=1.0518214572554998 -c effective_cache_size=384MB
[DB] Waiting for PostgreSQL to be ready...
[CMD] docker exec tuning pg_isready -U postgres -h 127.0.0.1
[CMD] docker exec tuning pg_isready -U postgres -h 127.0.0.1
[DB] PostgreSQL is ready.
[TEST] Running pgbench (warmup)...
[CMD] docker exec tuning pgbench -U postgres -h 127.0.0.1 -c 32 -j 2 -T 10 benchdb
[TEST] Running pgbench (test)...
[CMD] docker exec tuning pgbench -U postgres -h 127.0.0.1 -c 64 -j 2 -T 60 benchdb
[Trial 152] TPS: 6757.45 | Latency Avg: 9.47 ms
[32m[I 2026-05-07 01:41:10,759][0m Trial 152 finished with value: 6757.447837 and parameters: {'shared_buffers': '4GB', 'work_mem': 28, 'maintenance_work_mem': 896, 'max_parallel_workers_per_gather': 5, 'checkpoint_completion_target': 0.9127713536492209, 'random_page_cost': 1.0518214572554998, 'effective_cache_size': 384}. Best is trial 8 with value: 7920.704568.[0m

========================================
[Trial 153] Config: {'shared_buffers': '4GB', 'work_mem': '112MB', 'maintenance_work_mem': '832MB', 'max_parallel_workers_per_gather': 2, 'checkpoint_completion_target': '0.7213707038475208', 'random_page_cost': '1.0288708927893147', 'effective_cache_size': '256MB'}
[CLEANUP] Stopping container...
[CMD] docker stop tuning || true
[CMD] docker rm tuning || true
[CMD] docker run -d --name tuning -u postgres -e POSTGRES_PASSWORD=password_test -e POSTGRES_USER=postgres -p 5432:5432 -v pg_bench:/var/lib/postgresql/data postgres:18-alpine -c shared_buffers=4GB -c work_mem=112MB -c maintenance_work_mem=832MB -c max_parallel_workers_per_gather=2 -c checkpoint_completion_target=0.7213707038475208 -c random_page_cost=1.0288708927893147 -c effective_cache_size=256MB
[DB] Waiting for PostgreSQL to be ready...
[CMD] docker exec tuning pg_isready -U postgres -h 127.0.0.1
[CMD] docker exec tuning pg_isready -U postgres -h 127.0.0.1
[DB] PostgreSQL is ready.
[TEST] Running pgbench (warmup)...
[CMD] docker exec tuning pgbench -U postgres -h 127.0.0.1 -c 32 -j 2 -T 10 benchdb
[TEST] Running pgbench (test)...
[CMD] docker exec tuning pgbench -U postgres -h 127.0.0.1 -c 64 -j 2 -T 60 benchdb
[Trial 153] TPS: 7544.69 | Latency Avg: 8.48 ms
[32m[I 2026-05-07 01:42:26,992][0m Trial 153 finished with value: 7544.685385 and parameters: {'shared_buffers': '4GB', 'work_mem': 112, 'maintenance_work_mem': 832, 'max_parallel_workers_per_gather': 2, 'checkpoint_completion_target': 0.7213707038475208, 'random_page_cost': 1.0288708927893147, 'effective_cache_size': 256}. Best is trial 8 with value: 7920.704568.[0m

========================================
[Trial 154] Config: {'shared_buffers': '4GB', 'work_mem': '104MB', 'maintenance_work_mem': '896MB', 'max_parallel_workers_per_gather': 2, 'checkpoint_completion_target': '0.7184813675804615', 'random_page_cost': '1.030139319490496', 'effective_cache_size': '256MB'}
[CLEANUP] Stopping container...
[CMD] docker stop tuning || true
[CMD] docker rm tuning || true
[CMD] docker run -d --name tuning -u postgres -e POSTGRES_PASSWORD=password_test -e POSTGRES_USER=postgres -p 5432:5432 -v pg_bench:/var/lib/postgresql/data postgres:18-alpine -c shared_buffers=4GB -c work_mem=104MB -c maintenance_work_mem=896MB -c max_parallel_workers_per_gather=2 -c checkpoint_completion_target=0.7184813675804615 -c random_page_cost=1.030139319490496 -c effective_cache_size=256MB
[DB] Waiting for PostgreSQL to be ready...
[CMD] docker exec tuning pg_isready -U postgres -h 127.0.0.1
[CMD] docker exec tuning pg_isready -U postgres -h 127.0.0.1
[DB] PostgreSQL is ready.
[TEST] Running pgbench (warmup)...
[CMD] docker exec tuning pgbench -U postgres -h 127.0.0.1 -c 32 -j 2 -T 10 benchdb
[TEST] Running pgbench (test)...
[CMD] docker exec tuning pgbench -U postgres -h 127.0.0.1 -c 64 -j 2 -T 60 benchdb
[Trial 154] TPS: 6495.34 | Latency Avg: 9.85 ms
[32m[I 2026-05-07 01:43:43,220][0m Trial 154 finished with value: 6495.342113 and parameters: {'shared_buffers': '4GB', 'work_mem': 104, 'maintenance_work_mem': 896, 'max_parallel_workers_per_gather': 2, 'checkpoint_completion_target': 0.7184813675804615, 'random_page_cost': 1.030139319490496, 'effective_cache_size': 256}. Best is trial 8 with value: 7920.704568.[0m

========================================
[Trial 155] Config: {'shared_buffers': '4GB', 'work_mem': '112MB', 'maintenance_work_mem': '960MB', 'max_parallel_workers_per_gather': 2, 'checkpoint_completion_target': '0.7098892316972404', 'random_page_cost': '1.040989079177546', 'effective_cache_size': '128MB'}
[CLEANUP] Stopping container...
[CMD] docker stop tuning || true
[CMD] docker rm tuning || true
[CMD] docker run -d --name tuning -u postgres -e POSTGRES_PASSWORD=password_test -e POSTGRES_USER=postgres -p 5432:5432 -v pg_bench:/var/lib/postgresql/data postgres:18-alpine -c shared_buffers=4GB -c work_mem=112MB -c maintenance_work_mem=960MB -c max_parallel_workers_per_gather=2 -c checkpoint_completion_target=0.7098892316972404 -c random_page_cost=1.040989079177546 -c effective_cache_size=128MB
[DB] Waiting for PostgreSQL to be ready...
[CMD] docker exec tuning pg_isready -U postgres -h 127.0.0.1
[CMD] docker exec tuning pg_isready -U postgres -h 127.0.0.1
[DB] PostgreSQL is ready.
[TEST] Running pgbench (warmup)...
[CMD] docker exec tuning pgbench -U postgres -h 127.0.0.1 -c 32 -j 2 -T 10 benchdb
[TEST] Running pgbench (test)...
[CMD] docker exec tuning pgbench -U postgres -h 127.0.0.1 -c 64 -j 2 -T 60 benchdb
[Trial 155] TPS: 6688.23 | Latency Avg: 9.57 ms
