[32m[I 2026-05-07 02:01:30,623][0m Trial 168 finished with value: 6938.239985 and parameters: {'shared_buffers': '4GB', 'work_mem': 124, 'maintenance_work_mem': 960, 'max_parallel_workers_per_gather': 1, 'checkpoint_completion_target': 0.7066036330588019, 'random_page_cost': 1.046653399270793, 'effective_cache_size': 128}. Best is trial 8 with value: 7920.704568.[0m

========================================
[Trial 169] Config: {'shared_buffers': '4GB', 'work_mem': '120MB', 'maintenance_work_mem': '1024MB', 'max_parallel_workers_per_gather': 1, 'checkpoint_completion_target': '0.7150483916110347', 'random_page_cost': '1.0625597322347131', 'effective_cache_size': '128MB'}
[CLEANUP] Stopping container...
[CMD] docker stop tuning || true
[CMD] docker rm tuning || true
[CMD] docker run -d --name tuning -u postgres -e POSTGRES_PASSWORD=password_test -e POSTGRES_USER=postgres -p 5432:5432 -v pg_bench:/var/lib/postgresql/data postgres:18-alpine -c shared_buffers=4GB -c work_mem=120MB -c maintenance_work_mem=1024MB -c max_parallel_workers_per_gather=1 -c checkpoint_completion_target=0.7150483916110347 -c random_page_cost=1.0625597322347131 -c effective_cache_size=128MB
[DB] Waiting for PostgreSQL to be ready...
[CMD] docker exec tuning pg_isready -U postgres -h 127.0.0.1
[CMD] docker exec tuning pg_isready -U postgres -h 127.0.0.1
[DB] PostgreSQL is ready.
[TEST] Running pgbench (warmup)...
[CMD] docker exec tuning pgbench -U postgres -h 127.0.0.1 -c 32 -j 2 -T 10 benchdb
[TEST] Running pgbench (test)...
[CMD] docker exec tuning pgbench -U postgres -h 127.0.0.1 -c 64 -j 2 -T 60 benchdb
[Trial 169] TPS: 7001.34 | Latency Avg: 9.14 ms
[32m[I 2026-05-07 02:02:46,759][0m Trial 169 finished with value: 7001.341726 and parameters: {'shared_buffers': '4GB', 'work_mem': 120, 'maintenance_work_mem': 1024, 'max_parallel_workers_per_gather': 1, 'checkpoint_completion_target': 0.7150483916110347, 'random_page_cost': 1.0625597322347131, 'effective_cache_size': 128}. Best is trial 8 with value: 7920.704568.[0m

========================================
[Trial 170] Config: {'shared_buffers': '4GB', 'work_mem': '124MB', 'maintenance_work_mem': '960MB', 'max_parallel_workers_per_gather': 1, 'checkpoint_completion_target': '0.7051239991045781', 'random_page_cost': '1.0342579324255752', 'effective_cache_size': '384MB'}
[CLEANUP] Stopping container...
[CMD] docker stop tuning || true
[CMD] docker rm tuning || true
[CMD] docker run -d --name tuning -u postgres -e POSTGRES_PASSWORD=password_test -e POSTGRES_USER=postgres -p 5432:5432 -v pg_bench:/var/lib/postgresql/data postgres:18-alpine -c shared_buffers=4GB -c work_mem=124MB -c maintenance_work_mem=960MB -c max_parallel_workers_per_gather=1 -c checkpoint_completion_target=0.7051239991045781 -c random_page_cost=1.0342579324255752 -c effective_cache_size=384MB
[DB] Waiting for PostgreSQL to be ready...
[CMD] docker exec tuning pg_isready -U postgres -h 127.0.0.1
[CMD] docker exec tuning pg_isready -U postgres -h 127.0.0.1
[DB] PostgreSQL is ready.
[TEST] Running pgbench (warmup)...
[CMD] docker exec tuning pgbench -U postgres -h 127.0.0.1 -c 32 -j 2 -T 10 benchdb
[TEST] Running pgbench (test)...
[CMD] docker exec tuning pgbench -U postgres -h 127.0.0.1 -c 64 -j 2 -T 60 benchdb
[Trial 170] TPS: 7352.51 | Latency Avg: 8.71 ms
[32m[I 2026-05-07 02:04:02,889][0m Trial 170 finished with value: 7352.509907 and parameters: {'shared_buffers': '4GB', 'work_mem': 124, 'maintenance_work_mem': 960, 'max_parallel_workers_per_gather': 1, 'checkpoint_completion_target': 0.7051239991045781, 'random_page_cost': 1.0342579324255752, 'effective_cache_size': 384}. Best is trial 8 with value: 7920.704568.[0m

========================================
[Trial 171] Config: {'shared_buffers': '4GB', 'work_mem': '120MB', 'maintenance_work_mem': '960MB', 'max_parallel_workers_per_gather': 1, 'checkpoint_completion_target': '0.7102166649149068', 'random_page_cost': '1.055198440774078', 'effective_cache_size': '256MB'}
[CLEANUP] Stopping container...
[CMD] docker stop tuning || true
[CMD] docker rm tuning || true
[CMD] docker run -d --name tuning -u postgres -e POSTGRES_PASSWORD=password_test -e POSTGRES_USER=postgres -p 5432:5432 -v pg_bench:/var/lib/postgresql/data postgres:18-alpine -c shared_buffers=4GB -c work_mem=120MB -c maintenance_work_mem=960MB -c max_parallel_workers_per_gather=1 -c checkpoint_completion_target=0.7102166649149068 -c random_page_cost=1.055198440774078 -c effective_cache_size=256MB
[DB] Waiting for PostgreSQL to be ready...
[CMD] docker exec tuning pg_isready -U postgres -h 127.0.0.1
[CMD] docker exec tuning pg_isready -U postgres -h 127.0.0.1
[DB] PostgreSQL is ready.
[TEST] Running pgbench (warmup)...
[CMD] docker exec tuning pgbench -U postgres -h 127.0.0.1 -c 32 -j 2 -T 10 benchdb
[TEST] Running pgbench (test)...
[CMD] docker exec tuning pgbench -U postgres -h 127.0.0.1 -c 64 -j 2 -T 60 benchdb
[Trial 171] TPS: 7759.08 | Latency Avg: 8.25 ms
[32m[I 2026-05-07 02:05:18,946][0m Trial 171 finished with value: 7759.075485 and parameters: {'shared_buffers': '4GB', 'work_mem': 120, 'maintenance_work_mem': 960, 'max_parallel_workers_per_gather': 1, 'checkpoint_completion_target': 0.7102166649149068, 'random_page_cost': 1.055198440774078, 'effective_cache_size': 256}. Best is trial 8 with value: 7920.704568.[0m

========================================
[Trial 172] Config: {'shared_buffers': '4GB', 'work_mem': '120MB', 'maintenance_work_mem': '960MB', 'max_parallel_workers_per_gather': 1, 'checkpoint_completion_target': '0.7114234618262354', 'random_page_cost': '1.0526135819397635', 'effective_cache_size': '256MB'}
[CLEANUP] Stopping container...
[CMD] docker stop tuning || true
[CMD] docker rm tuning || true
[CMD] docker run -d --name tuning -u postgres -e POSTGRES_PASSWORD=password_test -e POSTGRES_USER=postgres -p 5432:5432 -v pg_bench:/var/lib/postgresql/data postgres:18-alpine -c shared_buffers=4GB -c work_mem=120MB -c maintenance_work_mem=960MB -c max_parallel_workers_per_gather=1 -c checkpoint_completion_target=0.7114234618262354 -c random_page_cost=1.0526135819397635 -c effective_cache_size=256MB
[DB] Waiting for PostgreSQL to be ready...
[CMD] docker exec tuning pg_isready -U postgres -h 127.0.0.1
[CMD] docker exec tuning pg_isready -U postgres -h 127.0.0.1
[DB] PostgreSQL is ready.
[TEST] Running pgbench (warmup)...
[CMD] docker exec tuning pgbench -U postgres -h 127.0.0.1 -c 32 -j 2 -T 10 benchdb
[TEST] Running pgbench (test)...
[CMD] docker exec tuning pgbench -U postgres -h 127.0.0.1 -c 64 -j 2 -T 60 benchdb
[Trial 172] TPS: 6733.46 | Latency Avg: 9.51 ms
[32m[I 2026-05-07 02:06:35,096][0m Trial 172 finished with value: 6733.456412 and parameters: {'shared_buffers': '4GB', 'work_mem': 120, 'maintenance_work_mem': 960, 'max_parallel_workers_per_gather': 1, 'checkpoint_completion_target': 0.7114234618262354, 'random_page_cost': 1.0526135819397635, 'effective_cache_size': 256}. Best is trial 8 with value: 7920.704568.[0m

========================================
[Trial 173] Config: {'shared_buffers': '4GB', 'work_mem': '120MB', 'maintenance_work_mem': '1024MB', 'max_parallel_workers_per_gather': 1, 'checkpoint_completion_target': '0.7078912902497465', 'random_page_cost': '1.0564709421021878', 'effective_cache_size': '384MB'}
[CLEANUP] Stopping container...
[CMD] docker stop tuning || true
[CMD] docker rm tuning || true
[CMD] docker run -d --name tuning -u postgres -e POSTGRES_PASSWORD=password_test -e POSTGRES_USER=postgres -p 5432:5432 -v pg_bench:/var/lib/postgresql/data postgres:18-alpine -c shared_buffers=4GB -c work_mem=120MB -c maintenance_work_mem=1024MB -c max_parallel_workers_per_gather=1 -c checkpoint_completion_target=0.7078912902497465 -c random_page_cost=1.0564709421021878 -c effective_cache_size=384MB
[DB] Waiting for PostgreSQL to be ready...
[CMD] docker exec tuning pg_isready -U postgres -h 127.0.0.1
[CMD] docker exec tuning pg_isready -U postgres -h 127.0.0.1
[DB] PostgreSQL is ready.
[TEST] Running pgbench (warmup)...
[CMD] docker exec tuning pgbench -U postgres -h 127.0.0.1 -c 32 -j 2 -T 10 benchdb
[TEST] Running pgbench (test)...
[CMD] docker exec tuning pgbench -U postgres -h 127.0.0.1 -c 64 -j 2 -T 60 benchdb
[Trial 173] TPS: 7580.56 | Latency Avg: 8.44 ms
[32m[I 2026-05-07 02:07:51,321][0m Trial 173 finished with value: 7580.560087 and parameters: {'shared_buffers': '4GB', 'work_mem': 120, 'maintenance_work_mem': 1024, 'max_parallel_workers_per_gather': 1, 'checkpoint_completion_target': 0.7078912902497465, 'random_page_cost': 1.0564709421021878, 'effective_cache_size': 384}. Best is trial 8 with value: 7920.704568.[0m

========================================
[Trial 174] Config: {'shared_buffers': '4GB', 'work_mem': '128MB', 'maintenance_work_mem': '960MB', 'max_parallel_workers_per_gather': 1, 'checkpoint_completion_target': '0.7002392970844461', 'random_page_cost': '1.0662876640963936', 'effective_cache_size': '128MB'}
[CLEANUP] Stopping container...
[CMD] docker stop tuning || true
[CMD] docker rm tuning || true
[CMD] docker run -d --name tuning -u postgres -e POSTGRES_PASSWORD=password_test -e POSTGRES_USER=postgres -p 5432:5432 -v pg_bench:/var/lib/postgresql/data postgres:18-alpine -c shared_buffers=4GB -c work_mem=128MB -c maintenance_work_mem=960MB -c max_parallel_workers_per_gather=1 -c checkpoint_completion_target=0.7002392970844461 -c random_page_cost=1.0662876640963936 -c effective_cache_size=128MB
[DB] Waiting for PostgreSQL to be ready...
[CMD] docker exec tuning pg_isready -U postgres -h 127.0.0.1
[CMD] docker exec tuning pg_isready -U postgres -h 127.0.0.1
[DB] PostgreSQL is ready.
[TEST] Running pgbench (warmup)...
[CMD] docker exec tuning pgbench -U postgres -h 127.0.0.1 -c 32 -j 2 -T 10 benchdb
[TEST] Running pgbench (test)...
[CMD] docker exec tuning pgbench -U postgres -h 127.0.0.1 -c 64 -j 2 -T 60 benchdb
[Trial 174] TPS: 6800.42 | Latency Avg: 9.41 ms
[32m[I 2026-05-07 02:09:07,431][0m Trial 174 finished with value: 6800.42023 and parameters: {'shared_buffers': '4GB', 'work_mem': 128, 'maintenance_work_mem': 960, 'max_parallel_workers_per_gather': 1, 'checkpoint_completion_target': 0.7002392970844461, 'random_page_cost': 1.0662876640963936, 'effective_cache_size': 128}. Best is trial 8 with value: 7920.704568.[0m

========================================
[Trial 175] Config: {'shared_buffers': '4GB', 'work_mem': '116MB', 'maintenance_work_mem': '960MB', 'max_parallel_workers_per_gather': 1, 'checkpoint_completion_target': '0.714194357585911', 'random_page_cost': '1.044760515116993', 'effective_cache_size': '512MB'}
[CLEANUP] Stopping container...
[CMD] docker stop tuning || true
[CMD] docker rm tuning || true
[CMD] docker run -d --name tuning -u postgres -e POSTGRES_PASSWORD=password_test -e POSTGRES_USER=postgres -p 5432:5432 -v pg_bench:/var/lib/postgresql/data postgres:18-alpine -c shared_buffers=4GB -c work_mem=116MB -c maintenance_work_mem=960MB -c max_parallel_workers_per_gather=1 -c checkpoint_completion_target=0.714194357585911 -c random_page_cost=1.044760515116993 -c effective_cache_size=512MB
[DB] Waiting for PostgreSQL to be ready...
[CMD] docker exec tuning pg_isready -U postgres -h 127.0.0.1
[CMD] docker exec tuning pg_isready -U postgres -h 127.0.0.1
[DB] PostgreSQL is ready.
[TEST] Running pgbench (warmup)...
[CMD] docker exec tuning pgbench -U postgres -h 127.0.0.1 -c 32 -j 2 -T 10 benchdb
[TEST] Running pgbench (test)...
[CMD] docker exec tuning pgbench -U postgres -h 127.0.0.1 -c 64 -j 2 -T 60 benchdb
[Trial 175] TPS: 6981.03 | Latency Avg: 9.17 ms
[32m[I 2026-05-07 02:10:23,684][0m Trial 175 finished with value: 6981.032466 and parameters: {'shared_buffers': '4GB', 'work_mem': 116, 'maintenance_work_mem': 960, 'max_parallel_workers_per_gather': 1, 'checkpoint_completion_target': 0.714194357585911, 'random_page_cost': 1.044760515116993, 'effective_cache_size': 512}. Best is trial 8 with value: 7920.704568.[0m

========================================
[Trial 176] Config: {'shared_buffers': '4GB', 'work_mem': '116MB', 'maintenance_work_mem': '1024MB', 'max_parallel_workers_per_gather': 1, 'checkpoint_completion_target': '0.7184753866430758', 'random_page_cost': '1.0384530485641585', 'effective_cache_size': '256MB'}
[CLEANUP] Stopping container...
[CMD] docker stop tuning || true
[CMD] docker rm tuning || true
[CMD] docker run -d --name tuning -u postgres -e POSTGRES_PASSWORD=password_test -e POSTGRES_USER=postgres -p 5432:5432 -v pg_bench:/var/lib/postgresql/data postgres:18-alpine -c shared_buffers=4GB -c work_mem=116MB -c maintenance_work_mem=1024MB -c max_parallel_workers_per_gather=1 -c checkpoint_completion_target=0.7184753866430758 -c random_page_cost=1.0384530485641585 -c effective_cache_size=256MB
[DB] Waiting for PostgreSQL to be ready...
[CMD] docker exec tuning pg_isready -U postgres -h 127.0.0.1
[CMD] docker exec tuning pg_isready -U postgres -h 127.0.0.1
[DB] PostgreSQL is ready.
[TEST] Running pgbench (warmup)...
[CMD] docker exec tuning pgbench -U postgres -h 127.0.0.1 -c 32 -j 2 -T 10 benchdb
[TEST] Running pgbench (test)...
[CMD] docker exec tuning pgbench -U postgres -h 127.0.0.1 -c 64 -j 2 -T 60 benchdb
[Trial 176] TPS: 7092.96 | Latency Avg: 9.02 ms
[32m[I 2026-05-07 02:11:39,695][0m Trial 176 finished with value: 7092.960399 and parameters: {'shared_buffers': '4GB', 'work_mem': 116, 'maintenance_work_mem': 1024, 'max_parallel_workers_per_gather': 1, 'checkpoint_completion_target': 0.7184753866430758, 'random_page_cost': 1.0384530485641585, 'effective_cache_size': 256}. Best is trial 8 with value: 7920.704568.[0m

========================================
[Trial 177] Config: {'shared_buffers': '4GB', 'work_mem': '124MB', 'maintenance_work_mem': '960MB', 'max_parallel_workers_per_gather': 1, 'checkpoint_completion_target': '0.7252421755862846', 'random_page_cost': '1.2364885095386968', 'effective_cache_size': '640MB'}
[CLEANUP] Stopping container...
[CMD] docker stop tuning || true
[CMD] docker rm tuning || true
[CMD] docker run -d --name tuning -u postgres -e POSTGRES_PASSWORD=password_test -e POSTGRES_USER=postgres -p 5432:5432 -v pg_bench:/var/lib/postgresql/data postgres:18-alpine -c shared_buffers=4GB -c work_mem=124MB -c maintenance_work_mem=960MB -c max_parallel_workers_per_gather=1 -c checkpoint_completion_target=0.7252421755862846 -c random_page_cost=1.2364885095386968 -c effective_cache_size=640MB
[DB] Waiting for PostgreSQL to be ready...
[CMD] docker exec tuning pg_isready -U postgres -h 127.0.0.1
[CMD] docker exec tuning pg_isready -U postgres -h 127.0.0.1
[DB] PostgreSQL is ready.
[TEST] Running pgbench (warmup)...
[CMD] docker exec tuning pgbench -U postgres -h 127.0.0.1 -c 32 -j 2 -T 10 benchdb
[TEST] Running pgbench (test)...
[CMD] docker exec tuning pgbench -U postgres -h 127.0.0.1 -c 64 -j 2 -T 60 benchdb
[Trial 177] TPS: 7582.14 | Latency Avg: 8.44 ms
[32m[I 2026-05-07 02:12:55,912][0m Trial 177 finished with value: 7582.139286 and parameters: {'shared_buffers': '4GB', 'work_mem': 124, 'maintenance_work_mem': 960, 'max_parallel_workers_per_gather': 1, 'checkpoint_completion_target': 0.7252421755862846, 'random_page_cost': 1.2364885095386968, 'effective_cache_size': 640}. Best is trial 8 with value: 7920.704568.[0m

========================================
[Trial 178] Config: {'shared_buffers': '4GB', 'work_mem': '112MB', 'maintenance_work_mem': '1024MB', 'max_parallel_workers_per_gather': 1, 'checkpoint_completion_target': '0.7056454371978762', 'random_page_cost': '1.0508748302547128', 'effective_cache_size': '128MB'}
[CLEANUP] Stopping container...
[CMD] docker stop tuning || true
[CMD] docker rm tuning || true
[CMD] docker run -d --name tuning -u postgres -e POSTGRES_PASSWORD=password_test -e POSTGRES_USER=postgres -p 5432:5432 -v pg_bench:/var/lib/postgresql/data postgres:18-alpine -c shared_buffers=4GB -c work_mem=112MB -c maintenance_work_mem=1024MB -c max_parallel_workers_per_gather=1 -c checkpoint_completion_target=0.7056454371978762 -c random_page_cost=1.0508748302547128 -c effective_cache_size=128MB
[DB] Waiting for PostgreSQL to be ready...
[CMD] docker exec tuning pg_isready -U postgres -h 127.0.0.1
[CMD] docker exec tuning pg_isready -U postgres -h 127.0.0.1
[DB] PostgreSQL is ready.
[TEST] Running pgbench (warmup)...
[CMD] docker exec tuning pgbench -U postgres -h 127.0.0.1 -c 32 -j 2 -T 10 benchdb
[TEST] Running pgbench (test)...
[CMD] docker exec tuning pgbench -U postgres -h 127.0.0.1 -c 64 -j 2 -T 60 benchdb
[Trial 178] TPS: 6228.94 | Latency Avg: 10.28 ms
[32m[I 2026-05-07 02:14:11,991][0m Trial 178 finished with value: 6228.943534 and parameters: {'shared_buffers': '4GB', 'work_mem': 112, 'maintenance_work_mem': 1024, 'max_parallel_workers_per_gather': 1, 'checkpoint_completion_target': 0.7056454371978762, 'random_page_cost': 1.0508748302547128, 'effective_cache_size': 128}. Best is trial 8 with value: 7920.704568.[0m

========================================
[Trial 179] Config: {'shared_buffers': '4GB', 'work_mem': '124MB', 'maintenance_work_mem': '960MB', 'max_parallel_workers_per_gather': 1, 'checkpoint_completion_target': '0.7102461828219451', 'random_page_cost': '1.0593984326304515', 'effective_cache_size': '256MB'}
[CLEANUP] Stopping container...
[CMD] docker stop tuning || true
[CMD] docker rm tuning || true
[CMD] docker run -d --name tuning -u postgres -e POSTGRES_PASSWORD=password_test -e POSTGRES_USER=postgres -p 5432:5432 -v pg_bench:/var/lib/postgresql/data postgres:18-alpine -c shared_buffers=4GB -c work_mem=124MB -c maintenance_work_mem=960MB -c max_parallel_workers_per_gather=1 -c checkpoint_completion_target=0.7102461828219451 -c random_page_cost=1.0593984326304515 -c effective_cache_size=256MB
[DB] Waiting for PostgreSQL to be ready...
[CMD] docker exec tuning pg_isready -U postgres -h 127.0.0.1
[CMD] docker exec tuning pg_isready -U postgres -h 127.0.0.1
[DB] PostgreSQL is ready.
[TEST] Running pgbench (warmup)...
[CMD] docker exec tuning pgbench -U postgres -h 127.0.0.1 -c 32 -j 2 -T 10 benchdb
[TEST] Running pgbench (test)...
[CMD] docker exec tuning pgbench -U postgres -h 127.0.0.1 -c 64 -j 2 -T 60 benchdb
[Trial 179] TPS: 7686.16 | Latency Avg: 8.33 ms
[32m[I 2026-05-07 02:15:28,332][0m Trial 179 finished with value: 7686.159688 and parameters: {'shared_buffers': '4GB', 'work_mem': 124, 'maintenance_work_mem': 960, 'max_parallel_workers_per_gather': 1, 'checkpoint_completion_target': 0.7102461828219451, 'random_page_cost': 1.0593984326304515, 'effective_cache_size': 256}. Best is trial 8 with value: 7920.704568.[0m

========================================
[Trial 180] Config: {'shared_buffers': '4GB', 'work_mem': '128MB', 'maintenance_work_mem': '960MB', 'max_parallel_workers_per_gather': 1, 'checkpoint_completion_target': '0.7182792046665498', 'random_page_cost': '1.0724254159263715', 'effective_cache_size': '256MB'}
[CLEANUP] Stopping container...
[CMD] docker stop tuning || true
[CMD] docker rm tuning || true
[CMD] docker run -d --name tuning -u postgres -e POSTGRES_PASSWORD=password_test -e POSTGRES_USER=postgres -p 5432:5432 -v pg_bench:/var/lib/postgresql/data postgres:18-alpine -c shared_buffers=4GB -c work_mem=128MB -c maintenance_work_mem=960MB -c max_parallel_workers_per_gather=1 -c checkpoint_completion_target=0.7182792046665498 -c random_page_cost=1.0724254159263715 -c effective_cache_size=256MB
[DB] Waiting for PostgreSQL to be ready...
[CMD] docker exec tuning pg_isready -U postgres -h 127.0.0.1
[CMD] docker exec tuning pg_isready -U postgres -h 127.0.0.1
[DB] PostgreSQL is ready.
[TEST] Running pgbench (warmup)...
[CMD] docker exec tuning pgbench -U postgres -h 127.0.0.1 -c 32 -j 2 -T 10 benchdb
[TEST] Running pgbench (test)...
[CMD] docker exec tuning pgbench -U postgres -h 127.0.0.1 -c 64 -j 2 -T 60 benchdb
[Trial 180] TPS: 7335.19 | Latency Avg: 8.72 ms
[32m[I 2026-05-07 02:16:44,355][0m Trial 180 finished with value: 7335.186862 and parameters: {'shared_buffers': '4GB', 'work_mem': 128, 'maintenance_work_mem': 960, 'max_parallel_workers_per_gather': 1, 'checkpoint_completion_target': 0.7182792046665498, 'random_page_cost': 1.0724254159263715, 'effective_cache_size': 256}. Best is trial 8 with value: 7920.704568.[0m

========================================
[Trial 181] Config: {'shared_buffers': '4GB', 'work_mem': '124MB', 'maintenance_work_mem': '960MB', 'max_parallel_workers_per_gather': 1, 'checkpoint_completion_target': '0.7102324262955718', 'random_page_cost': '1.0602099157653813', 'effective_cache_size': '384MB'}
[CLEANUP] Stopping container...
[CMD] docker stop tuning || true
[CMD] docker rm tuning || true
[CMD] docker run -d --name tuning -u postgres -e POSTGRES_PASSWORD=password_test -e POSTGRES_USER=postgres -p 5432:5432 -v pg_bench:/var/lib/postgresql/data postgres:18-alpine -c shared_buffers=4GB -c work_mem=124MB -c maintenance_work_mem=960MB -c max_parallel_workers_per_gather=1 -c checkpoint_completion_target=0.7102324262955718 -c random_page_cost=1.0602099157653813 -c effective_cache_size=384MB
[DB] Waiting for PostgreSQL to be ready...
[CMD] docker exec tuning pg_isready -U postgres -h 127.0.0.1
[CMD] docker exec tuning pg_isready -U postgres -h 127.0.0.1
[DB] PostgreSQL is ready.
[TEST] Running pgbench (warmup)...
[CMD] docker exec tuning pgbench -U postgres -h 127.0.0.1 -c 32 -j 2 -T 10 benchdb
[TEST] Running pgbench (test)...
[CMD] docker exec tuning pgbench -U postgres -h 127.0.0.1 -c 64 -j 2 -T 60 benchdb
[Trial 181] TPS: 7716.01 | Latency Avg: 8.29 ms
