[32m[I 2026-05-06 22:43:30,585][0m Trial 12 finished with value: 6037.266776 and parameters: {'shared_buffers': '2GB', 'work_mem': 104, 'maintenance_work_mem': 768, 'max_parallel_workers_per_gather': 0, 'checkpoint_completion_target': 0.9414530785768211, 'random_page_cost': 1.1301459175830957, 'effective_cache_size': 256}. Best is trial 8 with value: 7920.704568.[0m

========================================
[Trial 13] Config: {'shared_buffers': '2GB', 'work_mem': '128MB', 'maintenance_work_mem': '896MB', 'max_parallel_workers_per_gather': 7, 'checkpoint_completion_target': '0.888306098506618', 'random_page_cost': '1.1827254689138516', 'effective_cache_size': '640MB'}
[CLEANUP] Stopping container...
[CMD] docker stop tuning || true
[CMD] docker rm tuning || true
[CMD] docker run -d --name tuning -u postgres -e POSTGRES_PASSWORD=password_test -e POSTGRES_USER=postgres -p 5432:5432 -v pg_bench:/var/lib/postgresql/data postgres:18-alpine -c shared_buffers=2GB -c work_mem=128MB -c maintenance_work_mem=896MB -c max_parallel_workers_per_gather=7 -c checkpoint_completion_target=0.888306098506618 -c random_page_cost=1.1827254689138516 -c effective_cache_size=640MB
[DB] Waiting for PostgreSQL to be ready...
[CMD] docker exec tuning pg_isready -U postgres -h 127.0.0.1
[CMD] docker exec tuning pg_isready -U postgres -h 127.0.0.1
[DB] PostgreSQL is ready.
[TEST] Running pgbench (warmup)...
[CMD] docker exec tuning pgbench -U postgres -h 127.0.0.1 -c 32 -j 2 -T 10 benchdb
[TEST] Running pgbench (test)...
[CMD] docker exec tuning pgbench -U postgres -h 127.0.0.1 -c 64 -j 2 -T 60 benchdb
[Trial 13] TPS: 7278.95 | Latency Avg: 8.79 ms
[32m[I 2026-05-06 22:44:46,719][0m Trial 13 finished with value: 7278.954113 and parameters: {'shared_buffers': '2GB', 'work_mem': 128, 'maintenance_work_mem': 896, 'max_parallel_workers_per_gather': 7, 'checkpoint_completion_target': 0.888306098506618, 'random_page_cost': 1.1827254689138516, 'effective_cache_size': 640}. Best is trial 8 with value: 7920.704568.[0m

========================================
[Trial 14] Config: {'shared_buffers': '8GB', 'work_mem': '104MB', 'maintenance_work_mem': '640MB', 'max_parallel_workers_per_gather': 13, 'checkpoint_completion_target': '0.894578551353175', 'random_page_cost': '1.1886270312142146', 'effective_cache_size': '768MB'}
[CLEANUP] Stopping container...
[CMD] docker stop tuning || true
[CMD] docker rm tuning || true
[CMD] docker run -d --name tuning -u postgres -e POSTGRES_PASSWORD=password_test -e POSTGRES_USER=postgres -p 5432:5432 -v pg_bench:/var/lib/postgresql/data postgres:18-alpine -c shared_buffers=8GB -c work_mem=104MB -c maintenance_work_mem=640MB -c max_parallel_workers_per_gather=13 -c checkpoint_completion_target=0.894578551353175 -c random_page_cost=1.1886270312142146 -c effective_cache_size=768MB
[DB] Waiting for PostgreSQL to be ready...
[CMD] docker exec tuning pg_isready -U postgres -h 127.0.0.1
[CMD] docker exec tuning pg_isready -U postgres -h 127.0.0.1
[DB] PostgreSQL is ready.
[TEST] Running pgbench (warmup)...
[CMD] docker exec tuning pgbench -U postgres -h 127.0.0.1 -c 32 -j 2 -T 10 benchdb
[TEST] Running pgbench (test)...
[CMD] docker exec tuning pgbench -U postgres -h 127.0.0.1 -c 64 -j 2 -T 60 benchdb
[Trial 14] TPS: 7168.37 | Latency Avg: 8.93 ms
[32m[I 2026-05-06 22:46:02,833][0m Trial 14 finished with value: 7168.374628 and parameters: {'shared_buffers': '8GB', 'work_mem': 104, 'maintenance_work_mem': 640, 'max_parallel_workers_per_gather': 13, 'checkpoint_completion_target': 0.894578551353175, 'random_page_cost': 1.1886270312142146, 'effective_cache_size': 768}. Best is trial 8 with value: 7920.704568.[0m

========================================
[Trial 15] Config: {'shared_buffers': '4GB', 'work_mem': '104MB', 'maintenance_work_mem': '1024MB', 'max_parallel_workers_per_gather': 1, 'checkpoint_completion_target': '0.9173990749218724', 'random_page_cost': '1.1003008261552387', 'effective_cache_size': '1792MB'}
[CLEANUP] Stopping container...
[CMD] docker stop tuning || true
[CMD] docker rm tuning || true
[CMD] docker run -d --name tuning -u postgres -e POSTGRES_PASSWORD=password_test -e POSTGRES_USER=postgres -p 5432:5432 -v pg_bench:/var/lib/postgresql/data postgres:18-alpine -c shared_buffers=4GB -c work_mem=104MB -c maintenance_work_mem=1024MB -c max_parallel_workers_per_gather=1 -c checkpoint_completion_target=0.9173990749218724 -c random_page_cost=1.1003008261552387 -c effective_cache_size=1792MB
[DB] Waiting for PostgreSQL to be ready...
[CMD] docker exec tuning pg_isready -U postgres -h 127.0.0.1
[CMD] docker exec tuning pg_isready -U postgres -h 127.0.0.1
[DB] PostgreSQL is ready.
[TEST] Running pgbench (warmup)...
[CMD] docker exec tuning pgbench -U postgres -h 127.0.0.1 -c 32 -j 2 -T 10 benchdb
[TEST] Running pgbench (test)...
[CMD] docker exec tuning pgbench -U postgres -h 127.0.0.1 -c 64 -j 2 -T 60 benchdb
[Trial 15] TPS: 7329.75 | Latency Avg: 8.73 ms
[32m[I 2026-05-06 22:47:19,166][0m Trial 15 finished with value: 7329.748227 and parameters: {'shared_buffers': '4GB', 'work_mem': 104, 'maintenance_work_mem': 1024, 'max_parallel_workers_per_gather': 1, 'checkpoint_completion_target': 0.9173990749218724, 'random_page_cost': 1.1003008261552387, 'effective_cache_size': 1792}. Best is trial 8 with value: 7920.704568.[0m

========================================
[Trial 16] Config: {'shared_buffers': '2GB', 'work_mem': '60MB', 'maintenance_work_mem': '384MB', 'max_parallel_workers_per_gather': 7, 'checkpoint_completion_target': '0.8654425536543242', 'random_page_cost': '1.098002196926488', 'effective_cache_size': '768MB'}
[CLEANUP] Stopping container...
[CMD] docker stop tuning || true
[CMD] docker rm tuning || true
[CMD] docker run -d --name tuning -u postgres -e POSTGRES_PASSWORD=password_test -e POSTGRES_USER=postgres -p 5432:5432 -v pg_bench:/var/lib/postgresql/data postgres:18-alpine -c shared_buffers=2GB -c work_mem=60MB -c maintenance_work_mem=384MB -c max_parallel_workers_per_gather=7 -c checkpoint_completion_target=0.8654425536543242 -c random_page_cost=1.098002196926488 -c effective_cache_size=768MB
[DB] Waiting for PostgreSQL to be ready...
[CMD] docker exec tuning pg_isready -U postgres -h 127.0.0.1
[CMD] docker exec tuning pg_isready -U postgres -h 127.0.0.1
[DB] PostgreSQL is ready.
[TEST] Running pgbench (warmup)...
[CMD] docker exec tuning pgbench -U postgres -h 127.0.0.1 -c 32 -j 2 -T 10 benchdb
[TEST] Running pgbench (test)...
[CMD] docker exec tuning pgbench -U postgres -h 127.0.0.1 -c 64 -j 2 -T 60 benchdb
[Trial 16] TPS: 7389.37 | Latency Avg: 8.66 ms
[32m[I 2026-05-06 22:48:35,449][0m Trial 16 finished with value: 7389.365944 and parameters: {'shared_buffers': '2GB', 'work_mem': 60, 'maintenance_work_mem': 384, 'max_parallel_workers_per_gather': 7, 'checkpoint_completion_target': 0.8654425536543242, 'random_page_cost': 1.098002196926488, 'effective_cache_size': 768}. Best is trial 8 with value: 7920.704568.[0m

========================================
[Trial 17] Config: {'shared_buffers': '2GB', 'work_mem': '116MB', 'maintenance_work_mem': '896MB', 'max_parallel_workers_per_gather': 2, 'checkpoint_completion_target': '0.8605905140348737', 'random_page_cost': '1.2313681404843444', 'effective_cache_size': '128MB'}
[CLEANUP] Stopping container...
[CMD] docker stop tuning || true
[CMD] docker rm tuning || true
[CMD] docker run -d --name tuning -u postgres -e POSTGRES_PASSWORD=password_test -e POSTGRES_USER=postgres -p 5432:5432 -v pg_bench:/var/lib/postgresql/data postgres:18-alpine -c shared_buffers=2GB -c work_mem=116MB -c maintenance_work_mem=896MB -c max_parallel_workers_per_gather=2 -c checkpoint_completion_target=0.8605905140348737 -c random_page_cost=1.2313681404843444 -c effective_cache_size=128MB
[DB] Waiting for PostgreSQL to be ready...
[CMD] docker exec tuning pg_isready -U postgres -h 127.0.0.1
[CMD] docker exec tuning pg_isready -U postgres -h 127.0.0.1
[DB] PostgreSQL is ready.
[TEST] Running pgbench (warmup)...
[CMD] docker exec tuning pgbench -U postgres -h 127.0.0.1 -c 32 -j 2 -T 10 benchdb
[TEST] Running pgbench (test)...
[CMD] docker exec tuning pgbench -U postgres -h 127.0.0.1 -c 64 -j 2 -T 60 benchdb
[Trial 17] TPS: 7690.53 | Latency Avg: 8.32 ms
[32m[I 2026-05-06 22:49:51,514][0m Trial 17 finished with value: 7690.533698 and parameters: {'shared_buffers': '2GB', 'work_mem': 116, 'maintenance_work_mem': 896, 'max_parallel_workers_per_gather': 2, 'checkpoint_completion_target': 0.8605905140348737, 'random_page_cost': 1.2313681404843444, 'effective_cache_size': 128}. Best is trial 8 with value: 7920.704568.[0m

========================================
[Trial 18] Config: {'shared_buffers': '4GB', 'work_mem': '60MB', 'maintenance_work_mem': '832MB', 'max_parallel_workers_per_gather': 2, 'checkpoint_completion_target': '0.8642863260818903', 'random_page_cost': '1.2583378692508118', 'effective_cache_size': '1792MB'}
[CLEANUP] Stopping container...
[CMD] docker stop tuning || true
[CMD] docker rm tuning || true
[CMD] docker run -d --name tuning -u postgres -e POSTGRES_PASSWORD=password_test -e POSTGRES_USER=postgres -p 5432:5432 -v pg_bench:/var/lib/postgresql/data postgres:18-alpine -c shared_buffers=4GB -c work_mem=60MB -c maintenance_work_mem=832MB -c max_parallel_workers_per_gather=2 -c checkpoint_completion_target=0.8642863260818903 -c random_page_cost=1.2583378692508118 -c effective_cache_size=1792MB
[DB] Waiting for PostgreSQL to be ready...
[CMD] docker exec tuning pg_isready -U postgres -h 127.0.0.1
[CMD] docker exec tuning pg_isready -U postgres -h 127.0.0.1
[DB] PostgreSQL is ready.
[TEST] Running pgbench (warmup)...
[CMD] docker exec tuning pgbench -U postgres -h 127.0.0.1 -c 32 -j 2 -T 10 benchdb
[TEST] Running pgbench (test)...
[CMD] docker exec tuning pgbench -U postgres -h 127.0.0.1 -c 64 -j 2 -T 60 benchdb
[Trial 18] TPS: 6252.86 | Latency Avg: 10.23 ms
[32m[I 2026-05-06 22:51:07,568][0m Trial 18 finished with value: 6252.858682 and parameters: {'shared_buffers': '4GB', 'work_mem': 60, 'maintenance_work_mem': 832, 'max_parallel_workers_per_gather': 2, 'checkpoint_completion_target': 0.8642863260818903, 'random_page_cost': 1.2583378692508118, 'effective_cache_size': 1792}. Best is trial 8 with value: 7920.704568.[0m

========================================
[Trial 19] Config: {'shared_buffers': '8GB', 'work_mem': '92MB', 'maintenance_work_mem': '640MB', 'max_parallel_workers_per_gather': 2, 'checkpoint_completion_target': '0.7878161476596288', 'random_page_cost': '1.2212796294404813', 'effective_cache_size': '640MB'}
[CLEANUP] Stopping container...
[CMD] docker stop tuning || true
[CMD] docker rm tuning || true
[CMD] docker run -d --name tuning -u postgres -e POSTGRES_PASSWORD=password_test -e POSTGRES_USER=postgres -p 5432:5432 -v pg_bench:/var/lib/postgresql/data postgres:18-alpine -c shared_buffers=8GB -c work_mem=92MB -c maintenance_work_mem=640MB -c max_parallel_workers_per_gather=2 -c checkpoint_completion_target=0.7878161476596288 -c random_page_cost=1.2212796294404813 -c effective_cache_size=640MB
[DB] Waiting for PostgreSQL to be ready...
[CMD] docker exec tuning pg_isready -U postgres -h 127.0.0.1
[CMD] docker exec tuning pg_isready -U postgres -h 127.0.0.1
[DB] PostgreSQL is ready.
[TEST] Running pgbench (warmup)...
[CMD] docker exec tuning pgbench -U postgres -h 127.0.0.1 -c 32 -j 2 -T 10 benchdb
[TEST] Running pgbench (test)...
[CMD] docker exec tuning pgbench -U postgres -h 127.0.0.1 -c 64 -j 2 -T 60 benchdb
[Trial 19] TPS: 6831.45 | Latency Avg: 9.37 ms
[32m[I 2026-05-06 22:52:23,864][0m Trial 19 finished with value: 6831.452143 and parameters: {'shared_buffers': '8GB', 'work_mem': 92, 'maintenance_work_mem': 640, 'max_parallel_workers_per_gather': 2, 'checkpoint_completion_target': 0.7878161476596288, 'random_page_cost': 1.2212796294404813, 'effective_cache_size': 640}. Best is trial 8 with value: 7920.704568.[0m

========================================
[Trial 20] Config: {'shared_buffers': '4GB', 'work_mem': '116MB', 'maintenance_work_mem': '896MB', 'max_parallel_workers_per_gather': 2, 'checkpoint_completion_target': '0.8526667522574685', 'random_page_cost': '1.2258340151363647', 'effective_cache_size': '1024MB'}
[CLEANUP] Stopping container...
[CMD] docker stop tuning || true
[CMD] docker rm tuning || true
[CMD] docker run -d --name tuning -u postgres -e POSTGRES_PASSWORD=password_test -e POSTGRES_USER=postgres -p 5432:5432 -v pg_bench:/var/lib/postgresql/data postgres:18-alpine -c shared_buffers=4GB -c work_mem=116MB -c maintenance_work_mem=896MB -c max_parallel_workers_per_gather=2 -c checkpoint_completion_target=0.8526667522574685 -c random_page_cost=1.2258340151363647 -c effective_cache_size=1024MB
[DB] Waiting for PostgreSQL to be ready...
[CMD] docker exec tuning pg_isready -U postgres -h 127.0.0.1
[CMD] docker exec tuning pg_isready -U postgres -h 127.0.0.1
[DB] PostgreSQL is ready.
[TEST] Running pgbench (warmup)...
[CMD] docker exec tuning pgbench -U postgres -h 127.0.0.1 -c 32 -j 2 -T 10 benchdb
[TEST] Running pgbench (test)...
[CMD] docker exec tuning pgbench -U postgres -h 127.0.0.1 -c 64 -j 2 -T 60 benchdb
[Trial 20] TPS: 6709.74 | Latency Avg: 9.54 ms
[32m[I 2026-05-06 22:53:40,182][0m Trial 20 finished with value: 6709.7375 and parameters: {'shared_buffers': '4GB', 'work_mem': 116, 'maintenance_work_mem': 896, 'max_parallel_workers_per_gather': 2, 'checkpoint_completion_target': 0.8526667522574685, 'random_page_cost': 1.2258340151363647, 'effective_cache_size': 1024}. Best is trial 8 with value: 7920.704568.[0m

========================================
[Trial 21] Config: {'shared_buffers': '2GB', 'work_mem': '116MB', 'maintenance_work_mem': '1024MB', 'max_parallel_workers_per_gather': 0, 'checkpoint_completion_target': '0.9184036257577853', 'random_page_cost': '1.1003163562530978', 'effective_cache_size': '128MB'}
[CLEANUP] Stopping container...
[CMD] docker stop tuning || true
[CMD] docker rm tuning || true
[CMD] docker run -d --name tuning -u postgres -e POSTGRES_PASSWORD=password_test -e POSTGRES_USER=postgres -p 5432:5432 -v pg_bench:/var/lib/postgresql/data postgres:18-alpine -c shared_buffers=2GB -c work_mem=116MB -c maintenance_work_mem=1024MB -c max_parallel_workers_per_gather=0 -c checkpoint_completion_target=0.9184036257577853 -c random_page_cost=1.1003163562530978 -c effective_cache_size=128MB
[DB] Waiting for PostgreSQL to be ready...
[CMD] docker exec tuning pg_isready -U postgres -h 127.0.0.1
[CMD] docker exec tuning pg_isready -U postgres -h 127.0.0.1
[DB] PostgreSQL is ready.
[TEST] Running pgbench (warmup)...
[CMD] docker exec tuning pgbench -U postgres -h 127.0.0.1 -c 32 -j 2 -T 10 benchdb
[TEST] Running pgbench (test)...
[CMD] docker exec tuning pgbench -U postgres -h 127.0.0.1 -c 64 -j 2 -T 60 benchdb
[Trial 21] TPS: 6606.78 | Latency Avg: 9.69 ms
[32m[I 2026-05-06 22:54:56,350][0m Trial 21 finished with value: 6606.775721 and parameters: {'shared_buffers': '2GB', 'work_mem': 116, 'maintenance_work_mem': 1024, 'max_parallel_workers_per_gather': 0, 'checkpoint_completion_target': 0.9184036257577853, 'random_page_cost': 1.1003163562530978, 'effective_cache_size': 128}. Best is trial 8 with value: 7920.704568.[0m

========================================
[Trial 22] Config: {'shared_buffers': '2GB', 'work_mem': '128MB', 'maintenance_work_mem': '896MB', 'max_parallel_workers_per_gather': 1, 'checkpoint_completion_target': '0.9498493570716987', 'random_page_cost': '1.1598138223452847', 'effective_cache_size': '384MB'}
[CLEANUP] Stopping container...
[CMD] docker stop tuning || true
[CMD] docker rm tuning || true
[CMD] docker run -d --name tuning -u postgres -e POSTGRES_PASSWORD=password_test -e POSTGRES_USER=postgres -p 5432:5432 -v pg_bench:/var/lib/postgresql/data postgres:18-alpine -c shared_buffers=2GB -c work_mem=128MB -c maintenance_work_mem=896MB -c max_parallel_workers_per_gather=1 -c checkpoint_completion_target=0.9498493570716987 -c random_page_cost=1.1598138223452847 -c effective_cache_size=384MB
[DB] Waiting for PostgreSQL to be ready...
[CMD] docker exec tuning pg_isready -U postgres -h 127.0.0.1
[CMD] docker exec tuning pg_isready -U postgres -h 127.0.0.1
[DB] PostgreSQL is ready.
[TEST] Running pgbench (warmup)...
[CMD] docker exec tuning pgbench -U postgres -h 127.0.0.1 -c 32 -j 2 -T 10 benchdb
[TEST] Running pgbench (test)...
[CMD] docker exec tuning pgbench -U postgres -h 127.0.0.1 -c 64 -j 2 -T 60 benchdb
[Trial 22] TPS: 6620.32 | Latency Avg: 9.67 ms
[32m[I 2026-05-06 22:56:12,698][0m Trial 22 finished with value: 6620.316975 and parameters: {'shared_buffers': '2GB', 'work_mem': 128, 'maintenance_work_mem': 896, 'max_parallel_workers_per_gather': 1, 'checkpoint_completion_target': 0.9498493570716987, 'random_page_cost': 1.1598138223452847, 'effective_cache_size': 384}. Best is trial 8 with value: 7920.704568.[0m

========================================
[Trial 23] Config: {'shared_buffers': '2GB', 'work_mem': '112MB', 'maintenance_work_mem': '960MB', 'max_parallel_workers_per_gather': 13, 'checkpoint_completion_target': '0.920598467202794', 'random_page_cost': '1.220317319976796', 'effective_cache_size': '512MB'}
[CLEANUP] Stopping container...
[CMD] docker stop tuning || true
[CMD] docker rm tuning || true
[CMD] docker run -d --name tuning -u postgres -e POSTGRES_PASSWORD=password_test -e POSTGRES_USER=postgres -p 5432:5432 -v pg_bench:/var/lib/postgresql/data postgres:18-alpine -c shared_buffers=2GB -c work_mem=112MB -c maintenance_work_mem=960MB -c max_parallel_workers_per_gather=13 -c checkpoint_completion_target=0.920598467202794 -c random_page_cost=1.220317319976796 -c effective_cache_size=512MB
[DB] Waiting for PostgreSQL to be ready...
[CMD] docker exec tuning pg_isready -U postgres -h 127.0.0.1
[CMD] docker exec tuning pg_isready -U postgres -h 127.0.0.1
[DB] PostgreSQL is ready.
[TEST] Running pgbench (warmup)...
[CMD] docker exec tuning pgbench -U postgres -h 127.0.0.1 -c 32 -j 2 -T 10 benchdb
[TEST] Running pgbench (test)...
[CMD] docker exec tuning pgbench -U postgres -h 127.0.0.1 -c 64 -j 2 -T 60 benchdb
[Trial 23] TPS: 5951.67 | Latency Avg: 10.75 ms
[32m[I 2026-05-06 22:57:28,815][0m Trial 23 finished with value: 5951.671089 and parameters: {'shared_buffers': '2GB', 'work_mem': 112, 'maintenance_work_mem': 960, 'max_parallel_workers_per_gather': 13, 'checkpoint_completion_target': 0.920598467202794, 'random_page_cost': 1.220317319976796, 'effective_cache_size': 512}. Best is trial 8 with value: 7920.704568.[0m

========================================
[Trial 24] Config: {'shared_buffers': '2GB', 'work_mem': '96MB', 'maintenance_work_mem': '768MB', 'max_parallel_workers_per_gather': 2, 'checkpoint_completion_target': '0.8066913263353946', 'random_page_cost': '1.0824111318801566', 'effective_cache_size': '1024MB'}
[CLEANUP] Stopping container...
[CMD] docker stop tuning || true
[CMD] docker rm tuning || true
[CMD] docker run -d --name tuning -u postgres -e POSTGRES_PASSWORD=password_test -e POSTGRES_USER=postgres -p 5432:5432 -v pg_bench:/var/lib/postgresql/data postgres:18-alpine -c shared_buffers=2GB -c work_mem=96MB -c maintenance_work_mem=768MB -c max_parallel_workers_per_gather=2 -c checkpoint_completion_target=0.8066913263353946 -c random_page_cost=1.0824111318801566 -c effective_cache_size=1024MB
[DB] Waiting for PostgreSQL to be ready...
[CMD] docker exec tuning pg_isready -U postgres -h 127.0.0.1
[CMD] docker exec tuning pg_isready -U postgres -h 127.0.0.1
[DB] PostgreSQL is ready.
[TEST] Running pgbench (warmup)...
[CMD] docker exec tuning pgbench -U postgres -h 127.0.0.1 -c 32 -j 2 -T 10 benchdb
[TEST] Running pgbench (test)...
[CMD] docker exec tuning pgbench -U postgres -h 127.0.0.1 -c 64 -j 2 -T 60 benchdb
[Trial 24] TPS: 7280.27 | Latency Avg: 8.79 ms
[32m[I 2026-05-06 22:58:44,944][0m Trial 24 finished with value: 7280.268839 and parameters: {'shared_buffers': '2GB', 'work_mem': 96, 'maintenance_work_mem': 768, 'max_parallel_workers_per_gather': 2, 'checkpoint_completion_target': 0.8066913263353946, 'random_page_cost': 1.0824111318801566, 'effective_cache_size': 1024}. Best is trial 8 with value: 7920.704568.[0m

========================================
[Trial 25] Config: {'shared_buffers': '2GB', 'work_mem': '120MB', 'maintenance_work_mem': '960MB', 'max_parallel_workers_per_gather': 0, 'checkpoint_completion_target': '0.8737991601169959', 'random_page_cost': '1.1698905435342584', 'effective_cache_size': '384MB'}
[CLEANUP] Stopping container...
[CMD] docker stop tuning || true
[CMD] docker rm tuning || true
[CMD] docker run -d --name tuning -u postgres -e POSTGRES_PASSWORD=password_test -e POSTGRES_USER=postgres -p 5432:5432 -v pg_bench:/var/lib/postgresql/data postgres:18-alpine -c shared_buffers=2GB -c work_mem=120MB -c maintenance_work_mem=960MB -c max_parallel_workers_per_gather=0 -c checkpoint_completion_target=0.8737991601169959 -c random_page_cost=1.1698905435342584 -c effective_cache_size=384MB
[DB] Waiting for PostgreSQL to be ready...
[CMD] docker exec tuning pg_isready -U postgres -h 127.0.0.1
[CMD] docker exec tuning pg_isready -U postgres -h 127.0.0.1
[DB] PostgreSQL is ready.
[TEST] Running pgbench (warmup)...
[CMD] docker exec tuning pgbench -U postgres -h 127.0.0.1 -c 32 -j 2 -T 10 benchdb
[TEST] Running pgbench (test)...
[CMD] docker exec tuning pgbench -U postgres -h 127.0.0.1 -c 64 -j 2 -T 60 benchdb
[Trial 25] TPS: 7063.88 | Latency Avg: 9.06 ms
