[32m[I 2026-05-07 02:34:30,592][0m Trial 194 finished with value: 7587.079581 and parameters: {'shared_buffers': '4GB', 'work_mem': 120, 'maintenance_work_mem': 960, 'max_parallel_workers_per_gather': 9, 'checkpoint_completion_target': 0.7194116538038628, 'random_page_cost': 1.1432083945213658, 'effective_cache_size': 512}. Best is trial 8 with value: 7920.704568.[0m

========================================
[Trial 195] Config: {'shared_buffers': '4GB', 'work_mem': '124MB', 'maintenance_work_mem': '896MB', 'max_parallel_workers_per_gather': 9, 'checkpoint_completion_target': '0.7316706171704658', 'random_page_cost': '1.1646112763725647', 'effective_cache_size': '128MB'}
[CLEANUP] Stopping container...
[CMD] docker stop tuning || true
[CMD] docker rm tuning || true
[CMD] docker run -d --name tuning -u postgres -e POSTGRES_PASSWORD=password_test -e POSTGRES_USER=postgres -p 5432:5432 -v pg_bench:/var/lib/postgresql/data postgres:18-alpine -c shared_buffers=4GB -c work_mem=124MB -c maintenance_work_mem=896MB -c max_parallel_workers_per_gather=9 -c checkpoint_completion_target=0.7316706171704658 -c random_page_cost=1.1646112763725647 -c effective_cache_size=128MB
[DB] Waiting for PostgreSQL to be ready...
[CMD] docker exec tuning pg_isready -U postgres -h 127.0.0.1
[CMD] docker exec tuning pg_isready -U postgres -h 127.0.0.1
[DB] PostgreSQL is ready.
[TEST] Running pgbench (warmup)...
[CMD] docker exec tuning pgbench -U postgres -h 127.0.0.1 -c 32 -j 2 -T 10 benchdb
[TEST] Running pgbench (test)...
[CMD] docker exec tuning pgbench -U postgres -h 127.0.0.1 -c 64 -j 2 -T 60 benchdb
[Trial 195] TPS: 6780.82 | Latency Avg: 9.44 ms
[32m[I 2026-05-07 02:35:46,787][0m Trial 195 finished with value: 6780.818968 and parameters: {'shared_buffers': '4GB', 'work_mem': 124, 'maintenance_work_mem': 896, 'max_parallel_workers_per_gather': 9, 'checkpoint_completion_target': 0.7316706171704658, 'random_page_cost': 1.1646112763725647, 'effective_cache_size': 128}. Best is trial 8 with value: 7920.704568.[0m

========================================
[Trial 196] Config: {'shared_buffers': '4GB', 'work_mem': '128MB', 'maintenance_work_mem': '960MB', 'max_parallel_workers_per_gather': 9, 'checkpoint_completion_target': '0.8768411701151102', 'random_page_cost': '1.047713811552538', 'effective_cache_size': '256MB'}
[CLEANUP] Stopping container...
[CMD] docker stop tuning || true
[CMD] docker rm tuning || true
[CMD] docker run -d --name tuning -u postgres -e POSTGRES_PASSWORD=password_test -e POSTGRES_USER=postgres -p 5432:5432 -v pg_bench:/var/lib/postgresql/data postgres:18-alpine -c shared_buffers=4GB -c work_mem=128MB -c maintenance_work_mem=960MB -c max_parallel_workers_per_gather=9 -c checkpoint_completion_target=0.8768411701151102 -c random_page_cost=1.047713811552538 -c effective_cache_size=256MB
[DB] Waiting for PostgreSQL to be ready...
[CMD] docker exec tuning pg_isready -U postgres -h 127.0.0.1
[CMD] docker exec tuning pg_isready -U postgres -h 127.0.0.1
[DB] PostgreSQL is ready.
[TEST] Running pgbench (warmup)...
[CMD] docker exec tuning pgbench -U postgres -h 127.0.0.1 -c 32 -j 2 -T 10 benchdb
[TEST] Running pgbench (test)...
[CMD] docker exec tuning pgbench -U postgres -h 127.0.0.1 -c 64 -j 2 -T 60 benchdb
[Trial 196] TPS: 7007.93 | Latency Avg: 9.13 ms
[32m[I 2026-05-07 02:37:03,038][0m Trial 196 finished with value: 7007.926878 and parameters: {'shared_buffers': '4GB', 'work_mem': 128, 'maintenance_work_mem': 960, 'max_parallel_workers_per_gather': 9, 'checkpoint_completion_target': 0.8768411701151102, 'random_page_cost': 1.047713811552538, 'effective_cache_size': 256}. Best is trial 8 with value: 7920.704568.[0m

========================================
[Trial 197] Config: {'shared_buffers': '4GB', 'work_mem': '124MB', 'maintenance_work_mem': '896MB', 'max_parallel_workers_per_gather': 13, 'checkpoint_completion_target': '0.7253519748729104', 'random_page_cost': '1.0594984876960942', 'effective_cache_size': '128MB'}
[CLEANUP] Stopping container...
[CMD] docker stop tuning || true
[CMD] docker rm tuning || true
[CMD] docker run -d --name tuning -u postgres -e POSTGRES_PASSWORD=password_test -e POSTGRES_USER=postgres -p 5432:5432 -v pg_bench:/var/lib/postgresql/data postgres:18-alpine -c shared_buffers=4GB -c work_mem=124MB -c maintenance_work_mem=896MB -c max_parallel_workers_per_gather=13 -c checkpoint_completion_target=0.7253519748729104 -c random_page_cost=1.0594984876960942 -c effective_cache_size=128MB
[DB] Waiting for PostgreSQL to be ready...
[CMD] docker exec tuning pg_isready -U postgres -h 127.0.0.1
[CMD] docker exec tuning pg_isready -U postgres -h 127.0.0.1
[DB] PostgreSQL is ready.
[TEST] Running pgbench (warmup)...
[CMD] docker exec tuning pgbench -U postgres -h 127.0.0.1 -c 32 -j 2 -T 10 benchdb
[TEST] Running pgbench (test)...
[CMD] docker exec tuning pgbench -U postgres -h 127.0.0.1 -c 64 -j 2 -T 60 benchdb
[Trial 197] TPS: 7157.65 | Latency Avg: 8.94 ms
[32m[I 2026-05-07 02:38:19,274][0m Trial 197 finished with value: 7157.654996 and parameters: {'shared_buffers': '4GB', 'work_mem': 124, 'maintenance_work_mem': 896, 'max_parallel_workers_per_gather': 13, 'checkpoint_completion_target': 0.7253519748729104, 'random_page_cost': 1.0594984876960942, 'effective_cache_size': 128}. Best is trial 8 with value: 7920.704568.[0m

========================================
[Trial 198] Config: {'shared_buffers': '4GB', 'work_mem': '120MB', 'maintenance_work_mem': '960MB', 'max_parallel_workers_per_gather': 7, 'checkpoint_completion_target': '0.8611907333845084', 'random_page_cost': '1.0559259642291297', 'effective_cache_size': '2432MB'}
[CLEANUP] Stopping container...
[CMD] docker stop tuning || true
[CMD] docker rm tuning || true
[CMD] docker run -d --name tuning -u postgres -e POSTGRES_PASSWORD=password_test -e POSTGRES_USER=postgres -p 5432:5432 -v pg_bench:/var/lib/postgresql/data postgres:18-alpine -c shared_buffers=4GB -c work_mem=120MB -c maintenance_work_mem=960MB -c max_parallel_workers_per_gather=7 -c checkpoint_completion_target=0.8611907333845084 -c random_page_cost=1.0559259642291297 -c effective_cache_size=2432MB
[DB] Waiting for PostgreSQL to be ready...
[CMD] docker exec tuning pg_isready -U postgres -h 127.0.0.1
[CMD] docker exec tuning pg_isready -U postgres -h 127.0.0.1
[DB] PostgreSQL is ready.
[TEST] Running pgbench (warmup)...
[CMD] docker exec tuning pgbench -U postgres -h 127.0.0.1 -c 32 -j 2 -T 10 benchdb
[TEST] Running pgbench (test)...
[CMD] docker exec tuning pgbench -U postgres -h 127.0.0.1 -c 64 -j 2 -T 60 benchdb
[Trial 198] TPS: 7530.02 | Latency Avg: 8.50 ms
[32m[I 2026-05-07 02:39:35,424][0m Trial 198 finished with value: 7530.018992 and parameters: {'shared_buffers': '4GB', 'work_mem': 120, 'maintenance_work_mem': 960, 'max_parallel_workers_per_gather': 7, 'checkpoint_completion_target': 0.8611907333845084, 'random_page_cost': 1.0559259642291297, 'effective_cache_size': 2432}. Best is trial 8 with value: 7920.704568.[0m

========================================
[Trial 199] Config: {'shared_buffers': '4GB', 'work_mem': '124MB', 'maintenance_work_mem': '896MB', 'max_parallel_workers_per_gather': 9, 'checkpoint_completion_target': '0.7130302890694019', 'random_page_cost': '1.0436155962705305', 'effective_cache_size': '384MB'}
[CLEANUP] Stopping container...
[CMD] docker stop tuning || true
[CMD] docker rm tuning || true
[CMD] docker run -d --name tuning -u postgres -e POSTGRES_PASSWORD=password_test -e POSTGRES_USER=postgres -p 5432:5432 -v pg_bench:/var/lib/postgresql/data postgres:18-alpine -c shared_buffers=4GB -c work_mem=124MB -c maintenance_work_mem=896MB -c max_parallel_workers_per_gather=9 -c checkpoint_completion_target=0.7130302890694019 -c random_page_cost=1.0436155962705305 -c effective_cache_size=384MB
[DB] Waiting for PostgreSQL to be ready...
[CMD] docker exec tuning pg_isready -U postgres -h 127.0.0.1
[CMD] docker exec tuning pg_isready -U postgres -h 127.0.0.1
[DB] PostgreSQL is ready.
[TEST] Running pgbench (warmup)...
[CMD] docker exec tuning pgbench -U postgres -h 127.0.0.1 -c 32 -j 2 -T 10 benchdb
[TEST] Running pgbench (test)...
[CMD] docker exec tuning pgbench -U postgres -h 127.0.0.1 -c 64 -j 2 -T 60 benchdb
[Trial 199] TPS: 7728.57 | Latency Avg: 8.28 ms
[32m[I 2026-05-07 02:40:51,695][0m Trial 199 finished with value: 7728.566125 and parameters: {'shared_buffers': '4GB', 'work_mem': 124, 'maintenance_work_mem': 896, 'max_parallel_workers_per_gather': 9, 'checkpoint_completion_target': 0.7130302890694019, 'random_page_cost': 1.0436155962705305, 'effective_cache_size': 384}. Best is trial 8 with value: 7920.704568.[0m

==================================================
✅ ОПТИМИЗАЦИЯ ЗАВЕРШЕНА
📊 Лучшая конфигурация (Trial 8):
   shared_buffers = 4GB
   work_mem = 128
   maintenance_work_mem = 1024
   max_parallel_workers_per_gather = 7
   checkpoint_completion_target = 0.9270664714916634
   random_page_cost = 1.0718685672000918
   effective_cache_size = 640
🏆 tps: 7920.70
📁 Результаты сохранены в: results.csv

📋 🔼 ТОП-5 по максимизации 'tps':
|   trial | shared_buffers   | work_mem   | maintenance_work_mem   |   max_parallel_workers_per_gather |   checkpoint_completion_target |   random_page_cost | effective_cache_size   |     tps |   latency average |   number of transactions actually processed |   number of failed transactions |
|--------:|:-----------------|:-----------|:-----------------------|----------------------------------:|-------------------------------:|-------------------:|:-----------------------|--------:|------------------:|--------------------------------------------:|--------------------------------:|
|       8 | 4GB              | 128MB      | 1024MB                 |                                 7 |                           0.93 |               1.07 | 640MB                  | 7920.7  |              8.08 |                                      474779 |                               0 |
|     185 | 4GB              | 128MB      | 896MB                  |                                 9 |                           0.73 |               1.07 | 512MB                  | 7901.6  |              8.1  |                                      473516 |                               0 |
|     164 | 4GB              | 120MB      | 960MB                  |                                 1 |                           0.71 |               1.05 | 128MB                  | 7865.86 |              8.14 |                                      471394 |                               0 |
|     171 | 4GB              | 120MB      | 960MB                  |                                 1 |                           0.71 |               1.06 | 256MB                  | 7759.08 |              8.25 |                                      465239 |                               0 |
|     199 | 4GB              | 124MB      | 896MB                  |                                 9 |                           0.71 |               1.04 | 384MB                  | 7728.57 |              8.28 |                                      463411 |                               0 |

📈 Статистика по 'tps':
   Min: 5727.58 | Max: 7920.70 | Mean: 6935.84 | Std: 542.54

🎯 Важность гиперпараметров (оценка влияния на 'tps'):
Параметр                                   Важность Визуализация
----------------------------------------------------------------------
checkpoint_completion_target              23.58%  ███████████
max_parallel_workers_per_gather           23.09%  ███████████
effective_cache_size                      20.29%  ██████████
random_page_cost                          12.96%  ██████
work_mem                                  12.42%  ██████
shared_buffers                             4.47%  ██
maintenance_work_mem                       3.19%  █

💡 Параметр 'checkpoint_completion_target' наиболее сильно влияет на tps.
[CLEANUP] Stopping container...
[CMD] docker stop tuning || true
[CMD] docker rm tuning || true
