[32m[I 2026-05-07 02:18:00,477][0m Trial 181 finished with value: 7716.006516 and parameters: {'shared_buffers': '4GB', 'work_mem': 124, 'maintenance_work_mem': 960, 'max_parallel_workers_per_gather': 1, 'checkpoint_completion_target': 0.7102324262955718, 'random_page_cost': 1.0602099157653813, 'effective_cache_size': 384}. Best is trial 8 with value: 7920.704568.[0m

========================================
[Trial 182] Config: {'shared_buffers': '4GB', 'work_mem': '124MB', 'maintenance_work_mem': '960MB', 'max_parallel_workers_per_gather': 1, 'checkpoint_completion_target': '0.7088656040000314', 'random_page_cost': '1.0599867422968194', 'effective_cache_size': '256MB'}
[CLEANUP] Stopping container...
[CMD] docker stop tuning || true
[CMD] docker rm tuning || true
[CMD] docker run -d --name tuning -u postgres -e POSTGRES_PASSWORD=password_test -e POSTGRES_USER=postgres -p 5432:5432 -v pg_bench:/var/lib/postgresql/data postgres:18-alpine -c shared_buffers=4GB -c work_mem=124MB -c maintenance_work_mem=960MB -c max_parallel_workers_per_gather=1 -c checkpoint_completion_target=0.7088656040000314 -c random_page_cost=1.0599867422968194 -c effective_cache_size=256MB
[DB] Waiting for PostgreSQL to be ready...
[CMD] docker exec tuning pg_isready -U postgres -h 127.0.0.1
[CMD] docker exec tuning pg_isready -U postgres -h 127.0.0.1
[DB] PostgreSQL is ready.
[TEST] Running pgbench (warmup)...
[CMD] docker exec tuning pgbench -U postgres -h 127.0.0.1 -c 32 -j 2 -T 10 benchdb
[TEST] Running pgbench (test)...
[CMD] docker exec tuning pgbench -U postgres -h 127.0.0.1 -c 64 -j 2 -T 60 benchdb
[Trial 182] TPS: 7047.53 | Latency Avg: 9.08 ms
[32m[I 2026-05-07 02:19:16,457][0m Trial 182 finished with value: 7047.531019 and parameters: {'shared_buffers': '4GB', 'work_mem': 124, 'maintenance_work_mem': 960, 'max_parallel_workers_per_gather': 1, 'checkpoint_completion_target': 0.7088656040000314, 'random_page_cost': 1.0599867422968194, 'effective_cache_size': 256}. Best is trial 8 with value: 7920.704568.[0m

========================================
[Trial 183] Config: {'shared_buffers': '4GB', 'work_mem': '124MB', 'maintenance_work_mem': '896MB', 'max_parallel_workers_per_gather': 1, 'checkpoint_completion_target': '0.7103042010023685', 'random_page_cost': '1.0671720048066733', 'effective_cache_size': '128MB'}
[CLEANUP] Stopping container...
[CMD] docker stop tuning || true
[CMD] docker rm tuning || true
[CMD] docker run -d --name tuning -u postgres -e POSTGRES_PASSWORD=password_test -e POSTGRES_USER=postgres -p 5432:5432 -v pg_bench:/var/lib/postgresql/data postgres:18-alpine -c shared_buffers=4GB -c work_mem=124MB -c maintenance_work_mem=896MB -c max_parallel_workers_per_gather=1 -c checkpoint_completion_target=0.7103042010023685 -c random_page_cost=1.0671720048066733 -c effective_cache_size=128MB
[DB] Waiting for PostgreSQL to be ready...
[CMD] docker exec tuning pg_isready -U postgres -h 127.0.0.1
[CMD] docker exec tuning pg_isready -U postgres -h 127.0.0.1
[DB] PostgreSQL is ready.
[TEST] Running pgbench (warmup)...
[CMD] docker exec tuning pgbench -U postgres -h 127.0.0.1 -c 32 -j 2 -T 10 benchdb
[TEST] Running pgbench (test)...
[CMD] docker exec tuning pgbench -U postgres -h 127.0.0.1 -c 64 -j 2 -T 60 benchdb
[Trial 183] TPS: 7697.36 | Latency Avg: 8.31 ms
[32m[I 2026-05-07 02:20:32,760][0m Trial 183 finished with value: 7697.364182 and parameters: {'shared_buffers': '4GB', 'work_mem': 124, 'maintenance_work_mem': 896, 'max_parallel_workers_per_gather': 1, 'checkpoint_completion_target': 0.7103042010023685, 'random_page_cost': 1.0671720048066733, 'effective_cache_size': 128}. Best is trial 8 with value: 7920.704568.[0m

========================================
[Trial 184] Config: {'shared_buffers': '4GB', 'work_mem': '116MB', 'maintenance_work_mem': '896MB', 'max_parallel_workers_per_gather': 1, 'checkpoint_completion_target': '0.7119750342629825', 'random_page_cost': '1.0545387560321637', 'effective_cache_size': '384MB'}
[CLEANUP] Stopping container...
[CMD] docker stop tuning || true
[CMD] docker rm tuning || true
[CMD] docker run -d --name tuning -u postgres -e POSTGRES_PASSWORD=password_test -e POSTGRES_USER=postgres -p 5432:5432 -v pg_bench:/var/lib/postgresql/data postgres:18-alpine -c shared_buffers=4GB -c work_mem=116MB -c maintenance_work_mem=896MB -c max_parallel_workers_per_gather=1 -c checkpoint_completion_target=0.7119750342629825 -c random_page_cost=1.0545387560321637 -c effective_cache_size=384MB
[DB] Waiting for PostgreSQL to be ready...
[CMD] docker exec tuning pg_isready -U postgres -h 127.0.0.1
[CMD] docker exec tuning pg_isready -U postgres -h 127.0.0.1
[DB] PostgreSQL is ready.
[TEST] Running pgbench (warmup)...
[CMD] docker exec tuning pgbench -U postgres -h 127.0.0.1 -c 32 -j 2 -T 10 benchdb
[TEST] Running pgbench (test)...
[CMD] docker exec tuning pgbench -U postgres -h 127.0.0.1 -c 64 -j 2 -T 60 benchdb
[Trial 184] TPS: 7312.38 | Latency Avg: 8.75 ms
[32m[I 2026-05-07 02:21:48,940][0m Trial 184 finished with value: 7312.383714 and parameters: {'shared_buffers': '4GB', 'work_mem': 116, 'maintenance_work_mem': 896, 'max_parallel_workers_per_gather': 1, 'checkpoint_completion_target': 0.7119750342629825, 'random_page_cost': 1.0545387560321637, 'effective_cache_size': 384}. Best is trial 8 with value: 7920.704568.[0m

========================================
[Trial 185] Config: {'shared_buffers': '4GB', 'work_mem': '128MB', 'maintenance_work_mem': '896MB', 'max_parallel_workers_per_gather': 9, 'checkpoint_completion_target': '0.7304152885089323', 'random_page_cost': '1.0708782947287685', 'effective_cache_size': '512MB'}
[CLEANUP] Stopping container...
[CMD] docker stop tuning || true
[CMD] docker rm tuning || true
[CMD] docker run -d --name tuning -u postgres -e POSTGRES_PASSWORD=password_test -e POSTGRES_USER=postgres -p 5432:5432 -v pg_bench:/var/lib/postgresql/data postgres:18-alpine -c shared_buffers=4GB -c work_mem=128MB -c maintenance_work_mem=896MB -c max_parallel_workers_per_gather=9 -c checkpoint_completion_target=0.7304152885089323 -c random_page_cost=1.0708782947287685 -c effective_cache_size=512MB
[DB] Waiting for PostgreSQL to be ready...
[CMD] docker exec tuning pg_isready -U postgres -h 127.0.0.1
[CMD] docker exec tuning pg_isready -U postgres -h 127.0.0.1
[DB] PostgreSQL is ready.
[TEST] Running pgbench (warmup)...
[CMD] docker exec tuning pgbench -U postgres -h 127.0.0.1 -c 32 -j 2 -T 10 benchdb
[TEST] Running pgbench (test)...
[CMD] docker exec tuning pgbench -U postgres -h 127.0.0.1 -c 64 -j 2 -T 60 benchdb
[Trial 185] TPS: 7901.60 | Latency Avg: 8.10 ms
[32m[I 2026-05-07 02:23:05,047][0m Trial 185 finished with value: 7901.597778 and parameters: {'shared_buffers': '4GB', 'work_mem': 128, 'maintenance_work_mem': 896, 'max_parallel_workers_per_gather': 9, 'checkpoint_completion_target': 0.7304152885089323, 'random_page_cost': 1.0708782947287685, 'effective_cache_size': 512}. Best is trial 8 with value: 7920.704568.[0m

========================================
[Trial 186] Config: {'shared_buffers': '4GB', 'work_mem': '128MB', 'maintenance_work_mem': '896MB', 'max_parallel_workers_per_gather': 9, 'checkpoint_completion_target': '0.730277576839329', 'random_page_cost': '1.0676712366167664', 'effective_cache_size': '512MB'}
[CLEANUP] Stopping container...
[CMD] docker stop tuning || true
[CMD] docker rm tuning || true
[CMD] docker run -d --name tuning -u postgres -e POSTGRES_PASSWORD=password_test -e POSTGRES_USER=postgres -p 5432:5432 -v pg_bench:/var/lib/postgresql/data postgres:18-alpine -c shared_buffers=4GB -c work_mem=128MB -c maintenance_work_mem=896MB -c max_parallel_workers_per_gather=9 -c checkpoint_completion_target=0.730277576839329 -c random_page_cost=1.0676712366167664 -c effective_cache_size=512MB
[DB] Waiting for PostgreSQL to be ready...
[CMD] docker exec tuning pg_isready -U postgres -h 127.0.0.1
[CMD] docker exec tuning pg_isready -U postgres -h 127.0.0.1
[DB] PostgreSQL is ready.
[TEST] Running pgbench (warmup)...
[CMD] docker exec tuning pgbench -U postgres -h 127.0.0.1 -c 32 -j 2 -T 10 benchdb
[TEST] Running pgbench (test)...
[CMD] docker exec tuning pgbench -U postgres -h 127.0.0.1 -c 64 -j 2 -T 60 benchdb
[Trial 186] TPS: 7156.71 | Latency Avg: 8.94 ms
[32m[I 2026-05-07 02:24:21,259][0m Trial 186 finished with value: 7156.708577 and parameters: {'shared_buffers': '4GB', 'work_mem': 128, 'maintenance_work_mem': 896, 'max_parallel_workers_per_gather': 9, 'checkpoint_completion_target': 0.730277576839329, 'random_page_cost': 1.0676712366167664, 'effective_cache_size': 512}. Best is trial 8 with value: 7920.704568.[0m

========================================
[Trial 187] Config: {'shared_buffers': '4GB', 'work_mem': '128MB', 'maintenance_work_mem': '896MB', 'max_parallel_workers_per_gather': 9, 'checkpoint_completion_target': '0.7227986024924394', 'random_page_cost': '1.1577769688967958', 'effective_cache_size': '512MB'}
[CLEANUP] Stopping container...
[CMD] docker stop tuning || true
[CMD] docker rm tuning || true
[CMD] docker run -d --name tuning -u postgres -e POSTGRES_PASSWORD=password_test -e POSTGRES_USER=postgres -p 5432:5432 -v pg_bench:/var/lib/postgresql/data postgres:18-alpine -c shared_buffers=4GB -c work_mem=128MB -c maintenance_work_mem=896MB -c max_parallel_workers_per_gather=9 -c checkpoint_completion_target=0.7227986024924394 -c random_page_cost=1.1577769688967958 -c effective_cache_size=512MB
[DB] Waiting for PostgreSQL to be ready...
[CMD] docker exec tuning pg_isready -U postgres -h 127.0.0.1
[CMD] docker exec tuning pg_isready -U postgres -h 127.0.0.1
[DB] PostgreSQL is ready.
[TEST] Running pgbench (warmup)...
[CMD] docker exec tuning pgbench -U postgres -h 127.0.0.1 -c 32 -j 2 -T 10 benchdb
[TEST] Running pgbench (test)...
[CMD] docker exec tuning pgbench -U postgres -h 127.0.0.1 -c 64 -j 2 -T 60 benchdb
[Trial 187] TPS: 7691.08 | Latency Avg: 8.32 ms
[32m[I 2026-05-07 02:25:37,496][0m Trial 187 finished with value: 7691.080123 and parameters: {'shared_buffers': '4GB', 'work_mem': 128, 'maintenance_work_mem': 896, 'max_parallel_workers_per_gather': 9, 'checkpoint_completion_target': 0.7227986024924394, 'random_page_cost': 1.1577769688967958, 'effective_cache_size': 512}. Best is trial 8 with value: 7920.704568.[0m

========================================
[Trial 188] Config: {'shared_buffers': '4GB', 'work_mem': '128MB', 'maintenance_work_mem': '896MB', 'max_parallel_workers_per_gather': 9, 'checkpoint_completion_target': '0.7331741266574665', 'random_page_cost': '1.0681685956266984', 'effective_cache_size': '640MB'}
[CLEANUP] Stopping container...
[CMD] docker stop tuning || true
[CMD] docker rm tuning || true
[CMD] docker run -d --name tuning -u postgres -e POSTGRES_PASSWORD=password_test -e POSTGRES_USER=postgres -p 5432:5432 -v pg_bench:/var/lib/postgresql/data postgres:18-alpine -c shared_buffers=4GB -c work_mem=128MB -c maintenance_work_mem=896MB -c max_parallel_workers_per_gather=9 -c checkpoint_completion_target=0.7331741266574665 -c random_page_cost=1.0681685956266984 -c effective_cache_size=640MB
[DB] Waiting for PostgreSQL to be ready...
[CMD] docker exec tuning pg_isready -U postgres -h 127.0.0.1
[CMD] docker exec tuning pg_isready -U postgres -h 127.0.0.1
[DB] PostgreSQL is ready.
[TEST] Running pgbench (warmup)...
[CMD] docker exec tuning pgbench -U postgres -h 127.0.0.1 -c 32 -j 2 -T 10 benchdb
[TEST] Running pgbench (test)...
[CMD] docker exec tuning pgbench -U postgres -h 127.0.0.1 -c 64 -j 2 -T 60 benchdb
[Trial 188] TPS: 6292.46 | Latency Avg: 10.17 ms
[32m[I 2026-05-07 02:26:53,605][0m Trial 188 finished with value: 6292.45588 and parameters: {'shared_buffers': '4GB', 'work_mem': 128, 'maintenance_work_mem': 896, 'max_parallel_workers_per_gather': 9, 'checkpoint_completion_target': 0.7331741266574665, 'random_page_cost': 1.0681685956266984, 'effective_cache_size': 640}. Best is trial 8 with value: 7920.704568.[0m

========================================
[Trial 189] Config: {'shared_buffers': '4GB', 'work_mem': '124MB', 'maintenance_work_mem': '896MB', 'max_parallel_workers_per_gather': 9, 'checkpoint_completion_target': '0.7252374700433745', 'random_page_cost': '1.0739735712490326', 'effective_cache_size': '512MB'}
[CLEANUP] Stopping container...
[CMD] docker stop tuning || true
[CMD] docker rm tuning || true
[CMD] docker run -d --name tuning -u postgres -e POSTGRES_PASSWORD=password_test -e POSTGRES_USER=postgres -p 5432:5432 -v pg_bench:/var/lib/postgresql/data postgres:18-alpine -c shared_buffers=4GB -c work_mem=124MB -c maintenance_work_mem=896MB -c max_parallel_workers_per_gather=9 -c checkpoint_completion_target=0.7252374700433745 -c random_page_cost=1.0739735712490326 -c effective_cache_size=512MB
[DB] Waiting for PostgreSQL to be ready...
[CMD] docker exec tuning pg_isready -U postgres -h 127.0.0.1
[CMD] docker exec tuning pg_isready -U postgres -h 127.0.0.1
[DB] PostgreSQL is ready.
[TEST] Running pgbench (warmup)...
[CMD] docker exec tuning pgbench -U postgres -h 127.0.0.1 -c 32 -j 2 -T 10 benchdb
[TEST] Running pgbench (test)...
[CMD] docker exec tuning pgbench -U postgres -h 127.0.0.1 -c 64 -j 2 -T 60 benchdb
[Trial 189] TPS: 6351.68 | Latency Avg: 10.08 ms
[32m[I 2026-05-07 02:28:09,826][0m Trial 189 finished with value: 6351.679305 and parameters: {'shared_buffers': '4GB', 'work_mem': 124, 'maintenance_work_mem': 896, 'max_parallel_workers_per_gather': 9, 'checkpoint_completion_target': 0.7252374700433745, 'random_page_cost': 1.0739735712490326, 'effective_cache_size': 512}. Best is trial 8 with value: 7920.704568.[0m

========================================
[Trial 190] Config: {'shared_buffers': '4GB', 'work_mem': '128MB', 'maintenance_work_mem': '960MB', 'max_parallel_workers_per_gather': 9, 'checkpoint_completion_target': '0.720337612260743', 'random_page_cost': '1.1601660032704595', 'effective_cache_size': '384MB'}
[CLEANUP] Stopping container...
[CMD] docker stop tuning || true
[CMD] docker rm tuning || true
[CMD] docker run -d --name tuning -u postgres -e POSTGRES_PASSWORD=password_test -e POSTGRES_USER=postgres -p 5432:5432 -v pg_bench:/var/lib/postgresql/data postgres:18-alpine -c shared_buffers=4GB -c work_mem=128MB -c maintenance_work_mem=960MB -c max_parallel_workers_per_gather=9 -c checkpoint_completion_target=0.720337612260743 -c random_page_cost=1.1601660032704595 -c effective_cache_size=384MB
[DB] Waiting for PostgreSQL to be ready...
[CMD] docker exec tuning pg_isready -U postgres -h 127.0.0.1
[CMD] docker exec tuning pg_isready -U postgres -h 127.0.0.1
[DB] PostgreSQL is ready.
[TEST] Running pgbench (warmup)...
[CMD] docker exec tuning pgbench -U postgres -h 127.0.0.1 -c 32 -j 2 -T 10 benchdb
[TEST] Running pgbench (test)...
[CMD] docker exec tuning pgbench -U postgres -h 127.0.0.1 -c 64 -j 2 -T 60 benchdb
[Trial 190] TPS: 7674.58 | Latency Avg: 8.34 ms
[32m[I 2026-05-07 02:29:26,109][0m Trial 190 finished with value: 7674.581938 and parameters: {'shared_buffers': '4GB', 'work_mem': 128, 'maintenance_work_mem': 960, 'max_parallel_workers_per_gather': 9, 'checkpoint_completion_target': 0.720337612260743, 'random_page_cost': 1.1601660032704595, 'effective_cache_size': 384}. Best is trial 8 with value: 7920.704568.[0m

========================================
[Trial 191] Config: {'shared_buffers': '4GB', 'work_mem': '124MB', 'maintenance_work_mem': '960MB', 'max_parallel_workers_per_gather': 9, 'checkpoint_completion_target': '0.7222007423996141', 'random_page_cost': '1.1315415161061846', 'effective_cache_size': '384MB'}
[CLEANUP] Stopping container...
[CMD] docker stop tuning || true
[CMD] docker rm tuning || true
[CMD] docker run -d --name tuning -u postgres -e POSTGRES_PASSWORD=password_test -e POSTGRES_USER=postgres -p 5432:5432 -v pg_bench:/var/lib/postgresql/data postgres:18-alpine -c shared_buffers=4GB -c work_mem=124MB -c maintenance_work_mem=960MB -c max_parallel_workers_per_gather=9 -c checkpoint_completion_target=0.7222007423996141 -c random_page_cost=1.1315415161061846 -c effective_cache_size=384MB
[DB] Waiting for PostgreSQL to be ready...
[CMD] docker exec tuning pg_isready -U postgres -h 127.0.0.1
[CMD] docker exec tuning pg_isready -U postgres -h 127.0.0.1
[DB] PostgreSQL is ready.
[TEST] Running pgbench (warmup)...
[CMD] docker exec tuning pgbench -U postgres -h 127.0.0.1 -c 32 -j 2 -T 10 benchdb
[TEST] Running pgbench (test)...
[CMD] docker exec tuning pgbench -U postgres -h 127.0.0.1 -c 64 -j 2 -T 60 benchdb
[Trial 191] TPS: 7140.89 | Latency Avg: 8.96 ms
[32m[I 2026-05-07 02:30:42,097][0m Trial 191 finished with value: 7140.893975 and parameters: {'shared_buffers': '4GB', 'work_mem': 124, 'maintenance_work_mem': 960, 'max_parallel_workers_per_gather': 9, 'checkpoint_completion_target': 0.7222007423996141, 'random_page_cost': 1.1315415161061846, 'effective_cache_size': 384}. Best is trial 8 with value: 7920.704568.[0m

========================================
[Trial 192] Config: {'shared_buffers': '4GB', 'work_mem': '128MB', 'maintenance_work_mem': '960MB', 'max_parallel_workers_per_gather': 9, 'checkpoint_completion_target': '0.7165870008627153', 'random_page_cost': '1.154079797737075', 'effective_cache_size': '384MB'}
[CLEANUP] Stopping container...
[CMD] docker stop tuning || true
[CMD] docker rm tuning || true
[CMD] docker run -d --name tuning -u postgres -e POSTGRES_PASSWORD=password_test -e POSTGRES_USER=postgres -p 5432:5432 -v pg_bench:/var/lib/postgresql/data postgres:18-alpine -c shared_buffers=4GB -c work_mem=128MB -c maintenance_work_mem=960MB -c max_parallel_workers_per_gather=9 -c checkpoint_completion_target=0.7165870008627153 -c random_page_cost=1.154079797737075 -c effective_cache_size=384MB
[DB] Waiting for PostgreSQL to be ready...
[CMD] docker exec tuning pg_isready -U postgres -h 127.0.0.1
[CMD] docker exec tuning pg_isready -U postgres -h 127.0.0.1
[DB] PostgreSQL is ready.
[TEST] Running pgbench (warmup)...
[CMD] docker exec tuning pgbench -U postgres -h 127.0.0.1 -c 32 -j 2 -T 10 benchdb
[TEST] Running pgbench (test)...
[CMD] docker exec tuning pgbench -U postgres -h 127.0.0.1 -c 64 -j 2 -T 60 benchdb
[Trial 192] TPS: 7378.62 | Latency Avg: 8.67 ms
[32m[I 2026-05-07 02:31:58,297][0m Trial 192 finished with value: 7378.615296 and parameters: {'shared_buffers': '4GB', 'work_mem': 128, 'maintenance_work_mem': 960, 'max_parallel_workers_per_gather': 9, 'checkpoint_completion_target': 0.7165870008627153, 'random_page_cost': 1.154079797737075, 'effective_cache_size': 384}. Best is trial 8 with value: 7920.704568.[0m

========================================
[Trial 193] Config: {'shared_buffers': '4GB', 'work_mem': '128MB', 'maintenance_work_mem': '896MB', 'max_parallel_workers_per_gather': 9, 'checkpoint_completion_target': '0.7285641239596533', 'random_page_cost': '1.1682531450659466', 'effective_cache_size': '256MB'}
[CLEANUP] Stopping container...
[CMD] docker stop tuning || true
[CMD] docker rm tuning || true
[CMD] docker run -d --name tuning -u postgres -e POSTGRES_PASSWORD=password_test -e POSTGRES_USER=postgres -p 5432:5432 -v pg_bench:/var/lib/postgresql/data postgres:18-alpine -c shared_buffers=4GB -c work_mem=128MB -c maintenance_work_mem=896MB -c max_parallel_workers_per_gather=9 -c checkpoint_completion_target=0.7285641239596533 -c random_page_cost=1.1682531450659466 -c effective_cache_size=256MB
[DB] Waiting for PostgreSQL to be ready...
[CMD] docker exec tuning pg_isready -U postgres -h 127.0.0.1
[CMD] docker exec tuning pg_isready -U postgres -h 127.0.0.1
[DB] PostgreSQL is ready.
[TEST] Running pgbench (warmup)...
[CMD] docker exec tuning pgbench -U postgres -h 127.0.0.1 -c 32 -j 2 -T 10 benchdb
[TEST] Running pgbench (test)...
[CMD] docker exec tuning pgbench -U postgres -h 127.0.0.1 -c 64 -j 2 -T 60 benchdb
[Trial 193] TPS: 7516.58 | Latency Avg: 8.52 ms
[32m[I 2026-05-07 02:33:14,425][0m Trial 193 finished with value: 7516.578871 and parameters: {'shared_buffers': '4GB', 'work_mem': 128, 'maintenance_work_mem': 896, 'max_parallel_workers_per_gather': 9, 'checkpoint_completion_target': 0.7285641239596533, 'random_page_cost': 1.1682531450659466, 'effective_cache_size': 256}. Best is trial 8 with value: 7920.704568.[0m

========================================
[Trial 194] Config: {'shared_buffers': '4GB', 'work_mem': '120MB', 'maintenance_work_mem': '960MB', 'max_parallel_workers_per_gather': 9, 'checkpoint_completion_target': '0.7194116538038628', 'random_page_cost': '1.1432083945213658', 'effective_cache_size': '512MB'}
[CLEANUP] Stopping container...
[CMD] docker stop tuning || true
[CMD] docker rm tuning || true
[CMD] docker run -d --name tuning -u postgres -e POSTGRES_PASSWORD=password_test -e POSTGRES_USER=postgres -p 5432:5432 -v pg_bench:/var/lib/postgresql/data postgres:18-alpine -c shared_buffers=4GB -c work_mem=120MB -c maintenance_work_mem=960MB -c max_parallel_workers_per_gather=9 -c checkpoint_completion_target=0.7194116538038628 -c random_page_cost=1.1432083945213658 -c effective_cache_size=512MB
[DB] Waiting for PostgreSQL to be ready...
[CMD] docker exec tuning pg_isready -U postgres -h 127.0.0.1
[CMD] docker exec tuning pg_isready -U postgres -h 127.0.0.1
[DB] PostgreSQL is ready.
[TEST] Running pgbench (warmup)...
[CMD] docker exec tuning pgbench -U postgres -h 127.0.0.1 -c 32 -j 2 -T 10 benchdb
[TEST] Running pgbench (test)...
[CMD] docker exec tuning pgbench -U postgres -h 127.0.0.1 -c 64 -j 2 -T 60 benchdb
[Trial 194] TPS: 7587.08 | Latency Avg: 8.44 ms
