[32m[I 2026-05-06 23:00:01,079][0m Trial 25 finished with value: 7063.877694 and parameters: {'shared_buffers': '2GB', 'work_mem': 120, 'maintenance_work_mem': 960, 'max_parallel_workers_per_gather': 0, 'checkpoint_completion_target': 0.8737991601169959, 'random_page_cost': 1.1698905435342584, 'effective_cache_size': 384}. Best is trial 8 with value: 7920.704568.[0m

========================================
[Trial 26] Config: {'shared_buffers': '2GB', 'work_mem': '104MB', 'maintenance_work_mem': '1024MB', 'max_parallel_workers_per_gather': 7, 'checkpoint_completion_target': '0.9265341733851418', 'random_page_cost': '1.129766846678944', 'effective_cache_size': '1792MB'}
[CLEANUP] Stopping container...
[CMD] docker stop tuning || true
[CMD] docker rm tuning || true
[CMD] docker run -d --name tuning -u postgres -e POSTGRES_PASSWORD=password_test -e POSTGRES_USER=postgres -p 5432:5432 -v pg_bench:/var/lib/postgresql/data postgres:18-alpine -c shared_buffers=2GB -c work_mem=104MB -c maintenance_work_mem=1024MB -c max_parallel_workers_per_gather=7 -c checkpoint_completion_target=0.9265341733851418 -c random_page_cost=1.129766846678944 -c effective_cache_size=1792MB
[DB] Waiting for PostgreSQL to be ready...
[CMD] docker exec tuning pg_isready -U postgres -h 127.0.0.1
[CMD] docker exec tuning pg_isready -U postgres -h 127.0.0.1
[DB] PostgreSQL is ready.
[TEST] Running pgbench (warmup)...
[CMD] docker exec tuning pgbench -U postgres -h 127.0.0.1 -c 32 -j 2 -T 10 benchdb
[TEST] Running pgbench (test)...
[CMD] docker exec tuning pgbench -U postgres -h 127.0.0.1 -c 64 -j 2 -T 60 benchdb
[Trial 26] TPS: 7113.63 | Latency Avg: 9.00 ms
[32m[I 2026-05-06 23:01:17,282][0m Trial 26 finished with value: 7113.633605 and parameters: {'shared_buffers': '2GB', 'work_mem': 104, 'maintenance_work_mem': 1024, 'max_parallel_workers_per_gather': 7, 'checkpoint_completion_target': 0.9265341733851418, 'random_page_cost': 1.129766846678944, 'effective_cache_size': 1792}. Best is trial 8 with value: 7920.704568.[0m

========================================
[Trial 27] Config: {'shared_buffers': '2GB', 'work_mem': '4MB', 'maintenance_work_mem': '832MB', 'max_parallel_workers_per_gather': 7, 'checkpoint_completion_target': '0.9051475650242776', 'random_page_cost': '1.2444481721517657', 'effective_cache_size': '128MB'}
[CLEANUP] Stopping container...
[CMD] docker stop tuning || true
[CMD] docker rm tuning || true
[CMD] docker run -d --name tuning -u postgres -e POSTGRES_PASSWORD=password_test -e POSTGRES_USER=postgres -p 5432:5432 -v pg_bench:/var/lib/postgresql/data postgres:18-alpine -c shared_buffers=2GB -c work_mem=4MB -c maintenance_work_mem=832MB -c max_parallel_workers_per_gather=7 -c checkpoint_completion_target=0.9051475650242776 -c random_page_cost=1.2444481721517657 -c effective_cache_size=128MB
[DB] Waiting for PostgreSQL to be ready...
[CMD] docker exec tuning pg_isready -U postgres -h 127.0.0.1
[CMD] docker exec tuning pg_isready -U postgres -h 127.0.0.1
[DB] PostgreSQL is ready.
[TEST] Running pgbench (warmup)...
[CMD] docker exec tuning pgbench -U postgres -h 127.0.0.1 -c 32 -j 2 -T 10 benchdb
[TEST] Running pgbench (test)...
[CMD] docker exec tuning pgbench -U postgres -h 127.0.0.1 -c 64 -j 2 -T 60 benchdb
[Trial 27] TPS: 6887.06 | Latency Avg: 9.29 ms
[32m[I 2026-05-06 23:02:33,363][0m Trial 27 finished with value: 6887.061534 and parameters: {'shared_buffers': '2GB', 'work_mem': 4, 'maintenance_work_mem': 832, 'max_parallel_workers_per_gather': 7, 'checkpoint_completion_target': 0.9051475650242776, 'random_page_cost': 1.2444481721517657, 'effective_cache_size': 128}. Best is trial 8 with value: 7920.704568.[0m

========================================
[Trial 28] Config: {'shared_buffers': '8GB', 'work_mem': '124MB', 'maintenance_work_mem': '320MB', 'max_parallel_workers_per_gather': 2, 'checkpoint_completion_target': '0.8783186536855216', 'random_page_cost': '1.199383935839458', 'effective_cache_size': '896MB'}
[CLEANUP] Stopping container...
[CMD] docker stop tuning || true
[CMD] docker rm tuning || true
[CMD] docker run -d --name tuning -u postgres -e POSTGRES_PASSWORD=password_test -e POSTGRES_USER=postgres -p 5432:5432 -v pg_bench:/var/lib/postgresql/data postgres:18-alpine -c shared_buffers=8GB -c work_mem=124MB -c maintenance_work_mem=320MB -c max_parallel_workers_per_gather=2 -c checkpoint_completion_target=0.8783186536855216 -c random_page_cost=1.199383935839458 -c effective_cache_size=896MB
[DB] Waiting for PostgreSQL to be ready...
[CMD] docker exec tuning pg_isready -U postgres -h 127.0.0.1
[CMD] docker exec tuning pg_isready -U postgres -h 127.0.0.1
[DB] PostgreSQL is ready.
[TEST] Running pgbench (warmup)...
[CMD] docker exec tuning pgbench -U postgres -h 127.0.0.1 -c 32 -j 2 -T 10 benchdb
[TEST] Running pgbench (test)...
[CMD] docker exec tuning pgbench -U postgres -h 127.0.0.1 -c 64 -j 2 -T 60 benchdb
[Trial 28] TPS: 6825.66 | Latency Avg: 9.38 ms
[32m[I 2026-05-06 23:03:49,515][0m Trial 28 finished with value: 6825.656137 and parameters: {'shared_buffers': '8GB', 'work_mem': 124, 'maintenance_work_mem': 320, 'max_parallel_workers_per_gather': 2, 'checkpoint_completion_target': 0.8783186536855216, 'random_page_cost': 1.199383935839458, 'effective_cache_size': 896}. Best is trial 8 with value: 7920.704568.[0m

========================================
[Trial 29] Config: {'shared_buffers': '4GB', 'work_mem': '68MB', 'maintenance_work_mem': '640MB', 'max_parallel_workers_per_gather': 9, 'checkpoint_completion_target': '0.9316895646137132', 'random_page_cost': '1.074913103619505', 'effective_cache_size': '1280MB'}
[CLEANUP] Stopping container...
[CMD] docker stop tuning || true
[CMD] docker rm tuning || true
[CMD] docker run -d --name tuning -u postgres -e POSTGRES_PASSWORD=password_test -e POSTGRES_USER=postgres -p 5432:5432 -v pg_bench:/var/lib/postgresql/data postgres:18-alpine -c shared_buffers=4GB -c work_mem=68MB -c maintenance_work_mem=640MB -c max_parallel_workers_per_gather=9 -c checkpoint_completion_target=0.9316895646137132 -c random_page_cost=1.074913103619505 -c effective_cache_size=1280MB
[DB] Waiting for PostgreSQL to be ready...
[CMD] docker exec tuning pg_isready -U postgres -h 127.0.0.1
[CMD] docker exec tuning pg_isready -U postgres -h 127.0.0.1
[DB] PostgreSQL is ready.
[TEST] Running pgbench (warmup)...
[CMD] docker exec tuning pgbench -U postgres -h 127.0.0.1 -c 32 -j 2 -T 10 benchdb
[TEST] Running pgbench (test)...
[CMD] docker exec tuning pgbench -U postgres -h 127.0.0.1 -c 64 -j 2 -T 60 benchdb
[Trial 29] TPS: 6792.08 | Latency Avg: 9.42 ms
[32m[I 2026-05-06 23:05:05,811][0m Trial 29 finished with value: 6792.076621 and parameters: {'shared_buffers': '4GB', 'work_mem': 68, 'maintenance_work_mem': 640, 'max_parallel_workers_per_gather': 9, 'checkpoint_completion_target': 0.9316895646137132, 'random_page_cost': 1.074913103619505, 'effective_cache_size': 1280}. Best is trial 8 with value: 7920.704568.[0m

========================================
[Trial 30] Config: {'shared_buffers': '4GB', 'work_mem': '108MB', 'maintenance_work_mem': '768MB', 'max_parallel_workers_per_gather': 0, 'checkpoint_completion_target': '0.8079695007421095', 'random_page_cost': '1.282910887946447', 'effective_cache_size': '2816MB'}
[CLEANUP] Stopping container...
[CMD] docker stop tuning || true
[CMD] docker rm tuning || true
[CMD] docker run -d --name tuning -u postgres -e POSTGRES_PASSWORD=password_test -e POSTGRES_USER=postgres -p 5432:5432 -v pg_bench:/var/lib/postgresql/data postgres:18-alpine -c shared_buffers=4GB -c work_mem=108MB -c maintenance_work_mem=768MB -c max_parallel_workers_per_gather=0 -c checkpoint_completion_target=0.8079695007421095 -c random_page_cost=1.282910887946447 -c effective_cache_size=2816MB
[DB] Waiting for PostgreSQL to be ready...
[CMD] docker exec tuning pg_isready -U postgres -h 127.0.0.1
[CMD] docker exec tuning pg_isready -U postgres -h 127.0.0.1
[DB] PostgreSQL is ready.
[TEST] Running pgbench (warmup)...
[CMD] docker exec tuning pgbench -U postgres -h 127.0.0.1 -c 32 -j 2 -T 10 benchdb
[TEST] Running pgbench (test)...
[CMD] docker exec tuning pgbench -U postgres -h 127.0.0.1 -c 64 -j 2 -T 60 benchdb
[Trial 30] TPS: 6621.99 | Latency Avg: 9.66 ms
[32m[I 2026-05-06 23:06:21,955][0m Trial 30 finished with value: 6621.985535 and parameters: {'shared_buffers': '4GB', 'work_mem': 108, 'maintenance_work_mem': 768, 'max_parallel_workers_per_gather': 0, 'checkpoint_completion_target': 0.8079695007421095, 'random_page_cost': 1.282910887946447, 'effective_cache_size': 2816}. Best is trial 8 with value: 7920.704568.[0m

========================================
[Trial 31] Config: {'shared_buffers': '2GB', 'work_mem': '56MB', 'maintenance_work_mem': '384MB', 'max_parallel_workers_per_gather': 7, 'checkpoint_completion_target': '0.8643787364056982', 'random_page_cost': '1.1073281307710259', 'effective_cache_size': '512MB'}
[CLEANUP] Stopping container...
[CMD] docker stop tuning || true
[CMD] docker rm tuning || true
[CMD] docker run -d --name tuning -u postgres -e POSTGRES_PASSWORD=password_test -e POSTGRES_USER=postgres -p 5432:5432 -v pg_bench:/var/lib/postgresql/data postgres:18-alpine -c shared_buffers=2GB -c work_mem=56MB -c maintenance_work_mem=384MB -c max_parallel_workers_per_gather=7 -c checkpoint_completion_target=0.8643787364056982 -c random_page_cost=1.1073281307710259 -c effective_cache_size=512MB
[DB] Waiting for PostgreSQL to be ready...
[CMD] docker exec tuning pg_isready -U postgres -h 127.0.0.1
[CMD] docker exec tuning pg_isready -U postgres -h 127.0.0.1
[DB] PostgreSQL is ready.
[TEST] Running pgbench (warmup)...
[CMD] docker exec tuning pgbench -U postgres -h 127.0.0.1 -c 32 -j 2 -T 10 benchdb
[TEST] Running pgbench (test)...
[CMD] docker exec tuning pgbench -U postgres -h 127.0.0.1 -c 64 -j 2 -T 60 benchdb
[Trial 31] TPS: 6521.98 | Latency Avg: 9.81 ms
[32m[I 2026-05-06 23:07:38,152][0m Trial 31 finished with value: 6521.978899 and parameters: {'shared_buffers': '2GB', 'work_mem': 56, 'maintenance_work_mem': 384, 'max_parallel_workers_per_gather': 7, 'checkpoint_completion_target': 0.8643787364056982, 'random_page_cost': 1.1073281307710259, 'effective_cache_size': 512}. Best is trial 8 with value: 7920.704568.[0m

========================================
[Trial 32] Config: {'shared_buffers': '2GB', 'work_mem': '76MB', 'maintenance_work_mem': '256MB', 'max_parallel_workers_per_gather': 7, 'checkpoint_completion_target': '0.8405731082732125', 'random_page_cost': '1.1174996844069012', 'effective_cache_size': '896MB'}
[CLEANUP] Stopping container...
[CMD] docker stop tuning || true
[CMD] docker rm tuning || true
[CMD] docker run -d --name tuning -u postgres -e POSTGRES_PASSWORD=password_test -e POSTGRES_USER=postgres -p 5432:5432 -v pg_bench:/var/lib/postgresql/data postgres:18-alpine -c shared_buffers=2GB -c work_mem=76MB -c maintenance_work_mem=256MB -c max_parallel_workers_per_gather=7 -c checkpoint_completion_target=0.8405731082732125 -c random_page_cost=1.1174996844069012 -c effective_cache_size=896MB
[DB] Waiting for PostgreSQL to be ready...
[CMD] docker exec tuning pg_isready -U postgres -h 127.0.0.1
[CMD] docker exec tuning pg_isready -U postgres -h 127.0.0.1
[DB] PostgreSQL is ready.
[TEST] Running pgbench (warmup)...
[CMD] docker exec tuning pgbench -U postgres -h 127.0.0.1 -c 32 -j 2 -T 10 benchdb
[TEST] Running pgbench (test)...
[CMD] docker exec tuning pgbench -U postgres -h 127.0.0.1 -c 64 -j 2 -T 60 benchdb
[Trial 32] TPS: 6477.15 | Latency Avg: 9.88 ms
[32m[I 2026-05-06 23:08:54,230][0m Trial 32 finished with value: 6477.147155 and parameters: {'shared_buffers': '2GB', 'work_mem': 76, 'maintenance_work_mem': 256, 'max_parallel_workers_per_gather': 7, 'checkpoint_completion_target': 0.8405731082732125, 'random_page_cost': 1.1174996844069012, 'effective_cache_size': 896}. Best is trial 8 with value: 7920.704568.[0m

========================================
[Trial 33] Config: {'shared_buffers': '2GB', 'work_mem': '48MB', 'maintenance_work_mem': '512MB', 'max_parallel_workers_per_gather': 3, 'checkpoint_completion_target': '0.8169415677314906', 'random_page_cost': '1.0827975235475997', 'effective_cache_size': '384MB'}
[CLEANUP] Stopping container...
[CMD] docker stop tuning || true
[CMD] docker rm tuning || true
[CMD] docker run -d --name tuning -u postgres -e POSTGRES_PASSWORD=password_test -e POSTGRES_USER=postgres -p 5432:5432 -v pg_bench:/var/lib/postgresql/data postgres:18-alpine -c shared_buffers=2GB -c work_mem=48MB -c maintenance_work_mem=512MB -c max_parallel_workers_per_gather=3 -c checkpoint_completion_target=0.8169415677314906 -c random_page_cost=1.0827975235475997 -c effective_cache_size=384MB
[DB] Waiting for PostgreSQL to be ready...
[CMD] docker exec tuning pg_isready -U postgres -h 127.0.0.1
[CMD] docker exec tuning pg_isready -U postgres -h 127.0.0.1
[DB] PostgreSQL is ready.
[TEST] Running pgbench (warmup)...
[CMD] docker exec tuning pgbench -U postgres -h 127.0.0.1 -c 32 -j 2 -T 10 benchdb
[TEST] Running pgbench (test)...
[CMD] docker exec tuning pgbench -U postgres -h 127.0.0.1 -c 64 -j 2 -T 60 benchdb
[Trial 33] TPS: 7524.81 | Latency Avg: 8.51 ms
[32m[I 2026-05-06 23:10:10,071][0m Trial 33 finished with value: 7524.807167 and parameters: {'shared_buffers': '2GB', 'work_mem': 48, 'maintenance_work_mem': 512, 'max_parallel_workers_per_gather': 3, 'checkpoint_completion_target': 0.8169415677314906, 'random_page_cost': 1.0827975235475997, 'effective_cache_size': 384}. Best is trial 8 with value: 7920.704568.[0m

========================================
[Trial 34] Config: {'shared_buffers': '2GB', 'work_mem': '44MB', 'maintenance_work_mem': '576MB', 'max_parallel_workers_per_gather': 3, 'checkpoint_completion_target': '0.8140048074406879', 'random_page_cost': '1.072862735284683', 'effective_cache_size': '384MB'}
[CLEANUP] Stopping container...
[CMD] docker stop tuning || true
[CMD] docker rm tuning || true
[CMD] docker run -d --name tuning -u postgres -e POSTGRES_PASSWORD=password_test -e POSTGRES_USER=postgres -p 5432:5432 -v pg_bench:/var/lib/postgresql/data postgres:18-alpine -c shared_buffers=2GB -c work_mem=44MB -c maintenance_work_mem=576MB -c max_parallel_workers_per_gather=3 -c checkpoint_completion_target=0.8140048074406879 -c random_page_cost=1.072862735284683 -c effective_cache_size=384MB
[DB] Waiting for PostgreSQL to be ready...
[CMD] docker exec tuning pg_isready -U postgres -h 127.0.0.1
[CMD] docker exec tuning pg_isready -U postgres -h 127.0.0.1
[DB] PostgreSQL is ready.
[TEST] Running pgbench (warmup)...
[CMD] docker exec tuning pgbench -U postgres -h 127.0.0.1 -c 32 -j 2 -T 10 benchdb
[TEST] Running pgbench (test)...
[CMD] docker exec tuning pgbench -U postgres -h 127.0.0.1 -c 64 -j 2 -T 60 benchdb
[Trial 34] TPS: 6226.17 | Latency Avg: 10.28 ms
[32m[I 2026-05-06 23:11:26,120][0m Trial 34 finished with value: 6226.167547 and parameters: {'shared_buffers': '2GB', 'work_mem': 44, 'maintenance_work_mem': 576, 'max_parallel_workers_per_gather': 3, 'checkpoint_completion_target': 0.8140048074406879, 'random_page_cost': 1.072862735284683, 'effective_cache_size': 384}. Best is trial 8 with value: 7920.704568.[0m

========================================
[Trial 35] Config: {'shared_buffers': '2GB', 'work_mem': '48MB', 'maintenance_work_mem': '512MB', 'max_parallel_workers_per_gather': 3, 'checkpoint_completion_target': '0.8280437001818854', 'random_page_cost': '1.036268451877247', 'effective_cache_size': '1408MB'}
[CLEANUP] Stopping container...
[CMD] docker stop tuning || true
[CMD] docker rm tuning || true
[CMD] docker run -d --name tuning -u postgres -e POSTGRES_PASSWORD=password_test -e POSTGRES_USER=postgres -p 5432:5432 -v pg_bench:/var/lib/postgresql/data postgres:18-alpine -c shared_buffers=2GB -c work_mem=48MB -c maintenance_work_mem=512MB -c max_parallel_workers_per_gather=3 -c checkpoint_completion_target=0.8280437001818854 -c random_page_cost=1.036268451877247 -c effective_cache_size=1408MB
[DB] Waiting for PostgreSQL to be ready...
[CMD] docker exec tuning pg_isready -U postgres -h 127.0.0.1
[CMD] docker exec tuning pg_isready -U postgres -h 127.0.0.1
[DB] PostgreSQL is ready.
[TEST] Running pgbench (warmup)...
[CMD] docker exec tuning pgbench -U postgres -h 127.0.0.1 -c 32 -j 2 -T 10 benchdb
[TEST] Running pgbench (test)...
[CMD] docker exec tuning pgbench -U postgres -h 127.0.0.1 -c 64 -j 2 -T 60 benchdb
[Trial 35] TPS: 6048.47 | Latency Avg: 10.58 ms
[32m[I 2026-05-06 23:12:42,159][0m Trial 35 finished with value: 6048.465309 and parameters: {'shared_buffers': '2GB', 'work_mem': 48, 'maintenance_work_mem': 512, 'max_parallel_workers_per_gather': 3, 'checkpoint_completion_target': 0.8280437001818854, 'random_page_cost': 1.036268451877247, 'effective_cache_size': 1408}. Best is trial 8 with value: 7920.704568.[0m

========================================
[Trial 36] Config: {'shared_buffers': '2GB', 'work_mem': '36MB', 'maintenance_work_mem': '960MB', 'max_parallel_workers_per_gather': 5, 'checkpoint_completion_target': '0.767078438779312', 'random_page_cost': '1.0419120697362092', 'effective_cache_size': '128MB'}
[CLEANUP] Stopping container...
[CMD] docker stop tuning || true
[CMD] docker rm tuning || true
[CMD] docker run -d --name tuning -u postgres -e POSTGRES_PASSWORD=password_test -e POSTGRES_USER=postgres -p 5432:5432 -v pg_bench:/var/lib/postgresql/data postgres:18-alpine -c shared_buffers=2GB -c work_mem=36MB -c maintenance_work_mem=960MB -c max_parallel_workers_per_gather=5 -c checkpoint_completion_target=0.767078438779312 -c random_page_cost=1.0419120697362092 -c effective_cache_size=128MB
[DB] Waiting for PostgreSQL to be ready...
[CMD] docker exec tuning pg_isready -U postgres -h 127.0.0.1
[CMD] docker exec tuning pg_isready -U postgres -h 127.0.0.1
[DB] PostgreSQL is ready.
[TEST] Running pgbench (warmup)...
[CMD] docker exec tuning pgbench -U postgres -h 127.0.0.1 -c 32 -j 2 -T 10 benchdb
[TEST] Running pgbench (test)...
[CMD] docker exec tuning pgbench -U postgres -h 127.0.0.1 -c 64 -j 2 -T 60 benchdb
[Trial 36] TPS: 7702.50 | Latency Avg: 8.31 ms
[32m[I 2026-05-06 23:13:58,213][0m Trial 36 finished with value: 7702.50178 and parameters: {'shared_buffers': '2GB', 'work_mem': 36, 'maintenance_work_mem': 960, 'max_parallel_workers_per_gather': 5, 'checkpoint_completion_target': 0.767078438779312, 'random_page_cost': 1.0419120697362092, 'effective_cache_size': 128}. Best is trial 8 with value: 7920.704568.[0m

========================================
[Trial 37] Config: {'shared_buffers': '4GB', 'work_mem': '32MB', 'maintenance_work_mem': '576MB', 'max_parallel_workers_per_gather': 5, 'checkpoint_completion_target': '0.7556321164300329', 'random_page_cost': '1.062880959314237', 'effective_cache_size': '512MB'}
[CLEANUP] Stopping container...
[CMD] docker stop tuning || true
[CMD] docker rm tuning || true
[CMD] docker run -d --name tuning -u postgres -e POSTGRES_PASSWORD=password_test -e POSTGRES_USER=postgres -p 5432:5432 -v pg_bench:/var/lib/postgresql/data postgres:18-alpine -c shared_buffers=4GB -c work_mem=32MB -c maintenance_work_mem=576MB -c max_parallel_workers_per_gather=5 -c checkpoint_completion_target=0.7556321164300329 -c random_page_cost=1.062880959314237 -c effective_cache_size=512MB
[DB] Waiting for PostgreSQL to be ready...
[CMD] docker exec tuning pg_isready -U postgres -h 127.0.0.1
[CMD] docker exec tuning pg_isready -U postgres -h 127.0.0.1
[DB] PostgreSQL is ready.
[TEST] Running pgbench (warmup)...
[CMD] docker exec tuning pgbench -U postgres -h 127.0.0.1 -c 32 -j 2 -T 10 benchdb
[TEST] Running pgbench (test)...
[CMD] docker exec tuning pgbench -U postgres -h 127.0.0.1 -c 64 -j 2 -T 60 benchdb
[Trial 37] TPS: 6302.35 | Latency Avg: 10.15 ms
[32m[I 2026-05-06 23:15:14,287][0m Trial 37 finished with value: 6302.35318 and parameters: {'shared_buffers': '4GB', 'work_mem': 32, 'maintenance_work_mem': 576, 'max_parallel_workers_per_gather': 5, 'checkpoint_completion_target': 0.7556321164300329, 'random_page_cost': 1.062880959314237, 'effective_cache_size': 512}. Best is trial 8 with value: 7920.704568.[0m

========================================
[Trial 38] Config: {'shared_buffers': '2GB', 'work_mem': '16MB', 'maintenance_work_mem': '704MB', 'max_parallel_workers_per_gather': 5, 'checkpoint_completion_target': '0.7058468839917591', 'random_page_cost': '1.0357642991366676', 'effective_cache_size': '1152MB'}
[CLEANUP] Stopping container...
[CMD] docker stop tuning || true
[CMD] docker rm tuning || true
[CMD] docker run -d --name tuning -u postgres -e POSTGRES_PASSWORD=password_test -e POSTGRES_USER=postgres -p 5432:5432 -v pg_bench:/var/lib/postgresql/data postgres:18-alpine -c shared_buffers=2GB -c work_mem=16MB -c maintenance_work_mem=704MB -c max_parallel_workers_per_gather=5 -c checkpoint_completion_target=0.7058468839917591 -c random_page_cost=1.0357642991366676 -c effective_cache_size=1152MB
[DB] Waiting for PostgreSQL to be ready...
[CMD] docker exec tuning pg_isready -U postgres -h 127.0.0.1
[CMD] docker exec tuning pg_isready -U postgres -h 127.0.0.1
[DB] PostgreSQL is ready.
[TEST] Running pgbench (warmup)...
[CMD] docker exec tuning pgbench -U postgres -h 127.0.0.1 -c 32 -j 2 -T 10 benchdb
[TEST] Running pgbench (test)...
[CMD] docker exec tuning pgbench -U postgres -h 127.0.0.1 -c 64 -j 2 -T 60 benchdb
[Trial 38] TPS: 7640.56 | Latency Avg: 8.38 ms
