[32m[I 2026-05-07 01:44:59,508][0m Trial 155 finished with value: 6688.228096 and parameters: {'shared_buffers': '4GB', 'work_mem': 112, 'maintenance_work_mem': 960, 'max_parallel_workers_per_gather': 2, 'checkpoint_completion_target': 0.7098892316972404, 'random_page_cost': 1.040989079177546, 'effective_cache_size': 128}. Best is trial 8 with value: 7920.704568.[0m

========================================
[Trial 156] Config: {'shared_buffers': '4GB', 'work_mem': '108MB', 'maintenance_work_mem': '832MB', 'max_parallel_workers_per_gather': 2, 'checkpoint_completion_target': '0.705766456033298', 'random_page_cost': '1.0436035749600974', 'effective_cache_size': '256MB'}
[CLEANUP] Stopping container...
[CMD] docker stop tuning || true
[CMD] docker rm tuning || true
[CMD] docker run -d --name tuning -u postgres -e POSTGRES_PASSWORD=password_test -e POSTGRES_USER=postgres -p 5432:5432 -v pg_bench:/var/lib/postgresql/data postgres:18-alpine -c shared_buffers=4GB -c work_mem=108MB -c maintenance_work_mem=832MB -c max_parallel_workers_per_gather=2 -c checkpoint_completion_target=0.705766456033298 -c random_page_cost=1.0436035749600974 -c effective_cache_size=256MB
[DB] Waiting for PostgreSQL to be ready...
[CMD] docker exec tuning pg_isready -U postgres -h 127.0.0.1
[CMD] docker exec tuning pg_isready -U postgres -h 127.0.0.1
[DB] PostgreSQL is ready.
[TEST] Running pgbench (warmup)...
[CMD] docker exec tuning pgbench -U postgres -h 127.0.0.1 -c 32 -j 2 -T 10 benchdb
[TEST] Running pgbench (test)...
[CMD] docker exec tuning pgbench -U postgres -h 127.0.0.1 -c 64 -j 2 -T 60 benchdb
[Trial 156] TPS: 6813.59 | Latency Avg: 9.39 ms
[32m[I 2026-05-07 01:46:15,785][0m Trial 156 finished with value: 6813.590319 and parameters: {'shared_buffers': '4GB', 'work_mem': 108, 'maintenance_work_mem': 832, 'max_parallel_workers_per_gather': 2, 'checkpoint_completion_target': 0.705766456033298, 'random_page_cost': 1.0436035749600974, 'effective_cache_size': 256}. Best is trial 8 with value: 7920.704568.[0m

========================================
[Trial 157] Config: {'shared_buffers': '8GB', 'work_mem': '64MB', 'maintenance_work_mem': '768MB', 'max_parallel_workers_per_gather': 2, 'checkpoint_completion_target': '0.7230486946197149', 'random_page_cost': '1.02369846654866', 'effective_cache_size': '1664MB'}
[CLEANUP] Stopping container...
[CMD] docker stop tuning || true
[CMD] docker rm tuning || true
[CMD] docker run -d --name tuning -u postgres -e POSTGRES_PASSWORD=password_test -e POSTGRES_USER=postgres -p 5432:5432 -v pg_bench:/var/lib/postgresql/data postgres:18-alpine -c shared_buffers=8GB -c work_mem=64MB -c maintenance_work_mem=768MB -c max_parallel_workers_per_gather=2 -c checkpoint_completion_target=0.7230486946197149 -c random_page_cost=1.02369846654866 -c effective_cache_size=1664MB
[DB] Waiting for PostgreSQL to be ready...
[CMD] docker exec tuning pg_isready -U postgres -h 127.0.0.1
[CMD] docker exec tuning pg_isready -U postgres -h 127.0.0.1
[DB] PostgreSQL is ready.
[TEST] Running pgbench (warmup)...
[CMD] docker exec tuning pgbench -U postgres -h 127.0.0.1 -c 32 -j 2 -T 10 benchdb
[TEST] Running pgbench (test)...
[CMD] docker exec tuning pgbench -U postgres -h 127.0.0.1 -c 64 -j 2 -T 60 benchdb
[Trial 157] TPS: 7155.27 | Latency Avg: 8.94 ms
[32m[I 2026-05-07 01:47:32,083][0m Trial 157 finished with value: 7155.273855 and parameters: {'shared_buffers': '8GB', 'work_mem': 64, 'maintenance_work_mem': 768, 'max_parallel_workers_per_gather': 2, 'checkpoint_completion_target': 0.7230486946197149, 'random_page_cost': 1.02369846654866, 'effective_cache_size': 1664}. Best is trial 8 with value: 7920.704568.[0m

========================================
[Trial 158] Config: {'shared_buffers': '4GB', 'work_mem': '120MB', 'maintenance_work_mem': '1024MB', 'max_parallel_workers_per_gather': 1, 'checkpoint_completion_target': '0.7004283728421076', 'random_page_cost': '1.0327375193081556', 'effective_cache_size': '384MB'}
[CLEANUP] Stopping container...
[CMD] docker stop tuning || true
[CMD] docker rm tuning || true
[CMD] docker run -d --name tuning -u postgres -e POSTGRES_PASSWORD=password_test -e POSTGRES_USER=postgres -p 5432:5432 -v pg_bench:/var/lib/postgresql/data postgres:18-alpine -c shared_buffers=4GB -c work_mem=120MB -c maintenance_work_mem=1024MB -c max_parallel_workers_per_gather=1 -c checkpoint_completion_target=0.7004283728421076 -c random_page_cost=1.0327375193081556 -c effective_cache_size=384MB
[DB] Waiting for PostgreSQL to be ready...
[CMD] docker exec tuning pg_isready -U postgres -h 127.0.0.1
[CMD] docker exec tuning pg_isready -U postgres -h 127.0.0.1
[DB] PostgreSQL is ready.
[TEST] Running pgbench (warmup)...
[CMD] docker exec tuning pgbench -U postgres -h 127.0.0.1 -c 32 -j 2 -T 10 benchdb
[TEST] Running pgbench (test)...
[CMD] docker exec tuning pgbench -U postgres -h 127.0.0.1 -c 64 -j 2 -T 60 benchdb
[Trial 158] TPS: 7583.50 | Latency Avg: 8.44 ms
[32m[I 2026-05-07 01:48:48,369][0m Trial 158 finished with value: 7583.498788 and parameters: {'shared_buffers': '4GB', 'work_mem': 120, 'maintenance_work_mem': 1024, 'max_parallel_workers_per_gather': 1, 'checkpoint_completion_target': 0.7004283728421076, 'random_page_cost': 1.0327375193081556, 'effective_cache_size': 384}. Best is trial 8 with value: 7920.704568.[0m

========================================
[Trial 159] Config: {'shared_buffers': '4GB', 'work_mem': '120MB', 'maintenance_work_mem': '1024MB', 'max_parallel_workers_per_gather': 1, 'checkpoint_completion_target': '0.8424058400463958', 'random_page_cost': '1.0555453614757784', 'effective_cache_size': '3456MB'}
[CLEANUP] Stopping container...
[CMD] docker stop tuning || true
[CMD] docker rm tuning || true
[CMD] docker run -d --name tuning -u postgres -e POSTGRES_PASSWORD=password_test -e POSTGRES_USER=postgres -p 5432:5432 -v pg_bench:/var/lib/postgresql/data postgres:18-alpine -c shared_buffers=4GB -c work_mem=120MB -c maintenance_work_mem=1024MB -c max_parallel_workers_per_gather=1 -c checkpoint_completion_target=0.8424058400463958 -c random_page_cost=1.0555453614757784 -c effective_cache_size=3456MB
[DB] Waiting for PostgreSQL to be ready...
[CMD] docker exec tuning pg_isready -U postgres -h 127.0.0.1
[CMD] docker exec tuning pg_isready -U postgres -h 127.0.0.1
[DB] PostgreSQL is ready.
[TEST] Running pgbench (warmup)...
[CMD] docker exec tuning pgbench -U postgres -h 127.0.0.1 -c 32 -j 2 -T 10 benchdb
[TEST] Running pgbench (test)...
[CMD] docker exec tuning pgbench -U postgres -h 127.0.0.1 -c 64 -j 2 -T 60 benchdb
[Trial 159] TPS: 6310.49 | Latency Avg: 10.14 ms
[32m[I 2026-05-07 01:50:04,650][0m Trial 159 finished with value: 6310.485847 and parameters: {'shared_buffers': '4GB', 'work_mem': 120, 'maintenance_work_mem': 1024, 'max_parallel_workers_per_gather': 1, 'checkpoint_completion_target': 0.8424058400463958, 'random_page_cost': 1.0555453614757784, 'effective_cache_size': 3456}. Best is trial 8 with value: 7920.704568.[0m

========================================
[Trial 160] Config: {'shared_buffers': '4GB', 'work_mem': '128MB', 'maintenance_work_mem': '1024MB', 'max_parallel_workers_per_gather': 1, 'checkpoint_completion_target': '0.7012231147291295', 'random_page_cost': '1.035318167449367', 'effective_cache_size': '640MB'}
[CLEANUP] Stopping container...
[CMD] docker stop tuning || true
[CMD] docker rm tuning || true
[CMD] docker run -d --name tuning -u postgres -e POSTGRES_PASSWORD=password_test -e POSTGRES_USER=postgres -p 5432:5432 -v pg_bench:/var/lib/postgresql/data postgres:18-alpine -c shared_buffers=4GB -c work_mem=128MB -c maintenance_work_mem=1024MB -c max_parallel_workers_per_gather=1 -c checkpoint_completion_target=0.7012231147291295 -c random_page_cost=1.035318167449367 -c effective_cache_size=640MB
[DB] Waiting for PostgreSQL to be ready...
[CMD] docker exec tuning pg_isready -U postgres -h 127.0.0.1
[CMD] docker exec tuning pg_isready -U postgres -h 127.0.0.1
[DB] PostgreSQL is ready.
[TEST] Running pgbench (warmup)...
[CMD] docker exec tuning pgbench -U postgres -h 127.0.0.1 -c 32 -j 2 -T 10 benchdb
[TEST] Running pgbench (test)...
[CMD] docker exec tuning pgbench -U postgres -h 127.0.0.1 -c 64 -j 2 -T 60 benchdb
[Trial 160] TPS: 6300.90 | Latency Avg: 10.16 ms
[32m[I 2026-05-07 01:51:20,899][0m Trial 160 finished with value: 6300.903918 and parameters: {'shared_buffers': '4GB', 'work_mem': 128, 'maintenance_work_mem': 1024, 'max_parallel_workers_per_gather': 1, 'checkpoint_completion_target': 0.7012231147291295, 'random_page_cost': 1.035318167449367, 'effective_cache_size': 640}. Best is trial 8 with value: 7920.704568.[0m

========================================
[Trial 161] Config: {'shared_buffers': '4GB', 'work_mem': '120MB', 'maintenance_work_mem': '960MB', 'max_parallel_workers_per_gather': 1, 'checkpoint_completion_target': '0.7148705845463371', 'random_page_cost': '1.0330987087338295', 'effective_cache_size': '384MB'}
[CLEANUP] Stopping container...
[CMD] docker stop tuning || true
[CMD] docker rm tuning || true
[CMD] docker run -d --name tuning -u postgres -e POSTGRES_PASSWORD=password_test -e POSTGRES_USER=postgres -p 5432:5432 -v pg_bench:/var/lib/postgresql/data postgres:18-alpine -c shared_buffers=4GB -c work_mem=120MB -c maintenance_work_mem=960MB -c max_parallel_workers_per_gather=1 -c checkpoint_completion_target=0.7148705845463371 -c random_page_cost=1.0330987087338295 -c effective_cache_size=384MB
[DB] Waiting for PostgreSQL to be ready...
[CMD] docker exec tuning pg_isready -U postgres -h 127.0.0.1
[CMD] docker exec tuning pg_isready -U postgres -h 127.0.0.1
[DB] PostgreSQL is ready.
[TEST] Running pgbench (warmup)...
[CMD] docker exec tuning pgbench -U postgres -h 127.0.0.1 -c 32 -j 2 -T 10 benchdb
[TEST] Running pgbench (test)...
[CMD] docker exec tuning pgbench -U postgres -h 127.0.0.1 -c 64 -j 2 -T 60 benchdb
[Trial 161] TPS: 7649.58 | Latency Avg: 8.37 ms
[32m[I 2026-05-07 01:52:37,129][0m Trial 161 finished with value: 7649.584072 and parameters: {'shared_buffers': '4GB', 'work_mem': 120, 'maintenance_work_mem': 960, 'max_parallel_workers_per_gather': 1, 'checkpoint_completion_target': 0.7148705845463371, 'random_page_cost': 1.0330987087338295, 'effective_cache_size': 384}. Best is trial 8 with value: 7920.704568.[0m

========================================
[Trial 162] Config: {'shared_buffers': '4GB', 'work_mem': '124MB', 'maintenance_work_mem': '960MB', 'max_parallel_workers_per_gather': 1, 'checkpoint_completion_target': '0.7141741918108144', 'random_page_cost': '1.0420967473875644', 'effective_cache_size': '384MB'}
[CLEANUP] Stopping container...
[CMD] docker stop tuning || true
[CMD] docker rm tuning || true
[CMD] docker run -d --name tuning -u postgres -e POSTGRES_PASSWORD=password_test -e POSTGRES_USER=postgres -p 5432:5432 -v pg_bench:/var/lib/postgresql/data postgres:18-alpine -c shared_buffers=4GB -c work_mem=124MB -c maintenance_work_mem=960MB -c max_parallel_workers_per_gather=1 -c checkpoint_completion_target=0.7141741918108144 -c random_page_cost=1.0420967473875644 -c effective_cache_size=384MB
[DB] Waiting for PostgreSQL to be ready...
[CMD] docker exec tuning pg_isready -U postgres -h 127.0.0.1
[CMD] docker exec tuning pg_isready -U postgres -h 127.0.0.1
[DB] PostgreSQL is ready.
[TEST] Running pgbench (warmup)...
[CMD] docker exec tuning pgbench -U postgres -h 127.0.0.1 -c 32 -j 2 -T 10 benchdb
[TEST] Running pgbench (test)...
[CMD] docker exec tuning pgbench -U postgres -h 127.0.0.1 -c 64 -j 2 -T 60 benchdb
[Trial 162] TPS: 7237.68 | Latency Avg: 8.84 ms
[32m[I 2026-05-07 01:53:53,265][0m Trial 162 finished with value: 7237.675629 and parameters: {'shared_buffers': '4GB', 'work_mem': 124, 'maintenance_work_mem': 960, 'max_parallel_workers_per_gather': 1, 'checkpoint_completion_target': 0.7141741918108144, 'random_page_cost': 1.0420967473875644, 'effective_cache_size': 384}. Best is trial 8 with value: 7920.704568.[0m

========================================
[Trial 163] Config: {'shared_buffers': '4GB', 'work_mem': '120MB', 'maintenance_work_mem': '1024MB', 'max_parallel_workers_per_gather': 1, 'checkpoint_completion_target': '0.7000832659873863', 'random_page_cost': '1.0150406866794606', 'effective_cache_size': '384MB'}
[CLEANUP] Stopping container...
[CMD] docker stop tuning || true
[CMD] docker rm tuning || true
[CMD] docker run -d --name tuning -u postgres -e POSTGRES_PASSWORD=password_test -e POSTGRES_USER=postgres -p 5432:5432 -v pg_bench:/var/lib/postgresql/data postgres:18-alpine -c shared_buffers=4GB -c work_mem=120MB -c maintenance_work_mem=1024MB -c max_parallel_workers_per_gather=1 -c checkpoint_completion_target=0.7000832659873863 -c random_page_cost=1.0150406866794606 -c effective_cache_size=384MB
[DB] Waiting for PostgreSQL to be ready...
[CMD] docker exec tuning pg_isready -U postgres -h 127.0.0.1
[CMD] docker exec tuning pg_isready -U postgres -h 127.0.0.1
[DB] PostgreSQL is ready.
[TEST] Running pgbench (warmup)...
[CMD] docker exec tuning pgbench -U postgres -h 127.0.0.1 -c 32 -j 2 -T 10 benchdb
[TEST] Running pgbench (test)...
[CMD] docker exec tuning pgbench -U postgres -h 127.0.0.1 -c 64 -j 2 -T 60 benchdb
[Trial 163] TPS: 6361.22 | Latency Avg: 10.06 ms
[32m[I 2026-05-07 01:55:09,501][0m Trial 163 finished with value: 6361.21883 and parameters: {'shared_buffers': '4GB', 'work_mem': 120, 'maintenance_work_mem': 1024, 'max_parallel_workers_per_gather': 1, 'checkpoint_completion_target': 0.7000832659873863, 'random_page_cost': 1.0150406866794606, 'effective_cache_size': 384}. Best is trial 8 with value: 7920.704568.[0m

========================================
[Trial 164] Config: {'shared_buffers': '4GB', 'work_mem': '120MB', 'maintenance_work_mem': '960MB', 'max_parallel_workers_per_gather': 1, 'checkpoint_completion_target': '0.7100927431836294', 'random_page_cost': '1.0506713656993152', 'effective_cache_size': '128MB'}
[CLEANUP] Stopping container...
[CMD] docker stop tuning || true
[CMD] docker rm tuning || true
[CMD] docker run -d --name tuning -u postgres -e POSTGRES_PASSWORD=password_test -e POSTGRES_USER=postgres -p 5432:5432 -v pg_bench:/var/lib/postgresql/data postgres:18-alpine -c shared_buffers=4GB -c work_mem=120MB -c maintenance_work_mem=960MB -c max_parallel_workers_per_gather=1 -c checkpoint_completion_target=0.7100927431836294 -c random_page_cost=1.0506713656993152 -c effective_cache_size=128MB
[DB] Waiting for PostgreSQL to be ready...
[CMD] docker exec tuning pg_isready -U postgres -h 127.0.0.1
[CMD] docker exec tuning pg_isready -U postgres -h 127.0.0.1
[DB] PostgreSQL is ready.
[TEST] Running pgbench (warmup)...
[CMD] docker exec tuning pgbench -U postgres -h 127.0.0.1 -c 32 -j 2 -T 10 benchdb
[TEST] Running pgbench (test)...
[CMD] docker exec tuning pgbench -U postgres -h 127.0.0.1 -c 64 -j 2 -T 60 benchdb
[Trial 164] TPS: 7865.86 | Latency Avg: 8.14 ms
[32m[I 2026-05-07 01:56:25,818][0m Trial 164 finished with value: 7865.856768 and parameters: {'shared_buffers': '4GB', 'work_mem': 120, 'maintenance_work_mem': 960, 'max_parallel_workers_per_gather': 1, 'checkpoint_completion_target': 0.7100927431836294, 'random_page_cost': 1.0506713656993152, 'effective_cache_size': 128}. Best is trial 8 with value: 7920.704568.[0m

========================================
[Trial 165] Config: {'shared_buffers': '4GB', 'work_mem': '124MB', 'maintenance_work_mem': '960MB', 'max_parallel_workers_per_gather': 1, 'checkpoint_completion_target': '0.7065681495089011', 'random_page_cost': '1.0617739358967182', 'effective_cache_size': '128MB'}
[CLEANUP] Stopping container...
[CMD] docker stop tuning || true
[CMD] docker rm tuning || true
[CMD] docker run -d --name tuning -u postgres -e POSTGRES_PASSWORD=password_test -e POSTGRES_USER=postgres -p 5432:5432 -v pg_bench:/var/lib/postgresql/data postgres:18-alpine -c shared_buffers=4GB -c work_mem=124MB -c maintenance_work_mem=960MB -c max_parallel_workers_per_gather=1 -c checkpoint_completion_target=0.7065681495089011 -c random_page_cost=1.0617739358967182 -c effective_cache_size=128MB
[DB] Waiting for PostgreSQL to be ready...
[CMD] docker exec tuning pg_isready -U postgres -h 127.0.0.1
[CMD] docker exec tuning pg_isready -U postgres -h 127.0.0.1
[DB] PostgreSQL is ready.
[TEST] Running pgbench (warmup)...
[CMD] docker exec tuning pgbench -U postgres -h 127.0.0.1 -c 32 -j 2 -T 10 benchdb
[TEST] Running pgbench (test)...
[CMD] docker exec tuning pgbench -U postgres -h 127.0.0.1 -c 64 -j 2 -T 60 benchdb
[Trial 165] TPS: 7590.40 | Latency Avg: 8.43 ms
[32m[I 2026-05-07 01:57:41,977][0m Trial 165 finished with value: 7590.402216 and parameters: {'shared_buffers': '4GB', 'work_mem': 124, 'maintenance_work_mem': 960, 'max_parallel_workers_per_gather': 1, 'checkpoint_completion_target': 0.7065681495089011, 'random_page_cost': 1.0617739358967182, 'effective_cache_size': 128}. Best is trial 8 with value: 7920.704568.[0m

========================================
[Trial 166] Config: {'shared_buffers': '4GB', 'work_mem': '116MB', 'maintenance_work_mem': '960MB', 'max_parallel_workers_per_gather': 1, 'checkpoint_completion_target': '0.7104139466728415', 'random_page_cost': '1.0518981532350573', 'effective_cache_size': '128MB'}
[CLEANUP] Stopping container...
[CMD] docker stop tuning || true
[CMD] docker rm tuning || true
[CMD] docker run -d --name tuning -u postgres -e POSTGRES_PASSWORD=password_test -e POSTGRES_USER=postgres -p 5432:5432 -v pg_bench:/var/lib/postgresql/data postgres:18-alpine -c shared_buffers=4GB -c work_mem=116MB -c maintenance_work_mem=960MB -c max_parallel_workers_per_gather=1 -c checkpoint_completion_target=0.7104139466728415 -c random_page_cost=1.0518981532350573 -c effective_cache_size=128MB
[DB] Waiting for PostgreSQL to be ready...
[CMD] docker exec tuning pg_isready -U postgres -h 127.0.0.1
[CMD] docker exec tuning pg_isready -U postgres -h 127.0.0.1
[DB] PostgreSQL is ready.
[TEST] Running pgbench (warmup)...
[CMD] docker exec tuning pgbench -U postgres -h 127.0.0.1 -c 32 -j 2 -T 10 benchdb
[TEST] Running pgbench (test)...
[CMD] docker exec tuning pgbench -U postgres -h 127.0.0.1 -c 64 -j 2 -T 60 benchdb
[Trial 166] TPS: 7714.63 | Latency Avg: 8.30 ms
[32m[I 2026-05-07 01:58:58,306][0m Trial 166 finished with value: 7714.634705 and parameters: {'shared_buffers': '4GB', 'work_mem': 116, 'maintenance_work_mem': 960, 'max_parallel_workers_per_gather': 1, 'checkpoint_completion_target': 0.7104139466728415, 'random_page_cost': 1.0518981532350573, 'effective_cache_size': 128}. Best is trial 8 with value: 7920.704568.[0m

========================================
[Trial 167] Config: {'shared_buffers': '4GB', 'work_mem': '116MB', 'maintenance_work_mem': '960MB', 'max_parallel_workers_per_gather': 1, 'checkpoint_completion_target': '0.7082714736766688', 'random_page_cost': '1.0504567099843443', 'effective_cache_size': '128MB'}
[CLEANUP] Stopping container...
[CMD] docker stop tuning || true
[CMD] docker rm tuning || true
[CMD] docker run -d --name tuning -u postgres -e POSTGRES_PASSWORD=password_test -e POSTGRES_USER=postgres -p 5432:5432 -v pg_bench:/var/lib/postgresql/data postgres:18-alpine -c shared_buffers=4GB -c work_mem=116MB -c maintenance_work_mem=960MB -c max_parallel_workers_per_gather=1 -c checkpoint_completion_target=0.7082714736766688 -c random_page_cost=1.0504567099843443 -c effective_cache_size=128MB
[DB] Waiting for PostgreSQL to be ready...
[CMD] docker exec tuning pg_isready -U postgres -h 127.0.0.1
[CMD] docker exec tuning pg_isready -U postgres -h 127.0.0.1
[DB] PostgreSQL is ready.
[TEST] Running pgbench (warmup)...
[CMD] docker exec tuning pgbench -U postgres -h 127.0.0.1 -c 32 -j 2 -T 10 benchdb
[TEST] Running pgbench (test)...
[CMD] docker exec tuning pgbench -U postgres -h 127.0.0.1 -c 64 -j 2 -T 60 benchdb
[Trial 167] TPS: 6845.84 | Latency Avg: 9.35 ms
[32m[I 2026-05-07 02:00:14,406][0m Trial 167 finished with value: 6845.84077 and parameters: {'shared_buffers': '4GB', 'work_mem': 116, 'maintenance_work_mem': 960, 'max_parallel_workers_per_gather': 1, 'checkpoint_completion_target': 0.7082714736766688, 'random_page_cost': 1.0504567099843443, 'effective_cache_size': 128}. Best is trial 8 with value: 7920.704568.[0m

========================================
[Trial 168] Config: {'shared_buffers': '4GB', 'work_mem': '124MB', 'maintenance_work_mem': '960MB', 'max_parallel_workers_per_gather': 1, 'checkpoint_completion_target': '0.7066036330588019', 'random_page_cost': '1.046653399270793', 'effective_cache_size': '128MB'}
[CLEANUP] Stopping container...
[CMD] docker stop tuning || true
[CMD] docker rm tuning || true
[CMD] docker run -d --name tuning -u postgres -e POSTGRES_PASSWORD=password_test -e POSTGRES_USER=postgres -p 5432:5432 -v pg_bench:/var/lib/postgresql/data postgres:18-alpine -c shared_buffers=4GB -c work_mem=124MB -c maintenance_work_mem=960MB -c max_parallel_workers_per_gather=1 -c checkpoint_completion_target=0.7066036330588019 -c random_page_cost=1.046653399270793 -c effective_cache_size=128MB
[DB] Waiting for PostgreSQL to be ready...
[CMD] docker exec tuning pg_isready -U postgres -h 127.0.0.1
[CMD] docker exec tuning pg_isready -U postgres -h 127.0.0.1
[DB] PostgreSQL is ready.
[TEST] Running pgbench (warmup)...
[CMD] docker exec tuning pgbench -U postgres -h 127.0.0.1 -c 32 -j 2 -T 10 benchdb
[TEST] Running pgbench (test)...
[CMD] docker exec tuning pgbench -U postgres -h 127.0.0.1 -c 64 -j 2 -T 60 benchdb
[Trial 168] TPS: 6938.24 | Latency Avg: 9.22 ms
