[CMD] docker volume create pg_bench || true
[INIT] Starting container for DB initialization...
[CLEANUP] Stopping container...
[CMD] docker stop tuning || true
[CMD] docker rm tuning || true
[CMD] docker run -d --name tuning -u postgres -e POSTGRES_PASSWORD=password_test -e POSTGRES_USER=postgres -p 5432:5432 -v pg_bench:/var/lib/postgresql/data postgres:18-alpine 
[DB] Waiting for PostgreSQL to be ready...
[CMD] docker exec tuning pg_isready -U postgres -h 127.0.0.1
[DB] PostgreSQL is ready.
[DB] Initializing pgbench with scale=500...
[CMD] docker exec tuning bash -c 'dropdb benchdb; createdb benchdb; pgbench -iqs 500 benchdb'
[CMD] docker exec tuning psql -U postgres -d benchdb -c 'ANALYZE;'
[CLEANUP] Stopping container...
[CMD] docker stop tuning || true
[CMD] docker rm tuning || true

========================================
[Trial 0] Config: {'shared_buffers': '4GB', 'work_mem': '80MB', 'maintenance_work_mem': '192MB', 'max_parallel_workers_per_gather': 9, 'checkpoint_completion_target': '0.7454562418017752', 'random_page_cost': '1.0550213529560302', 'effective_cache_size': '1280MB'}
[CLEANUP] Stopping container...
[CMD] docker stop tuning || true
[CMD] docker rm tuning || true
[CMD] docker run -d --name tuning -u postgres -e POSTGRES_PASSWORD=password_test -e POSTGRES_USER=postgres -p 5432:5432 -v pg_bench:/var/lib/postgresql/data postgres:18-alpine -c shared_buffers=4GB -c work_mem=80MB -c maintenance_work_mem=192MB -c max_parallel_workers_per_gather=9 -c checkpoint_completion_target=0.7454562418017752 -c random_page_cost=1.0550213529560302 -c effective_cache_size=1280MB
[DB] Waiting for PostgreSQL to be ready...
[CMD] docker exec tuning pg_isready -U postgres -h 127.0.0.1
[CMD] docker exec tuning pg_isready -U postgres -h 127.0.0.1
[DB] PostgreSQL is ready.
[TEST] Running pgbench (warmup)...
[CMD] docker exec tuning pgbench -U postgres -h 127.0.0.1 -c 32 -j 2 -T 10 benchdb
[TEST] Running pgbench (test)...
[CMD] docker exec tuning pgbench -U postgres -h 127.0.0.1 -c 64 -j 2 -T 60 benchdb
[Trial 0] TPS: 5727.58 | Latency Avg: 11.17 ms
[32m[I 2026-05-06 22:28:16,310][0m Trial 0 finished with value: 5727.579597 and parameters: {'shared_buffers': '4GB', 'work_mem': 80, 'maintenance_work_mem': 192, 'max_parallel_workers_per_gather': 9, 'checkpoint_completion_target': 0.7454562418017752, 'random_page_cost': 1.0550213529560302, 'effective_cache_size': 1280}. Best is trial 0 with value: 5727.579597.[0m

========================================
[Trial 1] Config: {'shared_buffers': '2GB', 'work_mem': '80MB', 'maintenance_work_mem': '192MB', 'max_parallel_workers_per_gather': 3, 'checkpoint_completion_target': '0.7426310309218228', 'random_page_cost': '1.019515477895584', 'effective_cache_size': '3968MB'}
[CLEANUP] Stopping container...
[CMD] docker stop tuning || true
[CMD] docker rm tuning || true
[CMD] docker run -d --name tuning -u postgres -e POSTGRES_PASSWORD=password_test -e POSTGRES_USER=postgres -p 5432:5432 -v pg_bench:/var/lib/postgresql/data postgres:18-alpine -c shared_buffers=2GB -c work_mem=80MB -c maintenance_work_mem=192MB -c max_parallel_workers_per_gather=3 -c checkpoint_completion_target=0.7426310309218228 -c random_page_cost=1.019515477895584 -c effective_cache_size=3968MB
[DB] Waiting for PostgreSQL to be ready...
[CMD] docker exec tuning pg_isready -U postgres -h 127.0.0.1
[CMD] docker exec tuning pg_isready -U postgres -h 127.0.0.1
[DB] PostgreSQL is ready.
[TEST] Running pgbench (warmup)...
[CMD] docker exec tuning pgbench -U postgres -h 127.0.0.1 -c 32 -j 2 -T 10 benchdb
[TEST] Running pgbench (test)...
[CMD] docker exec tuning pgbench -U postgres -h 127.0.0.1 -c 64 -j 2 -T 60 benchdb
[Trial 1] TPS: 6735.31 | Latency Avg: 9.50 ms
[32m[I 2026-05-06 22:29:32,500][0m Trial 1 finished with value: 6735.309014 and parameters: {'shared_buffers': '2GB', 'work_mem': 80, 'maintenance_work_mem': 192, 'max_parallel_workers_per_gather': 3, 'checkpoint_completion_target': 0.7426310309218228, 'random_page_cost': 1.019515477895584, 'effective_cache_size': 3968}. Best is trial 1 with value: 6735.309014.[0m

========================================
[Trial 2] Config: {'shared_buffers': '2GB', 'work_mem': '16MB', 'maintenance_work_mem': '704MB', 'max_parallel_workers_per_gather': 5, 'checkpoint_completion_target': '0.8366775698358199', 'random_page_cost': '1.0554563366576581', 'effective_cache_size': '4096MB'}
[CLEANUP] Stopping container...
[CMD] docker stop tuning || true
[CMD] docker rm tuning || true
[CMD] docker run -d --name tuning -u postgres -e POSTGRES_PASSWORD=password_test -e POSTGRES_USER=postgres -p 5432:5432 -v pg_bench:/var/lib/postgresql/data postgres:18-alpine -c shared_buffers=2GB -c work_mem=16MB -c maintenance_work_mem=704MB -c max_parallel_workers_per_gather=5 -c checkpoint_completion_target=0.8366775698358199 -c random_page_cost=1.0554563366576581 -c effective_cache_size=4096MB
[DB] Waiting for PostgreSQL to be ready...
[CMD] docker exec tuning pg_isready -U postgres -h 127.0.0.1
[CMD] docker exec tuning pg_isready -U postgres -h 127.0.0.1
[DB] PostgreSQL is ready.
[TEST] Running pgbench (warmup)...
[CMD] docker exec tuning pgbench -U postgres -h 127.0.0.1 -c 32 -j 2 -T 10 benchdb
[TEST] Running pgbench (test)...
[CMD] docker exec tuning pgbench -U postgres -h 127.0.0.1 -c 64 -j 2 -T 60 benchdb
[Trial 2] TPS: 5800.38 | Latency Avg: 11.03 ms
[32m[I 2026-05-06 22:30:48,862][0m Trial 2 finished with value: 5800.384603 and parameters: {'shared_buffers': '2GB', 'work_mem': 16, 'maintenance_work_mem': 704, 'max_parallel_workers_per_gather': 5, 'checkpoint_completion_target': 0.8366775698358199, 'random_page_cost': 1.0554563366576581, 'effective_cache_size': 4096}. Best is trial 1 with value: 6735.309014.[0m

========================================
[Trial 3] Config: {'shared_buffers': '4GB', 'work_mem': '80MB', 'maintenance_work_mem': '960MB', 'max_parallel_workers_per_gather': 9, 'checkpoint_completion_target': '0.8356740207895621', 'random_page_cost': '1.0422772674924288', 'effective_cache_size': '3328MB'}
[CLEANUP] Stopping container...
[CMD] docker stop tuning || true
[CMD] docker rm tuning || true
[CMD] docker run -d --name tuning -u postgres -e POSTGRES_PASSWORD=password_test -e POSTGRES_USER=postgres -p 5432:5432 -v pg_bench:/var/lib/postgresql/data postgres:18-alpine -c shared_buffers=4GB -c work_mem=80MB -c maintenance_work_mem=960MB -c max_parallel_workers_per_gather=9 -c checkpoint_completion_target=0.8356740207895621 -c random_page_cost=1.0422772674924288 -c effective_cache_size=3328MB
[DB] Waiting for PostgreSQL to be ready...
[CMD] docker exec tuning pg_isready -U postgres -h 127.0.0.1
[CMD] docker exec tuning pg_isready -U postgres -h 127.0.0.1
[DB] PostgreSQL is ready.
[TEST] Running pgbench (warmup)...
[CMD] docker exec tuning pgbench -U postgres -h 127.0.0.1 -c 32 -j 2 -T 10 benchdb
[TEST] Running pgbench (test)...
[CMD] docker exec tuning pgbench -U postgres -h 127.0.0.1 -c 64 -j 2 -T 60 benchdb
[Trial 3] TPS: 5926.78 | Latency Avg: 10.80 ms
[32m[I 2026-05-06 22:32:04,845][0m Trial 3 finished with value: 5926.777378 and parameters: {'shared_buffers': '4GB', 'work_mem': 80, 'maintenance_work_mem': 960, 'max_parallel_workers_per_gather': 9, 'checkpoint_completion_target': 0.8356740207895621, 'random_page_cost': 1.0422772674924288, 'effective_cache_size': 3328}. Best is trial 1 with value: 6735.309014.[0m

========================================
[Trial 4] Config: {'shared_buffers': '4GB', 'work_mem': '28MB', 'maintenance_work_mem': '64MB', 'max_parallel_workers_per_gather': 11, 'checkpoint_completion_target': '0.7827245062131623', 'random_page_cost': '1.0190675050858071', 'effective_cache_size': '1280MB'}
[CLEANUP] Stopping container...
[CMD] docker stop tuning || true
[CMD] docker rm tuning || true
[CMD] docker run -d --name tuning -u postgres -e POSTGRES_PASSWORD=password_test -e POSTGRES_USER=postgres -p 5432:5432 -v pg_bench:/var/lib/postgresql/data postgres:18-alpine -c shared_buffers=4GB -c work_mem=28MB -c maintenance_work_mem=64MB -c max_parallel_workers_per_gather=11 -c checkpoint_completion_target=0.7827245062131623 -c random_page_cost=1.0190675050858071 -c effective_cache_size=1280MB
[DB] Waiting for PostgreSQL to be ready...
[CMD] docker exec tuning pg_isready -U postgres -h 127.0.0.1
[CMD] docker exec tuning pg_isready -U postgres -h 127.0.0.1
[DB] PostgreSQL is ready.
[TEST] Running pgbench (warmup)...
[CMD] docker exec tuning pgbench -U postgres -h 127.0.0.1 -c 32 -j 2 -T 10 benchdb
[TEST] Running pgbench (test)...
[CMD] docker exec tuning pgbench -U postgres -h 127.0.0.1 -c 64 -j 2 -T 60 benchdb
[Trial 4] TPS: 7032.31 | Latency Avg: 9.10 ms
[32m[I 2026-05-06 22:33:21,054][0m Trial 4 finished with value: 7032.31448 and parameters: {'shared_buffers': '4GB', 'work_mem': 28, 'maintenance_work_mem': 64, 'max_parallel_workers_per_gather': 11, 'checkpoint_completion_target': 0.7827245062131623, 'random_page_cost': 1.0190675050858071, 'effective_cache_size': 1280}. Best is trial 4 with value: 7032.31448.[0m

========================================
[Trial 5] Config: {'shared_buffers': '4GB', 'work_mem': '116MB', 'maintenance_work_mem': '512MB', 'max_parallel_workers_per_gather': 5, 'checkpoint_completion_target': '0.726972856748326', 'random_page_cost': '1.0094287557060202', 'effective_cache_size': '2688MB'}
[CLEANUP] Stopping container...
[CMD] docker stop tuning || true
[CMD] docker rm tuning || true
[CMD] docker run -d --name tuning -u postgres -e POSTGRES_PASSWORD=password_test -e POSTGRES_USER=postgres -p 5432:5432 -v pg_bench:/var/lib/postgresql/data postgres:18-alpine -c shared_buffers=4GB -c work_mem=116MB -c maintenance_work_mem=512MB -c max_parallel_workers_per_gather=5 -c checkpoint_completion_target=0.726972856748326 -c random_page_cost=1.0094287557060202 -c effective_cache_size=2688MB
[DB] Waiting for PostgreSQL to be ready...
[CMD] docker exec tuning pg_isready -U postgres -h 127.0.0.1
[CMD] docker exec tuning pg_isready -U postgres -h 127.0.0.1
[DB] PostgreSQL is ready.
[TEST] Running pgbench (warmup)...
[CMD] docker exec tuning pgbench -U postgres -h 127.0.0.1 -c 32 -j 2 -T 10 benchdb
[TEST] Running pgbench (test)...
[CMD] docker exec tuning pgbench -U postgres -h 127.0.0.1 -c 64 -j 2 -T 60 benchdb
[Trial 5] TPS: 6231.20 | Latency Avg: 10.27 ms
[32m[I 2026-05-06 22:34:37,267][0m Trial 5 finished with value: 6231.199879 and parameters: {'shared_buffers': '4GB', 'work_mem': 116, 'maintenance_work_mem': 512, 'max_parallel_workers_per_gather': 5, 'checkpoint_completion_target': 0.726972856748326, 'random_page_cost': 1.0094287557060202, 'effective_cache_size': 2688}. Best is trial 4 with value: 7032.31448.[0m

========================================
[Trial 6] Config: {'shared_buffers': '8GB', 'work_mem': '32MB', 'maintenance_work_mem': '448MB', 'max_parallel_workers_per_gather': 7, 'checkpoint_completion_target': '0.9009180192247785', 'random_page_cost': '1.0559710176658108', 'effective_cache_size': '3712MB'}
[CLEANUP] Stopping container...
[CMD] docker stop tuning || true
[CMD] docker rm tuning || true
[CMD] docker run -d --name tuning -u postgres -e POSTGRES_PASSWORD=password_test -e POSTGRES_USER=postgres -p 5432:5432 -v pg_bench:/var/lib/postgresql/data postgres:18-alpine -c shared_buffers=8GB -c work_mem=32MB -c maintenance_work_mem=448MB -c max_parallel_workers_per_gather=7 -c checkpoint_completion_target=0.9009180192247785 -c random_page_cost=1.0559710176658108 -c effective_cache_size=3712MB
[DB] Waiting for PostgreSQL to be ready...
[CMD] docker exec tuning pg_isready -U postgres -h 127.0.0.1
[CMD] docker exec tuning pg_isready -U postgres -h 127.0.0.1
[DB] PostgreSQL is ready.
[TEST] Running pgbench (warmup)...
[CMD] docker exec tuning pgbench -U postgres -h 127.0.0.1 -c 32 -j 2 -T 10 benchdb
[TEST] Running pgbench (test)...
[CMD] docker exec tuning pgbench -U postgres -h 127.0.0.1 -c 64 -j 2 -T 60 benchdb
[Trial 6] TPS: 6706.36 | Latency Avg: 9.54 ms
[32m[I 2026-05-06 22:35:53,548][0m Trial 6 finished with value: 6706.364038 and parameters: {'shared_buffers': '8GB', 'work_mem': 32, 'maintenance_work_mem': 448, 'max_parallel_workers_per_gather': 7, 'checkpoint_completion_target': 0.9009180192247785, 'random_page_cost': 1.0559710176658108, 'effective_cache_size': 3712}. Best is trial 4 with value: 7032.31448.[0m

========================================
[Trial 7] Config: {'shared_buffers': '8GB', 'work_mem': '44MB', 'maintenance_work_mem': '128MB', 'max_parallel_workers_per_gather': 3, 'checkpoint_completion_target': '0.7844037928509069', 'random_page_cost': '1.2828729111737558', 'effective_cache_size': '1408MB'}
[CLEANUP] Stopping container...
[CMD] docker stop tuning || true
[CMD] docker rm tuning || true
[CMD] docker run -d --name tuning -u postgres -e POSTGRES_PASSWORD=password_test -e POSTGRES_USER=postgres -p 5432:5432 -v pg_bench:/var/lib/postgresql/data postgres:18-alpine -c shared_buffers=8GB -c work_mem=44MB -c maintenance_work_mem=128MB -c max_parallel_workers_per_gather=3 -c checkpoint_completion_target=0.7844037928509069 -c random_page_cost=1.2828729111737558 -c effective_cache_size=1408MB
[DB] Waiting for PostgreSQL to be ready...
[CMD] docker exec tuning pg_isready -U postgres -h 127.0.0.1
[CMD] docker exec tuning pg_isready -U postgres -h 127.0.0.1
[DB] PostgreSQL is ready.
[TEST] Running pgbench (warmup)...
[CMD] docker exec tuning pgbench -U postgres -h 127.0.0.1 -c 32 -j 2 -T 10 benchdb
[TEST] Running pgbench (test)...
[CMD] docker exec tuning pgbench -U postgres -h 127.0.0.1 -c 64 -j 2 -T 60 benchdb
[Trial 7] TPS: 6311.44 | Latency Avg: 10.14 ms
[32m[I 2026-05-06 22:37:09,850][0m Trial 7 finished with value: 6311.43648 and parameters: {'shared_buffers': '8GB', 'work_mem': 44, 'maintenance_work_mem': 128, 'max_parallel_workers_per_gather': 3, 'checkpoint_completion_target': 0.7844037928509069, 'random_page_cost': 1.2828729111737558, 'effective_cache_size': 1408}. Best is trial 4 with value: 7032.31448.[0m

========================================
[Trial 8] Config: {'shared_buffers': '4GB', 'work_mem': '128MB', 'maintenance_work_mem': '1024MB', 'max_parallel_workers_per_gather': 7, 'checkpoint_completion_target': '0.9270664714916634', 'random_page_cost': '1.0718685672000918', 'effective_cache_size': '640MB'}
[CLEANUP] Stopping container...
[CMD] docker stop tuning || true
[CMD] docker rm tuning || true
[CMD] docker run -d --name tuning -u postgres -e POSTGRES_PASSWORD=password_test -e POSTGRES_USER=postgres -p 5432:5432 -v pg_bench:/var/lib/postgresql/data postgres:18-alpine -c shared_buffers=4GB -c work_mem=128MB -c maintenance_work_mem=1024MB -c max_parallel_workers_per_gather=7 -c checkpoint_completion_target=0.9270664714916634 -c random_page_cost=1.0718685672000918 -c effective_cache_size=640MB
[DB] Waiting for PostgreSQL to be ready...
[CMD] docker exec tuning pg_isready -U postgres -h 127.0.0.1
[CMD] docker exec tuning pg_isready -U postgres -h 127.0.0.1
[DB] PostgreSQL is ready.
[TEST] Running pgbench (warmup)...
[CMD] docker exec tuning pgbench -U postgres -h 127.0.0.1 -c 32 -j 2 -T 10 benchdb
[TEST] Running pgbench (test)...
[CMD] docker exec tuning pgbench -U postgres -h 127.0.0.1 -c 64 -j 2 -T 60 benchdb
[Trial 8] TPS: 7920.70 | Latency Avg: 8.08 ms
[32m[I 2026-05-06 22:38:26,052][0m Trial 8 finished with value: 7920.704568 and parameters: {'shared_buffers': '4GB', 'work_mem': 128, 'maintenance_work_mem': 1024, 'max_parallel_workers_per_gather': 7, 'checkpoint_completion_target': 0.9270664714916634, 'random_page_cost': 1.0718685672000918, 'effective_cache_size': 640}. Best is trial 8 with value: 7920.704568.[0m

========================================
[Trial 9] Config: {'shared_buffers': '4GB', 'work_mem': '88MB', 'maintenance_work_mem': '832MB', 'max_parallel_workers_per_gather': 11, 'checkpoint_completion_target': '0.7466296275999635', 'random_page_cost': '1.0122325424664291', 'effective_cache_size': '2432MB'}
[CLEANUP] Stopping container...
[CMD] docker stop tuning || true
[CMD] docker rm tuning || true
[CMD] docker run -d --name tuning -u postgres -e POSTGRES_PASSWORD=password_test -e POSTGRES_USER=postgres -p 5432:5432 -v pg_bench:/var/lib/postgresql/data postgres:18-alpine -c shared_buffers=4GB -c work_mem=88MB -c maintenance_work_mem=832MB -c max_parallel_workers_per_gather=11 -c checkpoint_completion_target=0.7466296275999635 -c random_page_cost=1.0122325424664291 -c effective_cache_size=2432MB
[DB] Waiting for PostgreSQL to be ready...
[CMD] docker exec tuning pg_isready -U postgres -h 127.0.0.1
[CMD] docker exec tuning pg_isready -U postgres -h 127.0.0.1
[DB] PostgreSQL is ready.
[TEST] Running pgbench (warmup)...
[CMD] docker exec tuning pgbench -U postgres -h 127.0.0.1 -c 32 -j 2 -T 10 benchdb
[TEST] Running pgbench (test)...
[CMD] docker exec tuning pgbench -U postgres -h 127.0.0.1 -c 64 -j 2 -T 60 benchdb
[Trial 9] TPS: 6273.90 | Latency Avg: 10.20 ms
[32m[I 2026-05-06 22:39:42,350][0m Trial 9 finished with value: 6273.898169 and parameters: {'shared_buffers': '4GB', 'work_mem': 88, 'maintenance_work_mem': 832, 'max_parallel_workers_per_gather': 11, 'checkpoint_completion_target': 0.7466296275999635, 'random_page_cost': 1.0122325424664291, 'effective_cache_size': 2432}. Best is trial 8 with value: 7920.704568.[0m

========================================
[Trial 10] Config: {'shared_buffers': '2GB', 'work_mem': '120MB', 'maintenance_work_mem': '1024MB', 'max_parallel_workers_per_gather': 0, 'checkpoint_completion_target': '0.94593927331957', 'random_page_cost': '1.143935969832927', 'effective_cache_size': '128MB'}
[CLEANUP] Stopping container...
[CMD] docker stop tuning || true
[CMD] docker rm tuning || true
[CMD] docker run -d --name tuning -u postgres -e POSTGRES_PASSWORD=password_test -e POSTGRES_USER=postgres -p 5432:5432 -v pg_bench:/var/lib/postgresql/data postgres:18-alpine -c shared_buffers=2GB -c work_mem=120MB -c maintenance_work_mem=1024MB -c max_parallel_workers_per_gather=0 -c checkpoint_completion_target=0.94593927331957 -c random_page_cost=1.143935969832927 -c effective_cache_size=128MB
[DB] Waiting for PostgreSQL to be ready...
[CMD] docker exec tuning pg_isready -U postgres -h 127.0.0.1
[CMD] docker exec tuning pg_isready -U postgres -h 127.0.0.1
[DB] PostgreSQL is ready.
[TEST] Running pgbench (warmup)...
[CMD] docker exec tuning pgbench -U postgres -h 127.0.0.1 -c 32 -j 2 -T 10 benchdb
[TEST] Running pgbench (test)...
[CMD] docker exec tuning pgbench -U postgres -h 127.0.0.1 -c 64 -j 2 -T 60 benchdb
[Trial 10] TPS: 7469.14 | Latency Avg: 8.57 ms
[32m[I 2026-05-06 22:40:58,596][0m Trial 10 finished with value: 7469.139019 and parameters: {'shared_buffers': '2GB', 'work_mem': 120, 'maintenance_work_mem': 1024, 'max_parallel_workers_per_gather': 0, 'checkpoint_completion_target': 0.94593927331957, 'random_page_cost': 1.143935969832927, 'effective_cache_size': 128}. Best is trial 8 with value: 7920.704568.[0m

========================================
[Trial 11] Config: {'shared_buffers': '2GB', 'work_mem': '128MB', 'maintenance_work_mem': '1024MB', 'max_parallel_workers_per_gather': 0, 'checkpoint_completion_target': '0.9420989886554157', 'random_page_cost': '1.1387033759264937', 'effective_cache_size': '128MB'}
[CLEANUP] Stopping container...
[CMD] docker stop tuning || true
[CMD] docker rm tuning || true
[CMD] docker run -d --name tuning -u postgres -e POSTGRES_PASSWORD=password_test -e POSTGRES_USER=postgres -p 5432:5432 -v pg_bench:/var/lib/postgresql/data postgres:18-alpine -c shared_buffers=2GB -c work_mem=128MB -c maintenance_work_mem=1024MB -c max_parallel_workers_per_gather=0 -c checkpoint_completion_target=0.9420989886554157 -c random_page_cost=1.1387033759264937 -c effective_cache_size=128MB
[DB] Waiting for PostgreSQL to be ready...
[CMD] docker exec tuning pg_isready -U postgres -h 127.0.0.1
[CMD] docker exec tuning pg_isready -U postgres -h 127.0.0.1
[DB] PostgreSQL is ready.
[TEST] Running pgbench (warmup)...
[CMD] docker exec tuning pgbench -U postgres -h 127.0.0.1 -c 32 -j 2 -T 10 benchdb
[TEST] Running pgbench (test)...
[CMD] docker exec tuning pgbench -U postgres -h 127.0.0.1 -c 64 -j 2 -T 60 benchdb
[Trial 11] TPS: 6641.97 | Latency Avg: 9.64 ms
[32m[I 2026-05-06 22:42:14,518][0m Trial 11 finished with value: 6641.973463 and parameters: {'shared_buffers': '2GB', 'work_mem': 128, 'maintenance_work_mem': 1024, 'max_parallel_workers_per_gather': 0, 'checkpoint_completion_target': 0.9420989886554157, 'random_page_cost': 1.1387033759264937, 'effective_cache_size': 128}. Best is trial 8 with value: 7920.704568.[0m

========================================
[Trial 12] Config: {'shared_buffers': '2GB', 'work_mem': '104MB', 'maintenance_work_mem': '768MB', 'max_parallel_workers_per_gather': 0, 'checkpoint_completion_target': '0.9414530785768211', 'random_page_cost': '1.1301459175830957', 'effective_cache_size': '256MB'}
[CLEANUP] Stopping container...
[CMD] docker stop tuning || true
[CMD] docker rm tuning || true
[CMD] docker run -d --name tuning -u postgres -e POSTGRES_PASSWORD=password_test -e POSTGRES_USER=postgres -p 5432:5432 -v pg_bench:/var/lib/postgresql/data postgres:18-alpine -c shared_buffers=2GB -c work_mem=104MB -c maintenance_work_mem=768MB -c max_parallel_workers_per_gather=0 -c checkpoint_completion_target=0.9414530785768211 -c random_page_cost=1.1301459175830957 -c effective_cache_size=256MB
[DB] Waiting for PostgreSQL to be ready...
[CMD] docker exec tuning pg_isready -U postgres -h 127.0.0.1
[CMD] docker exec tuning pg_isready -U postgres -h 127.0.0.1
[DB] PostgreSQL is ready.
[TEST] Running pgbench (warmup)...
[CMD] docker exec tuning pgbench -U postgres -h 127.0.0.1 -c 32 -j 2 -T 10 benchdb
[TEST] Running pgbench (test)...
[CMD] docker exec tuning pgbench -U postgres -h 127.0.0.1 -c 64 -j 2 -T 60 benchdb
[Trial 12] TPS: 6037.27 | Latency Avg: 10.60 ms
