[32m[I 2026-05-07 00:55:28,058][0m Trial 116 finished with value: 7206.72889 and parameters: {'shared_buffers': '2GB', 'work_mem': 64, 'maintenance_work_mem': 960, 'max_parallel_workers_per_gather': 2, 'checkpoint_completion_target': 0.7936770631626263, 'random_page_cost': 1.0847286666247808, 'effective_cache_size': 128}. Best is trial 8 with value: 7920.704568.[0m

========================================
[Trial 117] Config: {'shared_buffers': '2GB', 'work_mem': '60MB', 'maintenance_work_mem': '384MB', 'max_parallel_workers_per_gather': 1, 'checkpoint_completion_target': '0.8872318359748788', 'random_page_cost': '1.0594855373955825', 'effective_cache_size': '256MB'}
[CLEANUP] Stopping container...
[CMD] docker stop tuning || true
[CMD] docker rm tuning || true
[CMD] docker run -d --name tuning -u postgres -e POSTGRES_PASSWORD=password_test -e POSTGRES_USER=postgres -p 5432:5432 -v pg_bench:/var/lib/postgresql/data postgres:18-alpine -c shared_buffers=2GB -c work_mem=60MB -c maintenance_work_mem=384MB -c max_parallel_workers_per_gather=1 -c checkpoint_completion_target=0.8872318359748788 -c random_page_cost=1.0594855373955825 -c effective_cache_size=256MB
[DB] Waiting for PostgreSQL to be ready...
[CMD] docker exec tuning pg_isready -U postgres -h 127.0.0.1
[CMD] docker exec tuning pg_isready -U postgres -h 127.0.0.1
[DB] PostgreSQL is ready.
[TEST] Running pgbench (warmup)...
[CMD] docker exec tuning pgbench -U postgres -h 127.0.0.1 -c 32 -j 2 -T 10 benchdb
[TEST] Running pgbench (test)...
[CMD] docker exec tuning pgbench -U postgres -h 127.0.0.1 -c 64 -j 2 -T 60 benchdb
[Trial 117] TPS: 7349.15 | Latency Avg: 8.71 ms
[32m[I 2026-05-07 00:56:44,111][0m Trial 117 finished with value: 7349.153353 and parameters: {'shared_buffers': '2GB', 'work_mem': 60, 'maintenance_work_mem': 384, 'max_parallel_workers_per_gather': 1, 'checkpoint_completion_target': 0.8872318359748788, 'random_page_cost': 1.0594855373955825, 'effective_cache_size': 256}. Best is trial 8 with value: 7920.704568.[0m

========================================
[Trial 118] Config: {'shared_buffers': '4GB', 'work_mem': '52MB', 'maintenance_work_mem': '896MB', 'max_parallel_workers_per_gather': 13, 'checkpoint_completion_target': '0.7109723739075756', 'random_page_cost': '1.0239169340895262', 'effective_cache_size': '384MB'}
[CLEANUP] Stopping container...
[CMD] docker stop tuning || true
[CMD] docker rm tuning || true
[CMD] docker run -d --name tuning -u postgres -e POSTGRES_PASSWORD=password_test -e POSTGRES_USER=postgres -p 5432:5432 -v pg_bench:/var/lib/postgresql/data postgres:18-alpine -c shared_buffers=4GB -c work_mem=52MB -c maintenance_work_mem=896MB -c max_parallel_workers_per_gather=13 -c checkpoint_completion_target=0.7109723739075756 -c random_page_cost=1.0239169340895262 -c effective_cache_size=384MB
[DB] Waiting for PostgreSQL to be ready...
[CMD] docker exec tuning pg_isready -U postgres -h 127.0.0.1
[CMD] docker exec tuning pg_isready -U postgres -h 127.0.0.1
[DB] PostgreSQL is ready.
[TEST] Running pgbench (warmup)...
[CMD] docker exec tuning pgbench -U postgres -h 127.0.0.1 -c 32 -j 2 -T 10 benchdb
[TEST] Running pgbench (test)...
[CMD] docker exec tuning pgbench -U postgres -h 127.0.0.1 -c 64 -j 2 -T 60 benchdb
[Trial 118] TPS: 7156.90 | Latency Avg: 8.94 ms
[32m[I 2026-05-07 00:58:00,139][0m Trial 118 finished with value: 7156.902977 and parameters: {'shared_buffers': '4GB', 'work_mem': 52, 'maintenance_work_mem': 896, 'max_parallel_workers_per_gather': 13, 'checkpoint_completion_target': 0.7109723739075756, 'random_page_cost': 1.0239169340895262, 'effective_cache_size': 384}. Best is trial 8 with value: 7920.704568.[0m

========================================
[Trial 119] Config: {'shared_buffers': '2GB', 'work_mem': '116MB', 'maintenance_work_mem': '448MB', 'max_parallel_workers_per_gather': 5, 'checkpoint_completion_target': '0.9239433473841371', 'random_page_cost': '1.0526244159840605', 'effective_cache_size': '3584MB'}
[CLEANUP] Stopping container...
[CMD] docker stop tuning || true
[CMD] docker rm tuning || true
[CMD] docker run -d --name tuning -u postgres -e POSTGRES_PASSWORD=password_test -e POSTGRES_USER=postgres -p 5432:5432 -v pg_bench:/var/lib/postgresql/data postgres:18-alpine -c shared_buffers=2GB -c work_mem=116MB -c maintenance_work_mem=448MB -c max_parallel_workers_per_gather=5 -c checkpoint_completion_target=0.9239433473841371 -c random_page_cost=1.0526244159840605 -c effective_cache_size=3584MB
[DB] Waiting for PostgreSQL to be ready...
[CMD] docker exec tuning pg_isready -U postgres -h 127.0.0.1
[CMD] docker exec tuning pg_isready -U postgres -h 127.0.0.1
[DB] PostgreSQL is ready.
[TEST] Running pgbench (warmup)...
[CMD] docker exec tuning pgbench -U postgres -h 127.0.0.1 -c 32 -j 2 -T 10 benchdb
[TEST] Running pgbench (test)...
[CMD] docker exec tuning pgbench -U postgres -h 127.0.0.1 -c 64 -j 2 -T 60 benchdb
[Trial 119] TPS: 7456.30 | Latency Avg: 8.58 ms
[32m[I 2026-05-07 00:59:16,325][0m Trial 119 finished with value: 7456.297568 and parameters: {'shared_buffers': '2GB', 'work_mem': 116, 'maintenance_work_mem': 448, 'max_parallel_workers_per_gather': 5, 'checkpoint_completion_target': 0.9239433473841371, 'random_page_cost': 1.0526244159840605, 'effective_cache_size': 3584}. Best is trial 8 with value: 7920.704568.[0m

========================================
[Trial 120] Config: {'shared_buffers': '2GB', 'work_mem': '68MB', 'maintenance_work_mem': '896MB', 'max_parallel_workers_per_gather': 0, 'checkpoint_completion_target': '0.7569851540782995', 'random_page_cost': '1.225911044605898', 'effective_cache_size': '128MB'}
[CLEANUP] Stopping container...
[CMD] docker stop tuning || true
[CMD] docker rm tuning || true
[CMD] docker run -d --name tuning -u postgres -e POSTGRES_PASSWORD=password_test -e POSTGRES_USER=postgres -p 5432:5432 -v pg_bench:/var/lib/postgresql/data postgres:18-alpine -c shared_buffers=2GB -c work_mem=68MB -c maintenance_work_mem=896MB -c max_parallel_workers_per_gather=0 -c checkpoint_completion_target=0.7569851540782995 -c random_page_cost=1.225911044605898 -c effective_cache_size=128MB
[DB] Waiting for PostgreSQL to be ready...
[CMD] docker exec tuning pg_isready -U postgres -h 127.0.0.1
[CMD] docker exec tuning pg_isready -U postgres -h 127.0.0.1
[DB] PostgreSQL is ready.
[TEST] Running pgbench (warmup)...
[CMD] docker exec tuning pgbench -U postgres -h 127.0.0.1 -c 32 -j 2 -T 10 benchdb
[TEST] Running pgbench (test)...
[CMD] docker exec tuning pgbench -U postgres -h 127.0.0.1 -c 64 -j 2 -T 60 benchdb
[Trial 120] TPS: 6157.00 | Latency Avg: 10.39 ms
[32m[I 2026-05-07 01:00:32,342][0m Trial 120 finished with value: 6156.995433 and parameters: {'shared_buffers': '2GB', 'work_mem': 68, 'maintenance_work_mem': 896, 'max_parallel_workers_per_gather': 0, 'checkpoint_completion_target': 0.7569851540782995, 'random_page_cost': 1.225911044605898, 'effective_cache_size': 128}. Best is trial 8 with value: 7920.704568.[0m

========================================
[Trial 121] Config: {'shared_buffers': '8GB', 'work_mem': '104MB', 'maintenance_work_mem': '832MB', 'max_parallel_workers_per_gather': 1, 'checkpoint_completion_target': '0.7014336654106754', 'random_page_cost': '1.0269912723827257', 'effective_cache_size': '256MB'}
[CLEANUP] Stopping container...
[CMD] docker stop tuning || true
[CMD] docker rm tuning || true
[CMD] docker run -d --name tuning -u postgres -e POSTGRES_PASSWORD=password_test -e POSTGRES_USER=postgres -p 5432:5432 -v pg_bench:/var/lib/postgresql/data postgres:18-alpine -c shared_buffers=8GB -c work_mem=104MB -c maintenance_work_mem=832MB -c max_parallel_workers_per_gather=1 -c checkpoint_completion_target=0.7014336654106754 -c random_page_cost=1.0269912723827257 -c effective_cache_size=256MB
[DB] Waiting for PostgreSQL to be ready...
[CMD] docker exec tuning pg_isready -U postgres -h 127.0.0.1
[CMD] docker exec tuning pg_isready -U postgres -h 127.0.0.1
[DB] PostgreSQL is ready.
[TEST] Running pgbench (warmup)...
[CMD] docker exec tuning pgbench -U postgres -h 127.0.0.1 -c 32 -j 2 -T 10 benchdb
[TEST] Running pgbench (test)...
[CMD] docker exec tuning pgbench -U postgres -h 127.0.0.1 -c 64 -j 2 -T 60 benchdb
[Trial 121] TPS: 7592.19 | Latency Avg: 8.43 ms
[32m[I 2026-05-07 01:01:48,346][0m Trial 121 finished with value: 7592.187615 and parameters: {'shared_buffers': '8GB', 'work_mem': 104, 'maintenance_work_mem': 832, 'max_parallel_workers_per_gather': 1, 'checkpoint_completion_target': 0.7014336654106754, 'random_page_cost': 1.0269912723827257, 'effective_cache_size': 256}. Best is trial 8 with value: 7920.704568.[0m

========================================
[Trial 122] Config: {'shared_buffers': '8GB', 'work_mem': '108MB', 'maintenance_work_mem': '768MB', 'max_parallel_workers_per_gather': 1, 'checkpoint_completion_target': '0.7099086331510933', 'random_page_cost': '1.0388632332058123', 'effective_cache_size': '384MB'}
[CLEANUP] Stopping container...
[CMD] docker stop tuning || true
[CMD] docker rm tuning || true
[CMD] docker run -d --name tuning -u postgres -e POSTGRES_PASSWORD=password_test -e POSTGRES_USER=postgres -p 5432:5432 -v pg_bench:/var/lib/postgresql/data postgres:18-alpine -c shared_buffers=8GB -c work_mem=108MB -c maintenance_work_mem=768MB -c max_parallel_workers_per_gather=1 -c checkpoint_completion_target=0.7099086331510933 -c random_page_cost=1.0388632332058123 -c effective_cache_size=384MB
[DB] Waiting for PostgreSQL to be ready...
[CMD] docker exec tuning pg_isready -U postgres -h 127.0.0.1
[CMD] docker exec tuning pg_isready -U postgres -h 127.0.0.1
[DB] PostgreSQL is ready.
[TEST] Running pgbench (warmup)...
[CMD] docker exec tuning pgbench -U postgres -h 127.0.0.1 -c 32 -j 2 -T 10 benchdb
[TEST] Running pgbench (test)...
[CMD] docker exec tuning pgbench -U postgres -h 127.0.0.1 -c 64 -j 2 -T 60 benchdb
[Trial 122] TPS: 7486.97 | Latency Avg: 8.55 ms
[32m[I 2026-05-07 01:03:04,456][0m Trial 122 finished with value: 7486.969603 and parameters: {'shared_buffers': '8GB', 'work_mem': 108, 'maintenance_work_mem': 768, 'max_parallel_workers_per_gather': 1, 'checkpoint_completion_target': 0.7099086331510933, 'random_page_cost': 1.0388632332058123, 'effective_cache_size': 384}. Best is trial 8 with value: 7920.704568.[0m

========================================
[Trial 123] Config: {'shared_buffers': '8GB', 'work_mem': '100MB', 'maintenance_work_mem': '832MB', 'max_parallel_workers_per_gather': 1, 'checkpoint_completion_target': '0.7677153573615142', 'random_page_cost': '1.0076874846210988', 'effective_cache_size': '256MB'}
[CLEANUP] Stopping container...
[CMD] docker stop tuning || true
[CMD] docker rm tuning || true
[CMD] docker run -d --name tuning -u postgres -e POSTGRES_PASSWORD=password_test -e POSTGRES_USER=postgres -p 5432:5432 -v pg_bench:/var/lib/postgresql/data postgres:18-alpine -c shared_buffers=8GB -c work_mem=100MB -c maintenance_work_mem=832MB -c max_parallel_workers_per_gather=1 -c checkpoint_completion_target=0.7677153573615142 -c random_page_cost=1.0076874846210988 -c effective_cache_size=256MB
[DB] Waiting for PostgreSQL to be ready...
[CMD] docker exec tuning pg_isready -U postgres -h 127.0.0.1
[CMD] docker exec tuning pg_isready -U postgres -h 127.0.0.1
[DB] PostgreSQL is ready.
[TEST] Running pgbench (warmup)...
[CMD] docker exec tuning pgbench -U postgres -h 127.0.0.1 -c 32 -j 2 -T 10 benchdb
[TEST] Running pgbench (test)...
[CMD] docker exec tuning pgbench -U postgres -h 127.0.0.1 -c 64 -j 2 -T 60 benchdb
[Trial 123] TPS: 6946.73 | Latency Avg: 9.21 ms
[32m[I 2026-05-07 01:04:20,656][0m Trial 123 finished with value: 6946.732292 and parameters: {'shared_buffers': '8GB', 'work_mem': 100, 'maintenance_work_mem': 832, 'max_parallel_workers_per_gather': 1, 'checkpoint_completion_target': 0.7677153573615142, 'random_page_cost': 1.0076874846210988, 'effective_cache_size': 256}. Best is trial 8 with value: 7920.704568.[0m

========================================
[Trial 124] Config: {'shared_buffers': '8GB', 'work_mem': '88MB', 'maintenance_work_mem': '704MB', 'max_parallel_workers_per_gather': 1, 'checkpoint_completion_target': '0.7015793996742714', 'random_page_cost': '1.0198080947761927', 'effective_cache_size': '128MB'}
[CLEANUP] Stopping container...
[CMD] docker stop tuning || true
[CMD] docker rm tuning || true
[CMD] docker run -d --name tuning -u postgres -e POSTGRES_PASSWORD=password_test -e POSTGRES_USER=postgres -p 5432:5432 -v pg_bench:/var/lib/postgresql/data postgres:18-alpine -c shared_buffers=8GB -c work_mem=88MB -c maintenance_work_mem=704MB -c max_parallel_workers_per_gather=1 -c checkpoint_completion_target=0.7015793996742714 -c random_page_cost=1.0198080947761927 -c effective_cache_size=128MB
[DB] Waiting for PostgreSQL to be ready...
[CMD] docker exec tuning pg_isready -U postgres -h 127.0.0.1
[CMD] docker exec tuning pg_isready -U postgres -h 127.0.0.1
[DB] PostgreSQL is ready.
[TEST] Running pgbench (warmup)...
[CMD] docker exec tuning pgbench -U postgres -h 127.0.0.1 -c 32 -j 2 -T 10 benchdb
[TEST] Running pgbench (test)...
[CMD] docker exec tuning pgbench -U postgres -h 127.0.0.1 -c 64 -j 2 -T 60 benchdb
[Trial 124] TPS: 6999.82 | Latency Avg: 9.14 ms
[32m[I 2026-05-07 01:05:36,895][0m Trial 124 finished with value: 6999.823926 and parameters: {'shared_buffers': '8GB', 'work_mem': 88, 'maintenance_work_mem': 704, 'max_parallel_workers_per_gather': 1, 'checkpoint_completion_target': 0.7015793996742714, 'random_page_cost': 1.0198080947761927, 'effective_cache_size': 128}. Best is trial 8 with value: 7920.704568.[0m

========================================
[Trial 125] Config: {'shared_buffers': '8GB', 'work_mem': '124MB', 'maintenance_work_mem': '896MB', 'max_parallel_workers_per_gather': 3, 'checkpoint_completion_target': '0.8988049602633804', 'random_page_cost': '1.0436224383037611', 'effective_cache_size': '512MB'}
[CLEANUP] Stopping container...
[CMD] docker stop tuning || true
[CMD] docker rm tuning || true
[CMD] docker run -d --name tuning -u postgres -e POSTGRES_PASSWORD=password_test -e POSTGRES_USER=postgres -p 5432:5432 -v pg_bench:/var/lib/postgresql/data postgres:18-alpine -c shared_buffers=8GB -c work_mem=124MB -c maintenance_work_mem=896MB -c max_parallel_workers_per_gather=3 -c checkpoint_completion_target=0.8988049602633804 -c random_page_cost=1.0436224383037611 -c effective_cache_size=512MB
[DB] Waiting for PostgreSQL to be ready...
[CMD] docker exec tuning pg_isready -U postgres -h 127.0.0.1
[CMD] docker exec tuning pg_isready -U postgres -h 127.0.0.1
[DB] PostgreSQL is ready.
[TEST] Running pgbench (warmup)...
[CMD] docker exec tuning pgbench -U postgres -h 127.0.0.1 -c 32 -j 2 -T 10 benchdb
[TEST] Running pgbench (test)...
[CMD] docker exec tuning pgbench -U postgres -h 127.0.0.1 -c 64 -j 2 -T 60 benchdb
[Trial 125] TPS: 7142.91 | Latency Avg: 8.96 ms
[32m[I 2026-05-07 01:06:53,102][0m Trial 125 finished with value: 7142.905882 and parameters: {'shared_buffers': '8GB', 'work_mem': 124, 'maintenance_work_mem': 896, 'max_parallel_workers_per_gather': 3, 'checkpoint_completion_target': 0.8988049602633804, 'random_page_cost': 1.0436224383037611, 'effective_cache_size': 512}. Best is trial 8 with value: 7920.704568.[0m

========================================
[Trial 126] Config: {'shared_buffers': '8GB', 'work_mem': '48MB', 'maintenance_work_mem': '832MB', 'max_parallel_workers_per_gather': 7, 'checkpoint_completion_target': '0.7200725939725228', 'random_page_cost': '1.0348305882540403', 'effective_cache_size': '256MB'}
[CLEANUP] Stopping container...
[CMD] docker stop tuning || true
[CMD] docker rm tuning || true
[CMD] docker run -d --name tuning -u postgres -e POSTGRES_PASSWORD=password_test -e POSTGRES_USER=postgres -p 5432:5432 -v pg_bench:/var/lib/postgresql/data postgres:18-alpine -c shared_buffers=8GB -c work_mem=48MB -c maintenance_work_mem=832MB -c max_parallel_workers_per_gather=7 -c checkpoint_completion_target=0.7200725939725228 -c random_page_cost=1.0348305882540403 -c effective_cache_size=256MB
[DB] Waiting for PostgreSQL to be ready...
[CMD] docker exec tuning pg_isready -U postgres -h 127.0.0.1
[CMD] docker exec tuning pg_isready -U postgres -h 127.0.0.1
[DB] PostgreSQL is ready.
[TEST] Running pgbench (warmup)...
[CMD] docker exec tuning pgbench -U postgres -h 127.0.0.1 -c 32 -j 2 -T 10 benchdb
[TEST] Running pgbench (test)...
[CMD] docker exec tuning pgbench -U postgres -h 127.0.0.1 -c 64 -j 2 -T 60 benchdb
[Trial 126] TPS: 7448.83 | Latency Avg: 8.59 ms
[32m[I 2026-05-07 01:08:09,378][0m Trial 126 finished with value: 7448.8335 and parameters: {'shared_buffers': '8GB', 'work_mem': 48, 'maintenance_work_mem': 832, 'max_parallel_workers_per_gather': 7, 'checkpoint_completion_target': 0.7200725939725228, 'random_page_cost': 1.0348305882540403, 'effective_cache_size': 256}. Best is trial 8 with value: 7920.704568.[0m

========================================
[Trial 127] Config: {'shared_buffers': '4GB', 'work_mem': '24MB', 'maintenance_work_mem': '960MB', 'max_parallel_workers_per_gather': 2, 'checkpoint_completion_target': '0.7454877686081791', 'random_page_cost': '1.0476303807695604', 'effective_cache_size': '384MB'}
[CLEANUP] Stopping container...
[CMD] docker stop tuning || true
[CMD] docker rm tuning || true
[CMD] docker run -d --name tuning -u postgres -e POSTGRES_PASSWORD=password_test -e POSTGRES_USER=postgres -p 5432:5432 -v pg_bench:/var/lib/postgresql/data postgres:18-alpine -c shared_buffers=4GB -c work_mem=24MB -c maintenance_work_mem=960MB -c max_parallel_workers_per_gather=2 -c checkpoint_completion_target=0.7454877686081791 -c random_page_cost=1.0476303807695604 -c effective_cache_size=384MB
[DB] Waiting for PostgreSQL to be ready...
[CMD] docker exec tuning pg_isready -U postgres -h 127.0.0.1
[CMD] docker exec tuning pg_isready -U postgres -h 127.0.0.1
[DB] PostgreSQL is ready.
[TEST] Running pgbench (warmup)...
[CMD] docker exec tuning pgbench -U postgres -h 127.0.0.1 -c 32 -j 2 -T 10 benchdb
[TEST] Running pgbench (test)...
[CMD] docker exec tuning pgbench -U postgres -h 127.0.0.1 -c 64 -j 2 -T 60 benchdb
[Trial 127] TPS: 7710.81 | Latency Avg: 8.30 ms
[32m[I 2026-05-07 01:09:25,505][0m Trial 127 finished with value: 7710.808534 and parameters: {'shared_buffers': '4GB', 'work_mem': 24, 'maintenance_work_mem': 960, 'max_parallel_workers_per_gather': 2, 'checkpoint_completion_target': 0.7454877686081791, 'random_page_cost': 1.0476303807695604, 'effective_cache_size': 384}. Best is trial 8 with value: 7920.704568.[0m

========================================
[Trial 128] Config: {'shared_buffers': '4GB', 'work_mem': '116MB', 'maintenance_work_mem': '1024MB', 'max_parallel_workers_per_gather': 2, 'checkpoint_completion_target': '0.7471648701651763', 'random_page_cost': '1.048164338519546', 'effective_cache_size': '512MB'}
[CLEANUP] Stopping container...
[CMD] docker stop tuning || true
[CMD] docker rm tuning || true
[CMD] docker run -d --name tuning -u postgres -e POSTGRES_PASSWORD=password_test -e POSTGRES_USER=postgres -p 5432:5432 -v pg_bench:/var/lib/postgresql/data postgres:18-alpine -c shared_buffers=4GB -c work_mem=116MB -c maintenance_work_mem=1024MB -c max_parallel_workers_per_gather=2 -c checkpoint_completion_target=0.7471648701651763 -c random_page_cost=1.048164338519546 -c effective_cache_size=512MB
[DB] Waiting for PostgreSQL to be ready...
[CMD] docker exec tuning pg_isready -U postgres -h 127.0.0.1
[CMD] docker exec tuning pg_isready -U postgres -h 127.0.0.1
[DB] PostgreSQL is ready.
[TEST] Running pgbench (warmup)...
[CMD] docker exec tuning pgbench -U postgres -h 127.0.0.1 -c 32 -j 2 -T 10 benchdb
[TEST] Running pgbench (test)...
[CMD] docker exec tuning pgbench -U postgres -h 127.0.0.1 -c 64 -j 2 -T 60 benchdb
[Trial 128] TPS: 6636.09 | Latency Avg: 9.64 ms
[32m[I 2026-05-07 01:10:41,775][0m Trial 128 finished with value: 6636.088908 and parameters: {'shared_buffers': '4GB', 'work_mem': 116, 'maintenance_work_mem': 1024, 'max_parallel_workers_per_gather': 2, 'checkpoint_completion_target': 0.7471648701651763, 'random_page_cost': 1.048164338519546, 'effective_cache_size': 512}. Best is trial 8 with value: 7920.704568.[0m

========================================
[Trial 129] Config: {'shared_buffers': '4GB', 'work_mem': '20MB', 'maintenance_work_mem': '960MB', 'max_parallel_workers_per_gather': 2, 'checkpoint_completion_target': '0.7437990182833258', 'random_page_cost': '1.0279061828920433', 'effective_cache_size': '640MB'}
[CLEANUP] Stopping container...
[CMD] docker stop tuning || true
[CMD] docker rm tuning || true
[CMD] docker run -d --name tuning -u postgres -e POSTGRES_PASSWORD=password_test -e POSTGRES_USER=postgres -p 5432:5432 -v pg_bench:/var/lib/postgresql/data postgres:18-alpine -c shared_buffers=4GB -c work_mem=20MB -c maintenance_work_mem=960MB -c max_parallel_workers_per_gather=2 -c checkpoint_completion_target=0.7437990182833258 -c random_page_cost=1.0279061828920433 -c effective_cache_size=640MB
[DB] Waiting for PostgreSQL to be ready...
[CMD] docker exec tuning pg_isready -U postgres -h 127.0.0.1
[CMD] docker exec tuning pg_isready -U postgres -h 127.0.0.1
[DB] PostgreSQL is ready.
[TEST] Running pgbench (warmup)...
[CMD] docker exec tuning pgbench -U postgres -h 127.0.0.1 -c 32 -j 2 -T 10 benchdb
[TEST] Running pgbench (test)...
[CMD] docker exec tuning pgbench -U postgres -h 127.0.0.1 -c 64 -j 2 -T 60 benchdb
[Trial 129] TPS: 6912.30 | Latency Avg: 9.26 ms
