[32m[I 2026-05-07 00:38:59,258][0m Trial 103 finished with value: 7402.016192 and parameters: {'shared_buffers': '2GB', 'work_mem': 60, 'maintenance_work_mem': 960, 'max_parallel_workers_per_gather': 0, 'checkpoint_completion_target': 0.7156554296848531, 'random_page_cost': 1.0892446959853317, 'effective_cache_size': 2944}. Best is trial 8 with value: 7920.704568.[0m

========================================
[Trial 104] Config: {'shared_buffers': '2GB', 'work_mem': '64MB', 'maintenance_work_mem': '896MB', 'max_parallel_workers_per_gather': 0, 'checkpoint_completion_target': '0.723584086079093', 'random_page_cost': '1.1024495278078368', 'effective_cache_size': '3840MB'}
[CLEANUP] Stopping container...
[CMD] docker stop tuning || true
[CMD] docker rm tuning || true
[CMD] docker run -d --name tuning -u postgres -e POSTGRES_PASSWORD=password_test -e POSTGRES_USER=postgres -p 5432:5432 -v pg_bench:/var/lib/postgresql/data postgres:18-alpine -c shared_buffers=2GB -c work_mem=64MB -c maintenance_work_mem=896MB -c max_parallel_workers_per_gather=0 -c checkpoint_completion_target=0.723584086079093 -c random_page_cost=1.1024495278078368 -c effective_cache_size=3840MB
[DB] Waiting for PostgreSQL to be ready...
[CMD] docker exec tuning pg_isready -U postgres -h 127.0.0.1
[CMD] docker exec tuning pg_isready -U postgres -h 127.0.0.1
[DB] PostgreSQL is ready.
[TEST] Running pgbench (warmup)...
[CMD] docker exec tuning pgbench -U postgres -h 127.0.0.1 -c 32 -j 2 -T 10 benchdb
[TEST] Running pgbench (test)...
[CMD] docker exec tuning pgbench -U postgres -h 127.0.0.1 -c 64 -j 2 -T 60 benchdb
[Trial 104] TPS: 6081.43 | Latency Avg: 10.52 ms
[32m[I 2026-05-07 00:40:15,231][0m Trial 104 finished with value: 6081.432543 and parameters: {'shared_buffers': '2GB', 'work_mem': 64, 'maintenance_work_mem': 896, 'max_parallel_workers_per_gather': 0, 'checkpoint_completion_target': 0.723584086079093, 'random_page_cost': 1.1024495278078368, 'effective_cache_size': 3840}. Best is trial 8 with value: 7920.704568.[0m

========================================
[Trial 105] Config: {'shared_buffers': '2GB', 'work_mem': '120MB', 'maintenance_work_mem': '832MB', 'max_parallel_workers_per_gather': 0, 'checkpoint_completion_target': '0.7060818949665972', 'random_page_cost': '1.0347466573491624', 'effective_cache_size': '3072MB'}
[CLEANUP] Stopping container...
[CMD] docker stop tuning || true
[CMD] docker rm tuning || true
[CMD] docker run -d --name tuning -u postgres -e POSTGRES_PASSWORD=password_test -e POSTGRES_USER=postgres -p 5432:5432 -v pg_bench:/var/lib/postgresql/data postgres:18-alpine -c shared_buffers=2GB -c work_mem=120MB -c maintenance_work_mem=832MB -c max_parallel_workers_per_gather=0 -c checkpoint_completion_target=0.7060818949665972 -c random_page_cost=1.0347466573491624 -c effective_cache_size=3072MB
[DB] Waiting for PostgreSQL to be ready...
[CMD] docker exec tuning pg_isready -U postgres -h 127.0.0.1
[CMD] docker exec tuning pg_isready -U postgres -h 127.0.0.1
[DB] PostgreSQL is ready.
[TEST] Running pgbench (warmup)...
[CMD] docker exec tuning pgbench -U postgres -h 127.0.0.1 -c 32 -j 2 -T 10 benchdb
[TEST] Running pgbench (test)...
[CMD] docker exec tuning pgbench -U postgres -h 127.0.0.1 -c 64 -j 2 -T 60 benchdb
[Trial 105] TPS: 6037.36 | Latency Avg: 10.60 ms
[32m[I 2026-05-07 00:41:31,206][0m Trial 105 finished with value: 6037.357602 and parameters: {'shared_buffers': '2GB', 'work_mem': 120, 'maintenance_work_mem': 832, 'max_parallel_workers_per_gather': 0, 'checkpoint_completion_target': 0.7060818949665972, 'random_page_cost': 1.0347466573491624, 'effective_cache_size': 3072}. Best is trial 8 with value: 7920.704568.[0m

========================================
[Trial 106] Config: {'shared_buffers': '2GB', 'work_mem': '60MB', 'maintenance_work_mem': '960MB', 'max_parallel_workers_per_gather': 0, 'checkpoint_completion_target': '0.7280882255155607', 'random_page_cost': '1.0560843624463856', 'effective_cache_size': '3200MB'}
[CLEANUP] Stopping container...
[CMD] docker stop tuning || true
[CMD] docker rm tuning || true
[CMD] docker run -d --name tuning -u postgres -e POSTGRES_PASSWORD=password_test -e POSTGRES_USER=postgres -p 5432:5432 -v pg_bench:/var/lib/postgresql/data postgres:18-alpine -c shared_buffers=2GB -c work_mem=60MB -c maintenance_work_mem=960MB -c max_parallel_workers_per_gather=0 -c checkpoint_completion_target=0.7280882255155607 -c random_page_cost=1.0560843624463856 -c effective_cache_size=3200MB
[DB] Waiting for PostgreSQL to be ready...
[CMD] docker exec tuning pg_isready -U postgres -h 127.0.0.1
[CMD] docker exec tuning pg_isready -U postgres -h 127.0.0.1
[DB] PostgreSQL is ready.
[TEST] Running pgbench (warmup)...
[CMD] docker exec tuning pgbench -U postgres -h 127.0.0.1 -c 32 -j 2 -T 10 benchdb
[TEST] Running pgbench (test)...
[CMD] docker exec tuning pgbench -U postgres -h 127.0.0.1 -c 64 -j 2 -T 60 benchdb
[Trial 106] TPS: 6142.45 | Latency Avg: 10.42 ms
[32m[I 2026-05-07 00:42:47,303][0m Trial 106 finished with value: 6142.450699 and parameters: {'shared_buffers': '2GB', 'work_mem': 60, 'maintenance_work_mem': 960, 'max_parallel_workers_per_gather': 0, 'checkpoint_completion_target': 0.7280882255155607, 'random_page_cost': 1.0560843624463856, 'effective_cache_size': 3200}. Best is trial 8 with value: 7920.704568.[0m

========================================
[Trial 107] Config: {'shared_buffers': '4GB', 'work_mem': '68MB', 'maintenance_work_mem': '768MB', 'max_parallel_workers_per_gather': 0, 'checkpoint_completion_target': '0.7409139618540813', 'random_page_cost': '1.0440229567971202', 'effective_cache_size': '3328MB'}
[CLEANUP] Stopping container...
[CMD] docker stop tuning || true
[CMD] docker rm tuning || true
[CMD] docker run -d --name tuning -u postgres -e POSTGRES_PASSWORD=password_test -e POSTGRES_USER=postgres -p 5432:5432 -v pg_bench:/var/lib/postgresql/data postgres:18-alpine -c shared_buffers=4GB -c work_mem=68MB -c maintenance_work_mem=768MB -c max_parallel_workers_per_gather=0 -c checkpoint_completion_target=0.7409139618540813 -c random_page_cost=1.0440229567971202 -c effective_cache_size=3328MB
[DB] Waiting for PostgreSQL to be ready...
[CMD] docker exec tuning pg_isready -U postgres -h 127.0.0.1
[CMD] docker exec tuning pg_isready -U postgres -h 127.0.0.1
[DB] PostgreSQL is ready.
[TEST] Running pgbench (warmup)...
[CMD] docker exec tuning pgbench -U postgres -h 127.0.0.1 -c 32 -j 2 -T 10 benchdb
[TEST] Running pgbench (test)...
[CMD] docker exec tuning pgbench -U postgres -h 127.0.0.1 -c 64 -j 2 -T 60 benchdb
[Trial 107] TPS: 6553.44 | Latency Avg: 9.77 ms
[32m[I 2026-05-07 00:44:03,397][0m Trial 107 finished with value: 6553.437389 and parameters: {'shared_buffers': '4GB', 'work_mem': 68, 'maintenance_work_mem': 768, 'max_parallel_workers_per_gather': 0, 'checkpoint_completion_target': 0.7409139618540813, 'random_page_cost': 1.0440229567971202, 'effective_cache_size': 3328}. Best is trial 8 with value: 7920.704568.[0m

========================================
[Trial 108] Config: {'shared_buffers': '2GB', 'work_mem': '52MB', 'maintenance_work_mem': '832MB', 'max_parallel_workers_per_gather': 13, 'checkpoint_completion_target': '0.7160686708563844', 'random_page_cost': '1.2519149841147656', 'effective_cache_size': '3328MB'}
[CLEANUP] Stopping container...
[CMD] docker stop tuning || true
[CMD] docker rm tuning || true
[CMD] docker run -d --name tuning -u postgres -e POSTGRES_PASSWORD=password_test -e POSTGRES_USER=postgres -p 5432:5432 -v pg_bench:/var/lib/postgresql/data postgres:18-alpine -c shared_buffers=2GB -c work_mem=52MB -c maintenance_work_mem=832MB -c max_parallel_workers_per_gather=13 -c checkpoint_completion_target=0.7160686708563844 -c random_page_cost=1.2519149841147656 -c effective_cache_size=3328MB
[DB] Waiting for PostgreSQL to be ready...
[CMD] docker exec tuning pg_isready -U postgres -h 127.0.0.1
[CMD] docker exec tuning pg_isready -U postgres -h 127.0.0.1
[DB] PostgreSQL is ready.
[TEST] Running pgbench (warmup)...
[CMD] docker exec tuning pgbench -U postgres -h 127.0.0.1 -c 32 -j 2 -T 10 benchdb
[TEST] Running pgbench (test)...
[CMD] docker exec tuning pgbench -U postgres -h 127.0.0.1 -c 64 -j 2 -T 60 benchdb
[Trial 108] TPS: 6349.32 | Latency Avg: 10.08 ms
[32m[I 2026-05-07 00:45:19,719][0m Trial 108 finished with value: 6349.323456 and parameters: {'shared_buffers': '2GB', 'work_mem': 52, 'maintenance_work_mem': 832, 'max_parallel_workers_per_gather': 13, 'checkpoint_completion_target': 0.7160686708563844, 'random_page_cost': 1.2519149841147656, 'effective_cache_size': 3328}. Best is trial 8 with value: 7920.704568.[0m

========================================
[Trial 109] Config: {'shared_buffers': '8GB', 'work_mem': '56MB', 'maintenance_work_mem': '1024MB', 'max_parallel_workers_per_gather': 0, 'checkpoint_completion_target': '0.7315550598903502', 'random_page_cost': '1.119472714265693', 'effective_cache_size': '2688MB'}
[CLEANUP] Stopping container...
[CMD] docker stop tuning || true
[CMD] docker rm tuning || true
[CMD] docker run -d --name tuning -u postgres -e POSTGRES_PASSWORD=password_test -e POSTGRES_USER=postgres -p 5432:5432 -v pg_bench:/var/lib/postgresql/data postgres:18-alpine -c shared_buffers=8GB -c work_mem=56MB -c maintenance_work_mem=1024MB -c max_parallel_workers_per_gather=0 -c checkpoint_completion_target=0.7315550598903502 -c random_page_cost=1.119472714265693 -c effective_cache_size=2688MB
[DB] Waiting for PostgreSQL to be ready...
[CMD] docker exec tuning pg_isready -U postgres -h 127.0.0.1
[CMD] docker exec tuning pg_isready -U postgres -h 127.0.0.1
[DB] PostgreSQL is ready.
[TEST] Running pgbench (warmup)...
[CMD] docker exec tuning pgbench -U postgres -h 127.0.0.1 -c 32 -j 2 -T 10 benchdb
[TEST] Running pgbench (test)...
[CMD] docker exec tuning pgbench -U postgres -h 127.0.0.1 -c 64 -j 2 -T 60 benchdb
[Trial 109] TPS: 6605.15 | Latency Avg: 9.69 ms
[32m[I 2026-05-07 00:46:35,660][0m Trial 109 finished with value: 6605.150154 and parameters: {'shared_buffers': '8GB', 'work_mem': 56, 'maintenance_work_mem': 1024, 'max_parallel_workers_per_gather': 0, 'checkpoint_completion_target': 0.7315550598903502, 'random_page_cost': 1.119472714265693, 'effective_cache_size': 2688}. Best is trial 8 with value: 7920.704568.[0m

========================================
[Trial 110] Config: {'shared_buffers': '2GB', 'work_mem': '72MB', 'maintenance_work_mem': '960MB', 'max_parallel_workers_per_gather': 7, 'checkpoint_completion_target': '0.7502557213316378', 'random_page_cost': '1.0297339745372653', 'effective_cache_size': '1408MB'}
[CLEANUP] Stopping container...
[CMD] docker stop tuning || true
[CMD] docker rm tuning || true
[CMD] docker run -d --name tuning -u postgres -e POSTGRES_PASSWORD=password_test -e POSTGRES_USER=postgres -p 5432:5432 -v pg_bench:/var/lib/postgresql/data postgres:18-alpine -c shared_buffers=2GB -c work_mem=72MB -c maintenance_work_mem=960MB -c max_parallel_workers_per_gather=7 -c checkpoint_completion_target=0.7502557213316378 -c random_page_cost=1.0297339745372653 -c effective_cache_size=1408MB
[DB] Waiting for PostgreSQL to be ready...
[CMD] docker exec tuning pg_isready -U postgres -h 127.0.0.1
[CMD] docker exec tuning pg_isready -U postgres -h 127.0.0.1
[DB] PostgreSQL is ready.
[TEST] Running pgbench (warmup)...
[CMD] docker exec tuning pgbench -U postgres -h 127.0.0.1 -c 32 -j 2 -T 10 benchdb
[TEST] Running pgbench (test)...
[CMD] docker exec tuning pgbench -U postgres -h 127.0.0.1 -c 64 -j 2 -T 60 benchdb
[Trial 110] TPS: 7416.95 | Latency Avg: 8.63 ms
[32m[I 2026-05-07 00:47:51,855][0m Trial 110 finished with value: 7416.946226 and parameters: {'shared_buffers': '2GB', 'work_mem': 72, 'maintenance_work_mem': 960, 'max_parallel_workers_per_gather': 7, 'checkpoint_completion_target': 0.7502557213316378, 'random_page_cost': 1.0297339745372653, 'effective_cache_size': 1408}. Best is trial 8 with value: 7920.704568.[0m

========================================
[Trial 111] Config: {'shared_buffers': '2GB', 'work_mem': '56MB', 'maintenance_work_mem': '576MB', 'max_parallel_workers_per_gather': 2, 'checkpoint_completion_target': '0.7034994739221745', 'random_page_cost': '1.093649803623885', 'effective_cache_size': '256MB'}
[CLEANUP] Stopping container...
[CMD] docker stop tuning || true
[CMD] docker rm tuning || true
[CMD] docker run -d --name tuning -u postgres -e POSTGRES_PASSWORD=password_test -e POSTGRES_USER=postgres -p 5432:5432 -v pg_bench:/var/lib/postgresql/data postgres:18-alpine -c shared_buffers=2GB -c work_mem=56MB -c maintenance_work_mem=576MB -c max_parallel_workers_per_gather=2 -c checkpoint_completion_target=0.7034994739221745 -c random_page_cost=1.093649803623885 -c effective_cache_size=256MB
[DB] Waiting for PostgreSQL to be ready...
[CMD] docker exec tuning pg_isready -U postgres -h 127.0.0.1
[CMD] docker exec tuning pg_isready -U postgres -h 127.0.0.1
[DB] PostgreSQL is ready.
[TEST] Running pgbench (warmup)...
[CMD] docker exec tuning pgbench -U postgres -h 127.0.0.1 -c 32 -j 2 -T 10 benchdb
[TEST] Running pgbench (test)...
[CMD] docker exec tuning pgbench -U postgres -h 127.0.0.1 -c 64 -j 2 -T 60 benchdb
[Trial 111] TPS: 6088.52 | Latency Avg: 10.51 ms
[32m[I 2026-05-07 00:49:07,725][0m Trial 111 finished with value: 6088.519061 and parameters: {'shared_buffers': '2GB', 'work_mem': 56, 'maintenance_work_mem': 576, 'max_parallel_workers_per_gather': 2, 'checkpoint_completion_target': 0.7034994739221745, 'random_page_cost': 1.093649803623885, 'effective_cache_size': 256}. Best is trial 8 with value: 7920.704568.[0m

========================================
[Trial 112] Config: {'shared_buffers': '2GB', 'work_mem': '108MB', 'maintenance_work_mem': '896MB', 'max_parallel_workers_per_gather': 3, 'checkpoint_completion_target': '0.8244670789826475', 'random_page_cost': '1.067352830528443', 'effective_cache_size': '1920MB'}
[CLEANUP] Stopping container...
[CMD] docker stop tuning || true
[CMD] docker rm tuning || true
[CMD] docker run -d --name tuning -u postgres -e POSTGRES_PASSWORD=password_test -e POSTGRES_USER=postgres -p 5432:5432 -v pg_bench:/var/lib/postgresql/data postgres:18-alpine -c shared_buffers=2GB -c work_mem=108MB -c maintenance_work_mem=896MB -c max_parallel_workers_per_gather=3 -c checkpoint_completion_target=0.8244670789826475 -c random_page_cost=1.067352830528443 -c effective_cache_size=1920MB
[DB] Waiting for PostgreSQL to be ready...
[CMD] docker exec tuning pg_isready -U postgres -h 127.0.0.1
[CMD] docker exec tuning pg_isready -U postgres -h 127.0.0.1
[DB] PostgreSQL is ready.
[TEST] Running pgbench (warmup)...
[CMD] docker exec tuning pgbench -U postgres -h 127.0.0.1 -c 32 -j 2 -T 10 benchdb
[TEST] Running pgbench (test)...
[CMD] docker exec tuning pgbench -U postgres -h 127.0.0.1 -c 64 -j 2 -T 60 benchdb
[Trial 112] TPS: 6332.33 | Latency Avg: 10.11 ms
[32m[I 2026-05-07 00:50:23,778][0m Trial 112 finished with value: 6332.331793 and parameters: {'shared_buffers': '2GB', 'work_mem': 108, 'maintenance_work_mem': 896, 'max_parallel_workers_per_gather': 3, 'checkpoint_completion_target': 0.8244670789826475, 'random_page_cost': 1.067352830528443, 'effective_cache_size': 1920}. Best is trial 8 with value: 7920.704568.[0m

========================================
[Trial 113] Config: {'shared_buffers': '2GB', 'work_mem': '48MB', 'maintenance_work_mem': '512MB', 'max_parallel_workers_per_gather': 5, 'checkpoint_completion_target': '0.871991191003351', 'random_page_cost': '1.1061865231387542', 'effective_cache_size': '384MB'}
[CLEANUP] Stopping container...
[CMD] docker stop tuning || true
[CMD] docker rm tuning || true
[CMD] docker run -d --name tuning -u postgres -e POSTGRES_PASSWORD=password_test -e POSTGRES_USER=postgres -p 5432:5432 -v pg_bench:/var/lib/postgresql/data postgres:18-alpine -c shared_buffers=2GB -c work_mem=48MB -c maintenance_work_mem=512MB -c max_parallel_workers_per_gather=5 -c checkpoint_completion_target=0.871991191003351 -c random_page_cost=1.1061865231387542 -c effective_cache_size=384MB
[DB] Waiting for PostgreSQL to be ready...
[CMD] docker exec tuning pg_isready -U postgres -h 127.0.0.1
[CMD] docker exec tuning pg_isready -U postgres -h 127.0.0.1
[DB] PostgreSQL is ready.
[TEST] Running pgbench (warmup)...
[CMD] docker exec tuning pgbench -U postgres -h 127.0.0.1 -c 32 -j 2 -T 10 benchdb
[TEST] Running pgbench (test)...
[CMD] docker exec tuning pgbench -U postgres -h 127.0.0.1 -c 64 -j 2 -T 60 benchdb
[Trial 113] TPS: 6440.81 | Latency Avg: 9.94 ms
[32m[I 2026-05-07 00:51:39,817][0m Trial 113 finished with value: 6440.807356 and parameters: {'shared_buffers': '2GB', 'work_mem': 48, 'maintenance_work_mem': 512, 'max_parallel_workers_per_gather': 5, 'checkpoint_completion_target': 0.871991191003351, 'random_page_cost': 1.1061865231387542, 'effective_cache_size': 384}. Best is trial 8 with value: 7920.704568.[0m

========================================
[Trial 114] Config: {'shared_buffers': '2GB', 'work_mem': '16MB', 'maintenance_work_mem': '832MB', 'max_parallel_workers_per_gather': 5, 'checkpoint_completion_target': '0.7234628559118266', 'random_page_cost': '1.078300737015411', 'effective_cache_size': '512MB'}
[CLEANUP] Stopping container...
[CMD] docker stop tuning || true
[CMD] docker rm tuning || true
[CMD] docker run -d --name tuning -u postgres -e POSTGRES_PASSWORD=password_test -e POSTGRES_USER=postgres -p 5432:5432 -v pg_bench:/var/lib/postgresql/data postgres:18-alpine -c shared_buffers=2GB -c work_mem=16MB -c maintenance_work_mem=832MB -c max_parallel_workers_per_gather=5 -c checkpoint_completion_target=0.7234628559118266 -c random_page_cost=1.078300737015411 -c effective_cache_size=512MB
[DB] Waiting for PostgreSQL to be ready...
[CMD] docker exec tuning pg_isready -U postgres -h 127.0.0.1
[CMD] docker exec tuning pg_isready -U postgres -h 127.0.0.1
[DB] PostgreSQL is ready.
[TEST] Running pgbench (warmup)...
[CMD] docker exec tuning pgbench -U postgres -h 127.0.0.1 -c 32 -j 2 -T 10 benchdb
[TEST] Running pgbench (test)...
[CMD] docker exec tuning pgbench -U postgres -h 127.0.0.1 -c 64 -j 2 -T 60 benchdb
[Trial 114] TPS: 6585.54 | Latency Avg: 9.72 ms
[32m[I 2026-05-07 00:52:55,855][0m Trial 114 finished with value: 6585.539765 and parameters: {'shared_buffers': '2GB', 'work_mem': 16, 'maintenance_work_mem': 832, 'max_parallel_workers_per_gather': 5, 'checkpoint_completion_target': 0.7234628559118266, 'random_page_cost': 1.078300737015411, 'effective_cache_size': 512}. Best is trial 8 with value: 7920.704568.[0m

========================================
[Trial 115] Config: {'shared_buffers': '4GB', 'work_mem': '32MB', 'maintenance_work_mem': '192MB', 'max_parallel_workers_per_gather': 9, 'checkpoint_completion_target': '0.7764178990983849', 'random_page_cost': '1.073409267872863', 'effective_cache_size': '2304MB'}
[CLEANUP] Stopping container...
[CMD] docker stop tuning || true
[CMD] docker rm tuning || true
[CMD] docker run -d --name tuning -u postgres -e POSTGRES_PASSWORD=password_test -e POSTGRES_USER=postgres -p 5432:5432 -v pg_bench:/var/lib/postgresql/data postgres:18-alpine -c shared_buffers=4GB -c work_mem=32MB -c maintenance_work_mem=192MB -c max_parallel_workers_per_gather=9 -c checkpoint_completion_target=0.7764178990983849 -c random_page_cost=1.073409267872863 -c effective_cache_size=2304MB
[DB] Waiting for PostgreSQL to be ready...
[CMD] docker exec tuning pg_isready -U postgres -h 127.0.0.1
[CMD] docker exec tuning pg_isready -U postgres -h 127.0.0.1
[DB] PostgreSQL is ready.
[TEST] Running pgbench (warmup)...
[CMD] docker exec tuning pgbench -U postgres -h 127.0.0.1 -c 32 -j 2 -T 10 benchdb
[TEST] Running pgbench (test)...
[CMD] docker exec tuning pgbench -U postgres -h 127.0.0.1 -c 64 -j 2 -T 60 benchdb
[Trial 115] TPS: 7277.11 | Latency Avg: 8.79 ms
[32m[I 2026-05-07 00:54:11,731][0m Trial 115 finished with value: 7277.106619 and parameters: {'shared_buffers': '4GB', 'work_mem': 32, 'maintenance_work_mem': 192, 'max_parallel_workers_per_gather': 9, 'checkpoint_completion_target': 0.7764178990983849, 'random_page_cost': 1.073409267872863, 'effective_cache_size': 2304}. Best is trial 8 with value: 7920.704568.[0m

========================================
[Trial 116] Config: {'shared_buffers': '2GB', 'work_mem': '64MB', 'maintenance_work_mem': '960MB', 'max_parallel_workers_per_gather': 2, 'checkpoint_completion_target': '0.7936770631626263', 'random_page_cost': '1.0847286666247808', 'effective_cache_size': '128MB'}
[CLEANUP] Stopping container...
[CMD] docker stop tuning || true
[CMD] docker rm tuning || true
[CMD] docker run -d --name tuning -u postgres -e POSTGRES_PASSWORD=password_test -e POSTGRES_USER=postgres -p 5432:5432 -v pg_bench:/var/lib/postgresql/data postgres:18-alpine -c shared_buffers=2GB -c work_mem=64MB -c maintenance_work_mem=960MB -c max_parallel_workers_per_gather=2 -c checkpoint_completion_target=0.7936770631626263 -c random_page_cost=1.0847286666247808 -c effective_cache_size=128MB
[DB] Waiting for PostgreSQL to be ready...
[CMD] docker exec tuning pg_isready -U postgres -h 127.0.0.1
[CMD] docker exec tuning pg_isready -U postgres -h 127.0.0.1
[DB] PostgreSQL is ready.
[TEST] Running pgbench (warmup)...
[CMD] docker exec tuning pgbench -U postgres -h 127.0.0.1 -c 32 -j 2 -T 10 benchdb
[TEST] Running pgbench (test)...
[CMD] docker exec tuning pgbench -U postgres -h 127.0.0.1 -c 64 -j 2 -T 60 benchdb
[Trial 116] TPS: 7206.73 | Latency Avg: 8.88 ms
