[32m[I 2026-05-06 23:49:29,822][0m Trial 64 finished with value: 7126.724148 and parameters: {'shared_buffers': '2GB', 'work_mem': 96, 'maintenance_work_mem': 640, 'max_parallel_workers_per_gather': 9, 'checkpoint_completion_target': 0.7284331375803247, 'random_page_cost': 1.027860191199654, 'effective_cache_size': 128}. Best is trial 8 with value: 7920.704568.[0m

========================================
[Trial 65] Config: {'shared_buffers': '8GB', 'work_mem': '40MB', 'maintenance_work_mem': '832MB', 'max_parallel_workers_per_gather': 7, 'checkpoint_completion_target': '0.7607941448092677', 'random_page_cost': '1.043377834196063', 'effective_cache_size': '640MB'}
[CLEANUP] Stopping container...
[CMD] docker stop tuning || true
[CMD] docker rm tuning || true
[CMD] docker run -d --name tuning -u postgres -e POSTGRES_PASSWORD=password_test -e POSTGRES_USER=postgres -p 5432:5432 -v pg_bench:/var/lib/postgresql/data postgres:18-alpine -c shared_buffers=8GB -c work_mem=40MB -c maintenance_work_mem=832MB -c max_parallel_workers_per_gather=7 -c checkpoint_completion_target=0.7607941448092677 -c random_page_cost=1.043377834196063 -c effective_cache_size=640MB
[DB] Waiting for PostgreSQL to be ready...
[CMD] docker exec tuning pg_isready -U postgres -h 127.0.0.1
[CMD] docker exec tuning pg_isready -U postgres -h 127.0.0.1
[DB] PostgreSQL is ready.
[TEST] Running pgbench (warmup)...
[CMD] docker exec tuning pgbench -U postgres -h 127.0.0.1 -c 32 -j 2 -T 10 benchdb
[TEST] Running pgbench (test)...
[CMD] docker exec tuning pgbench -U postgres -h 127.0.0.1 -c 64 -j 2 -T 60 benchdb
[Trial 65] TPS: 7321.94 | Latency Avg: 8.74 ms
[32m[I 2026-05-06 23:50:45,879][0m Trial 65 finished with value: 7321.942799 and parameters: {'shared_buffers': '8GB', 'work_mem': 40, 'maintenance_work_mem': 832, 'max_parallel_workers_per_gather': 7, 'checkpoint_completion_target': 0.7607941448092677, 'random_page_cost': 1.043377834196063, 'effective_cache_size': 640}. Best is trial 8 with value: 7920.704568.[0m

========================================
[Trial 66] Config: {'shared_buffers': '2GB', 'work_mem': '120MB', 'maintenance_work_mem': '1024MB', 'max_parallel_workers_per_gather': 5, 'checkpoint_completion_target': '0.9056883379945684', 'random_page_cost': '1.0143257756820616', 'effective_cache_size': '256MB'}
[CLEANUP] Stopping container...
[CMD] docker stop tuning || true
[CMD] docker rm tuning || true
[CMD] docker run -d --name tuning -u postgres -e POSTGRES_PASSWORD=password_test -e POSTGRES_USER=postgres -p 5432:5432 -v pg_bench:/var/lib/postgresql/data postgres:18-alpine -c shared_buffers=2GB -c work_mem=120MB -c maintenance_work_mem=1024MB -c max_parallel_workers_per_gather=5 -c checkpoint_completion_target=0.9056883379945684 -c random_page_cost=1.0143257756820616 -c effective_cache_size=256MB
[DB] Waiting for PostgreSQL to be ready...
[CMD] docker exec tuning pg_isready -U postgres -h 127.0.0.1
[CMD] docker exec tuning pg_isready -U postgres -h 127.0.0.1
[DB] PostgreSQL is ready.
[TEST] Running pgbench (warmup)...
[CMD] docker exec tuning pgbench -U postgres -h 127.0.0.1 -c 32 -j 2 -T 10 benchdb
[TEST] Running pgbench (test)...
[CMD] docker exec tuning pgbench -U postgres -h 127.0.0.1 -c 64 -j 2 -T 60 benchdb
[Trial 66] TPS: 7317.54 | Latency Avg: 8.75 ms
[32m[I 2026-05-06 23:52:02,195][0m Trial 66 finished with value: 7317.537645 and parameters: {'shared_buffers': '2GB', 'work_mem': 120, 'maintenance_work_mem': 1024, 'max_parallel_workers_per_gather': 5, 'checkpoint_completion_target': 0.9056883379945684, 'random_page_cost': 1.0143257756820616, 'effective_cache_size': 256}. Best is trial 8 with value: 7920.704568.[0m

========================================
[Trial 67] Config: {'shared_buffers': '2GB', 'work_mem': '80MB', 'maintenance_work_mem': '896MB', 'max_parallel_workers_per_gather': 1, 'checkpoint_completion_target': '0.7462984729283711', 'random_page_cost': '1.0577868738611906', 'effective_cache_size': '256MB'}
[CLEANUP] Stopping container...
[CMD] docker stop tuning || true
[CMD] docker rm tuning || true
[CMD] docker run -d --name tuning -u postgres -e POSTGRES_PASSWORD=password_test -e POSTGRES_USER=postgres -p 5432:5432 -v pg_bench:/var/lib/postgresql/data postgres:18-alpine -c shared_buffers=2GB -c work_mem=80MB -c maintenance_work_mem=896MB -c max_parallel_workers_per_gather=1 -c checkpoint_completion_target=0.7462984729283711 -c random_page_cost=1.0577868738611906 -c effective_cache_size=256MB
[DB] Waiting for PostgreSQL to be ready...
[CMD] docker exec tuning pg_isready -U postgres -h 127.0.0.1
[CMD] docker exec tuning pg_isready -U postgres -h 127.0.0.1
[DB] PostgreSQL is ready.
[TEST] Running pgbench (warmup)...
[CMD] docker exec tuning pgbench -U postgres -h 127.0.0.1 -c 32 -j 2 -T 10 benchdb
[TEST] Running pgbench (test)...
[CMD] docker exec tuning pgbench -U postgres -h 127.0.0.1 -c 64 -j 2 -T 60 benchdb
[Trial 67] TPS: 7314.87 | Latency Avg: 8.75 ms
[32m[I 2026-05-06 23:53:18,187][0m Trial 67 finished with value: 7314.871346 and parameters: {'shared_buffers': '2GB', 'work_mem': 80, 'maintenance_work_mem': 896, 'max_parallel_workers_per_gather': 1, 'checkpoint_completion_target': 0.7462984729283711, 'random_page_cost': 1.0577868738611906, 'effective_cache_size': 256}. Best is trial 8 with value: 7920.704568.[0m

========================================
[Trial 68] Config: {'shared_buffers': '4GB', 'work_mem': '64MB', 'maintenance_work_mem': '896MB', 'max_parallel_workers_per_gather': 2, 'checkpoint_completion_target': '0.7658879043008789', 'random_page_cost': '1.2108926723222506', 'effective_cache_size': '512MB'}
[CLEANUP] Stopping container...
[CMD] docker stop tuning || true
[CMD] docker rm tuning || true
[CMD] docker run -d --name tuning -u postgres -e POSTGRES_PASSWORD=password_test -e POSTGRES_USER=postgres -p 5432:5432 -v pg_bench:/var/lib/postgresql/data postgres:18-alpine -c shared_buffers=4GB -c work_mem=64MB -c maintenance_work_mem=896MB -c max_parallel_workers_per_gather=2 -c checkpoint_completion_target=0.7658879043008789 -c random_page_cost=1.2108926723222506 -c effective_cache_size=512MB
[DB] Waiting for PostgreSQL to be ready...
[CMD] docker exec tuning pg_isready -U postgres -h 127.0.0.1
[CMD] docker exec tuning pg_isready -U postgres -h 127.0.0.1
[DB] PostgreSQL is ready.
[TEST] Running pgbench (warmup)...
[CMD] docker exec tuning pgbench -U postgres -h 127.0.0.1 -c 32 -j 2 -T 10 benchdb
[TEST] Running pgbench (test)...
[CMD] docker exec tuning pgbench -U postgres -h 127.0.0.1 -c 64 -j 2 -T 60 benchdb
[Trial 68] TPS: 7592.83 | Latency Avg: 8.43 ms
[32m[I 2026-05-06 23:54:34,222][0m Trial 68 finished with value: 7592.825617 and parameters: {'shared_buffers': '4GB', 'work_mem': 64, 'maintenance_work_mem': 896, 'max_parallel_workers_per_gather': 2, 'checkpoint_completion_target': 0.7658879043008789, 'random_page_cost': 1.2108926723222506, 'effective_cache_size': 512}. Best is trial 8 with value: 7920.704568.[0m

========================================
[Trial 69] Config: {'shared_buffers': '4GB', 'work_mem': '64MB', 'maintenance_work_mem': '576MB', 'max_parallel_workers_per_gather': 2, 'checkpoint_completion_target': '0.7806441697116996', 'random_page_cost': '1.2368700890265332', 'effective_cache_size': '768MB'}
[CLEANUP] Stopping container...
[CMD] docker stop tuning || true
[CMD] docker rm tuning || true
[CMD] docker run -d --name tuning -u postgres -e POSTGRES_PASSWORD=password_test -e POSTGRES_USER=postgres -p 5432:5432 -v pg_bench:/var/lib/postgresql/data postgres:18-alpine -c shared_buffers=4GB -c work_mem=64MB -c maintenance_work_mem=576MB -c max_parallel_workers_per_gather=2 -c checkpoint_completion_target=0.7806441697116996 -c random_page_cost=1.2368700890265332 -c effective_cache_size=768MB
[DB] Waiting for PostgreSQL to be ready...
[CMD] docker exec tuning pg_isready -U postgres -h 127.0.0.1
[CMD] docker exec tuning pg_isready -U postgres -h 127.0.0.1
[DB] PostgreSQL is ready.
[TEST] Running pgbench (warmup)...
[CMD] docker exec tuning pgbench -U postgres -h 127.0.0.1 -c 32 -j 2 -T 10 benchdb
[TEST] Running pgbench (test)...
[CMD] docker exec tuning pgbench -U postgres -h 127.0.0.1 -c 64 -j 2 -T 60 benchdb
[Trial 69] TPS: 7327.02 | Latency Avg: 8.73 ms
[32m[I 2026-05-06 23:55:50,459][0m Trial 69 finished with value: 7327.016641 and parameters: {'shared_buffers': '4GB', 'work_mem': 64, 'maintenance_work_mem': 576, 'max_parallel_workers_per_gather': 2, 'checkpoint_completion_target': 0.7806441697116996, 'random_page_cost': 1.2368700890265332, 'effective_cache_size': 768}. Best is trial 8 with value: 7920.704568.[0m

========================================
[Trial 70] Config: {'shared_buffers': '4GB', 'work_mem': '72MB', 'maintenance_work_mem': '960MB', 'max_parallel_workers_per_gather': 2, 'checkpoint_completion_target': '0.854510178222115', 'random_page_cost': '1.1772073077803955', 'effective_cache_size': '1152MB'}
[CLEANUP] Stopping container...
[CMD] docker stop tuning || true
[CMD] docker rm tuning || true
[CMD] docker run -d --name tuning -u postgres -e POSTGRES_PASSWORD=password_test -e POSTGRES_USER=postgres -p 5432:5432 -v pg_bench:/var/lib/postgresql/data postgres:18-alpine -c shared_buffers=4GB -c work_mem=72MB -c maintenance_work_mem=960MB -c max_parallel_workers_per_gather=2 -c checkpoint_completion_target=0.854510178222115 -c random_page_cost=1.1772073077803955 -c effective_cache_size=1152MB
[DB] Waiting for PostgreSQL to be ready...
[CMD] docker exec tuning pg_isready -U postgres -h 127.0.0.1
[CMD] docker exec tuning pg_isready -U postgres -h 127.0.0.1
[DB] PostgreSQL is ready.
[TEST] Running pgbench (warmup)...
[CMD] docker exec tuning pgbench -U postgres -h 127.0.0.1 -c 32 -j 2 -T 10 benchdb
[TEST] Running pgbench (test)...
[CMD] docker exec tuning pgbench -U postgres -h 127.0.0.1 -c 64 -j 2 -T 60 benchdb
[Trial 70] TPS: 7010.61 | Latency Avg: 9.13 ms
[32m[I 2026-05-06 23:57:06,758][0m Trial 70 finished with value: 7010.607653 and parameters: {'shared_buffers': '4GB', 'work_mem': 72, 'maintenance_work_mem': 960, 'max_parallel_workers_per_gather': 2, 'checkpoint_completion_target': 0.854510178222115, 'random_page_cost': 1.1772073077803955, 'effective_cache_size': 1152}. Best is trial 8 with value: 7920.704568.[0m

========================================
[Trial 71] Config: {'shared_buffers': '4GB', 'work_mem': '60MB', 'maintenance_work_mem': '896MB', 'max_parallel_workers_per_gather': 2, 'checkpoint_completion_target': '0.7648098500521258', 'random_page_cost': '1.1932738579690665', 'effective_cache_size': '512MB'}
[CLEANUP] Stopping container...
[CMD] docker stop tuning || true
[CMD] docker rm tuning || true
[CMD] docker run -d --name tuning -u postgres -e POSTGRES_PASSWORD=password_test -e POSTGRES_USER=postgres -p 5432:5432 -v pg_bench:/var/lib/postgresql/data postgres:18-alpine -c shared_buffers=4GB -c work_mem=60MB -c maintenance_work_mem=896MB -c max_parallel_workers_per_gather=2 -c checkpoint_completion_target=0.7648098500521258 -c random_page_cost=1.1932738579690665 -c effective_cache_size=512MB
[DB] Waiting for PostgreSQL to be ready...
[CMD] docker exec tuning pg_isready -U postgres -h 127.0.0.1
[CMD] docker exec tuning pg_isready -U postgres -h 127.0.0.1
[DB] PostgreSQL is ready.
[TEST] Running pgbench (warmup)...
[CMD] docker exec tuning pgbench -U postgres -h 127.0.0.1 -c 32 -j 2 -T 10 benchdb
[TEST] Running pgbench (test)...
[CMD] docker exec tuning pgbench -U postgres -h 127.0.0.1 -c 64 -j 2 -T 60 benchdb
[Trial 71] TPS: 6248.36 | Latency Avg: 10.24 ms
[32m[I 2026-05-06 23:58:23,064][0m Trial 71 finished with value: 6248.361154 and parameters: {'shared_buffers': '4GB', 'work_mem': 60, 'maintenance_work_mem': 896, 'max_parallel_workers_per_gather': 2, 'checkpoint_completion_target': 0.7648098500521258, 'random_page_cost': 1.1932738579690665, 'effective_cache_size': 512}. Best is trial 8 with value: 7920.704568.[0m

========================================
[Trial 72] Config: {'shared_buffers': '4GB', 'work_mem': '128MB', 'maintenance_work_mem': '768MB', 'max_parallel_workers_per_gather': 7, 'checkpoint_completion_target': '0.7499282990043304', 'random_page_cost': '1.2001443407558945', 'effective_cache_size': '384MB'}
[CLEANUP] Stopping container...
[CMD] docker stop tuning || true
[CMD] docker rm tuning || true
[CMD] docker run -d --name tuning -u postgres -e POSTGRES_PASSWORD=password_test -e POSTGRES_USER=postgres -p 5432:5432 -v pg_bench:/var/lib/postgresql/data postgres:18-alpine -c shared_buffers=4GB -c work_mem=128MB -c maintenance_work_mem=768MB -c max_parallel_workers_per_gather=7 -c checkpoint_completion_target=0.7499282990043304 -c random_page_cost=1.2001443407558945 -c effective_cache_size=384MB
[DB] Waiting for PostgreSQL to be ready...
[CMD] docker exec tuning pg_isready -U postgres -h 127.0.0.1
[CMD] docker exec tuning pg_isready -U postgres -h 127.0.0.1
[DB] PostgreSQL is ready.
[TEST] Running pgbench (warmup)...
[CMD] docker exec tuning pgbench -U postgres -h 127.0.0.1 -c 32 -j 2 -T 10 benchdb
[TEST] Running pgbench (test)...
[CMD] docker exec tuning pgbench -U postgres -h 127.0.0.1 -c 64 -j 2 -T 60 benchdb
[Trial 72] TPS: 6803.42 | Latency Avg: 9.41 ms
[32m[I 2026-05-06 23:59:39,388][0m Trial 72 finished with value: 6803.415397 and parameters: {'shared_buffers': '4GB', 'work_mem': 128, 'maintenance_work_mem': 768, 'max_parallel_workers_per_gather': 7, 'checkpoint_completion_target': 0.7499282990043304, 'random_page_cost': 1.2001443407558945, 'effective_cache_size': 384}. Best is trial 8 with value: 7920.704568.[0m

========================================
[Trial 73] Config: {'shared_buffers': '4GB', 'work_mem': '52MB', 'maintenance_work_mem': '832MB', 'max_parallel_workers_per_gather': 5, 'checkpoint_completion_target': '0.7406254291984543', 'random_page_cost': '1.2638032419156773', 'effective_cache_size': '128MB'}
[CLEANUP] Stopping container...
[CMD] docker stop tuning || true
[CMD] docker rm tuning || true
[CMD] docker run -d --name tuning -u postgres -e POSTGRES_PASSWORD=password_test -e POSTGRES_USER=postgres -p 5432:5432 -v pg_bench:/var/lib/postgresql/data postgres:18-alpine -c shared_buffers=4GB -c work_mem=52MB -c maintenance_work_mem=832MB -c max_parallel_workers_per_gather=5 -c checkpoint_completion_target=0.7406254291984543 -c random_page_cost=1.2638032419156773 -c effective_cache_size=128MB
[DB] Waiting for PostgreSQL to be ready...
[CMD] docker exec tuning pg_isready -U postgres -h 127.0.0.1
[CMD] docker exec tuning pg_isready -U postgres -h 127.0.0.1
[DB] PostgreSQL is ready.
[TEST] Running pgbench (warmup)...
[CMD] docker exec tuning pgbench -U postgres -h 127.0.0.1 -c 32 -j 2 -T 10 benchdb
[TEST] Running pgbench (test)...
[CMD] docker exec tuning pgbench -U postgres -h 127.0.0.1 -c 64 -j 2 -T 60 benchdb
[Trial 73] TPS: 6237.94 | Latency Avg: 10.26 ms
[32m[I 2026-05-07 00:00:55,638][0m Trial 73 finished with value: 6237.937146 and parameters: {'shared_buffers': '4GB', 'work_mem': 52, 'maintenance_work_mem': 832, 'max_parallel_workers_per_gather': 5, 'checkpoint_completion_target': 0.7406254291984543, 'random_page_cost': 1.2638032419156773, 'effective_cache_size': 128}. Best is trial 8 with value: 7920.704568.[0m

========================================
[Trial 74] Config: {'shared_buffers': '2GB', 'work_mem': '28MB', 'maintenance_work_mem': '1024MB', 'max_parallel_workers_per_gather': 2, 'checkpoint_completion_target': '0.8830945767126568', 'random_page_cost': '1.2166058382939606', 'effective_cache_size': '512MB'}
[CLEANUP] Stopping container...
[CMD] docker stop tuning || true
[CMD] docker rm tuning || true
[CMD] docker run -d --name tuning -u postgres -e POSTGRES_PASSWORD=password_test -e POSTGRES_USER=postgres -p 5432:5432 -v pg_bench:/var/lib/postgresql/data postgres:18-alpine -c shared_buffers=2GB -c work_mem=28MB -c maintenance_work_mem=1024MB -c max_parallel_workers_per_gather=2 -c checkpoint_completion_target=0.8830945767126568 -c random_page_cost=1.2166058382939606 -c effective_cache_size=512MB
[DB] Waiting for PostgreSQL to be ready...
[CMD] docker exec tuning pg_isready -U postgres -h 127.0.0.1
[CMD] docker exec tuning pg_isready -U postgres -h 127.0.0.1
[DB] PostgreSQL is ready.
[TEST] Running pgbench (warmup)...
[CMD] docker exec tuning pgbench -U postgres -h 127.0.0.1 -c 32 -j 2 -T 10 benchdb
[TEST] Running pgbench (test)...
[CMD] docker exec tuning pgbench -U postgres -h 127.0.0.1 -c 64 -j 2 -T 60 benchdb
[Trial 74] TPS: 7076.75 | Latency Avg: 9.04 ms
[32m[I 2026-05-07 00:02:11,892][0m Trial 74 finished with value: 7076.746435 and parameters: {'shared_buffers': '2GB', 'work_mem': 28, 'maintenance_work_mem': 1024, 'max_parallel_workers_per_gather': 2, 'checkpoint_completion_target': 0.8830945767126568, 'random_page_cost': 1.2166058382939606, 'effective_cache_size': 512}. Best is trial 8 with value: 7920.704568.[0m

========================================
[Trial 75] Config: {'shared_buffers': '2GB', 'work_mem': '84MB', 'maintenance_work_mem': '960MB', 'max_parallel_workers_per_gather': 13, 'checkpoint_completion_target': '0.8281759333829394', 'random_page_cost': '1.2092019898106643', 'effective_cache_size': '1664MB'}
[CLEANUP] Stopping container...
[CMD] docker stop tuning || true
[CMD] docker rm tuning || true
[CMD] docker run -d --name tuning -u postgres -e POSTGRES_PASSWORD=password_test -e POSTGRES_USER=postgres -p 5432:5432 -v pg_bench:/var/lib/postgresql/data postgres:18-alpine -c shared_buffers=2GB -c work_mem=84MB -c maintenance_work_mem=960MB -c max_parallel_workers_per_gather=13 -c checkpoint_completion_target=0.8281759333829394 -c random_page_cost=1.2092019898106643 -c effective_cache_size=1664MB
[DB] Waiting for PostgreSQL to be ready...
[CMD] docker exec tuning pg_isready -U postgres -h 127.0.0.1
[CMD] docker exec tuning pg_isready -U postgres -h 127.0.0.1
[DB] PostgreSQL is ready.
[TEST] Running pgbench (warmup)...
[CMD] docker exec tuning pgbench -U postgres -h 127.0.0.1 -c 32 -j 2 -T 10 benchdb
[TEST] Running pgbench (test)...
[CMD] docker exec tuning pgbench -U postgres -h 127.0.0.1 -c 64 -j 2 -T 60 benchdb
[Trial 75] TPS: 6831.58 | Latency Avg: 9.37 ms
[32m[I 2026-05-07 00:03:27,877][0m Trial 75 finished with value: 6831.580342 and parameters: {'shared_buffers': '2GB', 'work_mem': 84, 'maintenance_work_mem': 960, 'max_parallel_workers_per_gather': 13, 'checkpoint_completion_target': 0.8281759333829394, 'random_page_cost': 1.2092019898106643, 'effective_cache_size': 1664}. Best is trial 8 with value: 7920.704568.[0m

========================================
[Trial 76] Config: {'shared_buffers': '4GB', 'work_mem': '8MB', 'maintenance_work_mem': '896MB', 'max_parallel_workers_per_gather': 11, 'checkpoint_completion_target': '0.7108014764071366', 'random_page_cost': '1.2440050754756713', 'effective_cache_size': '384MB'}
[CLEANUP] Stopping container...
[CMD] docker stop tuning || true
[CMD] docker rm tuning || true
[CMD] docker run -d --name tuning -u postgres -e POSTGRES_PASSWORD=password_test -e POSTGRES_USER=postgres -p 5432:5432 -v pg_bench:/var/lib/postgresql/data postgres:18-alpine -c shared_buffers=4GB -c work_mem=8MB -c maintenance_work_mem=896MB -c max_parallel_workers_per_gather=11 -c checkpoint_completion_target=0.7108014764071366 -c random_page_cost=1.2440050754756713 -c effective_cache_size=384MB
[DB] Waiting for PostgreSQL to be ready...
[CMD] docker exec tuning pg_isready -U postgres -h 127.0.0.1
[CMD] docker exec tuning pg_isready -U postgres -h 127.0.0.1
[DB] PostgreSQL is ready.
[TEST] Running pgbench (warmup)...
[CMD] docker exec tuning pgbench -U postgres -h 127.0.0.1 -c 32 -j 2 -T 10 benchdb
[TEST] Running pgbench (test)...
[CMD] docker exec tuning pgbench -U postgres -h 127.0.0.1 -c 64 -j 2 -T 60 benchdb
[Trial 76] TPS: 6438.73 | Latency Avg: 9.94 ms
[32m[I 2026-05-07 00:04:43,912][0m Trial 76 finished with value: 6438.725541 and parameters: {'shared_buffers': '4GB', 'work_mem': 8, 'maintenance_work_mem': 896, 'max_parallel_workers_per_gather': 11, 'checkpoint_completion_target': 0.7108014764071366, 'random_page_cost': 1.2440050754756713, 'effective_cache_size': 384}. Best is trial 8 with value: 7920.704568.[0m

========================================
[Trial 77] Config: {'shared_buffers': '8GB', 'work_mem': '68MB', 'maintenance_work_mem': '704MB', 'max_parallel_workers_per_gather': 5, 'checkpoint_completion_target': '0.9357457414549152', 'random_page_cost': '1.1437939670665005', 'effective_cache_size': '768MB'}
[CLEANUP] Stopping container...
[CMD] docker stop tuning || true
[CMD] docker rm tuning || true
[CMD] docker run -d --name tuning -u postgres -e POSTGRES_PASSWORD=password_test -e POSTGRES_USER=postgres -p 5432:5432 -v pg_bench:/var/lib/postgresql/data postgres:18-alpine -c shared_buffers=8GB -c work_mem=68MB -c maintenance_work_mem=704MB -c max_parallel_workers_per_gather=5 -c checkpoint_completion_target=0.9357457414549152 -c random_page_cost=1.1437939670665005 -c effective_cache_size=768MB
[DB] Waiting for PostgreSQL to be ready...
[CMD] docker exec tuning pg_isready -U postgres -h 127.0.0.1
[CMD] docker exec tuning pg_isready -U postgres -h 127.0.0.1
[DB] PostgreSQL is ready.
[TEST] Running pgbench (warmup)...
[CMD] docker exec tuning pgbench -U postgres -h 127.0.0.1 -c 32 -j 2 -T 10 benchdb
[TEST] Running pgbench (test)...
[CMD] docker exec tuning pgbench -U postgres -h 127.0.0.1 -c 64 -j 2 -T 60 benchdb
[Trial 77] TPS: 6275.68 | Latency Avg: 10.20 ms
