[32m[I 2026-05-07 01:11:58,012][0m Trial 129 finished with value: 6912.303161 and parameters: {'shared_buffers': '4GB', 'work_mem': 20, 'maintenance_work_mem': 960, 'max_parallel_workers_per_gather': 2, 'checkpoint_completion_target': 0.7437990182833258, 'random_page_cost': 1.0279061828920433, 'effective_cache_size': 640}. Best is trial 8 with value: 7920.704568.[0m

========================================
[Trial 130] Config: {'shared_buffers': '4GB', 'work_mem': '28MB', 'maintenance_work_mem': '960MB', 'max_parallel_workers_per_gather': 2, 'checkpoint_completion_target': '0.7353038473436252', 'random_page_cost': '1.0386395492285536', 'effective_cache_size': '384MB'}
[CLEANUP] Stopping container...
[CMD] docker stop tuning || true
[CMD] docker rm tuning || true
[CMD] docker run -d --name tuning -u postgres -e POSTGRES_PASSWORD=password_test -e POSTGRES_USER=postgres -p 5432:5432 -v pg_bench:/var/lib/postgresql/data postgres:18-alpine -c shared_buffers=4GB -c work_mem=28MB -c maintenance_work_mem=960MB -c max_parallel_workers_per_gather=2 -c checkpoint_completion_target=0.7353038473436252 -c random_page_cost=1.0386395492285536 -c effective_cache_size=384MB
[DB] Waiting for PostgreSQL to be ready...
[CMD] docker exec tuning pg_isready -U postgres -h 127.0.0.1
[CMD] docker exec tuning pg_isready -U postgres -h 127.0.0.1
[DB] PostgreSQL is ready.
[TEST] Running pgbench (warmup)...
[CMD] docker exec tuning pgbench -U postgres -h 127.0.0.1 -c 32 -j 2 -T 10 benchdb
[TEST] Running pgbench (test)...
[CMD] docker exec tuning pgbench -U postgres -h 127.0.0.1 -c 64 -j 2 -T 60 benchdb
[Trial 130] TPS: 6984.96 | Latency Avg: 9.16 ms
[32m[I 2026-05-07 01:13:14,270][0m Trial 130 finished with value: 6984.961356 and parameters: {'shared_buffers': '4GB', 'work_mem': 28, 'maintenance_work_mem': 960, 'max_parallel_workers_per_gather': 2, 'checkpoint_completion_target': 0.7353038473436252, 'random_page_cost': 1.0386395492285536, 'effective_cache_size': 384}. Best is trial 8 with value: 7920.704568.[0m

========================================
[Trial 131] Config: {'shared_buffers': '4GB', 'work_mem': '24MB', 'maintenance_work_mem': '896MB', 'max_parallel_workers_per_gather': 2, 'checkpoint_completion_target': '0.7533521336474946', 'random_page_cost': '1.058101435884434', 'effective_cache_size': '256MB'}
[CLEANUP] Stopping container...
[CMD] docker stop tuning || true
[CMD] docker rm tuning || true
[CMD] docker run -d --name tuning -u postgres -e POSTGRES_PASSWORD=password_test -e POSTGRES_USER=postgres -p 5432:5432 -v pg_bench:/var/lib/postgresql/data postgres:18-alpine -c shared_buffers=4GB -c work_mem=24MB -c maintenance_work_mem=896MB -c max_parallel_workers_per_gather=2 -c checkpoint_completion_target=0.7533521336474946 -c random_page_cost=1.058101435884434 -c effective_cache_size=256MB
[DB] Waiting for PostgreSQL to be ready...
[CMD] docker exec tuning pg_isready -U postgres -h 127.0.0.1
[CMD] docker exec tuning pg_isready -U postgres -h 127.0.0.1
[DB] PostgreSQL is ready.
[TEST] Running pgbench (warmup)...
[CMD] docker exec tuning pgbench -U postgres -h 127.0.0.1 -c 32 -j 2 -T 10 benchdb
[TEST] Running pgbench (test)...
[CMD] docker exec tuning pgbench -U postgres -h 127.0.0.1 -c 64 -j 2 -T 60 benchdb
[Trial 131] TPS: 7709.30 | Latency Avg: 8.30 ms
[32m[I 2026-05-07 01:14:30,508][0m Trial 131 finished with value: 7709.298865 and parameters: {'shared_buffers': '4GB', 'work_mem': 24, 'maintenance_work_mem': 896, 'max_parallel_workers_per_gather': 2, 'checkpoint_completion_target': 0.7533521336474946, 'random_page_cost': 1.058101435884434, 'effective_cache_size': 256}. Best is trial 8 with value: 7920.704568.[0m

========================================
[Trial 132] Config: {'shared_buffers': '4GB', 'work_mem': '24MB', 'maintenance_work_mem': '896MB', 'max_parallel_workers_per_gather': 2, 'checkpoint_completion_target': '0.7535830442310274', 'random_page_cost': '1.0620958447654514', 'effective_cache_size': '128MB'}
[CLEANUP] Stopping container...
[CMD] docker stop tuning || true
[CMD] docker rm tuning || true
[CMD] docker run -d --name tuning -u postgres -e POSTGRES_PASSWORD=password_test -e POSTGRES_USER=postgres -p 5432:5432 -v pg_bench:/var/lib/postgresql/data postgres:18-alpine -c shared_buffers=4GB -c work_mem=24MB -c maintenance_work_mem=896MB -c max_parallel_workers_per_gather=2 -c checkpoint_completion_target=0.7535830442310274 -c random_page_cost=1.0620958447654514 -c effective_cache_size=128MB
[DB] Waiting for PostgreSQL to be ready...
[CMD] docker exec tuning pg_isready -U postgres -h 127.0.0.1
[CMD] docker exec tuning pg_isready -U postgres -h 127.0.0.1
[DB] PostgreSQL is ready.
[TEST] Running pgbench (warmup)...
[CMD] docker exec tuning pgbench -U postgres -h 127.0.0.1 -c 32 -j 2 -T 10 benchdb
[TEST] Running pgbench (test)...
[CMD] docker exec tuning pgbench -U postgres -h 127.0.0.1 -c 64 -j 2 -T 60 benchdb
[Trial 132] TPS: 6633.25 | Latency Avg: 9.65 ms
[32m[I 2026-05-07 01:15:46,576][0m Trial 132 finished with value: 6633.248803 and parameters: {'shared_buffers': '4GB', 'work_mem': 24, 'maintenance_work_mem': 896, 'max_parallel_workers_per_gather': 2, 'checkpoint_completion_target': 0.7535830442310274, 'random_page_cost': 1.0620958447654514, 'effective_cache_size': 128}. Best is trial 8 with value: 7920.704568.[0m

========================================
[Trial 133] Config: {'shared_buffers': '4GB', 'work_mem': '8MB', 'maintenance_work_mem': '896MB', 'max_parallel_workers_per_gather': 2, 'checkpoint_completion_target': '0.7607258009888811', 'random_page_cost': '1.0560309179292025', 'effective_cache_size': '256MB'}
[CLEANUP] Stopping container...
[CMD] docker stop tuning || true
[CMD] docker rm tuning || true
[CMD] docker run -d --name tuning -u postgres -e POSTGRES_PASSWORD=password_test -e POSTGRES_USER=postgres -p 5432:5432 -v pg_bench:/var/lib/postgresql/data postgres:18-alpine -c shared_buffers=4GB -c work_mem=8MB -c maintenance_work_mem=896MB -c max_parallel_workers_per_gather=2 -c checkpoint_completion_target=0.7607258009888811 -c random_page_cost=1.0560309179292025 -c effective_cache_size=256MB
[DB] Waiting for PostgreSQL to be ready...
[CMD] docker exec tuning pg_isready -U postgres -h 127.0.0.1
[CMD] docker exec tuning pg_isready -U postgres -h 127.0.0.1
[DB] PostgreSQL is ready.
[TEST] Running pgbench (warmup)...
[CMD] docker exec tuning pgbench -U postgres -h 127.0.0.1 -c 32 -j 2 -T 10 benchdb
[TEST] Running pgbench (test)...
[CMD] docker exec tuning pgbench -U postgres -h 127.0.0.1 -c 64 -j 2 -T 60 benchdb
[Trial 133] TPS: 6602.05 | Latency Avg: 9.69 ms
[32m[I 2026-05-07 01:17:02,843][0m Trial 133 finished with value: 6602.045353 and parameters: {'shared_buffers': '4GB', 'work_mem': 8, 'maintenance_work_mem': 896, 'max_parallel_workers_per_gather': 2, 'checkpoint_completion_target': 0.7607258009888811, 'random_page_cost': 1.0560309179292025, 'effective_cache_size': 256}. Best is trial 8 with value: 7920.704568.[0m

========================================
[Trial 134] Config: {'shared_buffers': '4GB', 'work_mem': '20MB', 'maintenance_work_mem': '960MB', 'max_parallel_workers_per_gather': 2, 'checkpoint_completion_target': '0.763782265775439', 'random_page_cost': '1.049121768203222', 'effective_cache_size': '256MB'}
[CLEANUP] Stopping container...
[CMD] docker stop tuning || true
[CMD] docker rm tuning || true
[CMD] docker run -d --name tuning -u postgres -e POSTGRES_PASSWORD=password_test -e POSTGRES_USER=postgres -p 5432:5432 -v pg_bench:/var/lib/postgresql/data postgres:18-alpine -c shared_buffers=4GB -c work_mem=20MB -c maintenance_work_mem=960MB -c max_parallel_workers_per_gather=2 -c checkpoint_completion_target=0.763782265775439 -c random_page_cost=1.049121768203222 -c effective_cache_size=256MB
[DB] Waiting for PostgreSQL to be ready...
[CMD] docker exec tuning pg_isready -U postgres -h 127.0.0.1
[CMD] docker exec tuning pg_isready -U postgres -h 127.0.0.1
[DB] PostgreSQL is ready.
[TEST] Running pgbench (warmup)...
[CMD] docker exec tuning pgbench -U postgres -h 127.0.0.1 -c 32 -j 2 -T 10 benchdb
[TEST] Running pgbench (test)...
[CMD] docker exec tuning pgbench -U postgres -h 127.0.0.1 -c 64 -j 2 -T 60 benchdb
[Trial 134] TPS: 6920.79 | Latency Avg: 9.25 ms
[32m[I 2026-05-07 01:18:19,077][0m Trial 134 finished with value: 6920.790208 and parameters: {'shared_buffers': '4GB', 'work_mem': 20, 'maintenance_work_mem': 960, 'max_parallel_workers_per_gather': 2, 'checkpoint_completion_target': 0.763782265775439, 'random_page_cost': 1.049121768203222, 'effective_cache_size': 256}. Best is trial 8 with value: 7920.704568.[0m

========================================
[Trial 135] Config: {'shared_buffers': '4GB', 'work_mem': '24MB', 'maintenance_work_mem': '896MB', 'max_parallel_workers_per_gather': 2, 'checkpoint_completion_target': '0.7136698749821809', 'random_page_cost': '1.209781474926182', 'effective_cache_size': '384MB'}
[CLEANUP] Stopping container...
[CMD] docker stop tuning || true
[CMD] docker rm tuning || true
[CMD] docker run -d --name tuning -u postgres -e POSTGRES_PASSWORD=password_test -e POSTGRES_USER=postgres -p 5432:5432 -v pg_bench:/var/lib/postgresql/data postgres:18-alpine -c shared_buffers=4GB -c work_mem=24MB -c maintenance_work_mem=896MB -c max_parallel_workers_per_gather=2 -c checkpoint_completion_target=0.7136698749821809 -c random_page_cost=1.209781474926182 -c effective_cache_size=384MB
[DB] Waiting for PostgreSQL to be ready...
[CMD] docker exec tuning pg_isready -U postgres -h 127.0.0.1
[CMD] docker exec tuning pg_isready -U postgres -h 127.0.0.1
[DB] PostgreSQL is ready.
[TEST] Running pgbench (warmup)...
[CMD] docker exec tuning pgbench -U postgres -h 127.0.0.1 -c 32 -j 2 -T 10 benchdb
[TEST] Running pgbench (test)...
[CMD] docker exec tuning pgbench -U postgres -h 127.0.0.1 -c 64 -j 2 -T 60 benchdb
[Trial 135] TPS: 7034.07 | Latency Avg: 9.10 ms
[32m[I 2026-05-07 01:19:35,299][0m Trial 135 finished with value: 7034.067456 and parameters: {'shared_buffers': '4GB', 'work_mem': 24, 'maintenance_work_mem': 896, 'max_parallel_workers_per_gather': 2, 'checkpoint_completion_target': 0.7136698749821809, 'random_page_cost': 1.209781474926182, 'effective_cache_size': 384}. Best is trial 8 with value: 7920.704568.[0m

========================================
[Trial 136] Config: {'shared_buffers': '4GB', 'work_mem': '12MB', 'maintenance_work_mem': '832MB', 'max_parallel_workers_per_gather': 5, 'checkpoint_completion_target': '0.737769337408552', 'random_page_cost': '1.0444894768616764', 'effective_cache_size': '512MB'}
[CLEANUP] Stopping container...
[CMD] docker stop tuning || true
[CMD] docker rm tuning || true
[CMD] docker run -d --name tuning -u postgres -e POSTGRES_PASSWORD=password_test -e POSTGRES_USER=postgres -p 5432:5432 -v pg_bench:/var/lib/postgresql/data postgres:18-alpine -c shared_buffers=4GB -c work_mem=12MB -c maintenance_work_mem=832MB -c max_parallel_workers_per_gather=5 -c checkpoint_completion_target=0.737769337408552 -c random_page_cost=1.0444894768616764 -c effective_cache_size=512MB
[DB] Waiting for PostgreSQL to be ready...
[CMD] docker exec tuning pg_isready -U postgres -h 127.0.0.1
[CMD] docker exec tuning pg_isready -U postgres -h 127.0.0.1
[DB] PostgreSQL is ready.
[TEST] Running pgbench (warmup)...
[CMD] docker exec tuning pgbench -U postgres -h 127.0.0.1 -c 32 -j 2 -T 10 benchdb
[TEST] Running pgbench (test)...
[CMD] docker exec tuning pgbench -U postgres -h 127.0.0.1 -c 64 -j 2 -T 60 benchdb
[Trial 136] TPS: 7612.28 | Latency Avg: 8.41 ms
[32m[I 2026-05-07 01:20:51,466][0m Trial 136 finished with value: 7612.282561 and parameters: {'shared_buffers': '4GB', 'work_mem': 12, 'maintenance_work_mem': 832, 'max_parallel_workers_per_gather': 5, 'checkpoint_completion_target': 0.737769337408552, 'random_page_cost': 1.0444894768616764, 'effective_cache_size': 512}. Best is trial 8 with value: 7920.704568.[0m

========================================
[Trial 137] Config: {'shared_buffers': '4GB', 'work_mem': '16MB', 'maintenance_work_mem': '832MB', 'max_parallel_workers_per_gather': 5, 'checkpoint_completion_target': '0.7393385762570537', 'random_page_cost': '1.2753758715630092', 'effective_cache_size': '512MB'}
[CLEANUP] Stopping container...
[CMD] docker stop tuning || true
[CMD] docker rm tuning || true
[CMD] docker run -d --name tuning -u postgres -e POSTGRES_PASSWORD=password_test -e POSTGRES_USER=postgres -p 5432:5432 -v pg_bench:/var/lib/postgresql/data postgres:18-alpine -c shared_buffers=4GB -c work_mem=16MB -c maintenance_work_mem=832MB -c max_parallel_workers_per_gather=5 -c checkpoint_completion_target=0.7393385762570537 -c random_page_cost=1.2753758715630092 -c effective_cache_size=512MB
[DB] Waiting for PostgreSQL to be ready...
[CMD] docker exec tuning pg_isready -U postgres -h 127.0.0.1
[CMD] docker exec tuning pg_isready -U postgres -h 127.0.0.1
[DB] PostgreSQL is ready.
[TEST] Running pgbench (warmup)...
[CMD] docker exec tuning pgbench -U postgres -h 127.0.0.1 -c 32 -j 2 -T 10 benchdb
[TEST] Running pgbench (test)...
[CMD] docker exec tuning pgbench -U postgres -h 127.0.0.1 -c 64 -j 2 -T 60 benchdb
[Trial 137] TPS: 7532.16 | Latency Avg: 8.50 ms
[32m[I 2026-05-07 01:22:07,707][0m Trial 137 finished with value: 7532.156664 and parameters: {'shared_buffers': '4GB', 'work_mem': 16, 'maintenance_work_mem': 832, 'max_parallel_workers_per_gather': 5, 'checkpoint_completion_target': 0.7393385762570537, 'random_page_cost': 1.2753758715630092, 'effective_cache_size': 512}. Best is trial 8 with value: 7920.704568.[0m

========================================
[Trial 138] Config: {'shared_buffers': '4GB', 'work_mem': '12MB', 'maintenance_work_mem': '1024MB', 'max_parallel_workers_per_gather': 5, 'checkpoint_completion_target': '0.746037460675906', 'random_page_cost': '1.0330891813700598', 'effective_cache_size': '640MB'}
[CLEANUP] Stopping container...
[CMD] docker stop tuning || true
[CMD] docker rm tuning || true
[CMD] docker run -d --name tuning -u postgres -e POSTGRES_PASSWORD=password_test -e POSTGRES_USER=postgres -p 5432:5432 -v pg_bench:/var/lib/postgresql/data postgres:18-alpine -c shared_buffers=4GB -c work_mem=12MB -c maintenance_work_mem=1024MB -c max_parallel_workers_per_gather=5 -c checkpoint_completion_target=0.746037460675906 -c random_page_cost=1.0330891813700598 -c effective_cache_size=640MB
[DB] Waiting for PostgreSQL to be ready...
[CMD] docker exec tuning pg_isready -U postgres -h 127.0.0.1
[CMD] docker exec tuning pg_isready -U postgres -h 127.0.0.1
[DB] PostgreSQL is ready.
[TEST] Running pgbench (warmup)...
[CMD] docker exec tuning pgbench -U postgres -h 127.0.0.1 -c 32 -j 2 -T 10 benchdb
[TEST] Running pgbench (test)...
[CMD] docker exec tuning pgbench -U postgres -h 127.0.0.1 -c 64 -j 2 -T 60 benchdb
[Trial 138] TPS: 6936.12 | Latency Avg: 9.23 ms
[32m[I 2026-05-07 01:23:23,768][0m Trial 138 finished with value: 6936.115382 and parameters: {'shared_buffers': '4GB', 'work_mem': 12, 'maintenance_work_mem': 1024, 'max_parallel_workers_per_gather': 5, 'checkpoint_completion_target': 0.746037460675906, 'random_page_cost': 1.0330891813700598, 'effective_cache_size': 640}. Best is trial 8 with value: 7920.704568.[0m

========================================
[Trial 139] Config: {'shared_buffers': '4GB', 'work_mem': '128MB', 'maintenance_work_mem': '832MB', 'max_parallel_workers_per_gather': 5, 'checkpoint_completion_target': '0.7311852003550339', 'random_page_cost': '1.0139622153376662', 'effective_cache_size': '768MB'}
[CLEANUP] Stopping container...
[CMD] docker stop tuning || true
[CMD] docker rm tuning || true
[CMD] docker run -d --name tuning -u postgres -e POSTGRES_PASSWORD=password_test -e POSTGRES_USER=postgres -p 5432:5432 -v pg_bench:/var/lib/postgresql/data postgres:18-alpine -c shared_buffers=4GB -c work_mem=128MB -c maintenance_work_mem=832MB -c max_parallel_workers_per_gather=5 -c checkpoint_completion_target=0.7311852003550339 -c random_page_cost=1.0139622153376662 -c effective_cache_size=768MB
[DB] Waiting for PostgreSQL to be ready...
[CMD] docker exec tuning pg_isready -U postgres -h 127.0.0.1
[CMD] docker exec tuning pg_isready -U postgres -h 127.0.0.1
[DB] PostgreSQL is ready.
[TEST] Running pgbench (warmup)...
[CMD] docker exec tuning pgbench -U postgres -h 127.0.0.1 -c 32 -j 2 -T 10 benchdb
[TEST] Running pgbench (test)...
[CMD] docker exec tuning pgbench -U postgres -h 127.0.0.1 -c 64 -j 2 -T 60 benchdb
[Trial 139] TPS: 7022.56 | Latency Avg: 9.11 ms
[32m[I 2026-05-07 01:24:40,008][0m Trial 139 finished with value: 7022.563949 and parameters: {'shared_buffers': '4GB', 'work_mem': 128, 'maintenance_work_mem': 832, 'max_parallel_workers_per_gather': 5, 'checkpoint_completion_target': 0.7311852003550339, 'random_page_cost': 1.0139622153376662, 'effective_cache_size': 768}. Best is trial 8 with value: 7920.704568.[0m

========================================
[Trial 140] Config: {'shared_buffers': '4GB', 'work_mem': '8MB', 'maintenance_work_mem': '960MB', 'max_parallel_workers_per_gather': 5, 'checkpoint_completion_target': '0.7710487733261222', 'random_page_cost': '1.046163665325577', 'effective_cache_size': '256MB'}
[CLEANUP] Stopping container...
[CMD] docker stop tuning || true
[CMD] docker rm tuning || true
[CMD] docker run -d --name tuning -u postgres -e POSTGRES_PASSWORD=password_test -e POSTGRES_USER=postgres -p 5432:5432 -v pg_bench:/var/lib/postgresql/data postgres:18-alpine -c shared_buffers=4GB -c work_mem=8MB -c maintenance_work_mem=960MB -c max_parallel_workers_per_gather=5 -c checkpoint_completion_target=0.7710487733261222 -c random_page_cost=1.046163665325577 -c effective_cache_size=256MB
[DB] Waiting for PostgreSQL to be ready...
[CMD] docker exec tuning pg_isready -U postgres -h 127.0.0.1
[CMD] docker exec tuning pg_isready -U postgres -h 127.0.0.1
[DB] PostgreSQL is ready.
[TEST] Running pgbench (warmup)...
[CMD] docker exec tuning pgbench -U postgres -h 127.0.0.1 -c 32 -j 2 -T 10 benchdb
[TEST] Running pgbench (test)...
[CMD] docker exec tuning pgbench -U postgres -h 127.0.0.1 -c 64 -j 2 -T 60 benchdb
[Trial 140] TPS: 7221.77 | Latency Avg: 8.86 ms
[32m[I 2026-05-07 01:25:56,208][0m Trial 140 finished with value: 7221.767543 and parameters: {'shared_buffers': '4GB', 'work_mem': 8, 'maintenance_work_mem': 960, 'max_parallel_workers_per_gather': 5, 'checkpoint_completion_target': 0.7710487733261222, 'random_page_cost': 1.046163665325577, 'effective_cache_size': 256}. Best is trial 8 with value: 7920.704568.[0m

========================================
[Trial 141] Config: {'shared_buffers': '4GB', 'work_mem': '12MB', 'maintenance_work_mem': '832MB', 'max_parallel_workers_per_gather': 5, 'checkpoint_completion_target': '0.7389875558106082', 'random_page_cost': '1.0230390531436788', 'effective_cache_size': '512MB'}
[CLEANUP] Stopping container...
[CMD] docker stop tuning || true
[CMD] docker rm tuning || true
[CMD] docker run -d --name tuning -u postgres -e POSTGRES_PASSWORD=password_test -e POSTGRES_USER=postgres -p 5432:5432 -v pg_bench:/var/lib/postgresql/data postgres:18-alpine -c shared_buffers=4GB -c work_mem=12MB -c maintenance_work_mem=832MB -c max_parallel_workers_per_gather=5 -c checkpoint_completion_target=0.7389875558106082 -c random_page_cost=1.0230390531436788 -c effective_cache_size=512MB
[DB] Waiting for PostgreSQL to be ready...
[CMD] docker exec tuning pg_isready -U postgres -h 127.0.0.1
[CMD] docker exec tuning pg_isready -U postgres -h 127.0.0.1
[DB] PostgreSQL is ready.
[TEST] Running pgbench (warmup)...
[CMD] docker exec tuning pgbench -U postgres -h 127.0.0.1 -c 32 -j 2 -T 10 benchdb
[TEST] Running pgbench (test)...
[CMD] docker exec tuning pgbench -U postgres -h 127.0.0.1 -c 64 -j 2 -T 60 benchdb
[Trial 141] TPS: 6960.93 | Latency Avg: 9.19 ms
[32m[I 2026-05-07 01:27:12,531][0m Trial 141 finished with value: 6960.933439 and parameters: {'shared_buffers': '4GB', 'work_mem': 12, 'maintenance_work_mem': 832, 'max_parallel_workers_per_gather': 5, 'checkpoint_completion_target': 0.7389875558106082, 'random_page_cost': 1.0230390531436788, 'effective_cache_size': 512}. Best is trial 8 with value: 7920.704568.[0m

========================================
[Trial 142] Config: {'shared_buffers': '4GB', 'work_mem': '16MB', 'maintenance_work_mem': '768MB', 'max_parallel_workers_per_gather': 5, 'checkpoint_completion_target': '0.7523249895781032', 'random_page_cost': '1.273444984470089', 'effective_cache_size': '896MB'}
[CLEANUP] Stopping container...
[CMD] docker stop tuning || true
[CMD] docker rm tuning || true
[CMD] docker run -d --name tuning -u postgres -e POSTGRES_PASSWORD=password_test -e POSTGRES_USER=postgres -p 5432:5432 -v pg_bench:/var/lib/postgresql/data postgres:18-alpine -c shared_buffers=4GB -c work_mem=16MB -c maintenance_work_mem=768MB -c max_parallel_workers_per_gather=5 -c checkpoint_completion_target=0.7523249895781032 -c random_page_cost=1.273444984470089 -c effective_cache_size=896MB
[DB] Waiting for PostgreSQL to be ready...
[CMD] docker exec tuning pg_isready -U postgres -h 127.0.0.1
[CMD] docker exec tuning pg_isready -U postgres -h 127.0.0.1
[DB] PostgreSQL is ready.
[TEST] Running pgbench (warmup)...
[CMD] docker exec tuning pgbench -U postgres -h 127.0.0.1 -c 32 -j 2 -T 10 benchdb
[TEST] Running pgbench (test)...
[CMD] docker exec tuning pgbench -U postgres -h 127.0.0.1 -c 64 -j 2 -T 60 benchdb
[Trial 142] TPS: 6860.94 | Latency Avg: 9.33 ms
