[32m[I 2026-05-06 23:32:59,743][0m Trial 51 finished with value: 6534.55664 and parameters: {'shared_buffers': '2GB', 'work_mem': 24, 'maintenance_work_mem': 832, 'max_parallel_workers_per_gather': 5, 'checkpoint_completion_target': 0.7228001301848872, 'random_page_cost': 1.0102788140714722, 'effective_cache_size': 256}. Best is trial 8 with value: 7920.704568.[0m

========================================
[Trial 52] Config: {'shared_buffers': '2GB', 'work_mem': '32MB', 'maintenance_work_mem': '1024MB', 'max_parallel_workers_per_gather': 5, 'checkpoint_completion_target': '0.7461722531314614', 'random_page_cost': '1.027911194663203', 'effective_cache_size': '128MB'}
[CLEANUP] Stopping container...
[CMD] docker stop tuning || true
[CMD] docker rm tuning || true
[CMD] docker run -d --name tuning -u postgres -e POSTGRES_PASSWORD=password_test -e POSTGRES_USER=postgres -p 5432:5432 -v pg_bench:/var/lib/postgresql/data postgres:18-alpine -c shared_buffers=2GB -c work_mem=32MB -c maintenance_work_mem=1024MB -c max_parallel_workers_per_gather=5 -c checkpoint_completion_target=0.7461722531314614 -c random_page_cost=1.027911194663203 -c effective_cache_size=128MB
[DB] Waiting for PostgreSQL to be ready...
[CMD] docker exec tuning pg_isready -U postgres -h 127.0.0.1
[CMD] docker exec tuning pg_isready -U postgres -h 127.0.0.1
[DB] PostgreSQL is ready.
[TEST] Running pgbench (warmup)...
[CMD] docker exec tuning pgbench -U postgres -h 127.0.0.1 -c 32 -j 2 -T 10 benchdb
[TEST] Running pgbench (test)...
[CMD] docker exec tuning pgbench -U postgres -h 127.0.0.1 -c 64 -j 2 -T 60 benchdb
[Trial 52] TPS: 6416.51 | Latency Avg: 9.97 ms
[32m[I 2026-05-06 23:34:15,822][0m Trial 52 finished with value: 6416.511805 and parameters: {'shared_buffers': '2GB', 'work_mem': 32, 'maintenance_work_mem': 1024, 'max_parallel_workers_per_gather': 5, 'checkpoint_completion_target': 0.7461722531314614, 'random_page_cost': 1.027911194663203, 'effective_cache_size': 128}. Best is trial 8 with value: 7920.704568.[0m

========================================
[Trial 53] Config: {'shared_buffers': '2GB', 'work_mem': '12MB', 'maintenance_work_mem': '768MB', 'max_parallel_workers_per_gather': 5, 'checkpoint_completion_target': '0.7555304588089401', 'random_page_cost': '1.0652203928499144', 'effective_cache_size': '640MB'}
[CLEANUP] Stopping container...
[CMD] docker stop tuning || true
[CMD] docker rm tuning || true
[CMD] docker run -d --name tuning -u postgres -e POSTGRES_PASSWORD=password_test -e POSTGRES_USER=postgres -p 5432:5432 -v pg_bench:/var/lib/postgresql/data postgres:18-alpine -c shared_buffers=2GB -c work_mem=12MB -c maintenance_work_mem=768MB -c max_parallel_workers_per_gather=5 -c checkpoint_completion_target=0.7555304588089401 -c random_page_cost=1.0652203928499144 -c effective_cache_size=640MB
[DB] Waiting for PostgreSQL to be ready...
[CMD] docker exec tuning pg_isready -U postgres -h 127.0.0.1
[CMD] docker exec tuning pg_isready -U postgres -h 127.0.0.1
[DB] PostgreSQL is ready.
[TEST] Running pgbench (warmup)...
[CMD] docker exec tuning pgbench -U postgres -h 127.0.0.1 -c 32 -j 2 -T 10 benchdb
[TEST] Running pgbench (test)...
[CMD] docker exec tuning pgbench -U postgres -h 127.0.0.1 -c 64 -j 2 -T 60 benchdb
[Trial 53] TPS: 6289.67 | Latency Avg: 10.18 ms
[32m[I 2026-05-06 23:35:31,870][0m Trial 53 finished with value: 6289.667303 and parameters: {'shared_buffers': '2GB', 'work_mem': 12, 'maintenance_work_mem': 768, 'max_parallel_workers_per_gather': 5, 'checkpoint_completion_target': 0.7555304588089401, 'random_page_cost': 1.0652203928499144, 'effective_cache_size': 640}. Best is trial 8 with value: 7920.704568.[0m

========================================
[Trial 54] Config: {'shared_buffers': '2GB', 'work_mem': '24MB', 'maintenance_work_mem': '960MB', 'max_parallel_workers_per_gather': 1, 'checkpoint_completion_target': '0.7727748475874816', 'random_page_cost': '1.0024778817562314', 'effective_cache_size': '896MB'}
[CLEANUP] Stopping container...
[CMD] docker stop tuning || true
[CMD] docker rm tuning || true
[CMD] docker run -d --name tuning -u postgres -e POSTGRES_PASSWORD=password_test -e POSTGRES_USER=postgres -p 5432:5432 -v pg_bench:/var/lib/postgresql/data postgres:18-alpine -c shared_buffers=2GB -c work_mem=24MB -c maintenance_work_mem=960MB -c max_parallel_workers_per_gather=1 -c checkpoint_completion_target=0.7727748475874816 -c random_page_cost=1.0024778817562314 -c effective_cache_size=896MB
[DB] Waiting for PostgreSQL to be ready...
[CMD] docker exec tuning pg_isready -U postgres -h 127.0.0.1
[CMD] docker exec tuning pg_isready -U postgres -h 127.0.0.1
[DB] PostgreSQL is ready.
[TEST] Running pgbench (warmup)...
[CMD] docker exec tuning pgbench -U postgres -h 127.0.0.1 -c 32 -j 2 -T 10 benchdb
[TEST] Running pgbench (test)...
[CMD] docker exec tuning pgbench -U postgres -h 127.0.0.1 -c 64 -j 2 -T 60 benchdb
[Trial 54] TPS: 5884.55 | Latency Avg: 10.88 ms
[32m[I 2026-05-06 23:36:47,919][0m Trial 54 finished with value: 5884.55104 and parameters: {'shared_buffers': '2GB', 'work_mem': 24, 'maintenance_work_mem': 960, 'max_parallel_workers_per_gather': 1, 'checkpoint_completion_target': 0.7727748475874816, 'random_page_cost': 1.0024778817562314, 'effective_cache_size': 896}. Best is trial 8 with value: 7920.704568.[0m

========================================
[Trial 55] Config: {'shared_buffers': '4GB', 'work_mem': '84MB', 'maintenance_work_mem': '896MB', 'max_parallel_workers_per_gather': 13, 'checkpoint_completion_target': '0.7361797483996566', 'random_page_cost': '1.0471183271596909', 'effective_cache_size': '256MB'}
[CLEANUP] Stopping container...
[CMD] docker stop tuning || true
[CMD] docker rm tuning || true
[CMD] docker run -d --name tuning -u postgres -e POSTGRES_PASSWORD=password_test -e POSTGRES_USER=postgres -p 5432:5432 -v pg_bench:/var/lib/postgresql/data postgres:18-alpine -c shared_buffers=4GB -c work_mem=84MB -c maintenance_work_mem=896MB -c max_parallel_workers_per_gather=13 -c checkpoint_completion_target=0.7361797483996566 -c random_page_cost=1.0471183271596909 -c effective_cache_size=256MB
[DB] Waiting for PostgreSQL to be ready...
[CMD] docker exec tuning pg_isready -U postgres -h 127.0.0.1
[CMD] docker exec tuning pg_isready -U postgres -h 127.0.0.1
[DB] PostgreSQL is ready.
[TEST] Running pgbench (warmup)...
[CMD] docker exec tuning pgbench -U postgres -h 127.0.0.1 -c 32 -j 2 -T 10 benchdb
[TEST] Running pgbench (test)...
[CMD] docker exec tuning pgbench -U postgres -h 127.0.0.1 -c 64 -j 2 -T 60 benchdb
[Trial 55] TPS: 7702.27 | Latency Avg: 8.31 ms
[32m[I 2026-05-06 23:38:04,052][0m Trial 55 finished with value: 7702.266413 and parameters: {'shared_buffers': '4GB', 'work_mem': 84, 'maintenance_work_mem': 896, 'max_parallel_workers_per_gather': 13, 'checkpoint_completion_target': 0.7361797483996566, 'random_page_cost': 1.0471183271596909, 'effective_cache_size': 256}. Best is trial 8 with value: 7920.704568.[0m

========================================
[Trial 56] Config: {'shared_buffers': '4GB', 'work_mem': '84MB', 'maintenance_work_mem': '896MB', 'max_parallel_workers_per_gather': 13, 'checkpoint_completion_target': '0.7086634139391095', 'random_page_cost': '1.0499402814649565', 'effective_cache_size': '512MB'}
[CLEANUP] Stopping container...
[CMD] docker stop tuning || true
[CMD] docker rm tuning || true
[CMD] docker run -d --name tuning -u postgres -e POSTGRES_PASSWORD=password_test -e POSTGRES_USER=postgres -p 5432:5432 -v pg_bench:/var/lib/postgresql/data postgres:18-alpine -c shared_buffers=4GB -c work_mem=84MB -c maintenance_work_mem=896MB -c max_parallel_workers_per_gather=13 -c checkpoint_completion_target=0.7086634139391095 -c random_page_cost=1.0499402814649565 -c effective_cache_size=512MB
[DB] Waiting for PostgreSQL to be ready...
[CMD] docker exec tuning pg_isready -U postgres -h 127.0.0.1
[CMD] docker exec tuning pg_isready -U postgres -h 127.0.0.1
[DB] PostgreSQL is ready.
[TEST] Running pgbench (warmup)...
[CMD] docker exec tuning pgbench -U postgres -h 127.0.0.1 -c 32 -j 2 -T 10 benchdb
[TEST] Running pgbench (test)...
[CMD] docker exec tuning pgbench -U postgres -h 127.0.0.1 -c 64 -j 2 -T 60 benchdb
[Trial 56] TPS: 6981.92 | Latency Avg: 9.17 ms
[32m[I 2026-05-06 23:39:20,379][0m Trial 56 finished with value: 6981.916974 and parameters: {'shared_buffers': '4GB', 'work_mem': 84, 'maintenance_work_mem': 896, 'max_parallel_workers_per_gather': 13, 'checkpoint_completion_target': 0.7086634139391095, 'random_page_cost': 1.0499402814649565, 'effective_cache_size': 512}. Best is trial 8 with value: 7920.704568.[0m

========================================
[Trial 57] Config: {'shared_buffers': '4GB', 'work_mem': '92MB', 'maintenance_work_mem': '64MB', 'max_parallel_workers_per_gather': 13, 'checkpoint_completion_target': '0.7335590632554421', 'random_page_cost': '1.092826731952478', 'effective_cache_size': '768MB'}
[CLEANUP] Stopping container...
[CMD] docker stop tuning || true
[CMD] docker rm tuning || true
[CMD] docker run -d --name tuning -u postgres -e POSTGRES_PASSWORD=password_test -e POSTGRES_USER=postgres -p 5432:5432 -v pg_bench:/var/lib/postgresql/data postgres:18-alpine -c shared_buffers=4GB -c work_mem=92MB -c maintenance_work_mem=64MB -c max_parallel_workers_per_gather=13 -c checkpoint_completion_target=0.7335590632554421 -c random_page_cost=1.092826731952478 -c effective_cache_size=768MB
[DB] Waiting for PostgreSQL to be ready...
[CMD] docker exec tuning pg_isready -U postgres -h 127.0.0.1
[CMD] docker exec tuning pg_isready -U postgres -h 127.0.0.1
[DB] PostgreSQL is ready.
[TEST] Running pgbench (warmup)...
[CMD] docker exec tuning pgbench -U postgres -h 127.0.0.1 -c 32 -j 2 -T 10 benchdb
[TEST] Running pgbench (test)...
[CMD] docker exec tuning pgbench -U postgres -h 127.0.0.1 -c 64 -j 2 -T 60 benchdb
[Trial 57] TPS: 6700.46 | Latency Avg: 9.55 ms
[32m[I 2026-05-06 23:40:36,596][0m Trial 57 finished with value: 6700.459131 and parameters: {'shared_buffers': '4GB', 'work_mem': 92, 'maintenance_work_mem': 64, 'max_parallel_workers_per_gather': 13, 'checkpoint_completion_target': 0.7335590632554421, 'random_page_cost': 1.092826731952478, 'effective_cache_size': 768}. Best is trial 8 with value: 7920.704568.[0m

========================================
[Trial 58] Config: {'shared_buffers': '4GB', 'work_mem': '64MB', 'maintenance_work_mem': '960MB', 'max_parallel_workers_per_gather': 13, 'checkpoint_completion_target': '0.8450654913055009', 'random_page_cost': '1.0716162911625355', 'effective_cache_size': '128MB'}
[CLEANUP] Stopping container...
[CMD] docker stop tuning || true
[CMD] docker rm tuning || true
[CMD] docker run -d --name tuning -u postgres -e POSTGRES_PASSWORD=password_test -e POSTGRES_USER=postgres -p 5432:5432 -v pg_bench:/var/lib/postgresql/data postgres:18-alpine -c shared_buffers=4GB -c work_mem=64MB -c maintenance_work_mem=960MB -c max_parallel_workers_per_gather=13 -c checkpoint_completion_target=0.8450654913055009 -c random_page_cost=1.0716162911625355 -c effective_cache_size=128MB
[DB] Waiting for PostgreSQL to be ready...
[CMD] docker exec tuning pg_isready -U postgres -h 127.0.0.1
[CMD] docker exec tuning pg_isready -U postgres -h 127.0.0.1
[DB] PostgreSQL is ready.
[TEST] Running pgbench (warmup)...
[CMD] docker exec tuning pgbench -U postgres -h 127.0.0.1 -c 32 -j 2 -T 10 benchdb
[TEST] Running pgbench (test)...
[CMD] docker exec tuning pgbench -U postgres -h 127.0.0.1 -c 64 -j 2 -T 60 benchdb
[Trial 58] TPS: 6184.28 | Latency Avg: 10.35 ms
[32m[I 2026-05-06 23:41:52,844][0m Trial 58 finished with value: 6184.282945 and parameters: {'shared_buffers': '4GB', 'work_mem': 64, 'maintenance_work_mem': 960, 'max_parallel_workers_per_gather': 13, 'checkpoint_completion_target': 0.8450654913055009, 'random_page_cost': 1.0716162911625355, 'effective_cache_size': 128}. Best is trial 8 with value: 7920.704568.[0m

========================================
[Trial 59] Config: {'shared_buffers': '4GB', 'work_mem': '124MB', 'maintenance_work_mem': '1024MB', 'max_parallel_workers_per_gather': 2, 'checkpoint_completion_target': '0.7994902010101116', 'random_page_cost': '1.0438545847395568', 'effective_cache_size': '1024MB'}
[CLEANUP] Stopping container...
[CMD] docker stop tuning || true
[CMD] docker rm tuning || true
[CMD] docker run -d --name tuning -u postgres -e POSTGRES_PASSWORD=password_test -e POSTGRES_USER=postgres -p 5432:5432 -v pg_bench:/var/lib/postgresql/data postgres:18-alpine -c shared_buffers=4GB -c work_mem=124MB -c maintenance_work_mem=1024MB -c max_parallel_workers_per_gather=2 -c checkpoint_completion_target=0.7994902010101116 -c random_page_cost=1.0438545847395568 -c effective_cache_size=1024MB
[DB] Waiting for PostgreSQL to be ready...
[CMD] docker exec tuning pg_isready -U postgres -h 127.0.0.1
[CMD] docker exec tuning pg_isready -U postgres -h 127.0.0.1
[DB] PostgreSQL is ready.
[TEST] Running pgbench (warmup)...
[CMD] docker exec tuning pgbench -U postgres -h 127.0.0.1 -c 32 -j 2 -T 10 benchdb
[TEST] Running pgbench (test)...
[CMD] docker exec tuning pgbench -U postgres -h 127.0.0.1 -c 64 -j 2 -T 60 benchdb
[Trial 59] TPS: 6925.28 | Latency Avg: 9.24 ms
[32m[I 2026-05-06 23:43:08,981][0m Trial 59 finished with value: 6925.278118 and parameters: {'shared_buffers': '4GB', 'work_mem': 124, 'maintenance_work_mem': 1024, 'max_parallel_workers_per_gather': 2, 'checkpoint_completion_target': 0.7994902010101116, 'random_page_cost': 1.0438545847395568, 'effective_cache_size': 1024}. Best is trial 8 with value: 7920.704568.[0m

========================================
[Trial 60] Config: {'shared_buffers': '4GB', 'work_mem': '52MB', 'maintenance_work_mem': '768MB', 'max_parallel_workers_per_gather': 11, 'checkpoint_completion_target': '0.7812704191004085', 'random_page_cost': '1.113757894414208', 'effective_cache_size': '512MB'}
[CLEANUP] Stopping container...
[CMD] docker stop tuning || true
[CMD] docker rm tuning || true
[CMD] docker run -d --name tuning -u postgres -e POSTGRES_PASSWORD=password_test -e POSTGRES_USER=postgres -p 5432:5432 -v pg_bench:/var/lib/postgresql/data postgres:18-alpine -c shared_buffers=4GB -c work_mem=52MB -c maintenance_work_mem=768MB -c max_parallel_workers_per_gather=11 -c checkpoint_completion_target=0.7812704191004085 -c random_page_cost=1.113757894414208 -c effective_cache_size=512MB
[DB] Waiting for PostgreSQL to be ready...
[CMD] docker exec tuning pg_isready -U postgres -h 127.0.0.1
[CMD] docker exec tuning pg_isready -U postgres -h 127.0.0.1
[DB] PostgreSQL is ready.
[TEST] Running pgbench (warmup)...
[CMD] docker exec tuning pgbench -U postgres -h 127.0.0.1 -c 32 -j 2 -T 10 benchdb
[TEST] Running pgbench (test)...
[CMD] docker exec tuning pgbench -U postgres -h 127.0.0.1 -c 64 -j 2 -T 60 benchdb
[Trial 60] TPS: 6262.24 | Latency Avg: 10.22 ms
[32m[I 2026-05-06 23:44:25,266][0m Trial 60 finished with value: 6262.241573 and parameters: {'shared_buffers': '4GB', 'work_mem': 52, 'maintenance_work_mem': 768, 'max_parallel_workers_per_gather': 11, 'checkpoint_completion_target': 0.7812704191004085, 'random_page_cost': 1.113757894414208, 'effective_cache_size': 512}. Best is trial 8 with value: 7920.704568.[0m

========================================
[Trial 61] Config: {'shared_buffers': '2GB', 'work_mem': '16MB', 'maintenance_work_mem': '832MB', 'max_parallel_workers_per_gather': 5, 'checkpoint_completion_target': '0.7396530326134463', 'random_page_cost': '1.0142402976024647', 'effective_cache_size': '256MB'}
[CLEANUP] Stopping container...
[CMD] docker stop tuning || true
[CMD] docker rm tuning || true
[CMD] docker run -d --name tuning -u postgres -e POSTGRES_PASSWORD=password_test -e POSTGRES_USER=postgres -p 5432:5432 -v pg_bench:/var/lib/postgresql/data postgres:18-alpine -c shared_buffers=2GB -c work_mem=16MB -c maintenance_work_mem=832MB -c max_parallel_workers_per_gather=5 -c checkpoint_completion_target=0.7396530326134463 -c random_page_cost=1.0142402976024647 -c effective_cache_size=256MB
[DB] Waiting for PostgreSQL to be ready...
[CMD] docker exec tuning pg_isready -U postgres -h 127.0.0.1
[CMD] docker exec tuning pg_isready -U postgres -h 127.0.0.1
[DB] PostgreSQL is ready.
[TEST] Running pgbench (warmup)...
[CMD] docker exec tuning pgbench -U postgres -h 127.0.0.1 -c 32 -j 2 -T 10 benchdb
[TEST] Running pgbench (test)...
[CMD] docker exec tuning pgbench -U postgres -h 127.0.0.1 -c 64 -j 2 -T 60 benchdb
[Trial 61] TPS: 7166.57 | Latency Avg: 8.93 ms
[32m[I 2026-05-06 23:45:41,490][0m Trial 61 finished with value: 7166.574645 and parameters: {'shared_buffers': '2GB', 'work_mem': 16, 'maintenance_work_mem': 832, 'max_parallel_workers_per_gather': 5, 'checkpoint_completion_target': 0.7396530326134463, 'random_page_cost': 1.0142402976024647, 'effective_cache_size': 256}. Best is trial 8 with value: 7920.704568.[0m

========================================
[Trial 62] Config: {'shared_buffers': '2GB', 'work_mem': '112MB', 'maintenance_work_mem': '896MB', 'max_parallel_workers_per_gather': 13, 'checkpoint_completion_target': '0.7178421012078652', 'random_page_cost': '1.0314003090651964', 'effective_cache_size': '256MB'}
[CLEANUP] Stopping container...
[CMD] docker stop tuning || true
[CMD] docker rm tuning || true
[CMD] docker run -d --name tuning -u postgres -e POSTGRES_PASSWORD=password_test -e POSTGRES_USER=postgres -p 5432:5432 -v pg_bench:/var/lib/postgresql/data postgres:18-alpine -c shared_buffers=2GB -c work_mem=112MB -c maintenance_work_mem=896MB -c max_parallel_workers_per_gather=13 -c checkpoint_completion_target=0.7178421012078652 -c random_page_cost=1.0314003090651964 -c effective_cache_size=256MB
[DB] Waiting for PostgreSQL to be ready...
[CMD] docker exec tuning pg_isready -U postgres -h 127.0.0.1
[CMD] docker exec tuning pg_isready -U postgres -h 127.0.0.1
[DB] PostgreSQL is ready.
[TEST] Running pgbench (warmup)...
[CMD] docker exec tuning pgbench -U postgres -h 127.0.0.1 -c 32 -j 2 -T 10 benchdb
[TEST] Running pgbench (test)...
[CMD] docker exec tuning pgbench -U postgres -h 127.0.0.1 -c 64 -j 2 -T 60 benchdb
[Trial 62] TPS: 7063.48 | Latency Avg: 9.06 ms
[32m[I 2026-05-06 23:46:57,561][0m Trial 62 finished with value: 7063.475268 and parameters: {'shared_buffers': '2GB', 'work_mem': 112, 'maintenance_work_mem': 896, 'max_parallel_workers_per_gather': 13, 'checkpoint_completion_target': 0.7178421012078652, 'random_page_cost': 1.0314003090651964, 'effective_cache_size': 256}. Best is trial 8 with value: 7920.704568.[0m

========================================
[Trial 63] Config: {'shared_buffers': '4GB', 'work_mem': '36MB', 'maintenance_work_mem': '960MB', 'max_parallel_workers_per_gather': 2, 'checkpoint_completion_target': '0.7517323084600436', 'random_page_cost': '1.0558709560615884', 'effective_cache_size': '384MB'}
[CLEANUP] Stopping container...
[CMD] docker stop tuning || true
[CMD] docker rm tuning || true
[CMD] docker run -d --name tuning -u postgres -e POSTGRES_PASSWORD=password_test -e POSTGRES_USER=postgres -p 5432:5432 -v pg_bench:/var/lib/postgresql/data postgres:18-alpine -c shared_buffers=4GB -c work_mem=36MB -c maintenance_work_mem=960MB -c max_parallel_workers_per_gather=2 -c checkpoint_completion_target=0.7517323084600436 -c random_page_cost=1.0558709560615884 -c effective_cache_size=384MB
[DB] Waiting for PostgreSQL to be ready...
[CMD] docker exec tuning pg_isready -U postgres -h 127.0.0.1
[CMD] docker exec tuning pg_isready -U postgres -h 127.0.0.1
[DB] PostgreSQL is ready.
[TEST] Running pgbench (warmup)...
[CMD] docker exec tuning pgbench -U postgres -h 127.0.0.1 -c 32 -j 2 -T 10 benchdb
[TEST] Running pgbench (test)...
[CMD] docker exec tuning pgbench -U postgres -h 127.0.0.1 -c 64 -j 2 -T 60 benchdb
[Trial 63] TPS: 6485.71 | Latency Avg: 9.87 ms
[32m[I 2026-05-06 23:48:13,574][0m Trial 63 finished with value: 6485.712503 and parameters: {'shared_buffers': '4GB', 'work_mem': 36, 'maintenance_work_mem': 960, 'max_parallel_workers_per_gather': 2, 'checkpoint_completion_target': 0.7517323084600436, 'random_page_cost': 1.0558709560615884, 'effective_cache_size': 384}. Best is trial 8 with value: 7920.704568.[0m

========================================
[Trial 64] Config: {'shared_buffers': '2GB', 'work_mem': '96MB', 'maintenance_work_mem': '640MB', 'max_parallel_workers_per_gather': 9, 'checkpoint_completion_target': '0.7284331375803247', 'random_page_cost': '1.027860191199654', 'effective_cache_size': '128MB'}
[CLEANUP] Stopping container...
[CMD] docker stop tuning || true
[CMD] docker rm tuning || true
[CMD] docker run -d --name tuning -u postgres -e POSTGRES_PASSWORD=password_test -e POSTGRES_USER=postgres -p 5432:5432 -v pg_bench:/var/lib/postgresql/data postgres:18-alpine -c shared_buffers=2GB -c work_mem=96MB -c maintenance_work_mem=640MB -c max_parallel_workers_per_gather=9 -c checkpoint_completion_target=0.7284331375803247 -c random_page_cost=1.027860191199654 -c effective_cache_size=128MB
[DB] Waiting for PostgreSQL to be ready...
[CMD] docker exec tuning pg_isready -U postgres -h 127.0.0.1
[CMD] docker exec tuning pg_isready -U postgres -h 127.0.0.1
[DB] PostgreSQL is ready.
[TEST] Running pgbench (warmup)...
[CMD] docker exec tuning pgbench -U postgres -h 127.0.0.1 -c 32 -j 2 -T 10 benchdb
[TEST] Running pgbench (test)...
[CMD] docker exec tuning pgbench -U postgres -h 127.0.0.1 -c 64 -j 2 -T 60 benchdb
[Trial 64] TPS: 7126.72 | Latency Avg: 8.98 ms
