[32m[I 2026-05-07 00:06:00,143][0m Trial 77 finished with value: 6275.681515 and parameters: {'shared_buffers': '8GB', 'work_mem': 68, 'maintenance_work_mem': 704, 'max_parallel_workers_per_gather': 5, 'checkpoint_completion_target': 0.9357457414549152, 'random_page_cost': 1.1437939670665005, 'effective_cache_size': 768}. Best is trial 8 with value: 7920.704568.[0m

========================================
[Trial 78] Config: {'shared_buffers': '2GB', 'work_mem': '44MB', 'maintenance_work_mem': '832MB', 'max_parallel_workers_per_gather': 0, 'checkpoint_completion_target': '0.8944318427431143', 'random_page_cost': '1.2627689871296777', 'effective_cache_size': '2048MB'}
[CLEANUP] Stopping container...
[CMD] docker stop tuning || true
[CMD] docker rm tuning || true
[CMD] docker run -d --name tuning -u postgres -e POSTGRES_PASSWORD=password_test -e POSTGRES_USER=postgres -p 5432:5432 -v pg_bench:/var/lib/postgresql/data postgres:18-alpine -c shared_buffers=2GB -c work_mem=44MB -c maintenance_work_mem=832MB -c max_parallel_workers_per_gather=0 -c checkpoint_completion_target=0.8944318427431143 -c random_page_cost=1.2627689871296777 -c effective_cache_size=2048MB
[DB] Waiting for PostgreSQL to be ready...
[CMD] docker exec tuning pg_isready -U postgres -h 127.0.0.1
[CMD] docker exec tuning pg_isready -U postgres -h 127.0.0.1
[DB] PostgreSQL is ready.
[TEST] Running pgbench (warmup)...
[CMD] docker exec tuning pgbench -U postgres -h 127.0.0.1 -c 32 -j 2 -T 10 benchdb
[TEST] Running pgbench (test)...
[CMD] docker exec tuning pgbench -U postgres -h 127.0.0.1 -c 64 -j 2 -T 60 benchdb
[Trial 78] TPS: 7176.78 | Latency Avg: 8.92 ms
[32m[I 2026-05-07 00:07:16,456][0m Trial 78 finished with value: 7176.783729 and parameters: {'shared_buffers': '2GB', 'work_mem': 44, 'maintenance_work_mem': 832, 'max_parallel_workers_per_gather': 0, 'checkpoint_completion_target': 0.8944318427431143, 'random_page_cost': 1.2627689871296777, 'effective_cache_size': 2048}. Best is trial 8 with value: 7920.704568.[0m

========================================
[Trial 79] Config: {'shared_buffers': '2GB', 'work_mem': '20MB', 'maintenance_work_mem': '512MB', 'max_parallel_workers_per_gather': 7, 'checkpoint_completion_target': '0.7671017094840674', 'random_page_cost': '1.070713565088681', 'effective_cache_size': '256MB'}
[CLEANUP] Stopping container...
[CMD] docker stop tuning || true
[CMD] docker rm tuning || true
[CMD] docker run -d --name tuning -u postgres -e POSTGRES_PASSWORD=password_test -e POSTGRES_USER=postgres -p 5432:5432 -v pg_bench:/var/lib/postgresql/data postgres:18-alpine -c shared_buffers=2GB -c work_mem=20MB -c maintenance_work_mem=512MB -c max_parallel_workers_per_gather=7 -c checkpoint_completion_target=0.7671017094840674 -c random_page_cost=1.070713565088681 -c effective_cache_size=256MB
[DB] Waiting for PostgreSQL to be ready...
[CMD] docker exec tuning pg_isready -U postgres -h 127.0.0.1
[CMD] docker exec tuning pg_isready -U postgres -h 127.0.0.1
[DB] PostgreSQL is ready.
[TEST] Running pgbench (warmup)...
[CMD] docker exec tuning pgbench -U postgres -h 127.0.0.1 -c 32 -j 2 -T 10 benchdb
[TEST] Running pgbench (test)...
[CMD] docker exec tuning pgbench -U postgres -h 127.0.0.1 -c 64 -j 2 -T 60 benchdb
[Trial 79] TPS: 7248.46 | Latency Avg: 8.83 ms
[32m[I 2026-05-07 00:08:32,425][0m Trial 79 finished with value: 7248.463285 and parameters: {'shared_buffers': '2GB', 'work_mem': 20, 'maintenance_work_mem': 512, 'max_parallel_workers_per_gather': 7, 'checkpoint_completion_target': 0.7671017094840674, 'random_page_cost': 1.070713565088681, 'effective_cache_size': 256}. Best is trial 8 with value: 7920.704568.[0m

========================================
[Trial 80] Config: {'shared_buffers': '4GB', 'work_mem': '112MB', 'maintenance_work_mem': '1024MB', 'max_parallel_workers_per_gather': 5, 'checkpoint_completion_target': '0.7276873095949414', 'random_page_cost': '1.0193428452605688', 'effective_cache_size': '640MB'}
[CLEANUP] Stopping container...
[CMD] docker stop tuning || true
[CMD] docker rm tuning || true
[CMD] docker run -d --name tuning -u postgres -e POSTGRES_PASSWORD=password_test -e POSTGRES_USER=postgres -p 5432:5432 -v pg_bench:/var/lib/postgresql/data postgres:18-alpine -c shared_buffers=4GB -c work_mem=112MB -c maintenance_work_mem=1024MB -c max_parallel_workers_per_gather=5 -c checkpoint_completion_target=0.7276873095949414 -c random_page_cost=1.0193428452605688 -c effective_cache_size=640MB
[DB] Waiting for PostgreSQL to be ready...
[CMD] docker exec tuning pg_isready -U postgres -h 127.0.0.1
[CMD] docker exec tuning pg_isready -U postgres -h 127.0.0.1
[DB] PostgreSQL is ready.
[TEST] Running pgbench (warmup)...
[CMD] docker exec tuning pgbench -U postgres -h 127.0.0.1 -c 32 -j 2 -T 10 benchdb
[TEST] Running pgbench (test)...
[CMD] docker exec tuning pgbench -U postgres -h 127.0.0.1 -c 64 -j 2 -T 60 benchdb
[Trial 80] TPS: 7431.98 | Latency Avg: 8.61 ms
[32m[I 2026-05-07 00:09:48,448][0m Trial 80 finished with value: 7431.978988 and parameters: {'shared_buffers': '4GB', 'work_mem': 112, 'maintenance_work_mem': 1024, 'max_parallel_workers_per_gather': 5, 'checkpoint_completion_target': 0.7276873095949414, 'random_page_cost': 1.0193428452605688, 'effective_cache_size': 640}. Best is trial 8 with value: 7920.704568.[0m

========================================
[Trial 81] Config: {'shared_buffers': '2GB', 'work_mem': '52MB', 'maintenance_work_mem': '512MB', 'max_parallel_workers_per_gather': 3, 'checkpoint_completion_target': '0.8190614262712395', 'random_page_cost': '1.039174370351515', 'effective_cache_size': '384MB'}
[CLEANUP] Stopping container...
[CMD] docker stop tuning || true
[CMD] docker rm tuning || true
[CMD] docker run -d --name tuning -u postgres -e POSTGRES_PASSWORD=password_test -e POSTGRES_USER=postgres -p 5432:5432 -v pg_bench:/var/lib/postgresql/data postgres:18-alpine -c shared_buffers=2GB -c work_mem=52MB -c maintenance_work_mem=512MB -c max_parallel_workers_per_gather=3 -c checkpoint_completion_target=0.8190614262712395 -c random_page_cost=1.039174370351515 -c effective_cache_size=384MB
[DB] Waiting for PostgreSQL to be ready...
[CMD] docker exec tuning pg_isready -U postgres -h 127.0.0.1
[CMD] docker exec tuning pg_isready -U postgres -h 127.0.0.1
[DB] PostgreSQL is ready.
[TEST] Running pgbench (warmup)...
[CMD] docker exec tuning pgbench -U postgres -h 127.0.0.1 -c 32 -j 2 -T 10 benchdb
[TEST] Running pgbench (test)...
[CMD] docker exec tuning pgbench -U postgres -h 127.0.0.1 -c 64 -j 2 -T 60 benchdb
[Trial 81] TPS: 7075.34 | Latency Avg: 9.05 ms
[32m[I 2026-05-07 00:11:04,771][0m Trial 81 finished with value: 7075.338881 and parameters: {'shared_buffers': '2GB', 'work_mem': 52, 'maintenance_work_mem': 512, 'max_parallel_workers_per_gather': 3, 'checkpoint_completion_target': 0.8190614262712395, 'random_page_cost': 1.039174370351515, 'effective_cache_size': 384}. Best is trial 8 with value: 7920.704568.[0m

========================================
[Trial 82] Config: {'shared_buffers': '2GB', 'work_mem': '48MB', 'maintenance_work_mem': '384MB', 'max_parallel_workers_per_gather': 2, 'checkpoint_completion_target': '0.7765310637415895', 'random_page_cost': '1.0833990870497483', 'effective_cache_size': '128MB'}
[CLEANUP] Stopping container...
[CMD] docker stop tuning || true
[CMD] docker rm tuning || true
[CMD] docker run -d --name tuning -u postgres -e POSTGRES_PASSWORD=password_test -e POSTGRES_USER=postgres -p 5432:5432 -v pg_bench:/var/lib/postgresql/data postgres:18-alpine -c shared_buffers=2GB -c work_mem=48MB -c maintenance_work_mem=384MB -c max_parallel_workers_per_gather=2 -c checkpoint_completion_target=0.7765310637415895 -c random_page_cost=1.0833990870497483 -c effective_cache_size=128MB
[DB] Waiting for PostgreSQL to be ready...
[CMD] docker exec tuning pg_isready -U postgres -h 127.0.0.1
[CMD] docker exec tuning pg_isready -U postgres -h 127.0.0.1
[DB] PostgreSQL is ready.
[TEST] Running pgbench (warmup)...
[CMD] docker exec tuning pgbench -U postgres -h 127.0.0.1 -c 32 -j 2 -T 10 benchdb
[TEST] Running pgbench (test)...
[CMD] docker exec tuning pgbench -U postgres -h 127.0.0.1 -c 64 -j 2 -T 60 benchdb
[Trial 82] TPS: 7210.44 | Latency Avg: 8.88 ms
[32m[I 2026-05-07 00:12:20,771][0m Trial 82 finished with value: 7210.43539 and parameters: {'shared_buffers': '2GB', 'work_mem': 48, 'maintenance_work_mem': 384, 'max_parallel_workers_per_gather': 2, 'checkpoint_completion_target': 0.7765310637415895, 'random_page_cost': 1.0833990870497483, 'effective_cache_size': 128}. Best is trial 8 with value: 7920.704568.[0m

========================================
[Trial 83] Config: {'shared_buffers': '2GB', 'work_mem': '40MB', 'maintenance_work_mem': '576MB', 'max_parallel_workers_per_gather': 3, 'checkpoint_completion_target': '0.8009404737465748', 'random_page_cost': '1.1582483209020624', 'effective_cache_size': '384MB'}
[CLEANUP] Stopping container...
[CMD] docker stop tuning || true
[CMD] docker rm tuning || true
[CMD] docker run -d --name tuning -u postgres -e POSTGRES_PASSWORD=password_test -e POSTGRES_USER=postgres -p 5432:5432 -v pg_bench:/var/lib/postgresql/data postgres:18-alpine -c shared_buffers=2GB -c work_mem=40MB -c maintenance_work_mem=576MB -c max_parallel_workers_per_gather=3 -c checkpoint_completion_target=0.8009404737465748 -c random_page_cost=1.1582483209020624 -c effective_cache_size=384MB
[DB] Waiting for PostgreSQL to be ready...
[CMD] docker exec tuning pg_isready -U postgres -h 127.0.0.1
[CMD] docker exec tuning pg_isready -U postgres -h 127.0.0.1
[DB] PostgreSQL is ready.
[TEST] Running pgbench (warmup)...
[CMD] docker exec tuning pgbench -U postgres -h 127.0.0.1 -c 32 -j 2 -T 10 benchdb
[TEST] Running pgbench (test)...
[CMD] docker exec tuning pgbench -U postgres -h 127.0.0.1 -c 64 -j 2 -T 60 benchdb
[Trial 83] TPS: 7266.64 | Latency Avg: 8.81 ms
[32m[I 2026-05-07 00:13:36,850][0m Trial 83 finished with value: 7266.642325 and parameters: {'shared_buffers': '2GB', 'work_mem': 40, 'maintenance_work_mem': 576, 'max_parallel_workers_per_gather': 3, 'checkpoint_completion_target': 0.8009404737465748, 'random_page_cost': 1.1582483209020624, 'effective_cache_size': 384}. Best is trial 8 with value: 7920.704568.[0m

========================================
[Trial 84] Config: {'shared_buffers': '2GB', 'work_mem': '48MB', 'maintenance_work_mem': '448MB', 'max_parallel_workers_per_gather': 3, 'checkpoint_completion_target': '0.7889762603152608', 'random_page_cost': '1.0795251534641608', 'effective_cache_size': '896MB'}
[CLEANUP] Stopping container...
[CMD] docker stop tuning || true
[CMD] docker rm tuning || true
[CMD] docker run -d --name tuning -u postgres -e POSTGRES_PASSWORD=password_test -e POSTGRES_USER=postgres -p 5432:5432 -v pg_bench:/var/lib/postgresql/data postgres:18-alpine -c shared_buffers=2GB -c work_mem=48MB -c maintenance_work_mem=448MB -c max_parallel_workers_per_gather=3 -c checkpoint_completion_target=0.7889762603152608 -c random_page_cost=1.0795251534641608 -c effective_cache_size=896MB
[DB] Waiting for PostgreSQL to be ready...
[CMD] docker exec tuning pg_isready -U postgres -h 127.0.0.1
[CMD] docker exec tuning pg_isready -U postgres -h 127.0.0.1
[DB] PostgreSQL is ready.
[TEST] Running pgbench (warmup)...
[CMD] docker exec tuning pgbench -U postgres -h 127.0.0.1 -c 32 -j 2 -T 10 benchdb
[TEST] Running pgbench (test)...
[CMD] docker exec tuning pgbench -U postgres -h 127.0.0.1 -c 64 -j 2 -T 60 benchdb
[Trial 84] TPS: 7454.35 | Latency Avg: 8.59 ms
[32m[I 2026-05-07 00:14:52,913][0m Trial 84 finished with value: 7454.354657 and parameters: {'shared_buffers': '2GB', 'work_mem': 48, 'maintenance_work_mem': 448, 'max_parallel_workers_per_gather': 3, 'checkpoint_completion_target': 0.7889762603152608, 'random_page_cost': 1.0795251534641608, 'effective_cache_size': 896}. Best is trial 8 with value: 7920.704568.[0m

========================================
[Trial 85] Config: {'shared_buffers': '2GB', 'work_mem': '56MB', 'maintenance_work_mem': '640MB', 'max_parallel_workers_per_gather': 3, 'checkpoint_completion_target': '0.7619467560054042', 'random_page_cost': '1.0905729027044648', 'effective_cache_size': '256MB'}
[CLEANUP] Stopping container...
[CMD] docker stop tuning || true
[CMD] docker rm tuning || true
[CMD] docker run -d --name tuning -u postgres -e POSTGRES_PASSWORD=password_test -e POSTGRES_USER=postgres -p 5432:5432 -v pg_bench:/var/lib/postgresql/data postgres:18-alpine -c shared_buffers=2GB -c work_mem=56MB -c maintenance_work_mem=640MB -c max_parallel_workers_per_gather=3 -c checkpoint_completion_target=0.7619467560054042 -c random_page_cost=1.0905729027044648 -c effective_cache_size=256MB
[DB] Waiting for PostgreSQL to be ready...
[CMD] docker exec tuning pg_isready -U postgres -h 127.0.0.1
[CMD] docker exec tuning pg_isready -U postgres -h 127.0.0.1
[DB] PostgreSQL is ready.
[TEST] Running pgbench (warmup)...
[CMD] docker exec tuning pgbench -U postgres -h 127.0.0.1 -c 32 -j 2 -T 10 benchdb
[TEST] Running pgbench (test)...
[CMD] docker exec tuning pgbench -U postgres -h 127.0.0.1 -c 64 -j 2 -T 60 benchdb
[Trial 85] TPS: 6035.61 | Latency Avg: 10.60 ms
[32m[I 2026-05-07 00:16:09,010][0m Trial 85 finished with value: 6035.614285 and parameters: {'shared_buffers': '2GB', 'work_mem': 56, 'maintenance_work_mem': 640, 'max_parallel_workers_per_gather': 3, 'checkpoint_completion_target': 0.7619467560054042, 'random_page_cost': 1.0905729027044648, 'effective_cache_size': 256}. Best is trial 8 with value: 7920.704568.[0m

========================================
[Trial 86] Config: {'shared_buffers': '2GB', 'work_mem': '36MB', 'maintenance_work_mem': '512MB', 'max_parallel_workers_per_gather': 5, 'checkpoint_completion_target': '0.7563590898172269', 'random_page_cost': '1.0621540458855148', 'effective_cache_size': '128MB'}
[CLEANUP] Stopping container...
[CMD] docker stop tuning || true
[CMD] docker rm tuning || true
[CMD] docker run -d --name tuning -u postgres -e POSTGRES_PASSWORD=password_test -e POSTGRES_USER=postgres -p 5432:5432 -v pg_bench:/var/lib/postgresql/data postgres:18-alpine -c shared_buffers=2GB -c work_mem=36MB -c maintenance_work_mem=512MB -c max_parallel_workers_per_gather=5 -c checkpoint_completion_target=0.7563590898172269 -c random_page_cost=1.0621540458855148 -c effective_cache_size=128MB
[DB] Waiting for PostgreSQL to be ready...
[CMD] docker exec tuning pg_isready -U postgres -h 127.0.0.1
[CMD] docker exec tuning pg_isready -U postgres -h 127.0.0.1
[DB] PostgreSQL is ready.
[TEST] Running pgbench (warmup)...
[CMD] docker exec tuning pgbench -U postgres -h 127.0.0.1 -c 32 -j 2 -T 10 benchdb
[TEST] Running pgbench (test)...
[CMD] docker exec tuning pgbench -U postgres -h 127.0.0.1 -c 64 -j 2 -T 60 benchdb
[Trial 86] TPS: 6008.98 | Latency Avg: 10.65 ms
[32m[I 2026-05-07 00:17:25,061][0m Trial 86 finished with value: 6008.975404 and parameters: {'shared_buffers': '2GB', 'work_mem': 36, 'maintenance_work_mem': 512, 'max_parallel_workers_per_gather': 5, 'checkpoint_completion_target': 0.7563590898172269, 'random_page_cost': 1.0621540458855148, 'effective_cache_size': 128}. Best is trial 8 with value: 7920.704568.[0m

========================================
[Trial 87] Config: {'shared_buffers': '2GB', 'work_mem': '24MB', 'maintenance_work_mem': '960MB', 'max_parallel_workers_per_gather': 13, 'checkpoint_completion_target': '0.835792218003177', 'random_page_cost': '1.048501082868441', 'effective_cache_size': '512MB'}
[CLEANUP] Stopping container...
[CMD] docker stop tuning || true
[CMD] docker rm tuning || true
[CMD] docker run -d --name tuning -u postgres -e POSTGRES_PASSWORD=password_test -e POSTGRES_USER=postgres -p 5432:5432 -v pg_bench:/var/lib/postgresql/data postgres:18-alpine -c shared_buffers=2GB -c work_mem=24MB -c maintenance_work_mem=960MB -c max_parallel_workers_per_gather=13 -c checkpoint_completion_target=0.835792218003177 -c random_page_cost=1.048501082868441 -c effective_cache_size=512MB
[DB] Waiting for PostgreSQL to be ready...
[CMD] docker exec tuning pg_isready -U postgres -h 127.0.0.1
[CMD] docker exec tuning pg_isready -U postgres -h 127.0.0.1
[DB] PostgreSQL is ready.
[TEST] Running pgbench (warmup)...
[CMD] docker exec tuning pgbench -U postgres -h 127.0.0.1 -c 32 -j 2 -T 10 benchdb
[TEST] Running pgbench (test)...
[CMD] docker exec tuning pgbench -U postgres -h 127.0.0.1 -c 64 -j 2 -T 60 benchdb
[Trial 87] TPS: 7222.56 | Latency Avg: 8.86 ms
[32m[I 2026-05-07 00:18:41,147][0m Trial 87 finished with value: 7222.560548 and parameters: {'shared_buffers': '2GB', 'work_mem': 24, 'maintenance_work_mem': 960, 'max_parallel_workers_per_gather': 13, 'checkpoint_completion_target': 0.835792218003177, 'random_page_cost': 1.048501082868441, 'effective_cache_size': 512}. Best is trial 8 with value: 7920.704568.[0m

========================================
[Trial 88] Config: {'shared_buffers': '4GB', 'work_mem': '124MB', 'maintenance_work_mem': '448MB', 'max_parallel_workers_per_gather': 5, 'checkpoint_completion_target': '0.7203966748359727', 'random_page_cost': '1.2328141984100065', 'effective_cache_size': '2560MB'}
[CLEANUP] Stopping container...
[CMD] docker stop tuning || true
[CMD] docker rm tuning || true
[CMD] docker run -d --name tuning -u postgres -e POSTGRES_PASSWORD=password_test -e POSTGRES_USER=postgres -p 5432:5432 -v pg_bench:/var/lib/postgresql/data postgres:18-alpine -c shared_buffers=4GB -c work_mem=124MB -c maintenance_work_mem=448MB -c max_parallel_workers_per_gather=5 -c checkpoint_completion_target=0.7203966748359727 -c random_page_cost=1.2328141984100065 -c effective_cache_size=2560MB
[DB] Waiting for PostgreSQL to be ready...
[CMD] docker exec tuning pg_isready -U postgres -h 127.0.0.1
[CMD] docker exec tuning pg_isready -U postgres -h 127.0.0.1
[DB] PostgreSQL is ready.
[TEST] Running pgbench (warmup)...
[CMD] docker exec tuning pgbench -U postgres -h 127.0.0.1 -c 32 -j 2 -T 10 benchdb
[TEST] Running pgbench (test)...
[CMD] docker exec tuning pgbench -U postgres -h 127.0.0.1 -c 64 -j 2 -T 60 benchdb
[Trial 88] TPS: 7304.63 | Latency Avg: 8.76 ms
[32m[I 2026-05-07 00:19:57,178][0m Trial 88 finished with value: 7304.634071 and parameters: {'shared_buffers': '4GB', 'work_mem': 124, 'maintenance_work_mem': 448, 'max_parallel_workers_per_gather': 5, 'checkpoint_completion_target': 0.7203966748359727, 'random_page_cost': 1.2328141984100065, 'effective_cache_size': 2560}. Best is trial 8 with value: 7920.704568.[0m

========================================
[Trial 89] Config: {'shared_buffers': '2GB', 'work_mem': '28MB', 'maintenance_work_mem': '960MB', 'max_parallel_workers_per_gather': 7, 'checkpoint_completion_target': '0.9126415642131801', 'random_page_cost': '1.1285001276774866', 'effective_cache_size': '640MB'}
[CLEANUP] Stopping container...
[CMD] docker stop tuning || true
[CMD] docker rm tuning || true
[CMD] docker run -d --name tuning -u postgres -e POSTGRES_PASSWORD=password_test -e POSTGRES_USER=postgres -p 5432:5432 -v pg_bench:/var/lib/postgresql/data postgres:18-alpine -c shared_buffers=2GB -c work_mem=28MB -c maintenance_work_mem=960MB -c max_parallel_workers_per_gather=7 -c checkpoint_completion_target=0.9126415642131801 -c random_page_cost=1.1285001276774866 -c effective_cache_size=640MB
[DB] Waiting for PostgreSQL to be ready...
[CMD] docker exec tuning pg_isready -U postgres -h 127.0.0.1
[CMD] docker exec tuning pg_isready -U postgres -h 127.0.0.1
[DB] PostgreSQL is ready.
[TEST] Running pgbench (warmup)...
[CMD] docker exec tuning pgbench -U postgres -h 127.0.0.1 -c 32 -j 2 -T 10 benchdb
[TEST] Running pgbench (test)...
[CMD] docker exec tuning pgbench -U postgres -h 127.0.0.1 -c 64 -j 2 -T 60 benchdb
[Trial 89] TPS: 7179.61 | Latency Avg: 8.91 ms
[32m[I 2026-05-07 00:21:13,300][0m Trial 89 finished with value: 7179.611084 and parameters: {'shared_buffers': '2GB', 'work_mem': 28, 'maintenance_work_mem': 960, 'max_parallel_workers_per_gather': 7, 'checkpoint_completion_target': 0.9126415642131801, 'random_page_cost': 1.1285001276774866, 'effective_cache_size': 640}. Best is trial 8 with value: 7920.704568.[0m

========================================
[Trial 90] Config: {'shared_buffers': '8GB', 'work_mem': '64MB', 'maintenance_work_mem': '896MB', 'max_parallel_workers_per_gather': 1, 'checkpoint_completion_target': '0.858453586571445', 'random_page_cost': '1.0357516476175672', 'effective_cache_size': '512MB'}
[CLEANUP] Stopping container...
[CMD] docker stop tuning || true
[CMD] docker rm tuning || true
[CMD] docker run -d --name tuning -u postgres -e POSTGRES_PASSWORD=password_test -e POSTGRES_USER=postgres -p 5432:5432 -v pg_bench:/var/lib/postgresql/data postgres:18-alpine -c shared_buffers=8GB -c work_mem=64MB -c maintenance_work_mem=896MB -c max_parallel_workers_per_gather=1 -c checkpoint_completion_target=0.858453586571445 -c random_page_cost=1.0357516476175672 -c effective_cache_size=512MB
[DB] Waiting for PostgreSQL to be ready...
[CMD] docker exec tuning pg_isready -U postgres -h 127.0.0.1
[CMD] docker exec tuning pg_isready -U postgres -h 127.0.0.1
[DB] PostgreSQL is ready.
[TEST] Running pgbench (warmup)...
[CMD] docker exec tuning pgbench -U postgres -h 127.0.0.1 -c 32 -j 2 -T 10 benchdb
[TEST] Running pgbench (test)...
[CMD] docker exec tuning pgbench -U postgres -h 127.0.0.1 -c 64 -j 2 -T 60 benchdb
[Trial 90] TPS: 7630.66 | Latency Avg: 8.39 ms
