[32m[I 2026-05-14 01:48:59,435][0m Trial 50 finished with value: 7685.689941 and parameters: {'shared_buffers': '8GB', 'work_mem': 60, 'maintenance_work_mem': 768, 'max_parallel_workers_per_gather': 11, 'random_page_cost': 1.6989698808483737, 'effective_cache_size': 14336, 'wal_buffers': '1GB', 'max_wal_size': 3072}. Best is trial 2 with value: 8906.714078.[0m

========================================
[Trial 51] Config: {'shared_buffers': '2GB', 'work_mem': '48MB', 'maintenance_work_mem': '576MB', 'max_parallel_workers_per_gather': 0, 'random_page_cost': '1.7636906523342204', 'effective_cache_size': '8192MB', 'wal_buffers': '512MB', 'max_wal_size': '4096MB'}
[CLEANUP] Stopping container...
[CMD] docker stop tuning || true
[CMD] docker rm tuning || true
[CMD] docker run -d --name tuning --memory 32G --cpus 8 -u postgres -e POSTGRES_PASSWORD=password_test -e POSTGRES_USER=postgres -p 5432:5432 -v pg_bench:/var/lib/postgresql/data postgres:18-alpine -c shared_buffers=2GB -c work_mem=48MB -c maintenance_work_mem=576MB -c max_parallel_workers_per_gather=0 -c random_page_cost=1.7636906523342204 -c effective_cache_size=8192MB -c wal_buffers=512MB -c max_wal_size=4096MB
[DB] Waiting for PostgreSQL to be ready...
[CMD] docker exec tuning pg_isready -U postgres -h 127.0.0.1
[CMD] docker exec tuning pg_isready -U postgres -h 127.0.0.1
[DB] PostgreSQL is ready.
[TEST] Running pgbench (warmup)...
[CMD] docker exec tuning pgbench -U postgres -h 127.0.0.1 -c 32 -j 2 -T 10 benchdb
[TEST] Running pgbench (test)...
[CMD] docker exec tuning pgbench -U postgres -h 127.0.0.1 -c 64 -j 2 -T 90 benchdb
[Trial 51] TPS: 7700.49 | Latency Avg: 8.31 ms
[32m[I 2026-05-14 01:50:46,634][0m Trial 51 finished with value: 7700.48589 and parameters: {'shared_buffers': '2GB', 'work_mem': 48, 'maintenance_work_mem': 576, 'max_parallel_workers_per_gather': 0, 'random_page_cost': 1.7636906523342204, 'effective_cache_size': 8192, 'wal_buffers': '512MB', 'max_wal_size': 4096}. Best is trial 2 with value: 8906.714078.[0m

========================================
[Trial 52] Config: {'shared_buffers': '2GB', 'work_mem': '52MB', 'maintenance_work_mem': '640MB', 'max_parallel_workers_per_gather': 0, 'random_page_cost': '3.5077091138429735', 'effective_cache_size': '8192MB', 'wal_buffers': '512MB', 'max_wal_size': '4096MB'}
[CLEANUP] Stopping container...
[CMD] docker stop tuning || true
[CMD] docker rm tuning || true
[CMD] docker run -d --name tuning --memory 32G --cpus 8 -u postgres -e POSTGRES_PASSWORD=password_test -e POSTGRES_USER=postgres -p 5432:5432 -v pg_bench:/var/lib/postgresql/data postgres:18-alpine -c shared_buffers=2GB -c work_mem=52MB -c maintenance_work_mem=640MB -c max_parallel_workers_per_gather=0 -c random_page_cost=3.5077091138429735 -c effective_cache_size=8192MB -c wal_buffers=512MB -c max_wal_size=4096MB
[DB] Waiting for PostgreSQL to be ready...
[CMD] docker exec tuning pg_isready -U postgres -h 127.0.0.1
[CMD] docker exec tuning pg_isready -U postgres -h 127.0.0.1
[DB] PostgreSQL is ready.
[TEST] Running pgbench (warmup)...
[CMD] docker exec tuning pgbench -U postgres -h 127.0.0.1 -c 32 -j 2 -T 10 benchdb
[TEST] Running pgbench (test)...
[CMD] docker exec tuning pgbench -U postgres -h 127.0.0.1 -c 64 -j 2 -T 90 benchdb
[Trial 52] TPS: 8046.62 | Latency Avg: 7.95 ms
[32m[I 2026-05-14 01:52:34,053][0m Trial 52 finished with value: 8046.618941 and parameters: {'shared_buffers': '2GB', 'work_mem': 52, 'maintenance_work_mem': 640, 'max_parallel_workers_per_gather': 0, 'random_page_cost': 3.5077091138429735, 'effective_cache_size': 8192, 'wal_buffers': '512MB', 'max_wal_size': 4096}. Best is trial 2 with value: 8906.714078.[0m

========================================
[Trial 53] Config: {'shared_buffers': '2GB', 'work_mem': '40MB', 'maintenance_work_mem': '576MB', 'max_parallel_workers_per_gather': 0, 'random_page_cost': '2.1726782100244373', 'effective_cache_size': '6144MB', 'wal_buffers': '512MB', 'max_wal_size': '4096MB'}
[CLEANUP] Stopping container...
[CMD] docker stop tuning || true
[CMD] docker rm tuning || true
[CMD] docker run -d --name tuning --memory 32G --cpus 8 -u postgres -e POSTGRES_PASSWORD=password_test -e POSTGRES_USER=postgres -p 5432:5432 -v pg_bench:/var/lib/postgresql/data postgres:18-alpine -c shared_buffers=2GB -c work_mem=40MB -c maintenance_work_mem=576MB -c max_parallel_workers_per_gather=0 -c random_page_cost=2.1726782100244373 -c effective_cache_size=6144MB -c wal_buffers=512MB -c max_wal_size=4096MB
[DB] Waiting for PostgreSQL to be ready...
[CMD] docker exec tuning pg_isready -U postgres -h 127.0.0.1
[CMD] docker exec tuning pg_isready -U postgres -h 127.0.0.1
[DB] PostgreSQL is ready.
[TEST] Running pgbench (warmup)...
[CMD] docker exec tuning pgbench -U postgres -h 127.0.0.1 -c 32 -j 2 -T 10 benchdb
[TEST] Running pgbench (test)...
[CMD] docker exec tuning pgbench -U postgres -h 127.0.0.1 -c 64 -j 2 -T 90 benchdb
[Trial 53] TPS: 8052.54 | Latency Avg: 7.95 ms
[32m[I 2026-05-14 01:54:21,143][0m Trial 53 finished with value: 8052.540733 and parameters: {'shared_buffers': '2GB', 'work_mem': 40, 'maintenance_work_mem': 576, 'max_parallel_workers_per_gather': 0, 'random_page_cost': 2.1726782100244373, 'effective_cache_size': 6144, 'wal_buffers': '512MB', 'max_wal_size': 4096}. Best is trial 2 with value: 8906.714078.[0m

========================================
[Trial 54] Config: {'shared_buffers': '2GB', 'work_mem': '56MB', 'maintenance_work_mem': '512MB', 'max_parallel_workers_per_gather': 0, 'random_page_cost': '1.9926422406056918', 'effective_cache_size': '2048MB', 'wal_buffers': '512MB', 'max_wal_size': '4096MB'}
[CLEANUP] Stopping container...
[CMD] docker stop tuning || true
[CMD] docker rm tuning || true
[CMD] docker run -d --name tuning --memory 32G --cpus 8 -u postgres -e POSTGRES_PASSWORD=password_test -e POSTGRES_USER=postgres -p 5432:5432 -v pg_bench:/var/lib/postgresql/data postgres:18-alpine -c shared_buffers=2GB -c work_mem=56MB -c maintenance_work_mem=512MB -c max_parallel_workers_per_gather=0 -c random_page_cost=1.9926422406056918 -c effective_cache_size=2048MB -c wal_buffers=512MB -c max_wal_size=4096MB
[DB] Waiting for PostgreSQL to be ready...
[CMD] docker exec tuning pg_isready -U postgres -h 127.0.0.1
[CMD] docker exec tuning pg_isready -U postgres -h 127.0.0.1
[DB] PostgreSQL is ready.
[TEST] Running pgbench (warmup)...
[CMD] docker exec tuning pgbench -U postgres -h 127.0.0.1 -c 32 -j 2 -T 10 benchdb
[TEST] Running pgbench (test)...
[CMD] docker exec tuning pgbench -U postgres -h 127.0.0.1 -c 64 -j 2 -T 90 benchdb
[Trial 54] TPS: 8146.39 | Latency Avg: 7.86 ms
[32m[I 2026-05-14 01:56:08,428][0m Trial 54 finished with value: 8146.392793 and parameters: {'shared_buffers': '2GB', 'work_mem': 56, 'maintenance_work_mem': 512, 'max_parallel_workers_per_gather': 0, 'random_page_cost': 1.9926422406056918, 'effective_cache_size': 2048, 'wal_buffers': '512MB', 'max_wal_size': 4096}. Best is trial 2 with value: 8906.714078.[0m

========================================
[Trial 55] Config: {'shared_buffers': '2GB', 'work_mem': '48MB', 'maintenance_work_mem': '832MB', 'max_parallel_workers_per_gather': 0, 'random_page_cost': '1.4744080454917217', 'effective_cache_size': '4096MB', 'wal_buffers': '512MB', 'max_wal_size': '4096MB'}
[CLEANUP] Stopping container...
[CMD] docker stop tuning || true
[CMD] docker rm tuning || true
[CMD] docker run -d --name tuning --memory 32G --cpus 8 -u postgres -e POSTGRES_PASSWORD=password_test -e POSTGRES_USER=postgres -p 5432:5432 -v pg_bench:/var/lib/postgresql/data postgres:18-alpine -c shared_buffers=2GB -c work_mem=48MB -c maintenance_work_mem=832MB -c max_parallel_workers_per_gather=0 -c random_page_cost=1.4744080454917217 -c effective_cache_size=4096MB -c wal_buffers=512MB -c max_wal_size=4096MB
[DB] Waiting for PostgreSQL to be ready...
[CMD] docker exec tuning pg_isready -U postgres -h 127.0.0.1
[CMD] docker exec tuning pg_isready -U postgres -h 127.0.0.1
[DB] PostgreSQL is ready.
[TEST] Running pgbench (warmup)...
[CMD] docker exec tuning pgbench -U postgres -h 127.0.0.1 -c 32 -j 2 -T 10 benchdb
[TEST] Running pgbench (test)...
[CMD] docker exec tuning pgbench -U postgres -h 127.0.0.1 -c 64 -j 2 -T 90 benchdb
[Trial 55] TPS: 7990.44 | Latency Avg: 8.01 ms
[32m[I 2026-05-14 01:57:55,784][0m Trial 55 finished with value: 7990.438864 and parameters: {'shared_buffers': '2GB', 'work_mem': 48, 'maintenance_work_mem': 832, 'max_parallel_workers_per_gather': 0, 'random_page_cost': 1.4744080454917217, 'effective_cache_size': 4096, 'wal_buffers': '512MB', 'max_wal_size': 4096}. Best is trial 2 with value: 8906.714078.[0m

========================================
[Trial 56] Config: {'shared_buffers': '2GB', 'work_mem': '20MB', 'maintenance_work_mem': '704MB', 'max_parallel_workers_per_gather': 7, 'random_page_cost': '1.3335674965649476', 'effective_cache_size': '16384MB', 'wal_buffers': '128MB', 'max_wal_size': '3072MB'}
[CLEANUP] Stopping container...
[CMD] docker stop tuning || true
[CMD] docker rm tuning || true
[CMD] docker run -d --name tuning --memory 32G --cpus 8 -u postgres -e POSTGRES_PASSWORD=password_test -e POSTGRES_USER=postgres -p 5432:5432 -v pg_bench:/var/lib/postgresql/data postgres:18-alpine -c shared_buffers=2GB -c work_mem=20MB -c maintenance_work_mem=704MB -c max_parallel_workers_per_gather=7 -c random_page_cost=1.3335674965649476 -c effective_cache_size=16384MB -c wal_buffers=128MB -c max_wal_size=3072MB
[DB] Waiting for PostgreSQL to be ready...
[CMD] docker exec tuning pg_isready -U postgres -h 127.0.0.1
[CMD] docker exec tuning pg_isready -U postgres -h 127.0.0.1
[DB] PostgreSQL is ready.
[TEST] Running pgbench (warmup)...
[CMD] docker exec tuning pgbench -U postgres -h 127.0.0.1 -c 32 -j 2 -T 10 benchdb
[TEST] Running pgbench (test)...
[CMD] docker exec tuning pgbench -U postgres -h 127.0.0.1 -c 64 -j 2 -T 90 benchdb
[Trial 56] TPS: 7712.24 | Latency Avg: 8.30 ms
[32m[I 2026-05-14 01:59:43,142][0m Trial 56 finished with value: 7712.244001 and parameters: {'shared_buffers': '2GB', 'work_mem': 20, 'maintenance_work_mem': 704, 'max_parallel_workers_per_gather': 7, 'random_page_cost': 1.3335674965649476, 'effective_cache_size': 16384, 'wal_buffers': '128MB', 'max_wal_size': 3072}. Best is trial 2 with value: 8906.714078.[0m

========================================
[Trial 57] Config: {'shared_buffers': '2GB', 'work_mem': '64MB', 'maintenance_work_mem': '640MB', 'max_parallel_workers_per_gather': 1, 'random_page_cost': '1.7912533781290316', 'effective_cache_size': '10240MB', 'wal_buffers': '256MB', 'max_wal_size': '4096MB'}
[CLEANUP] Stopping container...
[CMD] docker stop tuning || true
[CMD] docker rm tuning || true
[CMD] docker run -d --name tuning --memory 32G --cpus 8 -u postgres -e POSTGRES_PASSWORD=password_test -e POSTGRES_USER=postgres -p 5432:5432 -v pg_bench:/var/lib/postgresql/data postgres:18-alpine -c shared_buffers=2GB -c work_mem=64MB -c maintenance_work_mem=640MB -c max_parallel_workers_per_gather=1 -c random_page_cost=1.7912533781290316 -c effective_cache_size=10240MB -c wal_buffers=256MB -c max_wal_size=4096MB
[DB] Waiting for PostgreSQL to be ready...
[CMD] docker exec tuning pg_isready -U postgres -h 127.0.0.1
[CMD] docker exec tuning pg_isready -U postgres -h 127.0.0.1
[DB] PostgreSQL is ready.
[TEST] Running pgbench (warmup)...
[CMD] docker exec tuning pgbench -U postgres -h 127.0.0.1 -c 32 -j 2 -T 10 benchdb
[TEST] Running pgbench (test)...
[CMD] docker exec tuning pgbench -U postgres -h 127.0.0.1 -c 64 -j 2 -T 90 benchdb
[Trial 57] TPS: 7836.88 | Latency Avg: 8.17 ms
[32m[I 2026-05-14 02:01:30,230][0m Trial 57 finished with value: 7836.884166 and parameters: {'shared_buffers': '2GB', 'work_mem': 64, 'maintenance_work_mem': 640, 'max_parallel_workers_per_gather': 1, 'random_page_cost': 1.7912533781290316, 'effective_cache_size': 10240, 'wal_buffers': '256MB', 'max_wal_size': 4096}. Best is trial 2 with value: 8906.714078.[0m

========================================
[Trial 58] Config: {'shared_buffers': '4GB', 'work_mem': '44MB', 'maintenance_work_mem': '768MB', 'max_parallel_workers_per_gather': 0, 'random_page_cost': '1.6141385890135467', 'effective_cache_size': '20480MB', 'wal_buffers': '512MB', 'max_wal_size': '4096MB'}
[CLEANUP] Stopping container...
[CMD] docker stop tuning || true
[CMD] docker rm tuning || true
[CMD] docker run -d --name tuning --memory 32G --cpus 8 -u postgres -e POSTGRES_PASSWORD=password_test -e POSTGRES_USER=postgres -p 5432:5432 -v pg_bench:/var/lib/postgresql/data postgres:18-alpine -c shared_buffers=4GB -c work_mem=44MB -c maintenance_work_mem=768MB -c max_parallel_workers_per_gather=0 -c random_page_cost=1.6141385890135467 -c effective_cache_size=20480MB -c wal_buffers=512MB -c max_wal_size=4096MB
[DB] Waiting for PostgreSQL to be ready...
[CMD] docker exec tuning pg_isready -U postgres -h 127.0.0.1
[CMD] docker exec tuning pg_isready -U postgres -h 127.0.0.1
[DB] PostgreSQL is ready.
[TEST] Running pgbench (warmup)...
[CMD] docker exec tuning pgbench -U postgres -h 127.0.0.1 -c 32 -j 2 -T 10 benchdb
[TEST] Running pgbench (test)...
[CMD] docker exec tuning pgbench -U postgres -h 127.0.0.1 -c 64 -j 2 -T 90 benchdb
[Trial 58] TPS: 8143.52 | Latency Avg: 7.86 ms
[32m[I 2026-05-14 02:03:17,360][0m Trial 58 finished with value: 8143.520349 and parameters: {'shared_buffers': '4GB', 'work_mem': 44, 'maintenance_work_mem': 768, 'max_parallel_workers_per_gather': 0, 'random_page_cost': 1.6141385890135467, 'effective_cache_size': 20480, 'wal_buffers': '512MB', 'max_wal_size': 4096}. Best is trial 2 with value: 8906.714078.[0m

========================================
[Trial 59] Config: {'shared_buffers': '2GB', 'work_mem': '60MB', 'maintenance_work_mem': '448MB', 'max_parallel_workers_per_gather': 9, 'random_page_cost': '2.386023314624396', 'effective_cache_size': '12288MB', 'wal_buffers': '64MB', 'max_wal_size': '3072MB'}
[CLEANUP] Stopping container...
[CMD] docker stop tuning || true
[CMD] docker rm tuning || true
[CMD] docker run -d --name tuning --memory 32G --cpus 8 -u postgres -e POSTGRES_PASSWORD=password_test -e POSTGRES_USER=postgres -p 5432:5432 -v pg_bench:/var/lib/postgresql/data postgres:18-alpine -c shared_buffers=2GB -c work_mem=60MB -c maintenance_work_mem=448MB -c max_parallel_workers_per_gather=9 -c random_page_cost=2.386023314624396 -c effective_cache_size=12288MB -c wal_buffers=64MB -c max_wal_size=3072MB
[DB] Waiting for PostgreSQL to be ready...
[CMD] docker exec tuning pg_isready -U postgres -h 127.0.0.1
[CMD] docker exec tuning pg_isready -U postgres -h 127.0.0.1
[DB] PostgreSQL is ready.
[TEST] Running pgbench (warmup)...
[CMD] docker exec tuning pgbench -U postgres -h 127.0.0.1 -c 32 -j 2 -T 10 benchdb
[TEST] Running pgbench (test)...
[CMD] docker exec tuning pgbench -U postgres -h 127.0.0.1 -c 64 -j 2 -T 90 benchdb
[Trial 59] TPS: 7633.70 | Latency Avg: 8.38 ms
[32m[I 2026-05-14 02:05:04,663][0m Trial 59 finished with value: 7633.703699 and parameters: {'shared_buffers': '2GB', 'work_mem': 60, 'maintenance_work_mem': 448, 'max_parallel_workers_per_gather': 9, 'random_page_cost': 2.386023314624396, 'effective_cache_size': 12288, 'wal_buffers': '64MB', 'max_wal_size': 3072}. Best is trial 2 with value: 8906.714078.[0m

========================================
[Trial 60] Config: {'shared_buffers': '8GB', 'work_mem': '56MB', 'maintenance_work_mem': '640MB', 'max_parallel_workers_per_gather': 5, 'random_page_cost': '1.0049076097260132', 'effective_cache_size': '24576MB', 'wal_buffers': '32MB', 'max_wal_size': '4096MB'}
[CLEANUP] Stopping container...
[CMD] docker stop tuning || true
[CMD] docker rm tuning || true
[CMD] docker run -d --name tuning --memory 32G --cpus 8 -u postgres -e POSTGRES_PASSWORD=password_test -e POSTGRES_USER=postgres -p 5432:5432 -v pg_bench:/var/lib/postgresql/data postgres:18-alpine -c shared_buffers=8GB -c work_mem=56MB -c maintenance_work_mem=640MB -c max_parallel_workers_per_gather=5 -c random_page_cost=1.0049076097260132 -c effective_cache_size=24576MB -c wal_buffers=32MB -c max_wal_size=4096MB
[DB] Waiting for PostgreSQL to be ready...
[CMD] docker exec tuning pg_isready -U postgres -h 127.0.0.1
[CMD] docker exec tuning pg_isready -U postgres -h 127.0.0.1
[DB] PostgreSQL is ready.
[TEST] Running pgbench (warmup)...
[CMD] docker exec tuning pgbench -U postgres -h 127.0.0.1 -c 32 -j 2 -T 10 benchdb
[TEST] Running pgbench (test)...
[CMD] docker exec tuning pgbench -U postgres -h 127.0.0.1 -c 64 -j 2 -T 90 benchdb
[Trial 60] TPS: 8295.62 | Latency Avg: 7.71 ms
[32m[I 2026-05-14 02:06:51,771][0m Trial 60 finished with value: 8295.618237 and parameters: {'shared_buffers': '8GB', 'work_mem': 56, 'maintenance_work_mem': 640, 'max_parallel_workers_per_gather': 5, 'random_page_cost': 1.0049076097260132, 'effective_cache_size': 24576, 'wal_buffers': '32MB', 'max_wal_size': 4096}. Best is trial 2 with value: 8906.714078.[0m

========================================
[Trial 61] Config: {'shared_buffers': '8GB', 'work_mem': '56MB', 'maintenance_work_mem': '640MB', 'max_parallel_workers_per_gather': 5, 'random_page_cost': '1.1053238727558874', 'effective_cache_size': '24576MB', 'wal_buffers': '32MB', 'max_wal_size': '4096MB'}
[CLEANUP] Stopping container...
[CMD] docker stop tuning || true
[CMD] docker rm tuning || true
[CMD] docker run -d --name tuning --memory 32G --cpus 8 -u postgres -e POSTGRES_PASSWORD=password_test -e POSTGRES_USER=postgres -p 5432:5432 -v pg_bench:/var/lib/postgresql/data postgres:18-alpine -c shared_buffers=8GB -c work_mem=56MB -c maintenance_work_mem=640MB -c max_parallel_workers_per_gather=5 -c random_page_cost=1.1053238727558874 -c effective_cache_size=24576MB -c wal_buffers=32MB -c max_wal_size=4096MB
[DB] Waiting for PostgreSQL to be ready...
[CMD] docker exec tuning pg_isready -U postgres -h 127.0.0.1
[CMD] docker exec tuning pg_isready -U postgres -h 127.0.0.1
[DB] PostgreSQL is ready.
[TEST] Running pgbench (warmup)...
[CMD] docker exec tuning pgbench -U postgres -h 127.0.0.1 -c 32 -j 2 -T 10 benchdb
[TEST] Running pgbench (test)...
[CMD] docker exec tuning pgbench -U postgres -h 127.0.0.1 -c 64 -j 2 -T 90 benchdb
[Trial 61] TPS: 8097.13 | Latency Avg: 7.90 ms
[32m[I 2026-05-14 02:08:39,025][0m Trial 61 finished with value: 8097.126538 and parameters: {'shared_buffers': '8GB', 'work_mem': 56, 'maintenance_work_mem': 640, 'max_parallel_workers_per_gather': 5, 'random_page_cost': 1.1053238727558874, 'effective_cache_size': 24576, 'wal_buffers': '32MB', 'max_wal_size': 4096}. Best is trial 2 with value: 8906.714078.[0m

========================================
[Trial 62] Config: {'shared_buffers': '8GB', 'work_mem': '56MB', 'maintenance_work_mem': '768MB', 'max_parallel_workers_per_gather': 5, 'random_page_cost': '1.025389135206365', 'effective_cache_size': '24576MB', 'wal_buffers': '32MB', 'max_wal_size': '4096MB'}
[CLEANUP] Stopping container...
[CMD] docker stop tuning || true
[CMD] docker rm tuning || true
[CMD] docker run -d --name tuning --memory 32G --cpus 8 -u postgres -e POSTGRES_PASSWORD=password_test -e POSTGRES_USER=postgres -p 5432:5432 -v pg_bench:/var/lib/postgresql/data postgres:18-alpine -c shared_buffers=8GB -c work_mem=56MB -c maintenance_work_mem=768MB -c max_parallel_workers_per_gather=5 -c random_page_cost=1.025389135206365 -c effective_cache_size=24576MB -c wal_buffers=32MB -c max_wal_size=4096MB
[DB] Waiting for PostgreSQL to be ready...
[CMD] docker exec tuning pg_isready -U postgres -h 127.0.0.1
[CMD] docker exec tuning pg_isready -U postgres -h 127.0.0.1
[DB] PostgreSQL is ready.
[TEST] Running pgbench (warmup)...
[CMD] docker exec tuning pgbench -U postgres -h 127.0.0.1 -c 32 -j 2 -T 10 benchdb
[TEST] Running pgbench (test)...
[CMD] docker exec tuning pgbench -U postgres -h 127.0.0.1 -c 64 -j 2 -T 90 benchdb
[Trial 62] TPS: 8314.45 | Latency Avg: 7.70 ms
[32m[I 2026-05-14 02:10:26,187][0m Trial 62 finished with value: 8314.445729 and parameters: {'shared_buffers': '8GB', 'work_mem': 56, 'maintenance_work_mem': 768, 'max_parallel_workers_per_gather': 5, 'random_page_cost': 1.025389135206365, 'effective_cache_size': 24576, 'wal_buffers': '32MB', 'max_wal_size': 4096}. Best is trial 2 with value: 8906.714078.[0m

========================================
[Trial 63] Config: {'shared_buffers': '8GB', 'work_mem': '64MB', 'maintenance_work_mem': '768MB', 'max_parallel_workers_per_gather': 5, 'random_page_cost': '1.042352540936152', 'effective_cache_size': '22528MB', 'wal_buffers': '32MB', 'max_wal_size': '4096MB'}
[CLEANUP] Stopping container...
[CMD] docker stop tuning || true
[CMD] docker rm tuning || true
[CMD] docker run -d --name tuning --memory 32G --cpus 8 -u postgres -e POSTGRES_PASSWORD=password_test -e POSTGRES_USER=postgres -p 5432:5432 -v pg_bench:/var/lib/postgresql/data postgres:18-alpine -c shared_buffers=8GB -c work_mem=64MB -c maintenance_work_mem=768MB -c max_parallel_workers_per_gather=5 -c random_page_cost=1.042352540936152 -c effective_cache_size=22528MB -c wal_buffers=32MB -c max_wal_size=4096MB
[DB] Waiting for PostgreSQL to be ready...
[CMD] docker exec tuning pg_isready -U postgres -h 127.0.0.1
[CMD] docker exec tuning pg_isready -U postgres -h 127.0.0.1
[DB] PostgreSQL is ready.
[TEST] Running pgbench (warmup)...
[CMD] docker exec tuning pgbench -U postgres -h 127.0.0.1 -c 32 -j 2 -T 10 benchdb
[TEST] Running pgbench (test)...
[CMD] docker exec tuning pgbench -U postgres -h 127.0.0.1 -c 64 -j 2 -T 90 benchdb
[Trial 63] TPS: 8173.07 | Latency Avg: 7.83 ms
