[32m[I 2026-05-14 09:32:38,893][0m Trial 141 finished with value: 9703.129863 and parameters: {'shared_buffers': '8GB', 'work_mem': 48, 'maintenance_work_mem': 896, 'max_parallel_workers_per_gather': 2, 'random_page_cost': 3.9356404184385845, 'effective_cache_size': 24576, 'wal_buffers': '16MB', 'max_wal_size': 4096}. Best is trial 106 with value: 10039.067208.[0m

========================================
[Trial 142] Config: {'shared_buffers': '8GB', 'work_mem': '52MB', 'maintenance_work_mem': '960MB', 'max_parallel_workers_per_gather': 2, 'random_page_cost': '3.9953650504173632', 'effective_cache_size': '24576MB', 'wal_buffers': '16MB', 'max_wal_size': '4096MB'}
[CLEANUP] Stopping container...
[CMD] docker stop tuning || true
[CMD] docker rm tuning || true
[CMD] docker run -d --name tuning --memory 32G --cpus 8 -u postgres -e POSTGRES_PASSWORD=password_test -e POSTGRES_USER=postgres -p 5432:5432 -v pg_bench:/var/lib/postgresql/data postgres:18-alpine -c shared_buffers=8GB -c work_mem=52MB -c maintenance_work_mem=960MB -c max_parallel_workers_per_gather=2 -c random_page_cost=3.9953650504173632 -c effective_cache_size=24576MB -c wal_buffers=16MB -c max_wal_size=4096MB
[DB] Waiting for PostgreSQL to be ready...
[CMD] docker exec tuning pg_isready -U postgres -h 127.0.0.1
[CMD] docker exec tuning pg_isready -U postgres -h 127.0.0.1
[DB] PostgreSQL is ready.
[TEST] Running pgbench (warmup)...
[CMD] docker exec tuning pgbench -U postgres -h 127.0.0.1 -c 32 -j 2 -T 10 benchdb
[TEST] Running pgbench (test)...
[CMD] docker exec tuning pgbench -U postgres -h 127.0.0.1 -c 64 -j 2 -T 90 benchdb
[Trial 142] TPS: 9661.29 | Latency Avg: 6.62 ms
[32m[I 2026-05-14 09:34:26,159][0m Trial 142 finished with value: 9661.290595 and parameters: {'shared_buffers': '8GB', 'work_mem': 52, 'maintenance_work_mem': 960, 'max_parallel_workers_per_gather': 2, 'random_page_cost': 3.9953650504173632, 'effective_cache_size': 24576, 'wal_buffers': '16MB', 'max_wal_size': 4096}. Best is trial 106 with value: 10039.067208.[0m

========================================
[Trial 143] Config: {'shared_buffers': '8GB', 'work_mem': '44MB', 'maintenance_work_mem': '1024MB', 'max_parallel_workers_per_gather': 2, 'random_page_cost': '3.879105623224673', 'effective_cache_size': '24576MB', 'wal_buffers': '16MB', 'max_wal_size': '4096MB'}
[CLEANUP] Stopping container...
[CMD] docker stop tuning || true
[CMD] docker rm tuning || true
[CMD] docker run -d --name tuning --memory 32G --cpus 8 -u postgres -e POSTGRES_PASSWORD=password_test -e POSTGRES_USER=postgres -p 5432:5432 -v pg_bench:/var/lib/postgresql/data postgres:18-alpine -c shared_buffers=8GB -c work_mem=44MB -c maintenance_work_mem=1024MB -c max_parallel_workers_per_gather=2 -c random_page_cost=3.879105623224673 -c effective_cache_size=24576MB -c wal_buffers=16MB -c max_wal_size=4096MB
[DB] Waiting for PostgreSQL to be ready...
[CMD] docker exec tuning pg_isready -U postgres -h 127.0.0.1
[CMD] docker exec tuning pg_isready -U postgres -h 127.0.0.1
[DB] PostgreSQL is ready.
[TEST] Running pgbench (warmup)...
[CMD] docker exec tuning pgbench -U postgres -h 127.0.0.1 -c 32 -j 2 -T 10 benchdb
[TEST] Running pgbench (test)...
[CMD] docker exec tuning pgbench -U postgres -h 127.0.0.1 -c 64 -j 2 -T 90 benchdb
[Trial 143] TPS: 9695.44 | Latency Avg: 6.60 ms
[32m[I 2026-05-14 09:36:13,353][0m Trial 143 finished with value: 9695.437495 and parameters: {'shared_buffers': '8GB', 'work_mem': 44, 'maintenance_work_mem': 1024, 'max_parallel_workers_per_gather': 2, 'random_page_cost': 3.879105623224673, 'effective_cache_size': 24576, 'wal_buffers': '16MB', 'max_wal_size': 4096}. Best is trial 106 with value: 10039.067208.[0m

========================================
[Trial 144] Config: {'shared_buffers': '8GB', 'work_mem': '48MB', 'maintenance_work_mem': '896MB', 'max_parallel_workers_per_gather': 13, 'random_page_cost': '3.786071545302594', 'effective_cache_size': '24576MB', 'wal_buffers': '16MB', 'max_wal_size': '4096MB'}
[CLEANUP] Stopping container...
[CMD] docker stop tuning || true
[CMD] docker rm tuning || true
[CMD] docker run -d --name tuning --memory 32G --cpus 8 -u postgres -e POSTGRES_PASSWORD=password_test -e POSTGRES_USER=postgres -p 5432:5432 -v pg_bench:/var/lib/postgresql/data postgres:18-alpine -c shared_buffers=8GB -c work_mem=48MB -c maintenance_work_mem=896MB -c max_parallel_workers_per_gather=13 -c random_page_cost=3.786071545302594 -c effective_cache_size=24576MB -c wal_buffers=16MB -c max_wal_size=4096MB
[DB] Waiting for PostgreSQL to be ready...
[CMD] docker exec tuning pg_isready -U postgres -h 127.0.0.1
[CMD] docker exec tuning pg_isready -U postgres -h 127.0.0.1
[DB] PostgreSQL is ready.
[TEST] Running pgbench (warmup)...
[CMD] docker exec tuning pgbench -U postgres -h 127.0.0.1 -c 32 -j 2 -T 10 benchdb
[TEST] Running pgbench (test)...
[CMD] docker exec tuning pgbench -U postgres -h 127.0.0.1 -c 64 -j 2 -T 90 benchdb
[Trial 144] TPS: 9654.10 | Latency Avg: 6.63 ms
[32m[I 2026-05-14 09:38:00,467][0m Trial 144 finished with value: 9654.095944 and parameters: {'shared_buffers': '8GB', 'work_mem': 48, 'maintenance_work_mem': 896, 'max_parallel_workers_per_gather': 13, 'random_page_cost': 3.786071545302594, 'effective_cache_size': 24576, 'wal_buffers': '16MB', 'max_wal_size': 4096}. Best is trial 106 with value: 10039.067208.[0m

========================================
[Trial 145] Config: {'shared_buffers': '8GB', 'work_mem': '52MB', 'maintenance_work_mem': '1024MB', 'max_parallel_workers_per_gather': 11, 'random_page_cost': '3.6642260977966203', 'effective_cache_size': '24576MB', 'wal_buffers': '16MB', 'max_wal_size': '4096MB'}
[CLEANUP] Stopping container...
[CMD] docker stop tuning || true
[CMD] docker rm tuning || true
[CMD] docker run -d --name tuning --memory 32G --cpus 8 -u postgres -e POSTGRES_PASSWORD=password_test -e POSTGRES_USER=postgres -p 5432:5432 -v pg_bench:/var/lib/postgresql/data postgres:18-alpine -c shared_buffers=8GB -c work_mem=52MB -c maintenance_work_mem=1024MB -c max_parallel_workers_per_gather=11 -c random_page_cost=3.6642260977966203 -c effective_cache_size=24576MB -c wal_buffers=16MB -c max_wal_size=4096MB
[DB] Waiting for PostgreSQL to be ready...
[CMD] docker exec tuning pg_isready -U postgres -h 127.0.0.1
[CMD] docker exec tuning pg_isready -U postgres -h 127.0.0.1
[DB] PostgreSQL is ready.
[TEST] Running pgbench (warmup)...
[CMD] docker exec tuning pgbench -U postgres -h 127.0.0.1 -c 32 -j 2 -T 10 benchdb
[TEST] Running pgbench (test)...
[CMD] docker exec tuning pgbench -U postgres -h 127.0.0.1 -c 64 -j 2 -T 90 benchdb
[Trial 145] TPS: 9698.11 | Latency Avg: 6.60 ms
[32m[I 2026-05-14 09:39:47,631][0m Trial 145 finished with value: 9698.107868 and parameters: {'shared_buffers': '8GB', 'work_mem': 52, 'maintenance_work_mem': 1024, 'max_parallel_workers_per_gather': 11, 'random_page_cost': 3.6642260977966203, 'effective_cache_size': 24576, 'wal_buffers': '16MB', 'max_wal_size': 4096}. Best is trial 106 with value: 10039.067208.[0m

========================================
[Trial 146] Config: {'shared_buffers': '8GB', 'work_mem': '48MB', 'maintenance_work_mem': '960MB', 'max_parallel_workers_per_gather': 3, 'random_page_cost': '3.8204124122951333', 'effective_cache_size': '22528MB', 'wal_buffers': '16MB', 'max_wal_size': '4096MB'}
[CLEANUP] Stopping container...
[CMD] docker stop tuning || true
[CMD] docker rm tuning || true
[CMD] docker run -d --name tuning --memory 32G --cpus 8 -u postgres -e POSTGRES_PASSWORD=password_test -e POSTGRES_USER=postgres -p 5432:5432 -v pg_bench:/var/lib/postgresql/data postgres:18-alpine -c shared_buffers=8GB -c work_mem=48MB -c maintenance_work_mem=960MB -c max_parallel_workers_per_gather=3 -c random_page_cost=3.8204124122951333 -c effective_cache_size=22528MB -c wal_buffers=16MB -c max_wal_size=4096MB
[DB] Waiting for PostgreSQL to be ready...
[CMD] docker exec tuning pg_isready -U postgres -h 127.0.0.1
[CMD] docker exec tuning pg_isready -U postgres -h 127.0.0.1
[DB] PostgreSQL is ready.
[TEST] Running pgbench (warmup)...
[CMD] docker exec tuning pgbench -U postgres -h 127.0.0.1 -c 32 -j 2 -T 10 benchdb
[TEST] Running pgbench (test)...
[CMD] docker exec tuning pgbench -U postgres -h 127.0.0.1 -c 64 -j 2 -T 90 benchdb
[Trial 146] TPS: 9682.59 | Latency Avg: 6.61 ms
[32m[I 2026-05-14 09:41:34,712][0m Trial 146 finished with value: 9682.594098 and parameters: {'shared_buffers': '8GB', 'work_mem': 48, 'maintenance_work_mem': 960, 'max_parallel_workers_per_gather': 3, 'random_page_cost': 3.8204124122951333, 'effective_cache_size': 22528, 'wal_buffers': '16MB', 'max_wal_size': 4096}. Best is trial 106 with value: 10039.067208.[0m

========================================
[Trial 147] Config: {'shared_buffers': '8GB', 'work_mem': '48MB', 'maintenance_work_mem': '960MB', 'max_parallel_workers_per_gather': 3, 'random_page_cost': '3.5585638907401016', 'effective_cache_size': '24576MB', 'wal_buffers': '1GB', 'max_wal_size': '4096MB'}
[CLEANUP] Stopping container...
[CMD] docker stop tuning || true
[CMD] docker rm tuning || true
[CMD] docker run -d --name tuning --memory 32G --cpus 8 -u postgres -e POSTGRES_PASSWORD=password_test -e POSTGRES_USER=postgres -p 5432:5432 -v pg_bench:/var/lib/postgresql/data postgres:18-alpine -c shared_buffers=8GB -c work_mem=48MB -c maintenance_work_mem=960MB -c max_parallel_workers_per_gather=3 -c random_page_cost=3.5585638907401016 -c effective_cache_size=24576MB -c wal_buffers=1GB -c max_wal_size=4096MB
[DB] Waiting for PostgreSQL to be ready...
[CMD] docker exec tuning pg_isready -U postgres -h 127.0.0.1
[CMD] docker exec tuning pg_isready -U postgres -h 127.0.0.1
[DB] PostgreSQL is ready.
[TEST] Running pgbench (warmup)...
[CMD] docker exec tuning pgbench -U postgres -h 127.0.0.1 -c 32 -j 2 -T 10 benchdb
[TEST] Running pgbench (test)...
[CMD] docker exec tuning pgbench -U postgres -h 127.0.0.1 -c 64 -j 2 -T 90 benchdb
[Trial 147] TPS: 9656.79 | Latency Avg: 6.63 ms
[32m[I 2026-05-14 09:43:21,888][0m Trial 147 finished with value: 9656.787318 and parameters: {'shared_buffers': '8GB', 'work_mem': 48, 'maintenance_work_mem': 960, 'max_parallel_workers_per_gather': 3, 'random_page_cost': 3.5585638907401016, 'effective_cache_size': 24576, 'wal_buffers': '1GB', 'max_wal_size': 4096}. Best is trial 106 with value: 10039.067208.[0m

========================================
[Trial 148] Config: {'shared_buffers': '8GB', 'work_mem': '44MB', 'maintenance_work_mem': '1024MB', 'max_parallel_workers_per_gather': 3, 'random_page_cost': '3.9273153855855307', 'effective_cache_size': '22528MB', 'wal_buffers': '16MB', 'max_wal_size': '4096MB'}
[CLEANUP] Stopping container...
[CMD] docker stop tuning || true
[CMD] docker rm tuning || true
[CMD] docker run -d --name tuning --memory 32G --cpus 8 -u postgres -e POSTGRES_PASSWORD=password_test -e POSTGRES_USER=postgres -p 5432:5432 -v pg_bench:/var/lib/postgresql/data postgres:18-alpine -c shared_buffers=8GB -c work_mem=44MB -c maintenance_work_mem=1024MB -c max_parallel_workers_per_gather=3 -c random_page_cost=3.9273153855855307 -c effective_cache_size=22528MB -c wal_buffers=16MB -c max_wal_size=4096MB
[DB] Waiting for PostgreSQL to be ready...
[CMD] docker exec tuning pg_isready -U postgres -h 127.0.0.1
[CMD] docker exec tuning pg_isready -U postgres -h 127.0.0.1
[DB] PostgreSQL is ready.
[TEST] Running pgbench (warmup)...
[CMD] docker exec tuning pgbench -U postgres -h 127.0.0.1 -c 32 -j 2 -T 10 benchdb
[TEST] Running pgbench (test)...
[CMD] docker exec tuning pgbench -U postgres -h 127.0.0.1 -c 64 -j 2 -T 90 benchdb
[Trial 148] TPS: 9792.65 | Latency Avg: 6.54 ms
[32m[I 2026-05-14 09:45:09,144][0m Trial 148 finished with value: 9792.649027 and parameters: {'shared_buffers': '8GB', 'work_mem': 44, 'maintenance_work_mem': 1024, 'max_parallel_workers_per_gather': 3, 'random_page_cost': 3.9273153855855307, 'effective_cache_size': 22528, 'wal_buffers': '16MB', 'max_wal_size': 4096}. Best is trial 106 with value: 10039.067208.[0m

========================================
[Trial 149] Config: {'shared_buffers': '8GB', 'work_mem': '52MB', 'maintenance_work_mem': '1024MB', 'max_parallel_workers_per_gather': 1, 'random_page_cost': '3.735391761125771', 'effective_cache_size': '24576MB', 'wal_buffers': '16MB', 'max_wal_size': '4096MB'}
[CLEANUP] Stopping container...
[CMD] docker stop tuning || true
[CMD] docker rm tuning || true
[CMD] docker run -d --name tuning --memory 32G --cpus 8 -u postgres -e POSTGRES_PASSWORD=password_test -e POSTGRES_USER=postgres -p 5432:5432 -v pg_bench:/var/lib/postgresql/data postgres:18-alpine -c shared_buffers=8GB -c work_mem=52MB -c maintenance_work_mem=1024MB -c max_parallel_workers_per_gather=1 -c random_page_cost=3.735391761125771 -c effective_cache_size=24576MB -c wal_buffers=16MB -c max_wal_size=4096MB
[DB] Waiting for PostgreSQL to be ready...
[CMD] docker exec tuning pg_isready -U postgres -h 127.0.0.1
[CMD] docker exec tuning pg_isready -U postgres -h 127.0.0.1
[DB] PostgreSQL is ready.
[TEST] Running pgbench (warmup)...
[CMD] docker exec tuning pgbench -U postgres -h 127.0.0.1 -c 32 -j 2 -T 10 benchdb
[TEST] Running pgbench (test)...
[CMD] docker exec tuning pgbench -U postgres -h 127.0.0.1 -c 64 -j 2 -T 90 benchdb
[Trial 149] TPS: 9825.40 | Latency Avg: 6.51 ms
[32m[I 2026-05-14 09:46:56,413][0m Trial 149 finished with value: 9825.395186 and parameters: {'shared_buffers': '8GB', 'work_mem': 52, 'maintenance_work_mem': 1024, 'max_parallel_workers_per_gather': 1, 'random_page_cost': 3.735391761125771, 'effective_cache_size': 24576, 'wal_buffers': '16MB', 'max_wal_size': 4096}. Best is trial 106 with value: 10039.067208.[0m

========================================
[Trial 150] Config: {'shared_buffers': '8GB', 'work_mem': '32MB', 'maintenance_work_mem': '896MB', 'max_parallel_workers_per_gather': 2, 'random_page_cost': '3.652221991480309', 'effective_cache_size': '24576MB', 'wal_buffers': '16MB', 'max_wal_size': '4096MB'}
[CLEANUP] Stopping container...
[CMD] docker stop tuning || true
[CMD] docker rm tuning || true
[CMD] docker run -d --name tuning --memory 32G --cpus 8 -u postgres -e POSTGRES_PASSWORD=password_test -e POSTGRES_USER=postgres -p 5432:5432 -v pg_bench:/var/lib/postgresql/data postgres:18-alpine -c shared_buffers=8GB -c work_mem=32MB -c maintenance_work_mem=896MB -c max_parallel_workers_per_gather=2 -c random_page_cost=3.652221991480309 -c effective_cache_size=24576MB -c wal_buffers=16MB -c max_wal_size=4096MB
[DB] Waiting for PostgreSQL to be ready...
[CMD] docker exec tuning pg_isready -U postgres -h 127.0.0.1
[CMD] docker exec tuning pg_isready -U postgres -h 127.0.0.1
[DB] PostgreSQL is ready.
[TEST] Running pgbench (warmup)...
[CMD] docker exec tuning pgbench -U postgres -h 127.0.0.1 -c 32 -j 2 -T 10 benchdb
[TEST] Running pgbench (test)...
[CMD] docker exec tuning pgbench -U postgres -h 127.0.0.1 -c 64 -j 2 -T 90 benchdb
[Trial 150] TPS: 9800.72 | Latency Avg: 6.53 ms
[32m[I 2026-05-14 09:48:43,534][0m Trial 150 finished with value: 9800.720528 and parameters: {'shared_buffers': '8GB', 'work_mem': 32, 'maintenance_work_mem': 896, 'max_parallel_workers_per_gather': 2, 'random_page_cost': 3.652221991480309, 'effective_cache_size': 24576, 'wal_buffers': '16MB', 'max_wal_size': 4096}. Best is trial 106 with value: 10039.067208.[0m

========================================
[Trial 151] Config: {'shared_buffers': '8GB', 'work_mem': '48MB', 'maintenance_work_mem': '896MB', 'max_parallel_workers_per_gather': 11, 'random_page_cost': '3.793569392332106', 'effective_cache_size': '24576MB', 'wal_buffers': '16MB', 'max_wal_size': '4096MB'}
[CLEANUP] Stopping container...
[CMD] docker stop tuning || true
[CMD] docker rm tuning || true
[CMD] docker run -d --name tuning --memory 32G --cpus 8 -u postgres -e POSTGRES_PASSWORD=password_test -e POSTGRES_USER=postgres -p 5432:5432 -v pg_bench:/var/lib/postgresql/data postgres:18-alpine -c shared_buffers=8GB -c work_mem=48MB -c maintenance_work_mem=896MB -c max_parallel_workers_per_gather=11 -c random_page_cost=3.793569392332106 -c effective_cache_size=24576MB -c wal_buffers=16MB -c max_wal_size=4096MB
[DB] Waiting for PostgreSQL to be ready...
[CMD] docker exec tuning pg_isready -U postgres -h 127.0.0.1
[CMD] docker exec tuning pg_isready -U postgres -h 127.0.0.1
[DB] PostgreSQL is ready.
[TEST] Running pgbench (warmup)...
[CMD] docker exec tuning pgbench -U postgres -h 127.0.0.1 -c 32 -j 2 -T 10 benchdb
[TEST] Running pgbench (test)...
[CMD] docker exec tuning pgbench -U postgres -h 127.0.0.1 -c 64 -j 2 -T 90 benchdb
[Trial 151] TPS: 9811.63 | Latency Avg: 6.52 ms
[32m[I 2026-05-14 09:50:30,699][0m Trial 151 finished with value: 9811.628085 and parameters: {'shared_buffers': '8GB', 'work_mem': 48, 'maintenance_work_mem': 896, 'max_parallel_workers_per_gather': 11, 'random_page_cost': 3.793569392332106, 'effective_cache_size': 24576, 'wal_buffers': '16MB', 'max_wal_size': 4096}. Best is trial 106 with value: 10039.067208.[0m

========================================
[Trial 152] Config: {'shared_buffers': '8GB', 'work_mem': '48MB', 'maintenance_work_mem': '960MB', 'max_parallel_workers_per_gather': 11, 'random_page_cost': '3.8740144229583944', 'effective_cache_size': '24576MB', 'wal_buffers': '16MB', 'max_wal_size': '4096MB'}
[CLEANUP] Stopping container...
[CMD] docker stop tuning || true
[CMD] docker rm tuning || true
[CMD] docker run -d --name tuning --memory 32G --cpus 8 -u postgres -e POSTGRES_PASSWORD=password_test -e POSTGRES_USER=postgres -p 5432:5432 -v pg_bench:/var/lib/postgresql/data postgres:18-alpine -c shared_buffers=8GB -c work_mem=48MB -c maintenance_work_mem=960MB -c max_parallel_workers_per_gather=11 -c random_page_cost=3.8740144229583944 -c effective_cache_size=24576MB -c wal_buffers=16MB -c max_wal_size=4096MB
[DB] Waiting for PostgreSQL to be ready...
[CMD] docker exec tuning pg_isready -U postgres -h 127.0.0.1
[CMD] docker exec tuning pg_isready -U postgres -h 127.0.0.1
[DB] PostgreSQL is ready.
[TEST] Running pgbench (warmup)...
[CMD] docker exec tuning pgbench -U postgres -h 127.0.0.1 -c 32 -j 2 -T 10 benchdb
[TEST] Running pgbench (test)...
[CMD] docker exec tuning pgbench -U postgres -h 127.0.0.1 -c 64 -j 2 -T 90 benchdb
[Trial 152] TPS: 9828.97 | Latency Avg: 6.51 ms
[32m[I 2026-05-14 09:52:18,137][0m Trial 152 finished with value: 9828.973904 and parameters: {'shared_buffers': '8GB', 'work_mem': 48, 'maintenance_work_mem': 960, 'max_parallel_workers_per_gather': 11, 'random_page_cost': 3.8740144229583944, 'effective_cache_size': 24576, 'wal_buffers': '16MB', 'max_wal_size': 4096}. Best is trial 106 with value: 10039.067208.[0m

========================================
[Trial 153] Config: {'shared_buffers': '8GB', 'work_mem': '48MB', 'maintenance_work_mem': '1024MB', 'max_parallel_workers_per_gather': 11, 'random_page_cost': '3.836275570007179', 'effective_cache_size': '24576MB', 'wal_buffers': '16MB', 'max_wal_size': '4096MB'}
[CLEANUP] Stopping container...
[CMD] docker stop tuning || true
[CMD] docker rm tuning || true
[CMD] docker run -d --name tuning --memory 32G --cpus 8 -u postgres -e POSTGRES_PASSWORD=password_test -e POSTGRES_USER=postgres -p 5432:5432 -v pg_bench:/var/lib/postgresql/data postgres:18-alpine -c shared_buffers=8GB -c work_mem=48MB -c maintenance_work_mem=1024MB -c max_parallel_workers_per_gather=11 -c random_page_cost=3.836275570007179 -c effective_cache_size=24576MB -c wal_buffers=16MB -c max_wal_size=4096MB
[DB] Waiting for PostgreSQL to be ready...
[CMD] docker exec tuning pg_isready -U postgres -h 127.0.0.1
[CMD] docker exec tuning pg_isready -U postgres -h 127.0.0.1
[DB] PostgreSQL is ready.
[TEST] Running pgbench (warmup)...
[CMD] docker exec tuning pgbench -U postgres -h 127.0.0.1 -c 32 -j 2 -T 10 benchdb
[TEST] Running pgbench (test)...
[CMD] docker exec tuning pgbench -U postgres -h 127.0.0.1 -c 64 -j 2 -T 90 benchdb
[Trial 153] TPS: 9716.98 | Latency Avg: 6.59 ms
[32m[I 2026-05-14 09:54:05,214][0m Trial 153 finished with value: 9716.976881 and parameters: {'shared_buffers': '8GB', 'work_mem': 48, 'maintenance_work_mem': 1024, 'max_parallel_workers_per_gather': 11, 'random_page_cost': 3.836275570007179, 'effective_cache_size': 24576, 'wal_buffers': '16MB', 'max_wal_size': 4096}. Best is trial 106 with value: 10039.067208.[0m

========================================
[Trial 154] Config: {'shared_buffers': '8GB', 'work_mem': '52MB', 'maintenance_work_mem': '896MB', 'max_parallel_workers_per_gather': 7, 'random_page_cost': '3.7590763685769', 'effective_cache_size': '24576MB', 'wal_buffers': '16MB', 'max_wal_size': '4096MB'}
[CLEANUP] Stopping container...
[CMD] docker stop tuning || true
[CMD] docker rm tuning || true
[CMD] docker run -d --name tuning --memory 32G --cpus 8 -u postgres -e POSTGRES_PASSWORD=password_test -e POSTGRES_USER=postgres -p 5432:5432 -v pg_bench:/var/lib/postgresql/data postgres:18-alpine -c shared_buffers=8GB -c work_mem=52MB -c maintenance_work_mem=896MB -c max_parallel_workers_per_gather=7 -c random_page_cost=3.7590763685769 -c effective_cache_size=24576MB -c wal_buffers=16MB -c max_wal_size=4096MB
[DB] Waiting for PostgreSQL to be ready...
[CMD] docker exec tuning pg_isready -U postgres -h 127.0.0.1
[CMD] docker exec tuning pg_isready -U postgres -h 127.0.0.1
[DB] PostgreSQL is ready.
[TEST] Running pgbench (warmup)...
[CMD] docker exec tuning pgbench -U postgres -h 127.0.0.1 -c 32 -j 2 -T 10 benchdb
[TEST] Running pgbench (test)...
[CMD] docker exec tuning pgbench -U postgres -h 127.0.0.1 -c 64 -j 2 -T 90 benchdb
[Trial 154] TPS: 9859.55 | Latency Avg: 6.49 ms
