[32m[I 2026-05-14 09:09:25,891][0m Trial 128 finished with value: 9781.347308 and parameters: {'shared_buffers': '8GB', 'work_mem': 44, 'maintenance_work_mem': 1024, 'max_parallel_workers_per_gather': 3, 'random_page_cost': 3.9146745767363136, 'effective_cache_size': 24576, 'wal_buffers': '16MB', 'max_wal_size': 4096}. Best is trial 106 with value: 10039.067208.[0m

========================================
[Trial 129] Config: {'shared_buffers': '8GB', 'work_mem': '36MB', 'maintenance_work_mem': '1024MB', 'max_parallel_workers_per_gather': 3, 'random_page_cost': '3.521721163004034', 'effective_cache_size': '24576MB', 'wal_buffers': '16MB', 'max_wal_size': '4096MB'}
[CLEANUP] Stopping container...
[CMD] docker stop tuning || true
[CMD] docker rm tuning || true
[CMD] docker run -d --name tuning --memory 32G --cpus 8 -u postgres -e POSTGRES_PASSWORD=password_test -e POSTGRES_USER=postgres -p 5432:5432 -v pg_bench:/var/lib/postgresql/data postgres:18-alpine -c shared_buffers=8GB -c work_mem=36MB -c maintenance_work_mem=1024MB -c max_parallel_workers_per_gather=3 -c random_page_cost=3.521721163004034 -c effective_cache_size=24576MB -c wal_buffers=16MB -c max_wal_size=4096MB
[DB] Waiting for PostgreSQL to be ready...
[CMD] docker exec tuning pg_isready -U postgres -h 127.0.0.1
[CMD] docker exec tuning pg_isready -U postgres -h 127.0.0.1
[DB] PostgreSQL is ready.
[TEST] Running pgbench (warmup)...
[CMD] docker exec tuning pgbench -U postgres -h 127.0.0.1 -c 32 -j 2 -T 10 benchdb
[TEST] Running pgbench (test)...
[CMD] docker exec tuning pgbench -U postgres -h 127.0.0.1 -c 64 -j 2 -T 90 benchdb
[Trial 129] TPS: 9808.90 | Latency Avg: 6.53 ms
[32m[I 2026-05-14 09:11:12,994][0m Trial 129 finished with value: 9808.89515 and parameters: {'shared_buffers': '8GB', 'work_mem': 36, 'maintenance_work_mem': 1024, 'max_parallel_workers_per_gather': 3, 'random_page_cost': 3.521721163004034, 'effective_cache_size': 24576, 'wal_buffers': '16MB', 'max_wal_size': 4096}. Best is trial 106 with value: 10039.067208.[0m

========================================
[Trial 130] Config: {'shared_buffers': '4GB', 'work_mem': '48MB', 'maintenance_work_mem': '960MB', 'max_parallel_workers_per_gather': 3, 'random_page_cost': '3.856222541665419', 'effective_cache_size': '24576MB', 'wal_buffers': '16MB', 'max_wal_size': '4096MB'}
[CLEANUP] Stopping container...
[CMD] docker stop tuning || true
[CMD] docker rm tuning || true
[CMD] docker run -d --name tuning --memory 32G --cpus 8 -u postgres -e POSTGRES_PASSWORD=password_test -e POSTGRES_USER=postgres -p 5432:5432 -v pg_bench:/var/lib/postgresql/data postgres:18-alpine -c shared_buffers=4GB -c work_mem=48MB -c maintenance_work_mem=960MB -c max_parallel_workers_per_gather=3 -c random_page_cost=3.856222541665419 -c effective_cache_size=24576MB -c wal_buffers=16MB -c max_wal_size=4096MB
[DB] Waiting for PostgreSQL to be ready...
[CMD] docker exec tuning pg_isready -U postgres -h 127.0.0.1
[CMD] docker exec tuning pg_isready -U postgres -h 127.0.0.1
[DB] PostgreSQL is ready.
[TEST] Running pgbench (warmup)...
[CMD] docker exec tuning pgbench -U postgres -h 127.0.0.1 -c 32 -j 2 -T 10 benchdb
[TEST] Running pgbench (test)...
[CMD] docker exec tuning pgbench -U postgres -h 127.0.0.1 -c 64 -j 2 -T 90 benchdb
[Trial 130] TPS: 9821.98 | Latency Avg: 6.52 ms
[32m[I 2026-05-14 09:13:00,195][0m Trial 130 finished with value: 9821.982877 and parameters: {'shared_buffers': '4GB', 'work_mem': 48, 'maintenance_work_mem': 960, 'max_parallel_workers_per_gather': 3, 'random_page_cost': 3.856222541665419, 'effective_cache_size': 24576, 'wal_buffers': '16MB', 'max_wal_size': 4096}. Best is trial 106 with value: 10039.067208.[0m

========================================
[Trial 131] Config: {'shared_buffers': '8GB', 'work_mem': '52MB', 'maintenance_work_mem': '1024MB', 'max_parallel_workers_per_gather': 3, 'random_page_cost': '3.692225929135694', 'effective_cache_size': '24576MB', 'wal_buffers': '16MB', 'max_wal_size': '4096MB'}
[CLEANUP] Stopping container...
[CMD] docker stop tuning || true
[CMD] docker rm tuning || true
[CMD] docker run -d --name tuning --memory 32G --cpus 8 -u postgres -e POSTGRES_PASSWORD=password_test -e POSTGRES_USER=postgres -p 5432:5432 -v pg_bench:/var/lib/postgresql/data postgres:18-alpine -c shared_buffers=8GB -c work_mem=52MB -c maintenance_work_mem=1024MB -c max_parallel_workers_per_gather=3 -c random_page_cost=3.692225929135694 -c effective_cache_size=24576MB -c wal_buffers=16MB -c max_wal_size=4096MB
[DB] Waiting for PostgreSQL to be ready...
[CMD] docker exec tuning pg_isready -U postgres -h 127.0.0.1
[CMD] docker exec tuning pg_isready -U postgres -h 127.0.0.1
[DB] PostgreSQL is ready.
[TEST] Running pgbench (warmup)...
[CMD] docker exec tuning pgbench -U postgres -h 127.0.0.1 -c 32 -j 2 -T 10 benchdb
[TEST] Running pgbench (test)...
[CMD] docker exec tuning pgbench -U postgres -h 127.0.0.1 -c 64 -j 2 -T 90 benchdb
[Trial 131] TPS: 9792.17 | Latency Avg: 6.54 ms
[32m[I 2026-05-14 09:14:47,167][0m Trial 131 finished with value: 9792.169525 and parameters: {'shared_buffers': '8GB', 'work_mem': 52, 'maintenance_work_mem': 1024, 'max_parallel_workers_per_gather': 3, 'random_page_cost': 3.692225929135694, 'effective_cache_size': 24576, 'wal_buffers': '16MB', 'max_wal_size': 4096}. Best is trial 106 with value: 10039.067208.[0m

========================================
[Trial 132] Config: {'shared_buffers': '8GB', 'work_mem': '52MB', 'maintenance_work_mem': '1024MB', 'max_parallel_workers_per_gather': 3, 'random_page_cost': '3.670309967422195', 'effective_cache_size': '24576MB', 'wal_buffers': '16MB', 'max_wal_size': '4096MB'}
[CLEANUP] Stopping container...
[CMD] docker stop tuning || true
[CMD] docker rm tuning || true
[CMD] docker run -d --name tuning --memory 32G --cpus 8 -u postgres -e POSTGRES_PASSWORD=password_test -e POSTGRES_USER=postgres -p 5432:5432 -v pg_bench:/var/lib/postgresql/data postgres:18-alpine -c shared_buffers=8GB -c work_mem=52MB -c maintenance_work_mem=1024MB -c max_parallel_workers_per_gather=3 -c random_page_cost=3.670309967422195 -c effective_cache_size=24576MB -c wal_buffers=16MB -c max_wal_size=4096MB
[DB] Waiting for PostgreSQL to be ready...
[CMD] docker exec tuning pg_isready -U postgres -h 127.0.0.1
[CMD] docker exec tuning pg_isready -U postgres -h 127.0.0.1
[DB] PostgreSQL is ready.
[TEST] Running pgbench (warmup)...
[CMD] docker exec tuning pgbench -U postgres -h 127.0.0.1 -c 32 -j 2 -T 10 benchdb
[TEST] Running pgbench (test)...
[CMD] docker exec tuning pgbench -U postgres -h 127.0.0.1 -c 64 -j 2 -T 90 benchdb
[Trial 132] TPS: 9769.15 | Latency Avg: 6.55 ms
[32m[I 2026-05-14 09:16:34,289][0m Trial 132 finished with value: 9769.153661 and parameters: {'shared_buffers': '8GB', 'work_mem': 52, 'maintenance_work_mem': 1024, 'max_parallel_workers_per_gather': 3, 'random_page_cost': 3.670309967422195, 'effective_cache_size': 24576, 'wal_buffers': '16MB', 'max_wal_size': 4096}. Best is trial 106 with value: 10039.067208.[0m

========================================
[Trial 133] Config: {'shared_buffers': '8GB', 'work_mem': '48MB', 'maintenance_work_mem': '960MB', 'max_parallel_workers_per_gather': 3, 'random_page_cost': '3.7612226292526945', 'effective_cache_size': '24576MB', 'wal_buffers': '16MB', 'max_wal_size': '4096MB'}
[CLEANUP] Stopping container...
[CMD] docker stop tuning || true
[CMD] docker rm tuning || true
[CMD] docker run -d --name tuning --memory 32G --cpus 8 -u postgres -e POSTGRES_PASSWORD=password_test -e POSTGRES_USER=postgres -p 5432:5432 -v pg_bench:/var/lib/postgresql/data postgres:18-alpine -c shared_buffers=8GB -c work_mem=48MB -c maintenance_work_mem=960MB -c max_parallel_workers_per_gather=3 -c random_page_cost=3.7612226292526945 -c effective_cache_size=24576MB -c wal_buffers=16MB -c max_wal_size=4096MB
[DB] Waiting for PostgreSQL to be ready...
[CMD] docker exec tuning pg_isready -U postgres -h 127.0.0.1
[CMD] docker exec tuning pg_isready -U postgres -h 127.0.0.1
[DB] PostgreSQL is ready.
[TEST] Running pgbench (warmup)...
[CMD] docker exec tuning pgbench -U postgres -h 127.0.0.1 -c 32 -j 2 -T 10 benchdb
[TEST] Running pgbench (test)...
[CMD] docker exec tuning pgbench -U postgres -h 127.0.0.1 -c 64 -j 2 -T 90 benchdb
[Trial 133] TPS: 9732.06 | Latency Avg: 6.58 ms
[32m[I 2026-05-14 09:18:21,478][0m Trial 133 finished with value: 9732.055824 and parameters: {'shared_buffers': '8GB', 'work_mem': 48, 'maintenance_work_mem': 960, 'max_parallel_workers_per_gather': 3, 'random_page_cost': 3.7612226292526945, 'effective_cache_size': 24576, 'wal_buffers': '16MB', 'max_wal_size': 4096}. Best is trial 106 with value: 10039.067208.[0m

========================================
[Trial 134] Config: {'shared_buffers': '8GB', 'work_mem': '40MB', 'maintenance_work_mem': '1024MB', 'max_parallel_workers_per_gather': 3, 'random_page_cost': '3.923078315309825', 'effective_cache_size': '24576MB', 'wal_buffers': '128MB', 'max_wal_size': '4096MB'}
[CLEANUP] Stopping container...
[CMD] docker stop tuning || true
[CMD] docker rm tuning || true
[CMD] docker run -d --name tuning --memory 32G --cpus 8 -u postgres -e POSTGRES_PASSWORD=password_test -e POSTGRES_USER=postgres -p 5432:5432 -v pg_bench:/var/lib/postgresql/data postgres:18-alpine -c shared_buffers=8GB -c work_mem=40MB -c maintenance_work_mem=1024MB -c max_parallel_workers_per_gather=3 -c random_page_cost=3.923078315309825 -c effective_cache_size=24576MB -c wal_buffers=128MB -c max_wal_size=4096MB
[DB] Waiting for PostgreSQL to be ready...
[CMD] docker exec tuning pg_isready -U postgres -h 127.0.0.1
[CMD] docker exec tuning pg_isready -U postgres -h 127.0.0.1
[DB] PostgreSQL is ready.
[TEST] Running pgbench (warmup)...
[CMD] docker exec tuning pgbench -U postgres -h 127.0.0.1 -c 32 -j 2 -T 10 benchdb
[TEST] Running pgbench (test)...
[CMD] docker exec tuning pgbench -U postgres -h 127.0.0.1 -c 64 -j 2 -T 90 benchdb
[Trial 134] TPS: 9674.17 | Latency Avg: 6.62 ms
[32m[I 2026-05-14 09:20:08,602][0m Trial 134 finished with value: 9674.172091 and parameters: {'shared_buffers': '8GB', 'work_mem': 40, 'maintenance_work_mem': 1024, 'max_parallel_workers_per_gather': 3, 'random_page_cost': 3.923078315309825, 'effective_cache_size': 24576, 'wal_buffers': '128MB', 'max_wal_size': 4096}. Best is trial 106 with value: 10039.067208.[0m

========================================
[Trial 135] Config: {'shared_buffers': '8GB', 'work_mem': '48MB', 'maintenance_work_mem': '1024MB', 'max_parallel_workers_per_gather': 3, 'random_page_cost': '3.824131768972499', 'effective_cache_size': '24576MB', 'wal_buffers': '16MB', 'max_wal_size': '4096MB'}
[CLEANUP] Stopping container...
[CMD] docker stop tuning || true
[CMD] docker rm tuning || true
[CMD] docker run -d --name tuning --memory 32G --cpus 8 -u postgres -e POSTGRES_PASSWORD=password_test -e POSTGRES_USER=postgres -p 5432:5432 -v pg_bench:/var/lib/postgresql/data postgres:18-alpine -c shared_buffers=8GB -c work_mem=48MB -c maintenance_work_mem=1024MB -c max_parallel_workers_per_gather=3 -c random_page_cost=3.824131768972499 -c effective_cache_size=24576MB -c wal_buffers=16MB -c max_wal_size=4096MB
[DB] Waiting for PostgreSQL to be ready...
[CMD] docker exec tuning pg_isready -U postgres -h 127.0.0.1
[CMD] docker exec tuning pg_isready -U postgres -h 127.0.0.1
[DB] PostgreSQL is ready.
[TEST] Running pgbench (warmup)...
[CMD] docker exec tuning pgbench -U postgres -h 127.0.0.1 -c 32 -j 2 -T 10 benchdb
[TEST] Running pgbench (test)...
[CMD] docker exec tuning pgbench -U postgres -h 127.0.0.1 -c 64 -j 2 -T 90 benchdb
[Trial 135] TPS: 9772.86 | Latency Avg: 6.55 ms
[32m[I 2026-05-14 09:21:55,887][0m Trial 135 finished with value: 9772.856012 and parameters: {'shared_buffers': '8GB', 'work_mem': 48, 'maintenance_work_mem': 1024, 'max_parallel_workers_per_gather': 3, 'random_page_cost': 3.824131768972499, 'effective_cache_size': 24576, 'wal_buffers': '16MB', 'max_wal_size': 4096}. Best is trial 106 with value: 10039.067208.[0m

========================================
[Trial 136] Config: {'shared_buffers': '8GB', 'work_mem': '52MB', 'maintenance_work_mem': '896MB', 'max_parallel_workers_per_gather': 3, 'random_page_cost': '3.9968500036397185', 'effective_cache_size': '24576MB', 'wal_buffers': '256MB', 'max_wal_size': '4096MB'}
[CLEANUP] Stopping container...
[CMD] docker stop tuning || true
[CMD] docker rm tuning || true
[CMD] docker run -d --name tuning --memory 32G --cpus 8 -u postgres -e POSTGRES_PASSWORD=password_test -e POSTGRES_USER=postgres -p 5432:5432 -v pg_bench:/var/lib/postgresql/data postgres:18-alpine -c shared_buffers=8GB -c work_mem=52MB -c maintenance_work_mem=896MB -c max_parallel_workers_per_gather=3 -c random_page_cost=3.9968500036397185 -c effective_cache_size=24576MB -c wal_buffers=256MB -c max_wal_size=4096MB
[DB] Waiting for PostgreSQL to be ready...
[CMD] docker exec tuning pg_isready -U postgres -h 127.0.0.1
[CMD] docker exec tuning pg_isready -U postgres -h 127.0.0.1
[DB] PostgreSQL is ready.
[TEST] Running pgbench (warmup)...
[CMD] docker exec tuning pgbench -U postgres -h 127.0.0.1 -c 32 -j 2 -T 10 benchdb
[TEST] Running pgbench (test)...
[CMD] docker exec tuning pgbench -U postgres -h 127.0.0.1 -c 64 -j 2 -T 90 benchdb
[Trial 136] TPS: 9629.19 | Latency Avg: 6.65 ms
[32m[I 2026-05-14 09:23:43,149][0m Trial 136 finished with value: 9629.192648 and parameters: {'shared_buffers': '8GB', 'work_mem': 52, 'maintenance_work_mem': 896, 'max_parallel_workers_per_gather': 3, 'random_page_cost': 3.9968500036397185, 'effective_cache_size': 24576, 'wal_buffers': '256MB', 'max_wal_size': 4096}. Best is trial 106 with value: 10039.067208.[0m

========================================
[Trial 137] Config: {'shared_buffers': '8GB', 'work_mem': '44MB', 'maintenance_work_mem': '960MB', 'max_parallel_workers_per_gather': 3, 'random_page_cost': '3.5885619308731145', 'effective_cache_size': '22528MB', 'wal_buffers': '16MB', 'max_wal_size': '4096MB'}
[CLEANUP] Stopping container...
[CMD] docker stop tuning || true
[CMD] docker rm tuning || true
[CMD] docker run -d --name tuning --memory 32G --cpus 8 -u postgres -e POSTGRES_PASSWORD=password_test -e POSTGRES_USER=postgres -p 5432:5432 -v pg_bench:/var/lib/postgresql/data postgres:18-alpine -c shared_buffers=8GB -c work_mem=44MB -c maintenance_work_mem=960MB -c max_parallel_workers_per_gather=3 -c random_page_cost=3.5885619308731145 -c effective_cache_size=22528MB -c wal_buffers=16MB -c max_wal_size=4096MB
[DB] Waiting for PostgreSQL to be ready...
[CMD] docker exec tuning pg_isready -U postgres -h 127.0.0.1
[CMD] docker exec tuning pg_isready -U postgres -h 127.0.0.1
[DB] PostgreSQL is ready.
[TEST] Running pgbench (warmup)...
[CMD] docker exec tuning pgbench -U postgres -h 127.0.0.1 -c 32 -j 2 -T 10 benchdb
[TEST] Running pgbench (test)...
[CMD] docker exec tuning pgbench -U postgres -h 127.0.0.1 -c 64 -j 2 -T 90 benchdb
[Trial 137] TPS: 9713.08 | Latency Avg: 6.59 ms
[32m[I 2026-05-14 09:25:30,290][0m Trial 137 finished with value: 9713.079367 and parameters: {'shared_buffers': '8GB', 'work_mem': 44, 'maintenance_work_mem': 960, 'max_parallel_workers_per_gather': 3, 'random_page_cost': 3.5885619308731145, 'effective_cache_size': 22528, 'wal_buffers': '16MB', 'max_wal_size': 4096}. Best is trial 106 with value: 10039.067208.[0m

========================================
[Trial 138] Config: {'shared_buffers': '8GB', 'work_mem': '48MB', 'maintenance_work_mem': '1024MB', 'max_parallel_workers_per_gather': 2, 'random_page_cost': '3.433806012388518', 'effective_cache_size': '24576MB', 'wal_buffers': '16MB', 'max_wal_size': '4096MB'}
[CLEANUP] Stopping container...
[CMD] docker stop tuning || true
[CMD] docker rm tuning || true
[CMD] docker run -d --name tuning --memory 32G --cpus 8 -u postgres -e POSTGRES_PASSWORD=password_test -e POSTGRES_USER=postgres -p 5432:5432 -v pg_bench:/var/lib/postgresql/data postgres:18-alpine -c shared_buffers=8GB -c work_mem=48MB -c maintenance_work_mem=1024MB -c max_parallel_workers_per_gather=2 -c random_page_cost=3.433806012388518 -c effective_cache_size=24576MB -c wal_buffers=16MB -c max_wal_size=4096MB
[DB] Waiting for PostgreSQL to be ready...
[CMD] docker exec tuning pg_isready -U postgres -h 127.0.0.1
[CMD] docker exec tuning pg_isready -U postgres -h 127.0.0.1
[DB] PostgreSQL is ready.
[TEST] Running pgbench (warmup)...
[CMD] docker exec tuning pgbench -U postgres -h 127.0.0.1 -c 32 -j 2 -T 10 benchdb
[TEST] Running pgbench (test)...
[CMD] docker exec tuning pgbench -U postgres -h 127.0.0.1 -c 64 -j 2 -T 90 benchdb
[Trial 138] TPS: 9667.86 | Latency Avg: 6.62 ms
[32m[I 2026-05-14 09:27:17,370][0m Trial 138 finished with value: 9667.859983 and parameters: {'shared_buffers': '8GB', 'work_mem': 48, 'maintenance_work_mem': 1024, 'max_parallel_workers_per_gather': 2, 'random_page_cost': 3.433806012388518, 'effective_cache_size': 24576, 'wal_buffers': '16MB', 'max_wal_size': 4096}. Best is trial 106 with value: 10039.067208.[0m

========================================
[Trial 139] Config: {'shared_buffers': '8GB', 'work_mem': '48MB', 'maintenance_work_mem': '960MB', 'max_parallel_workers_per_gather': 3, 'random_page_cost': '3.770960448076047', 'effective_cache_size': '22528MB', 'wal_buffers': '16MB', 'max_wal_size': '4096MB'}
[CLEANUP] Stopping container...
[CMD] docker stop tuning || true
[CMD] docker rm tuning || true
[CMD] docker run -d --name tuning --memory 32G --cpus 8 -u postgres -e POSTGRES_PASSWORD=password_test -e POSTGRES_USER=postgres -p 5432:5432 -v pg_bench:/var/lib/postgresql/data postgres:18-alpine -c shared_buffers=8GB -c work_mem=48MB -c maintenance_work_mem=960MB -c max_parallel_workers_per_gather=3 -c random_page_cost=3.770960448076047 -c effective_cache_size=22528MB -c wal_buffers=16MB -c max_wal_size=4096MB
[DB] Waiting for PostgreSQL to be ready...
[CMD] docker exec tuning pg_isready -U postgres -h 127.0.0.1
[CMD] docker exec tuning pg_isready -U postgres -h 127.0.0.1
[DB] PostgreSQL is ready.
[TEST] Running pgbench (warmup)...
[CMD] docker exec tuning pgbench -U postgres -h 127.0.0.1 -c 32 -j 2 -T 10 benchdb
[TEST] Running pgbench (test)...
[CMD] docker exec tuning pgbench -U postgres -h 127.0.0.1 -c 64 -j 2 -T 90 benchdb
[Trial 139] TPS: 9658.74 | Latency Avg: 6.63 ms
[32m[I 2026-05-14 09:29:04,593][0m Trial 139 finished with value: 9658.741874 and parameters: {'shared_buffers': '8GB', 'work_mem': 48, 'maintenance_work_mem': 960, 'max_parallel_workers_per_gather': 3, 'random_page_cost': 3.770960448076047, 'effective_cache_size': 22528, 'wal_buffers': '16MB', 'max_wal_size': 4096}. Best is trial 106 with value: 10039.067208.[0m

========================================
[Trial 140] Config: {'shared_buffers': '8GB', 'work_mem': '52MB', 'maintenance_work_mem': '896MB', 'max_parallel_workers_per_gather': 3, 'random_page_cost': '3.708510217641517', 'effective_cache_size': '24576MB', 'wal_buffers': '16MB', 'max_wal_size': '4096MB'}
[CLEANUP] Stopping container...
[CMD] docker stop tuning || true
[CMD] docker rm tuning || true
[CMD] docker run -d --name tuning --memory 32G --cpus 8 -u postgres -e POSTGRES_PASSWORD=password_test -e POSTGRES_USER=postgres -p 5432:5432 -v pg_bench:/var/lib/postgresql/data postgres:18-alpine -c shared_buffers=8GB -c work_mem=52MB -c maintenance_work_mem=896MB -c max_parallel_workers_per_gather=3 -c random_page_cost=3.708510217641517 -c effective_cache_size=24576MB -c wal_buffers=16MB -c max_wal_size=4096MB
[DB] Waiting for PostgreSQL to be ready...
[CMD] docker exec tuning pg_isready -U postgres -h 127.0.0.1
[CMD] docker exec tuning pg_isready -U postgres -h 127.0.0.1
[DB] PostgreSQL is ready.
[TEST] Running pgbench (warmup)...
[CMD] docker exec tuning pgbench -U postgres -h 127.0.0.1 -c 32 -j 2 -T 10 benchdb
[TEST] Running pgbench (test)...
[CMD] docker exec tuning pgbench -U postgres -h 127.0.0.1 -c 64 -j 2 -T 90 benchdb
[Trial 140] TPS: 9711.61 | Latency Avg: 6.59 ms
[32m[I 2026-05-14 09:30:51,781][0m Trial 140 finished with value: 9711.610279 and parameters: {'shared_buffers': '8GB', 'work_mem': 52, 'maintenance_work_mem': 896, 'max_parallel_workers_per_gather': 3, 'random_page_cost': 3.708510217641517, 'effective_cache_size': 24576, 'wal_buffers': '16MB', 'max_wal_size': 4096}. Best is trial 106 with value: 10039.067208.[0m

========================================
[Trial 141] Config: {'shared_buffers': '8GB', 'work_mem': '48MB', 'maintenance_work_mem': '896MB', 'max_parallel_workers_per_gather': 2, 'random_page_cost': '3.9356404184385845', 'effective_cache_size': '24576MB', 'wal_buffers': '16MB', 'max_wal_size': '4096MB'}
[CLEANUP] Stopping container...
[CMD] docker stop tuning || true
[CMD] docker rm tuning || true
[CMD] docker run -d --name tuning --memory 32G --cpus 8 -u postgres -e POSTGRES_PASSWORD=password_test -e POSTGRES_USER=postgres -p 5432:5432 -v pg_bench:/var/lib/postgresql/data postgres:18-alpine -c shared_buffers=8GB -c work_mem=48MB -c maintenance_work_mem=896MB -c max_parallel_workers_per_gather=2 -c random_page_cost=3.9356404184385845 -c effective_cache_size=24576MB -c wal_buffers=16MB -c max_wal_size=4096MB
[DB] Waiting for PostgreSQL to be ready...
[CMD] docker exec tuning pg_isready -U postgres -h 127.0.0.1
[CMD] docker exec tuning pg_isready -U postgres -h 127.0.0.1
[DB] PostgreSQL is ready.
[TEST] Running pgbench (warmup)...
[CMD] docker exec tuning pgbench -U postgres -h 127.0.0.1 -c 32 -j 2 -T 10 benchdb
[TEST] Running pgbench (test)...
[CMD] docker exec tuning pgbench -U postgres -h 127.0.0.1 -c 64 -j 2 -T 90 benchdb
[Trial 141] TPS: 9703.13 | Latency Avg: 6.60 ms
