[32m[I 2026-05-14 08:23:00,285][0m Trial 102 finished with value: 9922.432745 and parameters: {'shared_buffers': '8GB', 'work_mem': 52, 'maintenance_work_mem': 1024, 'max_parallel_workers_per_gather': 3, 'random_page_cost': 3.7041660835185355, 'effective_cache_size': 24576, 'wal_buffers': '16MB', 'max_wal_size': 4096}. Best is trial 102 with value: 9922.432745.[0m

========================================
[Trial 103] Config: {'shared_buffers': '8GB', 'work_mem': '52MB', 'maintenance_work_mem': '1024MB', 'max_parallel_workers_per_gather': 3, 'random_page_cost': '3.7024592008752935', 'effective_cache_size': '24576MB', 'wal_buffers': '16MB', 'max_wal_size': '4096MB'}
[CLEANUP] Stopping container...
[CMD] docker stop tuning || true
[CMD] docker rm tuning || true
[CMD] docker run -d --name tuning --memory 32G --cpus 8 -u postgres -e POSTGRES_PASSWORD=password_test -e POSTGRES_USER=postgres -p 5432:5432 -v pg_bench:/var/lib/postgresql/data postgres:18-alpine -c shared_buffers=8GB -c work_mem=52MB -c maintenance_work_mem=1024MB -c max_parallel_workers_per_gather=3 -c random_page_cost=3.7024592008752935 -c effective_cache_size=24576MB -c wal_buffers=16MB -c max_wal_size=4096MB
[DB] Waiting for PostgreSQL to be ready...
[CMD] docker exec tuning pg_isready -U postgres -h 127.0.0.1
[CMD] docker exec tuning pg_isready -U postgres -h 127.0.0.1
[DB] PostgreSQL is ready.
[TEST] Running pgbench (warmup)...
[CMD] docker exec tuning pgbench -U postgres -h 127.0.0.1 -c 32 -j 2 -T 10 benchdb
[TEST] Running pgbench (test)...
[CMD] docker exec tuning pgbench -U postgres -h 127.0.0.1 -c 64 -j 2 -T 90 benchdb
[Trial 103] TPS: 9957.68 | Latency Avg: 6.43 ms
[32m[I 2026-05-14 08:24:47,275][0m Trial 103 finished with value: 9957.68197 and parameters: {'shared_buffers': '8GB', 'work_mem': 52, 'maintenance_work_mem': 1024, 'max_parallel_workers_per_gather': 3, 'random_page_cost': 3.7024592008752935, 'effective_cache_size': 24576, 'wal_buffers': '16MB', 'max_wal_size': 4096}. Best is trial 103 with value: 9957.68197.[0m

========================================
[Trial 104] Config: {'shared_buffers': '8GB', 'work_mem': '52MB', 'maintenance_work_mem': '1024MB', 'max_parallel_workers_per_gather': 3, 'random_page_cost': '3.5736046905864938', 'effective_cache_size': '24576MB', 'wal_buffers': '16MB', 'max_wal_size': '4096MB'}
[CLEANUP] Stopping container...
[CMD] docker stop tuning || true
[CMD] docker rm tuning || true
[CMD] docker run -d --name tuning --memory 32G --cpus 8 -u postgres -e POSTGRES_PASSWORD=password_test -e POSTGRES_USER=postgres -p 5432:5432 -v pg_bench:/var/lib/postgresql/data postgres:18-alpine -c shared_buffers=8GB -c work_mem=52MB -c maintenance_work_mem=1024MB -c max_parallel_workers_per_gather=3 -c random_page_cost=3.5736046905864938 -c effective_cache_size=24576MB -c wal_buffers=16MB -c max_wal_size=4096MB
[DB] Waiting for PostgreSQL to be ready...
[CMD] docker exec tuning pg_isready -U postgres -h 127.0.0.1
[CMD] docker exec tuning pg_isready -U postgres -h 127.0.0.1
[DB] PostgreSQL is ready.
[TEST] Running pgbench (warmup)...
[CMD] docker exec tuning pgbench -U postgres -h 127.0.0.1 -c 32 -j 2 -T 10 benchdb
[TEST] Running pgbench (test)...
[CMD] docker exec tuning pgbench -U postgres -h 127.0.0.1 -c 64 -j 2 -T 90 benchdb
[Trial 104] TPS: 9952.20 | Latency Avg: 6.43 ms
[32m[I 2026-05-14 08:26:34,396][0m Trial 104 finished with value: 9952.201062 and parameters: {'shared_buffers': '8GB', 'work_mem': 52, 'maintenance_work_mem': 1024, 'max_parallel_workers_per_gather': 3, 'random_page_cost': 3.5736046905864938, 'effective_cache_size': 24576, 'wal_buffers': '16MB', 'max_wal_size': 4096}. Best is trial 103 with value: 9957.68197.[0m

========================================
[Trial 105] Config: {'shared_buffers': '8GB', 'work_mem': '52MB', 'maintenance_work_mem': '1024MB', 'max_parallel_workers_per_gather': 3, 'random_page_cost': '3.7663329430729093', 'effective_cache_size': '24576MB', 'wal_buffers': '16MB', 'max_wal_size': '4096MB'}
[CLEANUP] Stopping container...
[CMD] docker stop tuning || true
[CMD] docker rm tuning || true
[CMD] docker run -d --name tuning --memory 32G --cpus 8 -u postgres -e POSTGRES_PASSWORD=password_test -e POSTGRES_USER=postgres -p 5432:5432 -v pg_bench:/var/lib/postgresql/data postgres:18-alpine -c shared_buffers=8GB -c work_mem=52MB -c maintenance_work_mem=1024MB -c max_parallel_workers_per_gather=3 -c random_page_cost=3.7663329430729093 -c effective_cache_size=24576MB -c wal_buffers=16MB -c max_wal_size=4096MB
[DB] Waiting for PostgreSQL to be ready...
[CMD] docker exec tuning pg_isready -U postgres -h 127.0.0.1
[CMD] docker exec tuning pg_isready -U postgres -h 127.0.0.1
[DB] PostgreSQL is ready.
[TEST] Running pgbench (warmup)...
[CMD] docker exec tuning pgbench -U postgres -h 127.0.0.1 -c 32 -j 2 -T 10 benchdb
[TEST] Running pgbench (test)...
[CMD] docker exec tuning pgbench -U postgres -h 127.0.0.1 -c 64 -j 2 -T 90 benchdb
[Trial 105] TPS: 9968.66 | Latency Avg: 6.42 ms
[32m[I 2026-05-14 08:28:21,464][0m Trial 105 finished with value: 9968.659549 and parameters: {'shared_buffers': '8GB', 'work_mem': 52, 'maintenance_work_mem': 1024, 'max_parallel_workers_per_gather': 3, 'random_page_cost': 3.7663329430729093, 'effective_cache_size': 24576, 'wal_buffers': '16MB', 'max_wal_size': 4096}. Best is trial 105 with value: 9968.659549.[0m

========================================
[Trial 106] Config: {'shared_buffers': '8GB', 'work_mem': '48MB', 'maintenance_work_mem': '1024MB', 'max_parallel_workers_per_gather': 3, 'random_page_cost': '3.79893460391947', 'effective_cache_size': '24576MB', 'wal_buffers': '16MB', 'max_wal_size': '4096MB'}
[CLEANUP] Stopping container...
[CMD] docker stop tuning || true
[CMD] docker rm tuning || true
[CMD] docker run -d --name tuning --memory 32G --cpus 8 -u postgres -e POSTGRES_PASSWORD=password_test -e POSTGRES_USER=postgres -p 5432:5432 -v pg_bench:/var/lib/postgresql/data postgres:18-alpine -c shared_buffers=8GB -c work_mem=48MB -c maintenance_work_mem=1024MB -c max_parallel_workers_per_gather=3 -c random_page_cost=3.79893460391947 -c effective_cache_size=24576MB -c wal_buffers=16MB -c max_wal_size=4096MB
[DB] Waiting for PostgreSQL to be ready...
[CMD] docker exec tuning pg_isready -U postgres -h 127.0.0.1
[CMD] docker exec tuning pg_isready -U postgres -h 127.0.0.1
[DB] PostgreSQL is ready.
[TEST] Running pgbench (warmup)...
[CMD] docker exec tuning pgbench -U postgres -h 127.0.0.1 -c 32 -j 2 -T 10 benchdb
[TEST] Running pgbench (test)...
[CMD] docker exec tuning pgbench -U postgres -h 127.0.0.1 -c 64 -j 2 -T 90 benchdb
[Trial 106] TPS: 10039.07 | Latency Avg: 6.38 ms
[32m[I 2026-05-14 08:30:08,605][0m Trial 106 finished with value: 10039.067208 and parameters: {'shared_buffers': '8GB', 'work_mem': 48, 'maintenance_work_mem': 1024, 'max_parallel_workers_per_gather': 3, 'random_page_cost': 3.79893460391947, 'effective_cache_size': 24576, 'wal_buffers': '16MB', 'max_wal_size': 4096}. Best is trial 106 with value: 10039.067208.[0m

========================================
[Trial 107] Config: {'shared_buffers': '8GB', 'work_mem': '48MB', 'maintenance_work_mem': '1024MB', 'max_parallel_workers_per_gather': 3, 'random_page_cost': '3.7971090021791474', 'effective_cache_size': '24576MB', 'wal_buffers': '16MB', 'max_wal_size': '4096MB'}
[CLEANUP] Stopping container...
[CMD] docker stop tuning || true
[CMD] docker rm tuning || true
[CMD] docker run -d --name tuning --memory 32G --cpus 8 -u postgres -e POSTGRES_PASSWORD=password_test -e POSTGRES_USER=postgres -p 5432:5432 -v pg_bench:/var/lib/postgresql/data postgres:18-alpine -c shared_buffers=8GB -c work_mem=48MB -c maintenance_work_mem=1024MB -c max_parallel_workers_per_gather=3 -c random_page_cost=3.7971090021791474 -c effective_cache_size=24576MB -c wal_buffers=16MB -c max_wal_size=4096MB
[DB] Waiting for PostgreSQL to be ready...
[CMD] docker exec tuning pg_isready -U postgres -h 127.0.0.1
[CMD] docker exec tuning pg_isready -U postgres -h 127.0.0.1
[DB] PostgreSQL is ready.
[TEST] Running pgbench (warmup)...
[CMD] docker exec tuning pgbench -U postgres -h 127.0.0.1 -c 32 -j 2 -T 10 benchdb
[TEST] Running pgbench (test)...
[CMD] docker exec tuning pgbench -U postgres -h 127.0.0.1 -c 64 -j 2 -T 90 benchdb
[Trial 107] TPS: 9984.49 | Latency Avg: 6.41 ms
[32m[I 2026-05-14 08:31:55,954][0m Trial 107 finished with value: 9984.49403 and parameters: {'shared_buffers': '8GB', 'work_mem': 48, 'maintenance_work_mem': 1024, 'max_parallel_workers_per_gather': 3, 'random_page_cost': 3.7971090021791474, 'effective_cache_size': 24576, 'wal_buffers': '16MB', 'max_wal_size': 4096}. Best is trial 106 with value: 10039.067208.[0m

========================================
[Trial 108] Config: {'shared_buffers': '8GB', 'work_mem': '48MB', 'maintenance_work_mem': '1024MB', 'max_parallel_workers_per_gather': 3, 'random_page_cost': '3.7775129395451774', 'effective_cache_size': '24576MB', 'wal_buffers': '16MB', 'max_wal_size': '4096MB'}
[CLEANUP] Stopping container...
[CMD] docker stop tuning || true
[CMD] docker rm tuning || true
[CMD] docker run -d --name tuning --memory 32G --cpus 8 -u postgres -e POSTGRES_PASSWORD=password_test -e POSTGRES_USER=postgres -p 5432:5432 -v pg_bench:/var/lib/postgresql/data postgres:18-alpine -c shared_buffers=8GB -c work_mem=48MB -c maintenance_work_mem=1024MB -c max_parallel_workers_per_gather=3 -c random_page_cost=3.7775129395451774 -c effective_cache_size=24576MB -c wal_buffers=16MB -c max_wal_size=4096MB
[DB] Waiting for PostgreSQL to be ready...
[CMD] docker exec tuning pg_isready -U postgres -h 127.0.0.1
[CMD] docker exec tuning pg_isready -U postgres -h 127.0.0.1
[DB] PostgreSQL is ready.
[TEST] Running pgbench (warmup)...
[CMD] docker exec tuning pgbench -U postgres -h 127.0.0.1 -c 32 -j 2 -T 10 benchdb
[TEST] Running pgbench (test)...
[CMD] docker exec tuning pgbench -U postgres -h 127.0.0.1 -c 64 -j 2 -T 90 benchdb
[Trial 108] TPS: 9938.72 | Latency Avg: 6.44 ms
[32m[I 2026-05-14 08:33:43,050][0m Trial 108 finished with value: 9938.715845 and parameters: {'shared_buffers': '8GB', 'work_mem': 48, 'maintenance_work_mem': 1024, 'max_parallel_workers_per_gather': 3, 'random_page_cost': 3.7775129395451774, 'effective_cache_size': 24576, 'wal_buffers': '16MB', 'max_wal_size': 4096}. Best is trial 106 with value: 10039.067208.[0m

========================================
[Trial 109] Config: {'shared_buffers': '8GB', 'work_mem': '48MB', 'maintenance_work_mem': '960MB', 'max_parallel_workers_per_gather': 3, 'random_page_cost': '3.806419028037228', 'effective_cache_size': '24576MB', 'wal_buffers': '16MB', 'max_wal_size': '4096MB'}
[CLEANUP] Stopping container...
[CMD] docker stop tuning || true
[CMD] docker rm tuning || true
[CMD] docker run -d --name tuning --memory 32G --cpus 8 -u postgres -e POSTGRES_PASSWORD=password_test -e POSTGRES_USER=postgres -p 5432:5432 -v pg_bench:/var/lib/postgresql/data postgres:18-alpine -c shared_buffers=8GB -c work_mem=48MB -c maintenance_work_mem=960MB -c max_parallel_workers_per_gather=3 -c random_page_cost=3.806419028037228 -c effective_cache_size=24576MB -c wal_buffers=16MB -c max_wal_size=4096MB
[DB] Waiting for PostgreSQL to be ready...
[CMD] docker exec tuning pg_isready -U postgres -h 127.0.0.1
[CMD] docker exec tuning pg_isready -U postgres -h 127.0.0.1
[DB] PostgreSQL is ready.
[TEST] Running pgbench (warmup)...
[CMD] docker exec tuning pgbench -U postgres -h 127.0.0.1 -c 32 -j 2 -T 10 benchdb
[TEST] Running pgbench (test)...
[CMD] docker exec tuning pgbench -U postgres -h 127.0.0.1 -c 64 -j 2 -T 90 benchdb
[Trial 109] TPS: 9970.68 | Latency Avg: 6.42 ms
[32m[I 2026-05-14 08:35:30,194][0m Trial 109 finished with value: 9970.681465 and parameters: {'shared_buffers': '8GB', 'work_mem': 48, 'maintenance_work_mem': 960, 'max_parallel_workers_per_gather': 3, 'random_page_cost': 3.806419028037228, 'effective_cache_size': 24576, 'wal_buffers': '16MB', 'max_wal_size': 4096}. Best is trial 106 with value: 10039.067208.[0m

========================================
[Trial 110] Config: {'shared_buffers': '8GB', 'work_mem': '48MB', 'maintenance_work_mem': '960MB', 'max_parallel_workers_per_gather': 3, 'random_page_cost': '3.8064417571383524', 'effective_cache_size': '24576MB', 'wal_buffers': '16MB', 'max_wal_size': '4096MB'}
[CLEANUP] Stopping container...
[CMD] docker stop tuning || true
[CMD] docker rm tuning || true
[CMD] docker run -d --name tuning --memory 32G --cpus 8 -u postgres -e POSTGRES_PASSWORD=password_test -e POSTGRES_USER=postgres -p 5432:5432 -v pg_bench:/var/lib/postgresql/data postgres:18-alpine -c shared_buffers=8GB -c work_mem=48MB -c maintenance_work_mem=960MB -c max_parallel_workers_per_gather=3 -c random_page_cost=3.8064417571383524 -c effective_cache_size=24576MB -c wal_buffers=16MB -c max_wal_size=4096MB
[DB] Waiting for PostgreSQL to be ready...
[CMD] docker exec tuning pg_isready -U postgres -h 127.0.0.1
[CMD] docker exec tuning pg_isready -U postgres -h 127.0.0.1
[DB] PostgreSQL is ready.
[TEST] Running pgbench (warmup)...
[CMD] docker exec tuning pgbench -U postgres -h 127.0.0.1 -c 32 -j 2 -T 10 benchdb
[TEST] Running pgbench (test)...
[CMD] docker exec tuning pgbench -U postgres -h 127.0.0.1 -c 64 -j 2 -T 90 benchdb
[Trial 110] TPS: 9948.19 | Latency Avg: 6.43 ms
[32m[I 2026-05-14 08:37:17,332][0m Trial 110 finished with value: 9948.190956 and parameters: {'shared_buffers': '8GB', 'work_mem': 48, 'maintenance_work_mem': 960, 'max_parallel_workers_per_gather': 3, 'random_page_cost': 3.8064417571383524, 'effective_cache_size': 24576, 'wal_buffers': '16MB', 'max_wal_size': 4096}. Best is trial 106 with value: 10039.067208.[0m

========================================
[Trial 111] Config: {'shared_buffers': '8GB', 'work_mem': '44MB', 'maintenance_work_mem': '960MB', 'max_parallel_workers_per_gather': 3, 'random_page_cost': '3.788367693748807', 'effective_cache_size': '24576MB', 'wal_buffers': '16MB', 'max_wal_size': '4096MB'}
[CLEANUP] Stopping container...
[CMD] docker stop tuning || true
[CMD] docker rm tuning || true
[CMD] docker run -d --name tuning --memory 32G --cpus 8 -u postgres -e POSTGRES_PASSWORD=password_test -e POSTGRES_USER=postgres -p 5432:5432 -v pg_bench:/var/lib/postgresql/data postgres:18-alpine -c shared_buffers=8GB -c work_mem=44MB -c maintenance_work_mem=960MB -c max_parallel_workers_per_gather=3 -c random_page_cost=3.788367693748807 -c effective_cache_size=24576MB -c wal_buffers=16MB -c max_wal_size=4096MB
[DB] Waiting for PostgreSQL to be ready...
[CMD] docker exec tuning pg_isready -U postgres -h 127.0.0.1
[CMD] docker exec tuning pg_isready -U postgres -h 127.0.0.1
[DB] PostgreSQL is ready.
[TEST] Running pgbench (warmup)...
[CMD] docker exec tuning pgbench -U postgres -h 127.0.0.1 -c 32 -j 2 -T 10 benchdb
[TEST] Running pgbench (test)...
[CMD] docker exec tuning pgbench -U postgres -h 127.0.0.1 -c 64 -j 2 -T 90 benchdb
[Trial 111] TPS: 9920.22 | Latency Avg: 6.45 ms
[32m[I 2026-05-14 08:39:04,463][0m Trial 111 finished with value: 9920.223246 and parameters: {'shared_buffers': '8GB', 'work_mem': 44, 'maintenance_work_mem': 960, 'max_parallel_workers_per_gather': 3, 'random_page_cost': 3.788367693748807, 'effective_cache_size': 24576, 'wal_buffers': '16MB', 'max_wal_size': 4096}. Best is trial 106 with value: 10039.067208.[0m

========================================
[Trial 112] Config: {'shared_buffers': '8GB', 'work_mem': '44MB', 'maintenance_work_mem': '960MB', 'max_parallel_workers_per_gather': 3, 'random_page_cost': '3.8029958323269457', 'effective_cache_size': '24576MB', 'wal_buffers': '16MB', 'max_wal_size': '4096MB'}
[CLEANUP] Stopping container...
[CMD] docker stop tuning || true
[CMD] docker rm tuning || true
[CMD] docker run -d --name tuning --memory 32G --cpus 8 -u postgres -e POSTGRES_PASSWORD=password_test -e POSTGRES_USER=postgres -p 5432:5432 -v pg_bench:/var/lib/postgresql/data postgres:18-alpine -c shared_buffers=8GB -c work_mem=44MB -c maintenance_work_mem=960MB -c max_parallel_workers_per_gather=3 -c random_page_cost=3.8029958323269457 -c effective_cache_size=24576MB -c wal_buffers=16MB -c max_wal_size=4096MB
[DB] Waiting for PostgreSQL to be ready...
[CMD] docker exec tuning pg_isready -U postgres -h 127.0.0.1
[CMD] docker exec tuning pg_isready -U postgres -h 127.0.0.1
[DB] PostgreSQL is ready.
[TEST] Running pgbench (warmup)...
[CMD] docker exec tuning pgbench -U postgres -h 127.0.0.1 -c 32 -j 2 -T 10 benchdb
[TEST] Running pgbench (test)...
[CMD] docker exec tuning pgbench -U postgres -h 127.0.0.1 -c 64 -j 2 -T 90 benchdb
[Trial 112] TPS: 9953.69 | Latency Avg: 6.43 ms
[32m[I 2026-05-14 08:40:51,420][0m Trial 112 finished with value: 9953.692162 and parameters: {'shared_buffers': '8GB', 'work_mem': 44, 'maintenance_work_mem': 960, 'max_parallel_workers_per_gather': 3, 'random_page_cost': 3.8029958323269457, 'effective_cache_size': 24576, 'wal_buffers': '16MB', 'max_wal_size': 4096}. Best is trial 106 with value: 10039.067208.[0m

========================================
[Trial 113] Config: {'shared_buffers': '8GB', 'work_mem': '44MB', 'maintenance_work_mem': '960MB', 'max_parallel_workers_per_gather': 3, 'random_page_cost': '3.819848710882343', 'effective_cache_size': '24576MB', 'wal_buffers': '16MB', 'max_wal_size': '4096MB'}
[CLEANUP] Stopping container...
[CMD] docker stop tuning || true
[CMD] docker rm tuning || true
[CMD] docker run -d --name tuning --memory 32G --cpus 8 -u postgres -e POSTGRES_PASSWORD=password_test -e POSTGRES_USER=postgres -p 5432:5432 -v pg_bench:/var/lib/postgresql/data postgres:18-alpine -c shared_buffers=8GB -c work_mem=44MB -c maintenance_work_mem=960MB -c max_parallel_workers_per_gather=3 -c random_page_cost=3.819848710882343 -c effective_cache_size=24576MB -c wal_buffers=16MB -c max_wal_size=4096MB
[DB] Waiting for PostgreSQL to be ready...
[CMD] docker exec tuning pg_isready -U postgres -h 127.0.0.1
[CMD] docker exec tuning pg_isready -U postgres -h 127.0.0.1
[DB] PostgreSQL is ready.
[TEST] Running pgbench (warmup)...
[CMD] docker exec tuning pgbench -U postgres -h 127.0.0.1 -c 32 -j 2 -T 10 benchdb
[TEST] Running pgbench (test)...
[CMD] docker exec tuning pgbench -U postgres -h 127.0.0.1 -c 64 -j 2 -T 90 benchdb
[Trial 113] TPS: 9953.61 | Latency Avg: 6.43 ms
[32m[I 2026-05-14 08:42:38,512][0m Trial 113 finished with value: 9953.608631 and parameters: {'shared_buffers': '8GB', 'work_mem': 44, 'maintenance_work_mem': 960, 'max_parallel_workers_per_gather': 3, 'random_page_cost': 3.819848710882343, 'effective_cache_size': 24576, 'wal_buffers': '16MB', 'max_wal_size': 4096}. Best is trial 106 with value: 10039.067208.[0m

========================================
[Trial 114] Config: {'shared_buffers': '8GB', 'work_mem': '48MB', 'maintenance_work_mem': '896MB', 'max_parallel_workers_per_gather': 3, 'random_page_cost': '3.99592109318285', 'effective_cache_size': '24576MB', 'wal_buffers': '16MB', 'max_wal_size': '4096MB'}
[CLEANUP] Stopping container...
[CMD] docker stop tuning || true
[CMD] docker rm tuning || true
[CMD] docker run -d --name tuning --memory 32G --cpus 8 -u postgres -e POSTGRES_PASSWORD=password_test -e POSTGRES_USER=postgres -p 5432:5432 -v pg_bench:/var/lib/postgresql/data postgres:18-alpine -c shared_buffers=8GB -c work_mem=48MB -c maintenance_work_mem=896MB -c max_parallel_workers_per_gather=3 -c random_page_cost=3.99592109318285 -c effective_cache_size=24576MB -c wal_buffers=16MB -c max_wal_size=4096MB
[DB] Waiting for PostgreSQL to be ready...
[CMD] docker exec tuning pg_isready -U postgres -h 127.0.0.1
[CMD] docker exec tuning pg_isready -U postgres -h 127.0.0.1
[DB] PostgreSQL is ready.
[TEST] Running pgbench (warmup)...
[CMD] docker exec tuning pgbench -U postgres -h 127.0.0.1 -c 32 -j 2 -T 10 benchdb
[TEST] Running pgbench (test)...
[CMD] docker exec tuning pgbench -U postgres -h 127.0.0.1 -c 64 -j 2 -T 90 benchdb
[Trial 114] TPS: 9940.24 | Latency Avg: 6.44 ms
[32m[I 2026-05-14 08:44:25,795][0m Trial 114 finished with value: 9940.242064 and parameters: {'shared_buffers': '8GB', 'work_mem': 48, 'maintenance_work_mem': 896, 'max_parallel_workers_per_gather': 3, 'random_page_cost': 3.99592109318285, 'effective_cache_size': 24576, 'wal_buffers': '16MB', 'max_wal_size': 4096}. Best is trial 106 with value: 10039.067208.[0m

========================================
[Trial 115] Config: {'shared_buffers': '8GB', 'work_mem': '48MB', 'maintenance_work_mem': '896MB', 'max_parallel_workers_per_gather': 2, 'random_page_cost': '3.984496375323784', 'effective_cache_size': '24576MB', 'wal_buffers': '16MB', 'max_wal_size': '4096MB'}
[CLEANUP] Stopping container...
[CMD] docker stop tuning || true
[CMD] docker rm tuning || true
[CMD] docker run -d --name tuning --memory 32G --cpus 8 -u postgres -e POSTGRES_PASSWORD=password_test -e POSTGRES_USER=postgres -p 5432:5432 -v pg_bench:/var/lib/postgresql/data postgres:18-alpine -c shared_buffers=8GB -c work_mem=48MB -c maintenance_work_mem=896MB -c max_parallel_workers_per_gather=2 -c random_page_cost=3.984496375323784 -c effective_cache_size=24576MB -c wal_buffers=16MB -c max_wal_size=4096MB
[DB] Waiting for PostgreSQL to be ready...
[CMD] docker exec tuning pg_isready -U postgres -h 127.0.0.1
[CMD] docker exec tuning pg_isready -U postgres -h 127.0.0.1
[DB] PostgreSQL is ready.
[TEST] Running pgbench (warmup)...
[CMD] docker exec tuning pgbench -U postgres -h 127.0.0.1 -c 32 -j 2 -T 10 benchdb
[TEST] Running pgbench (test)...
[CMD] docker exec tuning pgbench -U postgres -h 127.0.0.1 -c 64 -j 2 -T 90 benchdb
[Trial 115] TPS: 9905.76 | Latency Avg: 6.46 ms
