Параметры поиска оптимальной конфигурации:  {'docker_image': 'postgres:18-alpine', 'container_memory': '32G', 'container_cpu': 8, 'container_name': 'tuning', 'db_name': 'benchdb', 'db_user': 'postgres', 'db_password': 'password_test', 'volume_name': 'pg_bench', 'pgbench_scale': 100, 'warmup': {'clients': 32, 'threads': 2, 'time_sec': 10, 'command': 'default'}, 'test': {'clients': 64, 'threads': 2, 'time_sec': 90, 'command': 'default'}, 'tunable_params': {'shared_buffers': {'type': 'categorical', 'values': ['2GB', '4GB', '8GB']}, 'work_mem': {'type': 'int', 'low': 4, 'high': 64, 'step': 4}, 'maintenance_work_mem': {'type': 'int', 'low': 64, 'high': 1024, 'step': 64}, 'max_parallel_workers_per_gather': {'type': 'categorical', 'values': [0, 1, 2, 3, 5, 7, 9, 11, 13]}, 'random_page_cost': {'type': 'float', 'low': 1.0, 'high': 4.0}, 'effective_cache_size': {'type': 'int', 'low': 2048, 'high': 24576, 'step': 2048}, 'wal_buffers': {'type': 'categorical', 'values': ['8MB', '16MB', '32MB', '64MB', '128MB', '256MB', '512MB', '1GB']}, 'max_wal_size': {'type': 'int', 'low': 1024, 'high': 4096, 'step': 1024}}, 'checked_params': ['tps', 'latency average', 'number of transactions actually processed', 'number of failed transactions'], 'optimization_target': 'tps', 'n_trials': 300, 'results_file': 'results.csv'}
[CMD] docker volume create pg_bench || true
[INIT] Starting container for DB initialization...
[CLEANUP] Stopping container...
[CMD] docker stop tuning || true
[CMD] docker rm tuning || true
[CMD] docker run -d --name tuning --memory 32G --cpus 8 -u postgres -e POSTGRES_PASSWORD=password_test -e POSTGRES_USER=postgres -p 5432:5432 -v pg_bench:/var/lib/postgresql/data postgres:18-alpine 
[DB] Waiting for PostgreSQL to be ready...
[CMD] docker exec tuning pg_isready -U postgres -h 127.0.0.1
[CMD] docker exec tuning pg_isready -U postgres -h 127.0.0.1
[DB] PostgreSQL is ready.
[DB] Initializing pgbench with scale=100...
[CMD] docker exec tuning bash -c 'dropdb benchdb; createdb benchdb; pgbench -iqs 100 benchdb'
[CMD] docker exec tuning psql -U postgres -d benchdb -c 'ANALYZE;'
[CLEANUP] Stopping container...
[CMD] docker stop tuning || true
[CMD] docker rm tuning || true

========================================
[Trial 0] Config: {'shared_buffers': '4GB', 'work_mem': '40MB', 'maintenance_work_mem': '192MB', 'max_parallel_workers_per_gather': 9, 'random_page_cost': '1.5454749016213019', 'effective_cache_size': '6144MB', 'wal_buffers': '128MB', 'max_wal_size': '2048MB'}
[CLEANUP] Stopping container...
[CMD] docker stop tuning || true
[CMD] docker rm tuning || true
[CMD] docker run -d --name tuning --memory 32G --cpus 8 -u postgres -e POSTGRES_PASSWORD=password_test -e POSTGRES_USER=postgres -p 5432:5432 -v pg_bench:/var/lib/postgresql/data postgres:18-alpine -c shared_buffers=4GB -c work_mem=40MB -c maintenance_work_mem=192MB -c max_parallel_workers_per_gather=9 -c random_page_cost=1.5454749016213019 -c effective_cache_size=6144MB -c wal_buffers=128MB -c max_wal_size=2048MB
[DB] Waiting for PostgreSQL to be ready...
[CMD] docker exec tuning pg_isready -U postgres -h 127.0.0.1
[CMD] docker exec tuning pg_isready -U postgres -h 127.0.0.1
[DB] PostgreSQL is ready.
[TEST] Running pgbench (warmup)...
[CMD] docker exec tuning pgbench -U postgres -h 127.0.0.1 -c 32 -j 2 -T 10 benchdb
[TEST] Running pgbench (test)...
[CMD] docker exec tuning pgbench -U postgres -h 127.0.0.1 -c 64 -j 2 -T 90 benchdb
[Trial 0] TPS: 7341.30 | Latency Avg: 8.72 ms
[32m[I 2026-05-14 00:19:46,990][0m Trial 0 finished with value: 7341.301072 and parameters: {'shared_buffers': '4GB', 'work_mem': 40, 'maintenance_work_mem': 192, 'max_parallel_workers_per_gather': 9, 'random_page_cost': 1.5454749016213019, 'effective_cache_size': 6144, 'wal_buffers': '128MB', 'max_wal_size': 2048}. Best is trial 0 with value: 7341.301072.[0m

========================================
[Trial 1] Config: {'shared_buffers': '2GB', 'work_mem': '40MB', 'maintenance_work_mem': '64MB', 'max_parallel_workers_per_gather': 5, 'random_page_cost': '2.3204574812188037', 'effective_cache_size': '4096MB', 'wal_buffers': '32MB', 'max_wal_size': '1024MB'}
[CLEANUP] Stopping container...
[CMD] docker stop tuning || true
[CMD] docker rm tuning || true
[CMD] docker run -d --name tuning --memory 32G --cpus 8 -u postgres -e POSTGRES_PASSWORD=password_test -e POSTGRES_USER=postgres -p 5432:5432 -v pg_bench:/var/lib/postgresql/data postgres:18-alpine -c shared_buffers=2GB -c work_mem=40MB -c maintenance_work_mem=64MB -c max_parallel_workers_per_gather=5 -c random_page_cost=2.3204574812188037 -c effective_cache_size=4096MB -c wal_buffers=32MB -c max_wal_size=1024MB
[DB] Waiting for PostgreSQL to be ready...
[CMD] docker exec tuning pg_isready -U postgres -h 127.0.0.1
[CMD] docker exec tuning pg_isready -U postgres -h 127.0.0.1
[DB] PostgreSQL is ready.
[TEST] Running pgbench (warmup)...
[CMD] docker exec tuning pgbench -U postgres -h 127.0.0.1 -c 32 -j 2 -T 10 benchdb
[TEST] Running pgbench (test)...
[CMD] docker exec tuning pgbench -U postgres -h 127.0.0.1 -c 64 -j 2 -T 90 benchdb
[Trial 1] TPS: 7224.35 | Latency Avg: 8.86 ms
[32m[I 2026-05-14 00:21:33,974][0m Trial 1 finished with value: 7224.349235 and parameters: {'shared_buffers': '2GB', 'work_mem': 40, 'maintenance_work_mem': 64, 'max_parallel_workers_per_gather': 5, 'random_page_cost': 2.3204574812188037, 'effective_cache_size': 4096, 'wal_buffers': '32MB', 'max_wal_size': 1024}. Best is trial 0 with value: 7341.301072.[0m

========================================
[Trial 2] Config: {'shared_buffers': '2GB', 'work_mem': '60MB', 'maintenance_work_mem': '640MB', 'max_parallel_workers_per_gather': 0, 'random_page_cost': '1.8428035290621423', 'effective_cache_size': '14336MB', 'wal_buffers': '64MB', 'max_wal_size': '3072MB'}
[CLEANUP] Stopping container...
[CMD] docker stop tuning || true
[CMD] docker rm tuning || true
[CMD] docker run -d --name tuning --memory 32G --cpus 8 -u postgres -e POSTGRES_PASSWORD=password_test -e POSTGRES_USER=postgres -p 5432:5432 -v pg_bench:/var/lib/postgresql/data postgres:18-alpine -c shared_buffers=2GB -c work_mem=60MB -c maintenance_work_mem=640MB -c max_parallel_workers_per_gather=0 -c random_page_cost=1.8428035290621423 -c effective_cache_size=14336MB -c wal_buffers=64MB -c max_wal_size=3072MB
[DB] Waiting for PostgreSQL to be ready...
[CMD] docker exec tuning pg_isready -U postgres -h 127.0.0.1
[CMD] docker exec tuning pg_isready -U postgres -h 127.0.0.1
[DB] PostgreSQL is ready.
[TEST] Running pgbench (warmup)...
[CMD] docker exec tuning pgbench -U postgres -h 127.0.0.1 -c 32 -j 2 -T 10 benchdb
[TEST] Running pgbench (test)...
[CMD] docker exec tuning pgbench -U postgres -h 127.0.0.1 -c 64 -j 2 -T 90 benchdb
[Trial 2] TPS: 8906.71 | Latency Avg: 7.19 ms
[32m[I 2026-05-14 00:23:19,830][0m Trial 2 finished with value: 8906.714078 and parameters: {'shared_buffers': '2GB', 'work_mem': 60, 'maintenance_work_mem': 640, 'max_parallel_workers_per_gather': 0, 'random_page_cost': 1.8428035290621423, 'effective_cache_size': 14336, 'wal_buffers': '64MB', 'max_wal_size': 3072}. Best is trial 2 with value: 8906.714078.[0m

========================================
[Trial 3] Config: {'shared_buffers': '4GB', 'work_mem': '24MB', 'maintenance_work_mem': '128MB', 'max_parallel_workers_per_gather': 13, 'random_page_cost': '2.4166447754858478', 'effective_cache_size': '4096MB', 'wal_buffers': '64MB', 'max_wal_size': '1024MB'}
[CLEANUP] Stopping container...
[CMD] docker stop tuning || true
[CMD] docker rm tuning || true
[CMD] docker run -d --name tuning --memory 32G --cpus 8 -u postgres -e POSTGRES_PASSWORD=password_test -e POSTGRES_USER=postgres -p 5432:5432 -v pg_bench:/var/lib/postgresql/data postgres:18-alpine -c shared_buffers=4GB -c work_mem=24MB -c maintenance_work_mem=128MB -c max_parallel_workers_per_gather=13 -c random_page_cost=2.4166447754858478 -c effective_cache_size=4096MB -c wal_buffers=64MB -c max_wal_size=1024MB
[DB] Waiting for PostgreSQL to be ready...
[CMD] docker exec tuning pg_isready -U postgres -h 127.0.0.1
[CMD] docker exec tuning pg_isready -U postgres -h 127.0.0.1
[DB] PostgreSQL is ready.
[TEST] Running pgbench (warmup)...
[CMD] docker exec tuning pgbench -U postgres -h 127.0.0.1 -c 32 -j 2 -T 10 benchdb
[TEST] Running pgbench (test)...
[CMD] docker exec tuning pgbench -U postgres -h 127.0.0.1 -c 64 -j 2 -T 90 benchdb
[Trial 3] TPS: 7004.52 | Latency Avg: 9.14 ms
[32m[I 2026-05-14 00:25:07,093][0m Trial 3 finished with value: 7004.519908 and parameters: {'shared_buffers': '4GB', 'work_mem': 24, 'maintenance_work_mem': 128, 'max_parallel_workers_per_gather': 13, 'random_page_cost': 2.4166447754858478, 'effective_cache_size': 4096, 'wal_buffers': '64MB', 'max_wal_size': 1024}. Best is trial 2 with value: 8906.714078.[0m

========================================
[Trial 4] Config: {'shared_buffers': '4GB', 'work_mem': '36MB', 'maintenance_work_mem': '960MB', 'max_parallel_workers_per_gather': 11, 'random_page_cost': '2.9002112695312703', 'effective_cache_size': '22528MB', 'wal_buffers': '256MB', 'max_wal_size': '1024MB'}
[CLEANUP] Stopping container...
[CMD] docker stop tuning || true
[CMD] docker rm tuning || true
[CMD] docker run -d --name tuning --memory 32G --cpus 8 -u postgres -e POSTGRES_PASSWORD=password_test -e POSTGRES_USER=postgres -p 5432:5432 -v pg_bench:/var/lib/postgresql/data postgres:18-alpine -c shared_buffers=4GB -c work_mem=36MB -c maintenance_work_mem=960MB -c max_parallel_workers_per_gather=11 -c random_page_cost=2.9002112695312703 -c effective_cache_size=22528MB -c wal_buffers=256MB -c max_wal_size=1024MB
[DB] Waiting for PostgreSQL to be ready...
[CMD] docker exec tuning pg_isready -U postgres -h 127.0.0.1
[CMD] docker exec tuning pg_isready -U postgres -h 127.0.0.1
[DB] PostgreSQL is ready.
[TEST] Running pgbench (warmup)...
[CMD] docker exec tuning pgbench -U postgres -h 127.0.0.1 -c 32 -j 2 -T 10 benchdb
[TEST] Running pgbench (test)...
[CMD] docker exec tuning pgbench -U postgres -h 127.0.0.1 -c 64 -j 2 -T 90 benchdb
[Trial 4] TPS: 7115.62 | Latency Avg: 8.99 ms
[32m[I 2026-05-14 00:26:53,233][0m Trial 4 finished with value: 7115.624822 and parameters: {'shared_buffers': '4GB', 'work_mem': 36, 'maintenance_work_mem': 960, 'max_parallel_workers_per_gather': 11, 'random_page_cost': 2.9002112695312703, 'effective_cache_size': 22528, 'wal_buffers': '256MB', 'max_wal_size': 1024}. Best is trial 2 with value: 8906.714078.[0m

========================================
[Trial 5] Config: {'shared_buffers': '8GB', 'work_mem': '4MB', 'maintenance_work_mem': '576MB', 'max_parallel_workers_per_gather': 5, 'random_page_cost': '3.915346248162882', 'effective_cache_size': '24576MB', 'wal_buffers': '256MB', 'max_wal_size': '2048MB'}
[CLEANUP] Stopping container...
[CMD] docker stop tuning || true
[CMD] docker rm tuning || true
[CMD] docker run -d --name tuning --memory 32G --cpus 8 -u postgres -e POSTGRES_PASSWORD=password_test -e POSTGRES_USER=postgres -p 5432:5432 -v pg_bench:/var/lib/postgresql/data postgres:18-alpine -c shared_buffers=8GB -c work_mem=4MB -c maintenance_work_mem=576MB -c max_parallel_workers_per_gather=5 -c random_page_cost=3.915346248162882 -c effective_cache_size=24576MB -c wal_buffers=256MB -c max_wal_size=2048MB
[DB] Waiting for PostgreSQL to be ready...
[CMD] docker exec tuning pg_isready -U postgres -h 127.0.0.1
[CMD] docker exec tuning pg_isready -U postgres -h 127.0.0.1
[DB] PostgreSQL is ready.
[TEST] Running pgbench (warmup)...
[CMD] docker exec tuning pgbench -U postgres -h 127.0.0.1 -c 32 -j 2 -T 10 benchdb
[TEST] Running pgbench (test)...
[CMD] docker exec tuning pgbench -U postgres -h 127.0.0.1 -c 64 -j 2 -T 90 benchdb
[Trial 5] TPS: 7649.43 | Latency Avg: 8.37 ms
[32m[I 2026-05-14 00:28:39,317][0m Trial 5 finished with value: 7649.431933 and parameters: {'shared_buffers': '8GB', 'work_mem': 4, 'maintenance_work_mem': 576, 'max_parallel_workers_per_gather': 5, 'random_page_cost': 3.915346248162882, 'effective_cache_size': 24576, 'wal_buffers': '256MB', 'max_wal_size': 2048}. Best is trial 2 with value: 8906.714078.[0m

========================================
[Trial 6] Config: {'shared_buffers': '2GB', 'work_mem': '32MB', 'maintenance_work_mem': '1024MB', 'max_parallel_workers_per_gather': 2, 'random_page_cost': '1.270869310163225', 'effective_cache_size': '22528MB', 'wal_buffers': '128MB', 'max_wal_size': '3072MB'}
[CLEANUP] Stopping container...
[CMD] docker stop tuning || true
[CMD] docker rm tuning || true
[CMD] docker run -d --name tuning --memory 32G --cpus 8 -u postgres -e POSTGRES_PASSWORD=password_test -e POSTGRES_USER=postgres -p 5432:5432 -v pg_bench:/var/lib/postgresql/data postgres:18-alpine -c shared_buffers=2GB -c work_mem=32MB -c maintenance_work_mem=1024MB -c max_parallel_workers_per_gather=2 -c random_page_cost=1.270869310163225 -c effective_cache_size=22528MB -c wal_buffers=128MB -c max_wal_size=3072MB
[DB] Waiting for PostgreSQL to be ready...
[CMD] docker exec tuning pg_isready -U postgres -h 127.0.0.1
[CMD] docker exec tuning pg_isready -U postgres -h 127.0.0.1
[DB] PostgreSQL is ready.
[TEST] Running pgbench (warmup)...
[CMD] docker exec tuning pgbench -U postgres -h 127.0.0.1 -c 32 -j 2 -T 10 benchdb
[TEST] Running pgbench (test)...
[CMD] docker exec tuning pgbench -U postgres -h 127.0.0.1 -c 64 -j 2 -T 90 benchdb
[Trial 6] TPS: 7517.98 | Latency Avg: 8.51 ms
[32m[I 2026-05-14 00:30:26,032][0m Trial 6 finished with value: 7517.975605 and parameters: {'shared_buffers': '2GB', 'work_mem': 32, 'maintenance_work_mem': 1024, 'max_parallel_workers_per_gather': 2, 'random_page_cost': 1.270869310163225, 'effective_cache_size': 22528, 'wal_buffers': '128MB', 'max_wal_size': 3072}. Best is trial 2 with value: 8906.714078.[0m

========================================
[Trial 7] Config: {'shared_buffers': '4GB', 'work_mem': '60MB', 'maintenance_work_mem': '192MB', 'max_parallel_workers_per_gather': 2, 'random_page_cost': '1.725556872701355', 'effective_cache_size': '4096MB', 'wal_buffers': '16MB', 'max_wal_size': '4096MB'}
[CLEANUP] Stopping container...
[CMD] docker stop tuning || true
[CMD] docker rm tuning || true
[CMD] docker run -d --name tuning --memory 32G --cpus 8 -u postgres -e POSTGRES_PASSWORD=password_test -e POSTGRES_USER=postgres -p 5432:5432 -v pg_bench:/var/lib/postgresql/data postgres:18-alpine -c shared_buffers=4GB -c work_mem=60MB -c maintenance_work_mem=192MB -c max_parallel_workers_per_gather=2 -c random_page_cost=1.725556872701355 -c effective_cache_size=4096MB -c wal_buffers=16MB -c max_wal_size=4096MB
[DB] Waiting for PostgreSQL to be ready...
[CMD] docker exec tuning pg_isready -U postgres -h 127.0.0.1
[CMD] docker exec tuning pg_isready -U postgres -h 127.0.0.1
[DB] PostgreSQL is ready.
[TEST] Running pgbench (warmup)...
[CMD] docker exec tuning pgbench -U postgres -h 127.0.0.1 -c 32 -j 2 -T 10 benchdb
[TEST] Running pgbench (test)...
[CMD] docker exec tuning pgbench -U postgres -h 127.0.0.1 -c 64 -j 2 -T 90 benchdb
[Trial 7] TPS: 8106.62 | Latency Avg: 7.89 ms
[32m[I 2026-05-14 00:32:13,204][0m Trial 7 finished with value: 8106.620723 and parameters: {'shared_buffers': '4GB', 'work_mem': 60, 'maintenance_work_mem': 192, 'max_parallel_workers_per_gather': 2, 'random_page_cost': 1.725556872701355, 'effective_cache_size': 4096, 'wal_buffers': '16MB', 'max_wal_size': 4096}. Best is trial 2 with value: 8906.714078.[0m

========================================
[Trial 8] Config: {'shared_buffers': '2GB', 'work_mem': '60MB', 'maintenance_work_mem': '640MB', 'max_parallel_workers_per_gather': 9, 'random_page_cost': '3.1365376640426077', 'effective_cache_size': '6144MB', 'wal_buffers': '64MB', 'max_wal_size': '2048MB'}
[CLEANUP] Stopping container...
[CMD] docker stop tuning || true
[CMD] docker rm tuning || true
[CMD] docker run -d --name tuning --memory 32G --cpus 8 -u postgres -e POSTGRES_PASSWORD=password_test -e POSTGRES_USER=postgres -p 5432:5432 -v pg_bench:/var/lib/postgresql/data postgres:18-alpine -c shared_buffers=2GB -c work_mem=60MB -c maintenance_work_mem=640MB -c max_parallel_workers_per_gather=9 -c random_page_cost=3.1365376640426077 -c effective_cache_size=6144MB -c wal_buffers=64MB -c max_wal_size=2048MB
[DB] Waiting for PostgreSQL to be ready...
[CMD] docker exec tuning pg_isready -U postgres -h 127.0.0.1
[CMD] docker exec tuning pg_isready -U postgres -h 127.0.0.1
[DB] PostgreSQL is ready.
[TEST] Running pgbench (warmup)...
[CMD] docker exec tuning pgbench -U postgres -h 127.0.0.1 -c 32 -j 2 -T 10 benchdb
[TEST] Running pgbench (test)...
[CMD] docker exec tuning pgbench -U postgres -h 127.0.0.1 -c 64 -j 2 -T 90 benchdb
[Trial 8] TPS: 7319.57 | Latency Avg: 8.74 ms
[32m[I 2026-05-14 00:34:00,402][0m Trial 8 finished with value: 7319.571837 and parameters: {'shared_buffers': '2GB', 'work_mem': 60, 'maintenance_work_mem': 640, 'max_parallel_workers_per_gather': 9, 'random_page_cost': 3.1365376640426077, 'effective_cache_size': 6144, 'wal_buffers': '64MB', 'max_wal_size': 2048}. Best is trial 2 with value: 8906.714078.[0m

========================================
[Trial 9] Config: {'shared_buffers': '4GB', 'work_mem': '60MB', 'maintenance_work_mem': '704MB', 'max_parallel_workers_per_gather': 0, 'random_page_cost': '1.5313320382211468', 'effective_cache_size': '24576MB', 'wal_buffers': '512MB', 'max_wal_size': '4096MB'}
[CLEANUP] Stopping container...
[CMD] docker stop tuning || true
[CMD] docker rm tuning || true
[CMD] docker run -d --name tuning --memory 32G --cpus 8 -u postgres -e POSTGRES_PASSWORD=password_test -e POSTGRES_USER=postgres -p 5432:5432 -v pg_bench:/var/lib/postgresql/data postgres:18-alpine -c shared_buffers=4GB -c work_mem=60MB -c maintenance_work_mem=704MB -c max_parallel_workers_per_gather=0 -c random_page_cost=1.5313320382211468 -c effective_cache_size=24576MB -c wal_buffers=512MB -c max_wal_size=4096MB
[DB] Waiting for PostgreSQL to be ready...
[CMD] docker exec tuning pg_isready -U postgres -h 127.0.0.1
[CMD] docker exec tuning pg_isready -U postgres -h 127.0.0.1
[DB] PostgreSQL is ready.
[TEST] Running pgbench (warmup)...
[CMD] docker exec tuning pgbench -U postgres -h 127.0.0.1 -c 32 -j 2 -T 10 benchdb
[TEST] Running pgbench (test)...
[CMD] docker exec tuning pgbench -U postgres -h 127.0.0.1 -c 64 -j 2 -T 90 benchdb
[Trial 9] TPS: 8526.37 | Latency Avg: 7.51 ms
[32m[I 2026-05-14 00:35:47,138][0m Trial 9 finished with value: 8526.372892 and parameters: {'shared_buffers': '4GB', 'work_mem': 60, 'maintenance_work_mem': 704, 'max_parallel_workers_per_gather': 0, 'random_page_cost': 1.5313320382211468, 'effective_cache_size': 24576, 'wal_buffers': '512MB', 'max_wal_size': 4096}. Best is trial 2 with value: 8906.714078.[0m

========================================
[Trial 10] Config: {'shared_buffers': '8GB', 'work_mem': '48MB', 'maintenance_work_mem': '384MB', 'max_parallel_workers_per_gather': 0, 'random_page_cost': '2.0606217155424846', 'effective_cache_size': '14336MB', 'wal_buffers': '8MB', 'max_wal_size': '3072MB'}
[CLEANUP] Stopping container...
[CMD] docker stop tuning || true
[CMD] docker rm tuning || true
[CMD] docker run -d --name tuning --memory 32G --cpus 8 -u postgres -e POSTGRES_PASSWORD=password_test -e POSTGRES_USER=postgres -p 5432:5432 -v pg_bench:/var/lib/postgresql/data postgres:18-alpine -c shared_buffers=8GB -c work_mem=48MB -c maintenance_work_mem=384MB -c max_parallel_workers_per_gather=0 -c random_page_cost=2.0606217155424846 -c effective_cache_size=14336MB -c wal_buffers=8MB -c max_wal_size=3072MB
[DB] Waiting for PostgreSQL to be ready...
[CMD] docker exec tuning pg_isready -U postgres -h 127.0.0.1
[CMD] docker exec tuning pg_isready -U postgres -h 127.0.0.1
[DB] PostgreSQL is ready.
[TEST] Running pgbench (warmup)...
[CMD] docker exec tuning pgbench -U postgres -h 127.0.0.1 -c 32 -j 2 -T 10 benchdb
[TEST] Running pgbench (test)...
[CMD] docker exec tuning pgbench -U postgres -h 127.0.0.1 -c 64 -j 2 -T 90 benchdb
[Trial 10] TPS: 8230.73 | Latency Avg: 7.78 ms
[32m[I 2026-05-14 00:37:34,747][0m Trial 10 finished with value: 8230.729166 and parameters: {'shared_buffers': '8GB', 'work_mem': 48, 'maintenance_work_mem': 384, 'max_parallel_workers_per_gather': 0, 'random_page_cost': 2.0606217155424846, 'effective_cache_size': 14336, 'wal_buffers': '8MB', 'max_wal_size': 3072}. Best is trial 2 with value: 8906.714078.[0m

========================================
[Trial 11] Config: {'shared_buffers': '2GB', 'work_mem': '64MB', 'maintenance_work_mem': '768MB', 'max_parallel_workers_per_gather': 0, 'random_page_cost': '1.1111975950112618', 'effective_cache_size': '16384MB', 'wal_buffers': '512MB', 'max_wal_size': '4096MB'}
[CLEANUP] Stopping container...
[CMD] docker stop tuning || true
[CMD] docker rm tuning || true
[CMD] docker run -d --name tuning --memory 32G --cpus 8 -u postgres -e POSTGRES_PASSWORD=password_test -e POSTGRES_USER=postgres -p 5432:5432 -v pg_bench:/var/lib/postgresql/data postgres:18-alpine -c shared_buffers=2GB -c work_mem=64MB -c maintenance_work_mem=768MB -c max_parallel_workers_per_gather=0 -c random_page_cost=1.1111975950112618 -c effective_cache_size=16384MB -c wal_buffers=512MB -c max_wal_size=4096MB
[DB] Waiting for PostgreSQL to be ready...
[CMD] docker exec tuning pg_isready -U postgres -h 127.0.0.1
[CMD] docker exec tuning pg_isready -U postgres -h 127.0.0.1
[DB] PostgreSQL is ready.
[TEST] Running pgbench (warmup)...
[CMD] docker exec tuning pgbench -U postgres -h 127.0.0.1 -c 32 -j 2 -T 10 benchdb
[TEST] Running pgbench (test)...
[CMD] docker exec tuning pgbench -U postgres -h 127.0.0.1 -c 64 -j 2 -T 90 benchdb
[Trial 11] TPS: 8244.93 | Latency Avg: 7.76 ms
