[32m[I 2026-05-14 01:02:35,732][0m Trial 24 finished with value: 7784.603066 and parameters: {'shared_buffers': '2GB', 'work_mem': 56, 'maintenance_work_mem': 896, 'max_parallel_workers_per_gather': 13, 'random_page_cost': 1.8643124441778773, 'effective_cache_size': 12288, 'wal_buffers': '512MB', 'max_wal_size': 3072}. Best is trial 2 with value: 8906.714078.[0m

========================================
[Trial 25] Config: {'shared_buffers': '4GB', 'work_mem': '60MB', 'maintenance_work_mem': '704MB', 'max_parallel_workers_per_gather': 3, 'random_page_cost': '1.0300124217820996', 'effective_cache_size': '20480MB', 'wal_buffers': '512MB', 'max_wal_size': '4096MB'}
[CLEANUP] Stopping container...
[CMD] docker stop tuning || true
[CMD] docker rm tuning || true
[CMD] docker run -d --name tuning --memory 32G --cpus 8 -u postgres -e POSTGRES_PASSWORD=password_test -e POSTGRES_USER=postgres -p 5432:5432 -v pg_bench:/var/lib/postgresql/data postgres:18-alpine -c shared_buffers=4GB -c work_mem=60MB -c maintenance_work_mem=704MB -c max_parallel_workers_per_gather=3 -c random_page_cost=1.0300124217820996 -c effective_cache_size=20480MB -c wal_buffers=512MB -c max_wal_size=4096MB
[DB] Waiting for PostgreSQL to be ready...
[CMD] docker exec tuning pg_isready -U postgres -h 127.0.0.1
[CMD] docker exec tuning pg_isready -U postgres -h 127.0.0.1
[DB] PostgreSQL is ready.
[TEST] Running pgbench (warmup)...
[CMD] docker exec tuning pgbench -U postgres -h 127.0.0.1 -c 32 -j 2 -T 10 benchdb
[TEST] Running pgbench (test)...
[CMD] docker exec tuning pgbench -U postgres -h 127.0.0.1 -c 64 -j 2 -T 90 benchdb
[Trial 25] TPS: 7956.22 | Latency Avg: 8.04 ms
[32m[I 2026-05-14 01:04:22,965][0m Trial 25 finished with value: 7956.21727 and parameters: {'shared_buffers': '4GB', 'work_mem': 60, 'maintenance_work_mem': 704, 'max_parallel_workers_per_gather': 3, 'random_page_cost': 1.0300124217820996, 'effective_cache_size': 20480, 'wal_buffers': '512MB', 'max_wal_size': 4096}. Best is trial 2 with value: 8906.714078.[0m

========================================
[Trial 26] Config: {'shared_buffers': '2GB', 'work_mem': '12MB', 'maintenance_work_mem': '832MB', 'max_parallel_workers_per_gather': 0, 'random_page_cost': '1.352797508525195', 'effective_cache_size': '16384MB', 'wal_buffers': '64MB', 'max_wal_size': '3072MB'}
[CLEANUP] Stopping container...
[CMD] docker stop tuning || true
[CMD] docker rm tuning || true
[CMD] docker run -d --name tuning --memory 32G --cpus 8 -u postgres -e POSTGRES_PASSWORD=password_test -e POSTGRES_USER=postgres -p 5432:5432 -v pg_bench:/var/lib/postgresql/data postgres:18-alpine -c shared_buffers=2GB -c work_mem=12MB -c maintenance_work_mem=832MB -c max_parallel_workers_per_gather=0 -c random_page_cost=1.352797508525195 -c effective_cache_size=16384MB -c wal_buffers=64MB -c max_wal_size=3072MB
[DB] Waiting for PostgreSQL to be ready...
[CMD] docker exec tuning pg_isready -U postgres -h 127.0.0.1
[CMD] docker exec tuning pg_isready -U postgres -h 127.0.0.1
[DB] PostgreSQL is ready.
[TEST] Running pgbench (warmup)...
[CMD] docker exec tuning pgbench -U postgres -h 127.0.0.1 -c 32 -j 2 -T 10 benchdb
[TEST] Running pgbench (test)...
[CMD] docker exec tuning pgbench -U postgres -h 127.0.0.1 -c 64 -j 2 -T 90 benchdb
[Trial 26] TPS: 7939.13 | Latency Avg: 8.06 ms
[32m[I 2026-05-14 01:06:10,161][0m Trial 26 finished with value: 7939.128056 and parameters: {'shared_buffers': '2GB', 'work_mem': 12, 'maintenance_work_mem': 832, 'max_parallel_workers_per_gather': 0, 'random_page_cost': 1.352797508525195, 'effective_cache_size': 16384, 'wal_buffers': '64MB', 'max_wal_size': 3072}. Best is trial 2 with value: 8906.714078.[0m

========================================
[Trial 27] Config: {'shared_buffers': '2GB', 'work_mem': '48MB', 'maintenance_work_mem': '576MB', 'max_parallel_workers_per_gather': 0, 'random_page_cost': '1.7880556950019642', 'effective_cache_size': '8192MB', 'wal_buffers': '512MB', 'max_wal_size': '4096MB'}
[CLEANUP] Stopping container...
[CMD] docker stop tuning || true
[CMD] docker rm tuning || true
[CMD] docker run -d --name tuning --memory 32G --cpus 8 -u postgres -e POSTGRES_PASSWORD=password_test -e POSTGRES_USER=postgres -p 5432:5432 -v pg_bench:/var/lib/postgresql/data postgres:18-alpine -c shared_buffers=2GB -c work_mem=48MB -c maintenance_work_mem=576MB -c max_parallel_workers_per_gather=0 -c random_page_cost=1.7880556950019642 -c effective_cache_size=8192MB -c wal_buffers=512MB -c max_wal_size=4096MB
[DB] Waiting for PostgreSQL to be ready...
[CMD] docker exec tuning pg_isready -U postgres -h 127.0.0.1
[CMD] docker exec tuning pg_isready -U postgres -h 127.0.0.1
[DB] PostgreSQL is ready.
[TEST] Running pgbench (warmup)...
[CMD] docker exec tuning pgbench -U postgres -h 127.0.0.1 -c 32 -j 2 -T 10 benchdb
[TEST] Running pgbench (test)...
[CMD] docker exec tuning pgbench -U postgres -h 127.0.0.1 -c 64 -j 2 -T 90 benchdb
[Trial 27] TPS: 8229.46 | Latency Avg: 7.78 ms
[32m[I 2026-05-14 01:07:57,331][0m Trial 27 finished with value: 8229.46173 and parameters: {'shared_buffers': '2GB', 'work_mem': 48, 'maintenance_work_mem': 576, 'max_parallel_workers_per_gather': 0, 'random_page_cost': 1.7880556950019642, 'effective_cache_size': 8192, 'wal_buffers': '512MB', 'max_wal_size': 4096}. Best is trial 2 with value: 8906.714078.[0m

========================================
[Trial 28] Config: {'shared_buffers': '8GB', 'work_mem': '52MB', 'maintenance_work_mem': '704MB', 'max_parallel_workers_per_gather': 0, 'random_page_cost': '2.2732209144129825', 'effective_cache_size': '20480MB', 'wal_buffers': '1GB', 'max_wal_size': '4096MB'}
[CLEANUP] Stopping container...
[CMD] docker stop tuning || true
[CMD] docker rm tuning || true
[CMD] docker run -d --name tuning --memory 32G --cpus 8 -u postgres -e POSTGRES_PASSWORD=password_test -e POSTGRES_USER=postgres -p 5432:5432 -v pg_bench:/var/lib/postgresql/data postgres:18-alpine -c shared_buffers=8GB -c work_mem=52MB -c maintenance_work_mem=704MB -c max_parallel_workers_per_gather=0 -c random_page_cost=2.2732209144129825 -c effective_cache_size=20480MB -c wal_buffers=1GB -c max_wal_size=4096MB
[DB] Waiting for PostgreSQL to be ready...
[CMD] docker exec tuning pg_isready -U postgres -h 127.0.0.1
[CMD] docker exec tuning pg_isready -U postgres -h 127.0.0.1
[DB] PostgreSQL is ready.
[TEST] Running pgbench (warmup)...
[CMD] docker exec tuning pgbench -U postgres -h 127.0.0.1 -c 32 -j 2 -T 10 benchdb
[TEST] Running pgbench (test)...
[CMD] docker exec tuning pgbench -U postgres -h 127.0.0.1 -c 64 -j 2 -T 90 benchdb
[Trial 28] TPS: 8029.69 | Latency Avg: 7.97 ms
[32m[I 2026-05-14 01:09:44,633][0m Trial 28 finished with value: 8029.690444 and parameters: {'shared_buffers': '8GB', 'work_mem': 52, 'maintenance_work_mem': 704, 'max_parallel_workers_per_gather': 0, 'random_page_cost': 2.2732209144129825, 'effective_cache_size': 20480, 'wal_buffers': '1GB', 'max_wal_size': 4096}. Best is trial 2 with value: 8906.714078.[0m

========================================
[Trial 29] Config: {'shared_buffers': '4GB', 'work_mem': '40MB', 'maintenance_work_mem': '256MB', 'max_parallel_workers_per_gather': 9, 'random_page_cost': '1.6030281415346677', 'effective_cache_size': '14336MB', 'wal_buffers': '128MB', 'max_wal_size': '2048MB'}
[CLEANUP] Stopping container...
[CMD] docker stop tuning || true
[CMD] docker rm tuning || true
[CMD] docker run -d --name tuning --memory 32G --cpus 8 -u postgres -e POSTGRES_PASSWORD=password_test -e POSTGRES_USER=postgres -p 5432:5432 -v pg_bench:/var/lib/postgresql/data postgres:18-alpine -c shared_buffers=4GB -c work_mem=40MB -c maintenance_work_mem=256MB -c max_parallel_workers_per_gather=9 -c random_page_cost=1.6030281415346677 -c effective_cache_size=14336MB -c wal_buffers=128MB -c max_wal_size=2048MB
[DB] Waiting for PostgreSQL to be ready...
[CMD] docker exec tuning pg_isready -U postgres -h 127.0.0.1
[CMD] docker exec tuning pg_isready -U postgres -h 127.0.0.1
[DB] PostgreSQL is ready.
[TEST] Running pgbench (warmup)...
[CMD] docker exec tuning pgbench -U postgres -h 127.0.0.1 -c 32 -j 2 -T 10 benchdb
[TEST] Running pgbench (test)...
[CMD] docker exec tuning pgbench -U postgres -h 127.0.0.1 -c 64 -j 2 -T 90 benchdb
[Trial 29] TPS: 7052.81 | Latency Avg: 9.07 ms
[32m[I 2026-05-14 01:11:31,873][0m Trial 29 finished with value: 7052.805353 and parameters: {'shared_buffers': '4GB', 'work_mem': 40, 'maintenance_work_mem': 256, 'max_parallel_workers_per_gather': 9, 'random_page_cost': 1.6030281415346677, 'effective_cache_size': 14336, 'wal_buffers': '128MB', 'max_wal_size': 2048}. Best is trial 2 with value: 8906.714078.[0m

========================================
[Trial 30] Config: {'shared_buffers': '4GB', 'work_mem': '60MB', 'maintenance_work_mem': '1024MB', 'max_parallel_workers_per_gather': 0, 'random_page_cost': '2.6563140063159425', 'effective_cache_size': '22528MB', 'wal_buffers': '32MB', 'max_wal_size': '3072MB'}
[CLEANUP] Stopping container...
[CMD] docker stop tuning || true
[CMD] docker rm tuning || true
[CMD] docker run -d --name tuning --memory 32G --cpus 8 -u postgres -e POSTGRES_PASSWORD=password_test -e POSTGRES_USER=postgres -p 5432:5432 -v pg_bench:/var/lib/postgresql/data postgres:18-alpine -c shared_buffers=4GB -c work_mem=60MB -c maintenance_work_mem=1024MB -c max_parallel_workers_per_gather=0 -c random_page_cost=2.6563140063159425 -c effective_cache_size=22528MB -c wal_buffers=32MB -c max_wal_size=3072MB
[DB] Waiting for PostgreSQL to be ready...
[CMD] docker exec tuning pg_isready -U postgres -h 127.0.0.1
[CMD] docker exec tuning pg_isready -U postgres -h 127.0.0.1
[DB] PostgreSQL is ready.
[TEST] Running pgbench (warmup)...
[CMD] docker exec tuning pgbench -U postgres -h 127.0.0.1 -c 32 -j 2 -T 10 benchdb
[TEST] Running pgbench (test)...
[CMD] docker exec tuning pgbench -U postgres -h 127.0.0.1 -c 64 -j 2 -T 90 benchdb
[Trial 30] TPS: 8055.29 | Latency Avg: 7.95 ms
[32m[I 2026-05-14 01:13:18,756][0m Trial 30 finished with value: 8055.293888 and parameters: {'shared_buffers': '4GB', 'work_mem': 60, 'maintenance_work_mem': 1024, 'max_parallel_workers_per_gather': 0, 'random_page_cost': 2.6563140063159425, 'effective_cache_size': 22528, 'wal_buffers': '32MB', 'max_wal_size': 3072}. Best is trial 2 with value: 8906.714078.[0m

========================================
[Trial 31] Config: {'shared_buffers': '2GB', 'work_mem': '56MB', 'maintenance_work_mem': '704MB', 'max_parallel_workers_per_gather': 0, 'random_page_cost': '1.2385767017685476', 'effective_cache_size': '12288MB', 'wal_buffers': '512MB', 'max_wal_size': '4096MB'}
[CLEANUP] Stopping container...
[CMD] docker stop tuning || true
[CMD] docker rm tuning || true
[CMD] docker run -d --name tuning --memory 32G --cpus 8 -u postgres -e POSTGRES_PASSWORD=password_test -e POSTGRES_USER=postgres -p 5432:5432 -v pg_bench:/var/lib/postgresql/data postgres:18-alpine -c shared_buffers=2GB -c work_mem=56MB -c maintenance_work_mem=704MB -c max_parallel_workers_per_gather=0 -c random_page_cost=1.2385767017685476 -c effective_cache_size=12288MB -c wal_buffers=512MB -c max_wal_size=4096MB
[DB] Waiting for PostgreSQL to be ready...
[CMD] docker exec tuning pg_isready -U postgres -h 127.0.0.1
[CMD] docker exec tuning pg_isready -U postgres -h 127.0.0.1
[DB] PostgreSQL is ready.
[TEST] Running pgbench (warmup)...
[CMD] docker exec tuning pgbench -U postgres -h 127.0.0.1 -c 32 -j 2 -T 10 benchdb
[TEST] Running pgbench (test)...
[CMD] docker exec tuning pgbench -U postgres -h 127.0.0.1 -c 64 -j 2 -T 90 benchdb
[Trial 31] TPS: 8223.04 | Latency Avg: 7.78 ms
[32m[I 2026-05-14 01:15:05,732][0m Trial 31 finished with value: 8223.038915 and parameters: {'shared_buffers': '2GB', 'work_mem': 56, 'maintenance_work_mem': 704, 'max_parallel_workers_per_gather': 0, 'random_page_cost': 1.2385767017685476, 'effective_cache_size': 12288, 'wal_buffers': '512MB', 'max_wal_size': 4096}. Best is trial 2 with value: 8906.714078.[0m

========================================
[Trial 32] Config: {'shared_buffers': '2GB', 'work_mem': '64MB', 'maintenance_work_mem': '832MB', 'max_parallel_workers_per_gather': 5, 'random_page_cost': '1.4337954390384493', 'effective_cache_size': '8192MB', 'wal_buffers': '512MB', 'max_wal_size': '4096MB'}
[CLEANUP] Stopping container...
[CMD] docker stop tuning || true
[CMD] docker rm tuning || true
[CMD] docker run -d --name tuning --memory 32G --cpus 8 -u postgres -e POSTGRES_PASSWORD=password_test -e POSTGRES_USER=postgres -p 5432:5432 -v pg_bench:/var/lib/postgresql/data postgres:18-alpine -c shared_buffers=2GB -c work_mem=64MB -c maintenance_work_mem=832MB -c max_parallel_workers_per_gather=5 -c random_page_cost=1.4337954390384493 -c effective_cache_size=8192MB -c wal_buffers=512MB -c max_wal_size=4096MB
[DB] Waiting for PostgreSQL to be ready...
[CMD] docker exec tuning pg_isready -U postgres -h 127.0.0.1
[CMD] docker exec tuning pg_isready -U postgres -h 127.0.0.1
[DB] PostgreSQL is ready.
[TEST] Running pgbench (warmup)...
[CMD] docker exec tuning pgbench -U postgres -h 127.0.0.1 -c 32 -j 2 -T 10 benchdb
[TEST] Running pgbench (test)...
[CMD] docker exec tuning pgbench -U postgres -h 127.0.0.1 -c 64 -j 2 -T 90 benchdb
[Trial 32] TPS: 8164.82 | Latency Avg: 7.84 ms
[32m[I 2026-05-14 01:16:53,234][0m Trial 32 finished with value: 8164.824717 and parameters: {'shared_buffers': '2GB', 'work_mem': 64, 'maintenance_work_mem': 832, 'max_parallel_workers_per_gather': 5, 'random_page_cost': 1.4337954390384493, 'effective_cache_size': 8192, 'wal_buffers': '512MB', 'max_wal_size': 4096}. Best is trial 2 with value: 8906.714078.[0m

========================================
[Trial 33] Config: {'shared_buffers': '2GB', 'work_mem': '56MB', 'maintenance_work_mem': '640MB', 'max_parallel_workers_per_gather': 0, 'random_page_cost': '1.1928613201667466', 'effective_cache_size': '12288MB', 'wal_buffers': '512MB', 'max_wal_size': '4096MB'}
[CLEANUP] Stopping container...
[CMD] docker stop tuning || true
[CMD] docker rm tuning || true
[CMD] docker run -d --name tuning --memory 32G --cpus 8 -u postgres -e POSTGRES_PASSWORD=password_test -e POSTGRES_USER=postgres -p 5432:5432 -v pg_bench:/var/lib/postgresql/data postgres:18-alpine -c shared_buffers=2GB -c work_mem=56MB -c maintenance_work_mem=640MB -c max_parallel_workers_per_gather=0 -c random_page_cost=1.1928613201667466 -c effective_cache_size=12288MB -c wal_buffers=512MB -c max_wal_size=4096MB
[DB] Waiting for PostgreSQL to be ready...
[CMD] docker exec tuning pg_isready -U postgres -h 127.0.0.1
[CMD] docker exec tuning pg_isready -U postgres -h 127.0.0.1
[DB] PostgreSQL is ready.
[TEST] Running pgbench (warmup)...
[CMD] docker exec tuning pgbench -U postgres -h 127.0.0.1 -c 32 -j 2 -T 10 benchdb
[TEST] Running pgbench (test)...
[CMD] docker exec tuning pgbench -U postgres -h 127.0.0.1 -c 64 -j 2 -T 90 benchdb
[Trial 33] TPS: 7760.56 | Latency Avg: 8.25 ms
[32m[I 2026-05-14 01:18:40,345][0m Trial 33 finished with value: 7760.555991 and parameters: {'shared_buffers': '2GB', 'work_mem': 56, 'maintenance_work_mem': 640, 'max_parallel_workers_per_gather': 0, 'random_page_cost': 1.1928613201667466, 'effective_cache_size': 12288, 'wal_buffers': '512MB', 'max_wal_size': 4096}. Best is trial 2 with value: 8906.714078.[0m

========================================
[Trial 34] Config: {'shared_buffers': '2GB', 'work_mem': '44MB', 'maintenance_work_mem': '896MB', 'max_parallel_workers_per_gather': 13, 'random_page_cost': '1.5663709410141908', 'effective_cache_size': '2048MB', 'wal_buffers': '256MB', 'max_wal_size': '4096MB'}
[CLEANUP] Stopping container...
[CMD] docker stop tuning || true
[CMD] docker rm tuning || true
[CMD] docker run -d --name tuning --memory 32G --cpus 8 -u postgres -e POSTGRES_PASSWORD=password_test -e POSTGRES_USER=postgres -p 5432:5432 -v pg_bench:/var/lib/postgresql/data postgres:18-alpine -c shared_buffers=2GB -c work_mem=44MB -c maintenance_work_mem=896MB -c max_parallel_workers_per_gather=13 -c random_page_cost=1.5663709410141908 -c effective_cache_size=2048MB -c wal_buffers=256MB -c max_wal_size=4096MB
[DB] Waiting for PostgreSQL to be ready...
[CMD] docker exec tuning pg_isready -U postgres -h 127.0.0.1
[CMD] docker exec tuning pg_isready -U postgres -h 127.0.0.1
[DB] PostgreSQL is ready.
[TEST] Running pgbench (warmup)...
[CMD] docker exec tuning pgbench -U postgres -h 127.0.0.1 -c 32 -j 2 -T 10 benchdb
[TEST] Running pgbench (test)...
[CMD] docker exec tuning pgbench -U postgres -h 127.0.0.1 -c 64 -j 2 -T 90 benchdb
[Trial 34] TPS: 7703.91 | Latency Avg: 8.31 ms
[32m[I 2026-05-14 01:20:27,507][0m Trial 34 finished with value: 7703.908461 and parameters: {'shared_buffers': '2GB', 'work_mem': 44, 'maintenance_work_mem': 896, 'max_parallel_workers_per_gather': 13, 'random_page_cost': 1.5663709410141908, 'effective_cache_size': 2048, 'wal_buffers': '256MB', 'max_wal_size': 4096}. Best is trial 2 with value: 8906.714078.[0m

========================================
[Trial 35] Config: {'shared_buffers': '2GB', 'work_mem': '60MB', 'maintenance_work_mem': '704MB', 'max_parallel_workers_per_gather': 0, 'random_page_cost': '1.888651414836556', 'effective_cache_size': '16384MB', 'wal_buffers': '64MB', 'max_wal_size': '3072MB'}
[CLEANUP] Stopping container...
[CMD] docker stop tuning || true
[CMD] docker rm tuning || true
[CMD] docker run -d --name tuning --memory 32G --cpus 8 -u postgres -e POSTGRES_PASSWORD=password_test -e POSTGRES_USER=postgres -p 5432:5432 -v pg_bench:/var/lib/postgresql/data postgres:18-alpine -c shared_buffers=2GB -c work_mem=60MB -c maintenance_work_mem=704MB -c max_parallel_workers_per_gather=0 -c random_page_cost=1.888651414836556 -c effective_cache_size=16384MB -c wal_buffers=64MB -c max_wal_size=3072MB
[DB] Waiting for PostgreSQL to be ready...
[CMD] docker exec tuning pg_isready -U postgres -h 127.0.0.1
[CMD] docker exec tuning pg_isready -U postgres -h 127.0.0.1
[DB] PostgreSQL is ready.
[TEST] Running pgbench (warmup)...
[CMD] docker exec tuning pgbench -U postgres -h 127.0.0.1 -c 32 -j 2 -T 10 benchdb
[TEST] Running pgbench (test)...
[CMD] docker exec tuning pgbench -U postgres -h 127.0.0.1 -c 64 -j 2 -T 90 benchdb
[Trial 35] TPS: 7892.81 | Latency Avg: 8.11 ms
[32m[I 2026-05-14 01:22:14,633][0m Trial 35 finished with value: 7892.814373 and parameters: {'shared_buffers': '2GB', 'work_mem': 60, 'maintenance_work_mem': 704, 'max_parallel_workers_per_gather': 0, 'random_page_cost': 1.888651414836556, 'effective_cache_size': 16384, 'wal_buffers': '64MB', 'max_wal_size': 3072}. Best is trial 2 with value: 8906.714078.[0m

========================================
[Trial 36] Config: {'shared_buffers': '4GB', 'work_mem': '52MB', 'maintenance_work_mem': '576MB', 'max_parallel_workers_per_gather': 11, 'random_page_cost': '3.9221325438611117', 'effective_cache_size': '8192MB', 'wal_buffers': '512MB', 'max_wal_size': '1024MB'}
[CLEANUP] Stopping container...
[CMD] docker stop tuning || true
[CMD] docker rm tuning || true
[CMD] docker run -d --name tuning --memory 32G --cpus 8 -u postgres -e POSTGRES_PASSWORD=password_test -e POSTGRES_USER=postgres -p 5432:5432 -v pg_bench:/var/lib/postgresql/data postgres:18-alpine -c shared_buffers=4GB -c work_mem=52MB -c maintenance_work_mem=576MB -c max_parallel_workers_per_gather=11 -c random_page_cost=3.9221325438611117 -c effective_cache_size=8192MB -c wal_buffers=512MB -c max_wal_size=1024MB
[DB] Waiting for PostgreSQL to be ready...
[CMD] docker exec tuning pg_isready -U postgres -h 127.0.0.1
[CMD] docker exec tuning pg_isready -U postgres -h 127.0.0.1
[DB] PostgreSQL is ready.
[TEST] Running pgbench (warmup)...
[CMD] docker exec tuning pgbench -U postgres -h 127.0.0.1 -c 32 -j 2 -T 10 benchdb
[TEST] Running pgbench (test)...
[CMD] docker exec tuning pgbench -U postgres -h 127.0.0.1 -c 64 -j 2 -T 90 benchdb
[Trial 36] TPS: 6701.96 | Latency Avg: 9.55 ms
[32m[I 2026-05-14 01:24:01,745][0m Trial 36 finished with value: 6701.962787 and parameters: {'shared_buffers': '4GB', 'work_mem': 52, 'maintenance_work_mem': 576, 'max_parallel_workers_per_gather': 11, 'random_page_cost': 3.9221325438611117, 'effective_cache_size': 8192, 'wal_buffers': '512MB', 'max_wal_size': 1024}. Best is trial 2 with value: 8906.714078.[0m

========================================
[Trial 37] Config: {'shared_buffers': '2GB', 'work_mem': '36MB', 'maintenance_work_mem': '448MB', 'max_parallel_workers_per_gather': 2, 'random_page_cost': '1.1884152819868887', 'effective_cache_size': '24576MB', 'wal_buffers': '128MB', 'max_wal_size': '4096MB'}
[CLEANUP] Stopping container...
[CMD] docker stop tuning || true
[CMD] docker rm tuning || true
[CMD] docker run -d --name tuning --memory 32G --cpus 8 -u postgres -e POSTGRES_PASSWORD=password_test -e POSTGRES_USER=postgres -p 5432:5432 -v pg_bench:/var/lib/postgresql/data postgres:18-alpine -c shared_buffers=2GB -c work_mem=36MB -c maintenance_work_mem=448MB -c max_parallel_workers_per_gather=2 -c random_page_cost=1.1884152819868887 -c effective_cache_size=24576MB -c wal_buffers=128MB -c max_wal_size=4096MB
[DB] Waiting for PostgreSQL to be ready...
[CMD] docker exec tuning pg_isready -U postgres -h 127.0.0.1
[CMD] docker exec tuning pg_isready -U postgres -h 127.0.0.1
[DB] PostgreSQL is ready.
[TEST] Running pgbench (warmup)...
[CMD] docker exec tuning pgbench -U postgres -h 127.0.0.1 -c 32 -j 2 -T 10 benchdb
[TEST] Running pgbench (test)...
[CMD] docker exec tuning pgbench -U postgres -h 127.0.0.1 -c 64 -j 2 -T 90 benchdb
[Trial 37] TPS: 8133.26 | Latency Avg: 7.87 ms
