[32m[I 2026-05-14 08:46:12,906][0m Trial 115 finished with value: 9905.76099 and parameters: {'shared_buffers': '8GB', 'work_mem': 48, 'maintenance_work_mem': 896, 'max_parallel_workers_per_gather': 2, 'random_page_cost': 3.984496375323784, 'effective_cache_size': 24576, 'wal_buffers': '16MB', 'max_wal_size': 4096}. Best is trial 106 with value: 10039.067208.[0m

========================================
[Trial 116] Config: {'shared_buffers': '8GB', 'work_mem': '44MB', 'maintenance_work_mem': '960MB', 'max_parallel_workers_per_gather': 3, 'random_page_cost': '3.8294756410362814', 'effective_cache_size': '24576MB', 'wal_buffers': '16MB', 'max_wal_size': '4096MB'}
[CLEANUP] Stopping container...
[CMD] docker stop tuning || true
[CMD] docker rm tuning || true
[CMD] docker run -d --name tuning --memory 32G --cpus 8 -u postgres -e POSTGRES_PASSWORD=password_test -e POSTGRES_USER=postgres -p 5432:5432 -v pg_bench:/var/lib/postgresql/data postgres:18-alpine -c shared_buffers=8GB -c work_mem=44MB -c maintenance_work_mem=960MB -c max_parallel_workers_per_gather=3 -c random_page_cost=3.8294756410362814 -c effective_cache_size=24576MB -c wal_buffers=16MB -c max_wal_size=4096MB
[DB] Waiting for PostgreSQL to be ready...
[CMD] docker exec tuning pg_isready -U postgres -h 127.0.0.1
[CMD] docker exec tuning pg_isready -U postgres -h 127.0.0.1
[DB] PostgreSQL is ready.
[TEST] Running pgbench (warmup)...
[CMD] docker exec tuning pgbench -U postgres -h 127.0.0.1 -c 32 -j 2 -T 10 benchdb
[TEST] Running pgbench (test)...
[CMD] docker exec tuning pgbench -U postgres -h 127.0.0.1 -c 64 -j 2 -T 90 benchdb
[Trial 116] TPS: 9880.66 | Latency Avg: 6.48 ms
[32m[I 2026-05-14 08:48:00,005][0m Trial 116 finished with value: 9880.661598 and parameters: {'shared_buffers': '8GB', 'work_mem': 44, 'maintenance_work_mem': 960, 'max_parallel_workers_per_gather': 3, 'random_page_cost': 3.8294756410362814, 'effective_cache_size': 24576, 'wal_buffers': '16MB', 'max_wal_size': 4096}. Best is trial 106 with value: 10039.067208.[0m

========================================
[Trial 117] Config: {'shared_buffers': '8GB', 'work_mem': '48MB', 'maintenance_work_mem': '896MB', 'max_parallel_workers_per_gather': 11, 'random_page_cost': '3.7857775005245218', 'effective_cache_size': '24576MB', 'wal_buffers': '16MB', 'max_wal_size': '4096MB'}
[CLEANUP] Stopping container...
[CMD] docker stop tuning || true
[CMD] docker rm tuning || true
[CMD] docker run -d --name tuning --memory 32G --cpus 8 -u postgres -e POSTGRES_PASSWORD=password_test -e POSTGRES_USER=postgres -p 5432:5432 -v pg_bench:/var/lib/postgresql/data postgres:18-alpine -c shared_buffers=8GB -c work_mem=48MB -c maintenance_work_mem=896MB -c max_parallel_workers_per_gather=11 -c random_page_cost=3.7857775005245218 -c effective_cache_size=24576MB -c wal_buffers=16MB -c max_wal_size=4096MB
[DB] Waiting for PostgreSQL to be ready...
[CMD] docker exec tuning pg_isready -U postgres -h 127.0.0.1
[CMD] docker exec tuning pg_isready -U postgres -h 127.0.0.1
[DB] PostgreSQL is ready.
[TEST] Running pgbench (warmup)...
[CMD] docker exec tuning pgbench -U postgres -h 127.0.0.1 -c 32 -j 2 -T 10 benchdb
[TEST] Running pgbench (test)...
[CMD] docker exec tuning pgbench -U postgres -h 127.0.0.1 -c 64 -j 2 -T 90 benchdb
[Trial 117] TPS: 9896.95 | Latency Avg: 6.47 ms
[32m[I 2026-05-14 08:49:46,998][0m Trial 117 finished with value: 9896.949154 and parameters: {'shared_buffers': '8GB', 'work_mem': 48, 'maintenance_work_mem': 896, 'max_parallel_workers_per_gather': 11, 'random_page_cost': 3.7857775005245218, 'effective_cache_size': 24576, 'wal_buffers': '16MB', 'max_wal_size': 4096}. Best is trial 106 with value: 10039.067208.[0m

========================================
[Trial 118] Config: {'shared_buffers': '8GB', 'work_mem': '48MB', 'maintenance_work_mem': '960MB', 'max_parallel_workers_per_gather': 3, 'random_page_cost': '3.652600570974365', 'effective_cache_size': '24576MB', 'wal_buffers': '16MB', 'max_wal_size': '4096MB'}
[CLEANUP] Stopping container...
[CMD] docker stop tuning || true
[CMD] docker rm tuning || true
[CMD] docker run -d --name tuning --memory 32G --cpus 8 -u postgres -e POSTGRES_PASSWORD=password_test -e POSTGRES_USER=postgres -p 5432:5432 -v pg_bench:/var/lib/postgresql/data postgres:18-alpine -c shared_buffers=8GB -c work_mem=48MB -c maintenance_work_mem=960MB -c max_parallel_workers_per_gather=3 -c random_page_cost=3.652600570974365 -c effective_cache_size=24576MB -c wal_buffers=16MB -c max_wal_size=4096MB
[DB] Waiting for PostgreSQL to be ready...
[CMD] docker exec tuning pg_isready -U postgres -h 127.0.0.1
[CMD] docker exec tuning pg_isready -U postgres -h 127.0.0.1
[DB] PostgreSQL is ready.
[TEST] Running pgbench (warmup)...
[CMD] docker exec tuning pgbench -U postgres -h 127.0.0.1 -c 32 -j 2 -T 10 benchdb
[TEST] Running pgbench (test)...
[CMD] docker exec tuning pgbench -U postgres -h 127.0.0.1 -c 64 -j 2 -T 90 benchdb
[Trial 118] TPS: 9813.97 | Latency Avg: 6.52 ms
[32m[I 2026-05-14 08:51:34,110][0m Trial 118 finished with value: 9813.968217 and parameters: {'shared_buffers': '8GB', 'work_mem': 48, 'maintenance_work_mem': 960, 'max_parallel_workers_per_gather': 3, 'random_page_cost': 3.652600570974365, 'effective_cache_size': 24576, 'wal_buffers': '16MB', 'max_wal_size': 4096}. Best is trial 106 with value: 10039.067208.[0m

========================================
[Trial 119] Config: {'shared_buffers': '8GB', 'work_mem': '44MB', 'maintenance_work_mem': '960MB', 'max_parallel_workers_per_gather': 13, 'random_page_cost': '3.876066722547624', 'effective_cache_size': '24576MB', 'wal_buffers': '16MB', 'max_wal_size': '4096MB'}
[CLEANUP] Stopping container...
[CMD] docker stop tuning || true
[CMD] docker rm tuning || true
[CMD] docker run -d --name tuning --memory 32G --cpus 8 -u postgres -e POSTGRES_PASSWORD=password_test -e POSTGRES_USER=postgres -p 5432:5432 -v pg_bench:/var/lib/postgresql/data postgres:18-alpine -c shared_buffers=8GB -c work_mem=44MB -c maintenance_work_mem=960MB -c max_parallel_workers_per_gather=13 -c random_page_cost=3.876066722547624 -c effective_cache_size=24576MB -c wal_buffers=16MB -c max_wal_size=4096MB
[DB] Waiting for PostgreSQL to be ready...
[CMD] docker exec tuning pg_isready -U postgres -h 127.0.0.1
[CMD] docker exec tuning pg_isready -U postgres -h 127.0.0.1
[DB] PostgreSQL is ready.
[TEST] Running pgbench (warmup)...
[CMD] docker exec tuning pgbench -U postgres -h 127.0.0.1 -c 32 -j 2 -T 10 benchdb
[TEST] Running pgbench (test)...
[CMD] docker exec tuning pgbench -U postgres -h 127.0.0.1 -c 64 -j 2 -T 90 benchdb
[Trial 119] TPS: 9811.05 | Latency Avg: 6.52 ms
[32m[I 2026-05-14 08:53:21,330][0m Trial 119 finished with value: 9811.053393 and parameters: {'shared_buffers': '8GB', 'work_mem': 44, 'maintenance_work_mem': 960, 'max_parallel_workers_per_gather': 13, 'random_page_cost': 3.876066722547624, 'effective_cache_size': 24576, 'wal_buffers': '16MB', 'max_wal_size': 4096}. Best is trial 106 with value: 10039.067208.[0m

========================================
[Trial 120] Config: {'shared_buffers': '8GB', 'work_mem': '40MB', 'maintenance_work_mem': '960MB', 'max_parallel_workers_per_gather': 3, 'random_page_cost': '3.7250477880729083', 'effective_cache_size': '24576MB', 'wal_buffers': '16MB', 'max_wal_size': '4096MB'}
[CLEANUP] Stopping container...
[CMD] docker stop tuning || true
[CMD] docker rm tuning || true
[CMD] docker run -d --name tuning --memory 32G --cpus 8 -u postgres -e POSTGRES_PASSWORD=password_test -e POSTGRES_USER=postgres -p 5432:5432 -v pg_bench:/var/lib/postgresql/data postgres:18-alpine -c shared_buffers=8GB -c work_mem=40MB -c maintenance_work_mem=960MB -c max_parallel_workers_per_gather=3 -c random_page_cost=3.7250477880729083 -c effective_cache_size=24576MB -c wal_buffers=16MB -c max_wal_size=4096MB
[DB] Waiting for PostgreSQL to be ready...
[CMD] docker exec tuning pg_isready -U postgres -h 127.0.0.1
[CMD] docker exec tuning pg_isready -U postgres -h 127.0.0.1
[DB] PostgreSQL is ready.
[TEST] Running pgbench (warmup)...
[CMD] docker exec tuning pgbench -U postgres -h 127.0.0.1 -c 32 -j 2 -T 10 benchdb
[TEST] Running pgbench (test)...
[CMD] docker exec tuning pgbench -U postgres -h 127.0.0.1 -c 64 -j 2 -T 90 benchdb
[Trial 120] TPS: 9880.79 | Latency Avg: 6.48 ms
[32m[I 2026-05-14 08:55:08,402][0m Trial 120 finished with value: 9880.791857 and parameters: {'shared_buffers': '8GB', 'work_mem': 40, 'maintenance_work_mem': 960, 'max_parallel_workers_per_gather': 3, 'random_page_cost': 3.7250477880729083, 'effective_cache_size': 24576, 'wal_buffers': '16MB', 'max_wal_size': 4096}. Best is trial 106 with value: 10039.067208.[0m

========================================
[Trial 121] Config: {'shared_buffers': '8GB', 'work_mem': '44MB', 'maintenance_work_mem': '960MB', 'max_parallel_workers_per_gather': 3, 'random_page_cost': '3.568143580966775', 'effective_cache_size': '24576MB', 'wal_buffers': '16MB', 'max_wal_size': '4096MB'}
[CLEANUP] Stopping container...
[CMD] docker stop tuning || true
[CMD] docker rm tuning || true
[CMD] docker run -d --name tuning --memory 32G --cpus 8 -u postgres -e POSTGRES_PASSWORD=password_test -e POSTGRES_USER=postgres -p 5432:5432 -v pg_bench:/var/lib/postgresql/data postgres:18-alpine -c shared_buffers=8GB -c work_mem=44MB -c maintenance_work_mem=960MB -c max_parallel_workers_per_gather=3 -c random_page_cost=3.568143580966775 -c effective_cache_size=24576MB -c wal_buffers=16MB -c max_wal_size=4096MB
[DB] Waiting for PostgreSQL to be ready...
[CMD] docker exec tuning pg_isready -U postgres -h 127.0.0.1
[CMD] docker exec tuning pg_isready -U postgres -h 127.0.0.1
[DB] PostgreSQL is ready.
[TEST] Running pgbench (warmup)...
[CMD] docker exec tuning pgbench -U postgres -h 127.0.0.1 -c 32 -j 2 -T 10 benchdb
[TEST] Running pgbench (test)...
[CMD] docker exec tuning pgbench -U postgres -h 127.0.0.1 -c 64 -j 2 -T 90 benchdb
[Trial 121] TPS: 9798.54 | Latency Avg: 6.53 ms
[32m[I 2026-05-14 08:56:55,634][0m Trial 121 finished with value: 9798.542728 and parameters: {'shared_buffers': '8GB', 'work_mem': 44, 'maintenance_work_mem': 960, 'max_parallel_workers_per_gather': 3, 'random_page_cost': 3.568143580966775, 'effective_cache_size': 24576, 'wal_buffers': '16MB', 'max_wal_size': 4096}. Best is trial 106 with value: 10039.067208.[0m

========================================
[Trial 122] Config: {'shared_buffers': '8GB', 'work_mem': '48MB', 'maintenance_work_mem': '896MB', 'max_parallel_workers_per_gather': 3, 'random_page_cost': '3.7553062665074064', 'effective_cache_size': '24576MB', 'wal_buffers': '16MB', 'max_wal_size': '4096MB'}
[CLEANUP] Stopping container...
[CMD] docker stop tuning || true
[CMD] docker rm tuning || true
[CMD] docker run -d --name tuning --memory 32G --cpus 8 -u postgres -e POSTGRES_PASSWORD=password_test -e POSTGRES_USER=postgres -p 5432:5432 -v pg_bench:/var/lib/postgresql/data postgres:18-alpine -c shared_buffers=8GB -c work_mem=48MB -c maintenance_work_mem=896MB -c max_parallel_workers_per_gather=3 -c random_page_cost=3.7553062665074064 -c effective_cache_size=24576MB -c wal_buffers=16MB -c max_wal_size=4096MB
[DB] Waiting for PostgreSQL to be ready...
[CMD] docker exec tuning pg_isready -U postgres -h 127.0.0.1
[CMD] docker exec tuning pg_isready -U postgres -h 127.0.0.1
[DB] PostgreSQL is ready.
[TEST] Running pgbench (warmup)...
[CMD] docker exec tuning pgbench -U postgres -h 127.0.0.1 -c 32 -j 2 -T 10 benchdb
[TEST] Running pgbench (test)...
[CMD] docker exec tuning pgbench -U postgres -h 127.0.0.1 -c 64 -j 2 -T 90 benchdb
[Trial 122] TPS: 9824.31 | Latency Avg: 6.51 ms
[32m[I 2026-05-14 08:58:42,685][0m Trial 122 finished with value: 9824.313477 and parameters: {'shared_buffers': '8GB', 'work_mem': 48, 'maintenance_work_mem': 896, 'max_parallel_workers_per_gather': 3, 'random_page_cost': 3.7553062665074064, 'effective_cache_size': 24576, 'wal_buffers': '16MB', 'max_wal_size': 4096}. Best is trial 106 with value: 10039.067208.[0m

========================================
[Trial 123] Config: {'shared_buffers': '8GB', 'work_mem': '40MB', 'maintenance_work_mem': '960MB', 'max_parallel_workers_per_gather': 3, 'random_page_cost': '3.965963811057021', 'effective_cache_size': '24576MB', 'wal_buffers': '16MB', 'max_wal_size': '4096MB'}
[CLEANUP] Stopping container...
[CMD] docker stop tuning || true
[CMD] docker rm tuning || true
[CMD] docker run -d --name tuning --memory 32G --cpus 8 -u postgres -e POSTGRES_PASSWORD=password_test -e POSTGRES_USER=postgres -p 5432:5432 -v pg_bench:/var/lib/postgresql/data postgres:18-alpine -c shared_buffers=8GB -c work_mem=40MB -c maintenance_work_mem=960MB -c max_parallel_workers_per_gather=3 -c random_page_cost=3.965963811057021 -c effective_cache_size=24576MB -c wal_buffers=16MB -c max_wal_size=4096MB
[DB] Waiting for PostgreSQL to be ready...
[CMD] docker exec tuning pg_isready -U postgres -h 127.0.0.1
[CMD] docker exec tuning pg_isready -U postgres -h 127.0.0.1
[DB] PostgreSQL is ready.
[TEST] Running pgbench (warmup)...
[CMD] docker exec tuning pgbench -U postgres -h 127.0.0.1 -c 32 -j 2 -T 10 benchdb
[TEST] Running pgbench (test)...
[CMD] docker exec tuning pgbench -U postgres -h 127.0.0.1 -c 64 -j 2 -T 90 benchdb
[Trial 123] TPS: 9768.38 | Latency Avg: 6.55 ms
[32m[I 2026-05-14 09:00:29,791][0m Trial 123 finished with value: 9768.379634 and parameters: {'shared_buffers': '8GB', 'work_mem': 40, 'maintenance_work_mem': 960, 'max_parallel_workers_per_gather': 3, 'random_page_cost': 3.965963811057021, 'effective_cache_size': 24576, 'wal_buffers': '16MB', 'max_wal_size': 4096}. Best is trial 106 with value: 10039.067208.[0m

========================================
[Trial 124] Config: {'shared_buffers': '8GB', 'work_mem': '44MB', 'maintenance_work_mem': '960MB', 'max_parallel_workers_per_gather': 1, 'random_page_cost': '3.8758927499500997', 'effective_cache_size': '24576MB', 'wal_buffers': '16MB', 'max_wal_size': '4096MB'}
[CLEANUP] Stopping container...
[CMD] docker stop tuning || true
[CMD] docker rm tuning || true
[CMD] docker run -d --name tuning --memory 32G --cpus 8 -u postgres -e POSTGRES_PASSWORD=password_test -e POSTGRES_USER=postgres -p 5432:5432 -v pg_bench:/var/lib/postgresql/data postgres:18-alpine -c shared_buffers=8GB -c work_mem=44MB -c maintenance_work_mem=960MB -c max_parallel_workers_per_gather=1 -c random_page_cost=3.8758927499500997 -c effective_cache_size=24576MB -c wal_buffers=16MB -c max_wal_size=4096MB
[DB] Waiting for PostgreSQL to be ready...
[CMD] docker exec tuning pg_isready -U postgres -h 127.0.0.1
[CMD] docker exec tuning pg_isready -U postgres -h 127.0.0.1
[DB] PostgreSQL is ready.
[TEST] Running pgbench (warmup)...
[CMD] docker exec tuning pgbench -U postgres -h 127.0.0.1 -c 32 -j 2 -T 10 benchdb
[TEST] Running pgbench (test)...
[CMD] docker exec tuning pgbench -U postgres -h 127.0.0.1 -c 64 -j 2 -T 90 benchdb
[Trial 124] TPS: 9781.97 | Latency Avg: 6.54 ms
[32m[I 2026-05-14 09:02:17,090][0m Trial 124 finished with value: 9781.97369 and parameters: {'shared_buffers': '8GB', 'work_mem': 44, 'maintenance_work_mem': 960, 'max_parallel_workers_per_gather': 1, 'random_page_cost': 3.8758927499500997, 'effective_cache_size': 24576, 'wal_buffers': '16MB', 'max_wal_size': 4096}. Best is trial 106 with value: 10039.067208.[0m

========================================
[Trial 125] Config: {'shared_buffers': '8GB', 'work_mem': '48MB', 'maintenance_work_mem': '1024MB', 'max_parallel_workers_per_gather': 3, 'random_page_cost': '3.807387371656395', 'effective_cache_size': '24576MB', 'wal_buffers': '16MB', 'max_wal_size': '4096MB'}
[CLEANUP] Stopping container...
[CMD] docker stop tuning || true
[CMD] docker rm tuning || true
[CMD] docker run -d --name tuning --memory 32G --cpus 8 -u postgres -e POSTGRES_PASSWORD=password_test -e POSTGRES_USER=postgres -p 5432:5432 -v pg_bench:/var/lib/postgresql/data postgres:18-alpine -c shared_buffers=8GB -c work_mem=48MB -c maintenance_work_mem=1024MB -c max_parallel_workers_per_gather=3 -c random_page_cost=3.807387371656395 -c effective_cache_size=24576MB -c wal_buffers=16MB -c max_wal_size=4096MB
[DB] Waiting for PostgreSQL to be ready...
[CMD] docker exec tuning pg_isready -U postgres -h 127.0.0.1
[CMD] docker exec tuning pg_isready -U postgres -h 127.0.0.1
[DB] PostgreSQL is ready.
[TEST] Running pgbench (warmup)...
[CMD] docker exec tuning pgbench -U postgres -h 127.0.0.1 -c 32 -j 2 -T 10 benchdb
[TEST] Running pgbench (test)...
[CMD] docker exec tuning pgbench -U postgres -h 127.0.0.1 -c 64 -j 2 -T 90 benchdb
[Trial 125] TPS: 9848.91 | Latency Avg: 6.50 ms
[32m[I 2026-05-14 09:04:04,209][0m Trial 125 finished with value: 9848.913071 and parameters: {'shared_buffers': '8GB', 'work_mem': 48, 'maintenance_work_mem': 1024, 'max_parallel_workers_per_gather': 3, 'random_page_cost': 3.807387371656395, 'effective_cache_size': 24576, 'wal_buffers': '16MB', 'max_wal_size': 4096}. Best is trial 106 with value: 10039.067208.[0m

========================================
[Trial 126] Config: {'shared_buffers': '8GB', 'work_mem': '44MB', 'maintenance_work_mem': '896MB', 'max_parallel_workers_per_gather': 7, 'random_page_cost': '3.7187513843886566', 'effective_cache_size': '24576MB', 'wal_buffers': '16MB', 'max_wal_size': '4096MB'}
[CLEANUP] Stopping container...
[CMD] docker stop tuning || true
[CMD] docker rm tuning || true
[CMD] docker run -d --name tuning --memory 32G --cpus 8 -u postgres -e POSTGRES_PASSWORD=password_test -e POSTGRES_USER=postgres -p 5432:5432 -v pg_bench:/var/lib/postgresql/data postgres:18-alpine -c shared_buffers=8GB -c work_mem=44MB -c maintenance_work_mem=896MB -c max_parallel_workers_per_gather=7 -c random_page_cost=3.7187513843886566 -c effective_cache_size=24576MB -c wal_buffers=16MB -c max_wal_size=4096MB
[DB] Waiting for PostgreSQL to be ready...
[CMD] docker exec tuning pg_isready -U postgres -h 127.0.0.1
[CMD] docker exec tuning pg_isready -U postgres -h 127.0.0.1
[DB] PostgreSQL is ready.
[TEST] Running pgbench (warmup)...
[CMD] docker exec tuning pgbench -U postgres -h 127.0.0.1 -c 32 -j 2 -T 10 benchdb
[TEST] Running pgbench (test)...
[CMD] docker exec tuning pgbench -U postgres -h 127.0.0.1 -c 64 -j 2 -T 90 benchdb
[Trial 126] TPS: 9802.39 | Latency Avg: 6.53 ms
[32m[I 2026-05-14 09:05:51,417][0m Trial 126 finished with value: 9802.38755 and parameters: {'shared_buffers': '8GB', 'work_mem': 44, 'maintenance_work_mem': 896, 'max_parallel_workers_per_gather': 7, 'random_page_cost': 3.7187513843886566, 'effective_cache_size': 24576, 'wal_buffers': '16MB', 'max_wal_size': 4096}. Best is trial 106 with value: 10039.067208.[0m

========================================
[Trial 127] Config: {'shared_buffers': '8GB', 'work_mem': '48MB', 'maintenance_work_mem': '960MB', 'max_parallel_workers_per_gather': 9, 'random_page_cost': '3.601297934788933', 'effective_cache_size': '24576MB', 'wal_buffers': '16MB', 'max_wal_size': '4096MB'}
[CLEANUP] Stopping container...
[CMD] docker stop tuning || true
[CMD] docker rm tuning || true
[CMD] docker run -d --name tuning --memory 32G --cpus 8 -u postgres -e POSTGRES_PASSWORD=password_test -e POSTGRES_USER=postgres -p 5432:5432 -v pg_bench:/var/lib/postgresql/data postgres:18-alpine -c shared_buffers=8GB -c work_mem=48MB -c maintenance_work_mem=960MB -c max_parallel_workers_per_gather=9 -c random_page_cost=3.601297934788933 -c effective_cache_size=24576MB -c wal_buffers=16MB -c max_wal_size=4096MB
[DB] Waiting for PostgreSQL to be ready...
[CMD] docker exec tuning pg_isready -U postgres -h 127.0.0.1
[CMD] docker exec tuning pg_isready -U postgres -h 127.0.0.1
[DB] PostgreSQL is ready.
[TEST] Running pgbench (warmup)...
[CMD] docker exec tuning pgbench -U postgres -h 127.0.0.1 -c 32 -j 2 -T 10 benchdb
[TEST] Running pgbench (test)...
[CMD] docker exec tuning pgbench -U postgres -h 127.0.0.1 -c 64 -j 2 -T 90 benchdb
[Trial 127] TPS: 9771.63 | Latency Avg: 6.55 ms
[32m[I 2026-05-14 09:07:38,578][0m Trial 127 finished with value: 9771.634839 and parameters: {'shared_buffers': '8GB', 'work_mem': 48, 'maintenance_work_mem': 960, 'max_parallel_workers_per_gather': 9, 'random_page_cost': 3.601297934788933, 'effective_cache_size': 24576, 'wal_buffers': '16MB', 'max_wal_size': 4096}. Best is trial 106 with value: 10039.067208.[0m

========================================
[Trial 128] Config: {'shared_buffers': '8GB', 'work_mem': '44MB', 'maintenance_work_mem': '1024MB', 'max_parallel_workers_per_gather': 3, 'random_page_cost': '3.9146745767363136', 'effective_cache_size': '24576MB', 'wal_buffers': '16MB', 'max_wal_size': '4096MB'}
[CLEANUP] Stopping container...
[CMD] docker stop tuning || true
[CMD] docker rm tuning || true
[CMD] docker run -d --name tuning --memory 32G --cpus 8 -u postgres -e POSTGRES_PASSWORD=password_test -e POSTGRES_USER=postgres -p 5432:5432 -v pg_bench:/var/lib/postgresql/data postgres:18-alpine -c shared_buffers=8GB -c work_mem=44MB -c maintenance_work_mem=1024MB -c max_parallel_workers_per_gather=3 -c random_page_cost=3.9146745767363136 -c effective_cache_size=24576MB -c wal_buffers=16MB -c max_wal_size=4096MB
[DB] Waiting for PostgreSQL to be ready...
[CMD] docker exec tuning pg_isready -U postgres -h 127.0.0.1
[CMD] docker exec tuning pg_isready -U postgres -h 127.0.0.1
[DB] PostgreSQL is ready.
[TEST] Running pgbench (warmup)...
[CMD] docker exec tuning pgbench -U postgres -h 127.0.0.1 -c 32 -j 2 -T 10 benchdb
[TEST] Running pgbench (test)...
[CMD] docker exec tuning pgbench -U postgres -h 127.0.0.1 -c 64 -j 2 -T 90 benchdb
[Trial 128] TPS: 9781.35 | Latency Avg: 6.54 ms
