[32m[I 2026-05-14 02:58:41,601][0m Trial 89 finished with value: 6056.184136 and parameters: {'shared_buffers': '8GB', 'work_mem': 60, 'maintenance_work_mem': 896, 'max_parallel_workers_per_gather': 3, 'random_page_cost': 3.462938588384358, 'effective_cache_size': 22528, 'wal_buffers': '1GB', 'max_wal_size': 1024}. Best is trial 2 with value: 8906.714078.[0m

========================================
[Trial 90] Config: {'shared_buffers': '8GB', 'work_mem': '64MB', 'maintenance_work_mem': '960MB', 'max_parallel_workers_per_gather': 3, 'random_page_cost': '3.1479494107578563', 'effective_cache_size': '18432MB', 'wal_buffers': '64MB', 'max_wal_size': '4096MB'}
[CLEANUP] Stopping container...
[CMD] docker stop tuning || true
[CMD] docker rm tuning || true
[CMD] docker run -d --name tuning --memory 32G --cpus 8 -u postgres -e POSTGRES_PASSWORD=password_test -e POSTGRES_USER=postgres -p 5432:5432 -v pg_bench:/var/lib/postgresql/data postgres:18-alpine -c shared_buffers=8GB -c work_mem=64MB -c maintenance_work_mem=960MB -c max_parallel_workers_per_gather=3 -c random_page_cost=3.1479494107578563 -c effective_cache_size=18432MB -c wal_buffers=64MB -c max_wal_size=4096MB
[DB] Waiting for PostgreSQL to be ready...
[CMD] docker exec tuning pg_isready -U postgres -h 127.0.0.1
[CMD] docker exec tuning pg_isready -U postgres -h 127.0.0.1
[DB] PostgreSQL is ready.
[TEST] Running pgbench (warmup)...
[CMD] docker exec tuning pgbench -U postgres -h 127.0.0.1 -c 32 -j 2 -T 10 benchdb
[TEST] Running pgbench (test)...
[CMD] docker exec tuning pgbench -U postgres -h 127.0.0.1 -c 64 -j 2 -T 90 benchdb
[Trial 90] TPS: 7098.64 | Latency Avg: 9.02 ms
[32m[I 2026-05-14 08:01:33,523][0m Trial 90 finished with value: 7098.641171 and parameters: {'shared_buffers': '8GB', 'work_mem': 64, 'maintenance_work_mem': 960, 'max_parallel_workers_per_gather': 3, 'random_page_cost': 3.1479494107578563, 'effective_cache_size': 18432, 'wal_buffers': '64MB', 'max_wal_size': 4096}. Best is trial 2 with value: 8906.714078.[0m

========================================
[Trial 91] Config: {'shared_buffers': '8GB', 'work_mem': '64MB', 'maintenance_work_mem': '960MB', 'max_parallel_workers_per_gather': 3, 'random_page_cost': '2.9535938276967557', 'effective_cache_size': '22528MB', 'wal_buffers': '32MB', 'max_wal_size': '4096MB'}
[CLEANUP] Stopping container...
[CMD] docker stop tuning || true
[CMD] docker rm tuning || true
[CMD] docker run -d --name tuning --memory 32G --cpus 8 -u postgres -e POSTGRES_PASSWORD=password_test -e POSTGRES_USER=postgres -p 5432:5432 -v pg_bench:/var/lib/postgresql/data postgres:18-alpine -c shared_buffers=8GB -c work_mem=64MB -c maintenance_work_mem=960MB -c max_parallel_workers_per_gather=3 -c random_page_cost=2.9535938276967557 -c effective_cache_size=22528MB -c wal_buffers=32MB -c max_wal_size=4096MB
[DB] Waiting for PostgreSQL to be ready...
[CMD] docker exec tuning pg_isready -U postgres -h 127.0.0.1
[CMD] docker exec tuning pg_isready -U postgres -h 127.0.0.1
[DB] PostgreSQL is ready.
[TEST] Running pgbench (warmup)...
[CMD] docker exec tuning pgbench -U postgres -h 127.0.0.1 -c 32 -j 2 -T 10 benchdb
[TEST] Running pgbench (test)...
[CMD] docker exec tuning pgbench -U postgres -h 127.0.0.1 -c 64 -j 2 -T 90 benchdb
[Trial 91] TPS: 9090.40 | Latency Avg: 7.04 ms
[32m[I 2026-05-14 08:03:20,836][0m Trial 91 finished with value: 9090.40321 and parameters: {'shared_buffers': '8GB', 'work_mem': 64, 'maintenance_work_mem': 960, 'max_parallel_workers_per_gather': 3, 'random_page_cost': 2.9535938276967557, 'effective_cache_size': 22528, 'wal_buffers': '32MB', 'max_wal_size': 4096}. Best is trial 91 with value: 9090.40321.[0m

========================================
[Trial 92] Config: {'shared_buffers': '8GB', 'work_mem': '60MB', 'maintenance_work_mem': '1024MB', 'max_parallel_workers_per_gather': 3, 'random_page_cost': '3.2489804649633505', 'effective_cache_size': '22528MB', 'wal_buffers': '32MB', 'max_wal_size': '4096MB'}
[CLEANUP] Stopping container...
[CMD] docker stop tuning || true
[CMD] docker rm tuning || true
[CMD] docker run -d --name tuning --memory 32G --cpus 8 -u postgres -e POSTGRES_PASSWORD=password_test -e POSTGRES_USER=postgres -p 5432:5432 -v pg_bench:/var/lib/postgresql/data postgres:18-alpine -c shared_buffers=8GB -c work_mem=60MB -c maintenance_work_mem=1024MB -c max_parallel_workers_per_gather=3 -c random_page_cost=3.2489804649633505 -c effective_cache_size=22528MB -c wal_buffers=32MB -c max_wal_size=4096MB
[DB] Waiting for PostgreSQL to be ready...
[CMD] docker exec tuning pg_isready -U postgres -h 127.0.0.1
[CMD] docker exec tuning pg_isready -U postgres -h 127.0.0.1
[DB] PostgreSQL is ready.
[TEST] Running pgbench (warmup)...
[CMD] docker exec tuning pgbench -U postgres -h 127.0.0.1 -c 32 -j 2 -T 10 benchdb
[TEST] Running pgbench (test)...
[CMD] docker exec tuning pgbench -U postgres -h 127.0.0.1 -c 64 -j 2 -T 90 benchdb
[Trial 92] TPS: 9230.33 | Latency Avg: 6.93 ms
[32m[I 2026-05-14 08:05:08,074][0m Trial 92 finished with value: 9230.331488 and parameters: {'shared_buffers': '8GB', 'work_mem': 60, 'maintenance_work_mem': 1024, 'max_parallel_workers_per_gather': 3, 'random_page_cost': 3.2489804649633505, 'effective_cache_size': 22528, 'wal_buffers': '32MB', 'max_wal_size': 4096}. Best is trial 92 with value: 9230.331488.[0m

========================================
[Trial 93] Config: {'shared_buffers': '8GB', 'work_mem': '60MB', 'maintenance_work_mem': '1024MB', 'max_parallel_workers_per_gather': 3, 'random_page_cost': '3.0400823274167106', 'effective_cache_size': '24576MB', 'wal_buffers': '16MB', 'max_wal_size': '4096MB'}
[CLEANUP] Stopping container...
[CMD] docker stop tuning || true
[CMD] docker rm tuning || true
[CMD] docker run -d --name tuning --memory 32G --cpus 8 -u postgres -e POSTGRES_PASSWORD=password_test -e POSTGRES_USER=postgres -p 5432:5432 -v pg_bench:/var/lib/postgresql/data postgres:18-alpine -c shared_buffers=8GB -c work_mem=60MB -c maintenance_work_mem=1024MB -c max_parallel_workers_per_gather=3 -c random_page_cost=3.0400823274167106 -c effective_cache_size=24576MB -c wal_buffers=16MB -c max_wal_size=4096MB
[DB] Waiting for PostgreSQL to be ready...
[CMD] docker exec tuning pg_isready -U postgres -h 127.0.0.1
[CMD] docker exec tuning pg_isready -U postgres -h 127.0.0.1
[DB] PostgreSQL is ready.
[TEST] Running pgbench (warmup)...
[CMD] docker exec tuning pgbench -U postgres -h 127.0.0.1 -c 32 -j 2 -T 10 benchdb
[TEST] Running pgbench (test)...
[CMD] docker exec tuning pgbench -U postgres -h 127.0.0.1 -c 64 -j 2 -T 90 benchdb
[Trial 93] TPS: 9362.24 | Latency Avg: 6.84 ms
[32m[I 2026-05-14 08:06:55,533][0m Trial 93 finished with value: 9362.243915 and parameters: {'shared_buffers': '8GB', 'work_mem': 60, 'maintenance_work_mem': 1024, 'max_parallel_workers_per_gather': 3, 'random_page_cost': 3.0400823274167106, 'effective_cache_size': 24576, 'wal_buffers': '16MB', 'max_wal_size': 4096}. Best is trial 93 with value: 9362.243915.[0m

========================================
[Trial 94] Config: {'shared_buffers': '8GB', 'work_mem': '60MB', 'maintenance_work_mem': '1024MB', 'max_parallel_workers_per_gather': 3, 'random_page_cost': '3.017154396781499', 'effective_cache_size': '24576MB', 'wal_buffers': '16MB', 'max_wal_size': '4096MB'}
[CLEANUP] Stopping container...
[CMD] docker stop tuning || true
[CMD] docker rm tuning || true
[CMD] docker run -d --name tuning --memory 32G --cpus 8 -u postgres -e POSTGRES_PASSWORD=password_test -e POSTGRES_USER=postgres -p 5432:5432 -v pg_bench:/var/lib/postgresql/data postgres:18-alpine -c shared_buffers=8GB -c work_mem=60MB -c maintenance_work_mem=1024MB -c max_parallel_workers_per_gather=3 -c random_page_cost=3.017154396781499 -c effective_cache_size=24576MB -c wal_buffers=16MB -c max_wal_size=4096MB
[DB] Waiting for PostgreSQL to be ready...
[CMD] docker exec tuning pg_isready -U postgres -h 127.0.0.1
[CMD] docker exec tuning pg_isready -U postgres -h 127.0.0.1
[DB] PostgreSQL is ready.
[TEST] Running pgbench (warmup)...
[CMD] docker exec tuning pgbench -U postgres -h 127.0.0.1 -c 32 -j 2 -T 10 benchdb
[TEST] Running pgbench (test)...
[CMD] docker exec tuning pgbench -U postgres -h 127.0.0.1 -c 64 -j 2 -T 90 benchdb
[Trial 94] TPS: 9444.35 | Latency Avg: 6.78 ms
[32m[I 2026-05-14 08:08:42,792][0m Trial 94 finished with value: 9444.350579 and parameters: {'shared_buffers': '8GB', 'work_mem': 60, 'maintenance_work_mem': 1024, 'max_parallel_workers_per_gather': 3, 'random_page_cost': 3.017154396781499, 'effective_cache_size': 24576, 'wal_buffers': '16MB', 'max_wal_size': 4096}. Best is trial 94 with value: 9444.350579.[0m

========================================
[Trial 95] Config: {'shared_buffers': '8GB', 'work_mem': '60MB', 'maintenance_work_mem': '1024MB', 'max_parallel_workers_per_gather': 3, 'random_page_cost': '3.0437472372820573', 'effective_cache_size': '24576MB', 'wal_buffers': '16MB', 'max_wal_size': '4096MB'}
[CLEANUP] Stopping container...
[CMD] docker stop tuning || true
[CMD] docker rm tuning || true
[CMD] docker run -d --name tuning --memory 32G --cpus 8 -u postgres -e POSTGRES_PASSWORD=password_test -e POSTGRES_USER=postgres -p 5432:5432 -v pg_bench:/var/lib/postgresql/data postgres:18-alpine -c shared_buffers=8GB -c work_mem=60MB -c maintenance_work_mem=1024MB -c max_parallel_workers_per_gather=3 -c random_page_cost=3.0437472372820573 -c effective_cache_size=24576MB -c wal_buffers=16MB -c max_wal_size=4096MB
[DB] Waiting for PostgreSQL to be ready...
[CMD] docker exec tuning pg_isready -U postgres -h 127.0.0.1
[CMD] docker exec tuning pg_isready -U postgres -h 127.0.0.1
[DB] PostgreSQL is ready.
[TEST] Running pgbench (warmup)...
[CMD] docker exec tuning pgbench -U postgres -h 127.0.0.1 -c 32 -j 2 -T 10 benchdb
[TEST] Running pgbench (test)...
[CMD] docker exec tuning pgbench -U postgres -h 127.0.0.1 -c 64 -j 2 -T 90 benchdb
[Trial 95] TPS: 9548.93 | Latency Avg: 6.70 ms
[32m[I 2026-05-14 08:10:30,096][0m Trial 95 finished with value: 9548.931713 and parameters: {'shared_buffers': '8GB', 'work_mem': 60, 'maintenance_work_mem': 1024, 'max_parallel_workers_per_gather': 3, 'random_page_cost': 3.0437472372820573, 'effective_cache_size': 24576, 'wal_buffers': '16MB', 'max_wal_size': 4096}. Best is trial 95 with value: 9548.931713.[0m

========================================
[Trial 96] Config: {'shared_buffers': '8GB', 'work_mem': '52MB', 'maintenance_work_mem': '1024MB', 'max_parallel_workers_per_gather': 3, 'random_page_cost': '3.0378392722221834', 'effective_cache_size': '24576MB', 'wal_buffers': '16MB', 'max_wal_size': '4096MB'}
[CLEANUP] Stopping container...
[CMD] docker stop tuning || true
[CMD] docker rm tuning || true
[CMD] docker run -d --name tuning --memory 32G --cpus 8 -u postgres -e POSTGRES_PASSWORD=password_test -e POSTGRES_USER=postgres -p 5432:5432 -v pg_bench:/var/lib/postgresql/data postgres:18-alpine -c shared_buffers=8GB -c work_mem=52MB -c maintenance_work_mem=1024MB -c max_parallel_workers_per_gather=3 -c random_page_cost=3.0378392722221834 -c effective_cache_size=24576MB -c wal_buffers=16MB -c max_wal_size=4096MB
[DB] Waiting for PostgreSQL to be ready...
[CMD] docker exec tuning pg_isready -U postgres -h 127.0.0.1
[CMD] docker exec tuning pg_isready -U postgres -h 127.0.0.1
[DB] PostgreSQL is ready.
[TEST] Running pgbench (warmup)...
[CMD] docker exec tuning pgbench -U postgres -h 127.0.0.1 -c 32 -j 2 -T 10 benchdb
[TEST] Running pgbench (test)...
[CMD] docker exec tuning pgbench -U postgres -h 127.0.0.1 -c 64 -j 2 -T 90 benchdb
[Trial 96] TPS: 9598.36 | Latency Avg: 6.67 ms
[32m[I 2026-05-14 08:12:17,351][0m Trial 96 finished with value: 9598.36484 and parameters: {'shared_buffers': '8GB', 'work_mem': 52, 'maintenance_work_mem': 1024, 'max_parallel_workers_per_gather': 3, 'random_page_cost': 3.0378392722221834, 'effective_cache_size': 24576, 'wal_buffers': '16MB', 'max_wal_size': 4096}. Best is trial 96 with value: 9598.36484.[0m

========================================
[Trial 97] Config: {'shared_buffers': '8GB', 'work_mem': '52MB', 'maintenance_work_mem': '1024MB', 'max_parallel_workers_per_gather': 3, 'random_page_cost': '3.356293223486578', 'effective_cache_size': '24576MB', 'wal_buffers': '16MB', 'max_wal_size': '4096MB'}
[CLEANUP] Stopping container...
[CMD] docker stop tuning || true
[CMD] docker rm tuning || true
[CMD] docker run -d --name tuning --memory 32G --cpus 8 -u postgres -e POSTGRES_PASSWORD=password_test -e POSTGRES_USER=postgres -p 5432:5432 -v pg_bench:/var/lib/postgresql/data postgres:18-alpine -c shared_buffers=8GB -c work_mem=52MB -c maintenance_work_mem=1024MB -c max_parallel_workers_per_gather=3 -c random_page_cost=3.356293223486578 -c effective_cache_size=24576MB -c wal_buffers=16MB -c max_wal_size=4096MB
[DB] Waiting for PostgreSQL to be ready...
[CMD] docker exec tuning pg_isready -U postgres -h 127.0.0.1
[CMD] docker exec tuning pg_isready -U postgres -h 127.0.0.1
[DB] PostgreSQL is ready.
[TEST] Running pgbench (warmup)...
[CMD] docker exec tuning pgbench -U postgres -h 127.0.0.1 -c 32 -j 2 -T 10 benchdb
[TEST] Running pgbench (test)...
[CMD] docker exec tuning pgbench -U postgres -h 127.0.0.1 -c 64 -j 2 -T 90 benchdb
[Trial 97] TPS: 9694.92 | Latency Avg: 6.60 ms
[32m[I 2026-05-14 08:14:04,514][0m Trial 97 finished with value: 9694.924333 and parameters: {'shared_buffers': '8GB', 'work_mem': 52, 'maintenance_work_mem': 1024, 'max_parallel_workers_per_gather': 3, 'random_page_cost': 3.356293223486578, 'effective_cache_size': 24576, 'wal_buffers': '16MB', 'max_wal_size': 4096}. Best is trial 97 with value: 9694.924333.[0m

========================================
[Trial 98] Config: {'shared_buffers': '8GB', 'work_mem': '52MB', 'maintenance_work_mem': '1024MB', 'max_parallel_workers_per_gather': 3, 'random_page_cost': '3.314771551715972', 'effective_cache_size': '24576MB', 'wal_buffers': '16MB', 'max_wal_size': '4096MB'}
[CLEANUP] Stopping container...
[CMD] docker stop tuning || true
[CMD] docker rm tuning || true
[CMD] docker run -d --name tuning --memory 32G --cpus 8 -u postgres -e POSTGRES_PASSWORD=password_test -e POSTGRES_USER=postgres -p 5432:5432 -v pg_bench:/var/lib/postgresql/data postgres:18-alpine -c shared_buffers=8GB -c work_mem=52MB -c maintenance_work_mem=1024MB -c max_parallel_workers_per_gather=3 -c random_page_cost=3.314771551715972 -c effective_cache_size=24576MB -c wal_buffers=16MB -c max_wal_size=4096MB
[DB] Waiting for PostgreSQL to be ready...
[CMD] docker exec tuning pg_isready -U postgres -h 127.0.0.1
[CMD] docker exec tuning pg_isready -U postgres -h 127.0.0.1
[DB] PostgreSQL is ready.
[TEST] Running pgbench (warmup)...
[CMD] docker exec tuning pgbench -U postgres -h 127.0.0.1 -c 32 -j 2 -T 10 benchdb
[TEST] Running pgbench (test)...
[CMD] docker exec tuning pgbench -U postgres -h 127.0.0.1 -c 64 -j 2 -T 90 benchdb
[Trial 98] TPS: 9657.34 | Latency Avg: 6.63 ms
[32m[I 2026-05-14 08:15:51,649][0m Trial 98 finished with value: 9657.341485 and parameters: {'shared_buffers': '8GB', 'work_mem': 52, 'maintenance_work_mem': 1024, 'max_parallel_workers_per_gather': 3, 'random_page_cost': 3.314771551715972, 'effective_cache_size': 24576, 'wal_buffers': '16MB', 'max_wal_size': 4096}. Best is trial 97 with value: 9694.924333.[0m

========================================
[Trial 99] Config: {'shared_buffers': '8GB', 'work_mem': '52MB', 'maintenance_work_mem': '1024MB', 'max_parallel_workers_per_gather': 3, 'random_page_cost': '3.3464403625696693', 'effective_cache_size': '24576MB', 'wal_buffers': '16MB', 'max_wal_size': '2048MB'}
[CLEANUP] Stopping container...
[CMD] docker stop tuning || true
[CMD] docker rm tuning || true
[CMD] docker run -d --name tuning --memory 32G --cpus 8 -u postgres -e POSTGRES_PASSWORD=password_test -e POSTGRES_USER=postgres -p 5432:5432 -v pg_bench:/var/lib/postgresql/data postgres:18-alpine -c shared_buffers=8GB -c work_mem=52MB -c maintenance_work_mem=1024MB -c max_parallel_workers_per_gather=3 -c random_page_cost=3.3464403625696693 -c effective_cache_size=24576MB -c wal_buffers=16MB -c max_wal_size=2048MB
[DB] Waiting for PostgreSQL to be ready...
[CMD] docker exec tuning pg_isready -U postgres -h 127.0.0.1
[CMD] docker exec tuning pg_isready -U postgres -h 127.0.0.1
[DB] PostgreSQL is ready.
[TEST] Running pgbench (warmup)...
[CMD] docker exec tuning pgbench -U postgres -h 127.0.0.1 -c 32 -j 2 -T 10 benchdb
[TEST] Running pgbench (test)...
[CMD] docker exec tuning pgbench -U postgres -h 127.0.0.1 -c 64 -j 2 -T 90 benchdb
[Trial 99] TPS: 7786.43 | Latency Avg: 8.22 ms
[32m[I 2026-05-14 08:17:38,925][0m Trial 99 finished with value: 7786.433398 and parameters: {'shared_buffers': '8GB', 'work_mem': 52, 'maintenance_work_mem': 1024, 'max_parallel_workers_per_gather': 3, 'random_page_cost': 3.3464403625696693, 'effective_cache_size': 24576, 'wal_buffers': '16MB', 'max_wal_size': 2048}. Best is trial 97 with value: 9694.924333.[0m

========================================
[Trial 100] Config: {'shared_buffers': '8GB', 'work_mem': '52MB', 'maintenance_work_mem': '1024MB', 'max_parallel_workers_per_gather': 3, 'random_page_cost': '3.632531337451388', 'effective_cache_size': '24576MB', 'wal_buffers': '16MB', 'max_wal_size': '4096MB'}
[CLEANUP] Stopping container...
[CMD] docker stop tuning || true
[CMD] docker rm tuning || true
[CMD] docker run -d --name tuning --memory 32G --cpus 8 -u postgres -e POSTGRES_PASSWORD=password_test -e POSTGRES_USER=postgres -p 5432:5432 -v pg_bench:/var/lib/postgresql/data postgres:18-alpine -c shared_buffers=8GB -c work_mem=52MB -c maintenance_work_mem=1024MB -c max_parallel_workers_per_gather=3 -c random_page_cost=3.632531337451388 -c effective_cache_size=24576MB -c wal_buffers=16MB -c max_wal_size=4096MB
[DB] Waiting for PostgreSQL to be ready...
[CMD] docker exec tuning pg_isready -U postgres -h 127.0.0.1
[CMD] docker exec tuning pg_isready -U postgres -h 127.0.0.1
[DB] PostgreSQL is ready.
[TEST] Running pgbench (warmup)...
[CMD] docker exec tuning pgbench -U postgres -h 127.0.0.1 -c 32 -j 2 -T 10 benchdb
[TEST] Running pgbench (test)...
[CMD] docker exec tuning pgbench -U postgres -h 127.0.0.1 -c 64 -j 2 -T 90 benchdb
[Trial 100] TPS: 9814.48 | Latency Avg: 6.52 ms
[32m[I 2026-05-14 08:19:25,876][0m Trial 100 finished with value: 9814.476633 and parameters: {'shared_buffers': '8GB', 'work_mem': 52, 'maintenance_work_mem': 1024, 'max_parallel_workers_per_gather': 3, 'random_page_cost': 3.632531337451388, 'effective_cache_size': 24576, 'wal_buffers': '16MB', 'max_wal_size': 4096}. Best is trial 100 with value: 9814.476633.[0m

========================================
[Trial 101] Config: {'shared_buffers': '8GB', 'work_mem': '52MB', 'maintenance_work_mem': '1024MB', 'max_parallel_workers_per_gather': 3, 'random_page_cost': '3.676567196826113', 'effective_cache_size': '24576MB', 'wal_buffers': '16MB', 'max_wal_size': '4096MB'}
[CLEANUP] Stopping container...
[CMD] docker stop tuning || true
[CMD] docker rm tuning || true
[CMD] docker run -d --name tuning --memory 32G --cpus 8 -u postgres -e POSTGRES_PASSWORD=password_test -e POSTGRES_USER=postgres -p 5432:5432 -v pg_bench:/var/lib/postgresql/data postgres:18-alpine -c shared_buffers=8GB -c work_mem=52MB -c maintenance_work_mem=1024MB -c max_parallel_workers_per_gather=3 -c random_page_cost=3.676567196826113 -c effective_cache_size=24576MB -c wal_buffers=16MB -c max_wal_size=4096MB
[DB] Waiting for PostgreSQL to be ready...
[CMD] docker exec tuning pg_isready -U postgres -h 127.0.0.1
[CMD] docker exec tuning pg_isready -U postgres -h 127.0.0.1
[DB] PostgreSQL is ready.
[TEST] Running pgbench (warmup)...
[CMD] docker exec tuning pgbench -U postgres -h 127.0.0.1 -c 32 -j 2 -T 10 benchdb
[TEST] Running pgbench (test)...
[CMD] docker exec tuning pgbench -U postgres -h 127.0.0.1 -c 64 -j 2 -T 90 benchdb
[Trial 101] TPS: 9912.83 | Latency Avg: 6.46 ms
[32m[I 2026-05-14 08:21:13,163][0m Trial 101 finished with value: 9912.829426 and parameters: {'shared_buffers': '8GB', 'work_mem': 52, 'maintenance_work_mem': 1024, 'max_parallel_workers_per_gather': 3, 'random_page_cost': 3.676567196826113, 'effective_cache_size': 24576, 'wal_buffers': '16MB', 'max_wal_size': 4096}. Best is trial 101 with value: 9912.829426.[0m

========================================
[Trial 102] Config: {'shared_buffers': '8GB', 'work_mem': '52MB', 'maintenance_work_mem': '1024MB', 'max_parallel_workers_per_gather': 3, 'random_page_cost': '3.7041660835185355', 'effective_cache_size': '24576MB', 'wal_buffers': '16MB', 'max_wal_size': '4096MB'}
[CLEANUP] Stopping container...
[CMD] docker stop tuning || true
[CMD] docker rm tuning || true
[CMD] docker run -d --name tuning --memory 32G --cpus 8 -u postgres -e POSTGRES_PASSWORD=password_test -e POSTGRES_USER=postgres -p 5432:5432 -v pg_bench:/var/lib/postgresql/data postgres:18-alpine -c shared_buffers=8GB -c work_mem=52MB -c maintenance_work_mem=1024MB -c max_parallel_workers_per_gather=3 -c random_page_cost=3.7041660835185355 -c effective_cache_size=24576MB -c wal_buffers=16MB -c max_wal_size=4096MB
[DB] Waiting for PostgreSQL to be ready...
[CMD] docker exec tuning pg_isready -U postgres -h 127.0.0.1
[CMD] docker exec tuning pg_isready -U postgres -h 127.0.0.1
[DB] PostgreSQL is ready.
[TEST] Running pgbench (warmup)...
[CMD] docker exec tuning pgbench -U postgres -h 127.0.0.1 -c 32 -j 2 -T 10 benchdb
[TEST] Running pgbench (test)...
[CMD] docker exec tuning pgbench -U postgres -h 127.0.0.1 -c 64 -j 2 -T 90 benchdb
[Trial 102] TPS: 9922.43 | Latency Avg: 6.45 ms
