[32m[I 2026-05-14 02:12:13,255][0m Trial 63 finished with value: 8173.070322 and parameters: {'shared_buffers': '8GB', 'work_mem': 64, 'maintenance_work_mem': 768, 'max_parallel_workers_per_gather': 5, 'random_page_cost': 1.042352540936152, 'effective_cache_size': 22528, 'wal_buffers': '32MB', 'max_wal_size': 4096}. Best is trial 2 with value: 8906.714078.[0m

========================================
[Trial 64] Config: {'shared_buffers': '8GB', 'work_mem': '60MB', 'maintenance_work_mem': '704MB', 'max_parallel_workers_per_gather': 5, 'random_page_cost': '1.2990288221019637', 'effective_cache_size': '24576MB', 'wal_buffers': '32MB', 'max_wal_size': '4096MB'}
[CLEANUP] Stopping container...
[CMD] docker stop tuning || true
[CMD] docker rm tuning || true
[CMD] docker run -d --name tuning --memory 32G --cpus 8 -u postgres -e POSTGRES_PASSWORD=password_test -e POSTGRES_USER=postgres -p 5432:5432 -v pg_bench:/var/lib/postgresql/data postgres:18-alpine -c shared_buffers=8GB -c work_mem=60MB -c maintenance_work_mem=704MB -c max_parallel_workers_per_gather=5 -c random_page_cost=1.2990288221019637 -c effective_cache_size=24576MB -c wal_buffers=32MB -c max_wal_size=4096MB
[DB] Waiting for PostgreSQL to be ready...
[CMD] docker exec tuning pg_isready -U postgres -h 127.0.0.1
[CMD] docker exec tuning pg_isready -U postgres -h 127.0.0.1
[DB] PostgreSQL is ready.
[TEST] Running pgbench (warmup)...
[CMD] docker exec tuning pgbench -U postgres -h 127.0.0.1 -c 32 -j 2 -T 10 benchdb
[TEST] Running pgbench (test)...
[CMD] docker exec tuning pgbench -U postgres -h 127.0.0.1 -c 64 -j 2 -T 90 benchdb
[Trial 64] TPS: 8168.56 | Latency Avg: 7.83 ms
[32m[I 2026-05-14 02:14:00,859][0m Trial 64 finished with value: 8168.561528 and parameters: {'shared_buffers': '8GB', 'work_mem': 60, 'maintenance_work_mem': 704, 'max_parallel_workers_per_gather': 5, 'random_page_cost': 1.2990288221019637, 'effective_cache_size': 24576, 'wal_buffers': '32MB', 'max_wal_size': 4096}. Best is trial 2 with value: 8906.714078.[0m

========================================
[Trial 65] Config: {'shared_buffers': '8GB', 'work_mem': '56MB', 'maintenance_work_mem': '896MB', 'max_parallel_workers_per_gather': 5, 'random_page_cost': '1.1369485037306781', 'effective_cache_size': '24576MB', 'wal_buffers': '32MB', 'max_wal_size': '4096MB'}
[CLEANUP] Stopping container...
[CMD] docker stop tuning || true
[CMD] docker rm tuning || true
[CMD] docker run -d --name tuning --memory 32G --cpus 8 -u postgres -e POSTGRES_PASSWORD=password_test -e POSTGRES_USER=postgres -p 5432:5432 -v pg_bench:/var/lib/postgresql/data postgres:18-alpine -c shared_buffers=8GB -c work_mem=56MB -c maintenance_work_mem=896MB -c max_parallel_workers_per_gather=5 -c random_page_cost=1.1369485037306781 -c effective_cache_size=24576MB -c wal_buffers=32MB -c max_wal_size=4096MB
[DB] Waiting for PostgreSQL to be ready...
[CMD] docker exec tuning pg_isready -U postgres -h 127.0.0.1
[CMD] docker exec tuning pg_isready -U postgres -h 127.0.0.1
[DB] PostgreSQL is ready.
[TEST] Running pgbench (warmup)...
[CMD] docker exec tuning pgbench -U postgres -h 127.0.0.1 -c 32 -j 2 -T 10 benchdb
[TEST] Running pgbench (test)...
[CMD] docker exec tuning pgbench -U postgres -h 127.0.0.1 -c 64 -j 2 -T 90 benchdb
[Trial 65] TPS: 8260.36 | Latency Avg: 7.75 ms
[32m[I 2026-05-14 02:15:47,904][0m Trial 65 finished with value: 8260.360466 and parameters: {'shared_buffers': '8GB', 'work_mem': 56, 'maintenance_work_mem': 896, 'max_parallel_workers_per_gather': 5, 'random_page_cost': 1.1369485037306781, 'effective_cache_size': 24576, 'wal_buffers': '32MB', 'max_wal_size': 4096}. Best is trial 2 with value: 8906.714078.[0m

========================================
[Trial 66] Config: {'shared_buffers': '8GB', 'work_mem': '56MB', 'maintenance_work_mem': '960MB', 'max_parallel_workers_per_gather': 5, 'random_page_cost': '1.0150646148591096', 'effective_cache_size': '22528MB', 'wal_buffers': '32MB', 'max_wal_size': '4096MB'}
[CLEANUP] Stopping container...
[CMD] docker stop tuning || true
[CMD] docker rm tuning || true
[CMD] docker run -d --name tuning --memory 32G --cpus 8 -u postgres -e POSTGRES_PASSWORD=password_test -e POSTGRES_USER=postgres -p 5432:5432 -v pg_bench:/var/lib/postgresql/data postgres:18-alpine -c shared_buffers=8GB -c work_mem=56MB -c maintenance_work_mem=960MB -c max_parallel_workers_per_gather=5 -c random_page_cost=1.0150646148591096 -c effective_cache_size=22528MB -c wal_buffers=32MB -c max_wal_size=4096MB
[DB] Waiting for PostgreSQL to be ready...
[CMD] docker exec tuning pg_isready -U postgres -h 127.0.0.1
[CMD] docker exec tuning pg_isready -U postgres -h 127.0.0.1
[DB] PostgreSQL is ready.
[TEST] Running pgbench (warmup)...
[CMD] docker exec tuning pgbench -U postgres -h 127.0.0.1 -c 32 -j 2 -T 10 benchdb
[TEST] Running pgbench (test)...
[CMD] docker exec tuning pgbench -U postgres -h 127.0.0.1 -c 64 -j 2 -T 90 benchdb
[Trial 66] TPS: 8200.49 | Latency Avg: 7.80 ms
[32m[I 2026-05-14 02:17:35,135][0m Trial 66 finished with value: 8200.486044 and parameters: {'shared_buffers': '8GB', 'work_mem': 56, 'maintenance_work_mem': 960, 'max_parallel_workers_per_gather': 5, 'random_page_cost': 1.0150646148591096, 'effective_cache_size': 22528, 'wal_buffers': '32MB', 'max_wal_size': 4096}. Best is trial 2 with value: 8906.714078.[0m

========================================
[Trial 67] Config: {'shared_buffers': '8GB', 'work_mem': '56MB', 'maintenance_work_mem': '896MB', 'max_parallel_workers_per_gather': 5, 'random_page_cost': '1.1645313595352917', 'effective_cache_size': '24576MB', 'wal_buffers': '32MB', 'max_wal_size': '4096MB'}
[CLEANUP] Stopping container...
[CMD] docker stop tuning || true
[CMD] docker rm tuning || true
[CMD] docker run -d --name tuning --memory 32G --cpus 8 -u postgres -e POSTGRES_PASSWORD=password_test -e POSTGRES_USER=postgres -p 5432:5432 -v pg_bench:/var/lib/postgresql/data postgres:18-alpine -c shared_buffers=8GB -c work_mem=56MB -c maintenance_work_mem=896MB -c max_parallel_workers_per_gather=5 -c random_page_cost=1.1645313595352917 -c effective_cache_size=24576MB -c wal_buffers=32MB -c max_wal_size=4096MB
[DB] Waiting for PostgreSQL to be ready...
[CMD] docker exec tuning pg_isready -U postgres -h 127.0.0.1
[CMD] docker exec tuning pg_isready -U postgres -h 127.0.0.1
[DB] PostgreSQL is ready.
[TEST] Running pgbench (warmup)...
[CMD] docker exec tuning pgbench -U postgres -h 127.0.0.1 -c 32 -j 2 -T 10 benchdb
[TEST] Running pgbench (test)...
[CMD] docker exec tuning pgbench -U postgres -h 127.0.0.1 -c 64 -j 2 -T 90 benchdb
[Trial 67] TPS: 7748.43 | Latency Avg: 8.26 ms
[32m[I 2026-05-14 02:19:22,275][0m Trial 67 finished with value: 7748.429909 and parameters: {'shared_buffers': '8GB', 'work_mem': 56, 'maintenance_work_mem': 896, 'max_parallel_workers_per_gather': 5, 'random_page_cost': 1.1645313595352917, 'effective_cache_size': 24576, 'wal_buffers': '32MB', 'max_wal_size': 4096}. Best is trial 2 with value: 8906.714078.[0m

========================================
[Trial 68] Config: {'shared_buffers': '8GB', 'work_mem': '64MB', 'maintenance_work_mem': '832MB', 'max_parallel_workers_per_gather': 5, 'random_page_cost': '1.1106406504856503', 'effective_cache_size': '22528MB', 'wal_buffers': '32MB', 'max_wal_size': '4096MB'}
[CLEANUP] Stopping container...
[CMD] docker stop tuning || true
[CMD] docker rm tuning || true
[CMD] docker run -d --name tuning --memory 32G --cpus 8 -u postgres -e POSTGRES_PASSWORD=password_test -e POSTGRES_USER=postgres -p 5432:5432 -v pg_bench:/var/lib/postgresql/data postgres:18-alpine -c shared_buffers=8GB -c work_mem=64MB -c maintenance_work_mem=832MB -c max_parallel_workers_per_gather=5 -c random_page_cost=1.1106406504856503 -c effective_cache_size=22528MB -c wal_buffers=32MB -c max_wal_size=4096MB
[DB] Waiting for PostgreSQL to be ready...
[CMD] docker exec tuning pg_isready -U postgres -h 127.0.0.1
[CMD] docker exec tuning pg_isready -U postgres -h 127.0.0.1
[DB] PostgreSQL is ready.
[TEST] Running pgbench (warmup)...
[CMD] docker exec tuning pgbench -U postgres -h 127.0.0.1 -c 32 -j 2 -T 10 benchdb
[TEST] Running pgbench (test)...
[CMD] docker exec tuning pgbench -U postgres -h 127.0.0.1 -c 64 -j 2 -T 90 benchdb
[Trial 68] TPS: 8552.54 | Latency Avg: 7.48 ms
[32m[I 2026-05-14 02:21:09,511][0m Trial 68 finished with value: 8552.541771 and parameters: {'shared_buffers': '8GB', 'work_mem': 64, 'maintenance_work_mem': 832, 'max_parallel_workers_per_gather': 5, 'random_page_cost': 1.1106406504856503, 'effective_cache_size': 22528, 'wal_buffers': '32MB', 'max_wal_size': 4096}. Best is trial 2 with value: 8906.714078.[0m

========================================
[Trial 69] Config: {'shared_buffers': '8GB', 'work_mem': '64MB', 'maintenance_work_mem': '832MB', 'max_parallel_workers_per_gather': 5, 'random_page_cost': '1.1073616565510898', 'effective_cache_size': '22528MB', 'wal_buffers': '32MB', 'max_wal_size': '4096MB'}
[CLEANUP] Stopping container...
[CMD] docker stop tuning || true
[CMD] docker rm tuning || true
[CMD] docker run -d --name tuning --memory 32G --cpus 8 -u postgres -e POSTGRES_PASSWORD=password_test -e POSTGRES_USER=postgres -p 5432:5432 -v pg_bench:/var/lib/postgresql/data postgres:18-alpine -c shared_buffers=8GB -c work_mem=64MB -c maintenance_work_mem=832MB -c max_parallel_workers_per_gather=5 -c random_page_cost=1.1073616565510898 -c effective_cache_size=22528MB -c wal_buffers=32MB -c max_wal_size=4096MB
[DB] Waiting for PostgreSQL to be ready...
[CMD] docker exec tuning pg_isready -U postgres -h 127.0.0.1
[CMD] docker exec tuning pg_isready -U postgres -h 127.0.0.1
[DB] PostgreSQL is ready.
[TEST] Running pgbench (warmup)...
[CMD] docker exec tuning pgbench -U postgres -h 127.0.0.1 -c 32 -j 2 -T 10 benchdb
[TEST] Running pgbench (test)...
[CMD] docker exec tuning pgbench -U postgres -h 127.0.0.1 -c 64 -j 2 -T 90 benchdb
[Trial 69] TPS: 8689.96 | Latency Avg: 7.37 ms
[32m[I 2026-05-14 02:22:56,593][0m Trial 69 finished with value: 8689.957276 and parameters: {'shared_buffers': '8GB', 'work_mem': 64, 'maintenance_work_mem': 832, 'max_parallel_workers_per_gather': 5, 'random_page_cost': 1.1073616565510898, 'effective_cache_size': 22528, 'wal_buffers': '32MB', 'max_wal_size': 4096}. Best is trial 2 with value: 8906.714078.[0m

========================================
[Trial 70] Config: {'shared_buffers': '8GB', 'work_mem': '64MB', 'maintenance_work_mem': '832MB', 'max_parallel_workers_per_gather': 5, 'random_page_cost': '1.1126549739969689', 'effective_cache_size': '22528MB', 'wal_buffers': '32MB', 'max_wal_size': '4096MB'}
[CLEANUP] Stopping container...
[CMD] docker stop tuning || true
[CMD] docker rm tuning || true
[CMD] docker run -d --name tuning --memory 32G --cpus 8 -u postgres -e POSTGRES_PASSWORD=password_test -e POSTGRES_USER=postgres -p 5432:5432 -v pg_bench:/var/lib/postgresql/data postgres:18-alpine -c shared_buffers=8GB -c work_mem=64MB -c maintenance_work_mem=832MB -c max_parallel_workers_per_gather=5 -c random_page_cost=1.1126549739969689 -c effective_cache_size=22528MB -c wal_buffers=32MB -c max_wal_size=4096MB
[DB] Waiting for PostgreSQL to be ready...
[CMD] docker exec tuning pg_isready -U postgres -h 127.0.0.1
[CMD] docker exec tuning pg_isready -U postgres -h 127.0.0.1
[DB] PostgreSQL is ready.
[TEST] Running pgbench (warmup)...
[CMD] docker exec tuning pgbench -U postgres -h 127.0.0.1 -c 32 -j 2 -T 10 benchdb
[TEST] Running pgbench (test)...
[CMD] docker exec tuning pgbench -U postgres -h 127.0.0.1 -c 64 -j 2 -T 90 benchdb
[Trial 70] TPS: 8348.81 | Latency Avg: 7.67 ms
[32m[I 2026-05-14 02:24:43,766][0m Trial 70 finished with value: 8348.812886 and parameters: {'shared_buffers': '8GB', 'work_mem': 64, 'maintenance_work_mem': 832, 'max_parallel_workers_per_gather': 5, 'random_page_cost': 1.1126549739969689, 'effective_cache_size': 22528, 'wal_buffers': '32MB', 'max_wal_size': 4096}. Best is trial 2 with value: 8906.714078.[0m

========================================
[Trial 71] Config: {'shared_buffers': '8GB', 'work_mem': '64MB', 'maintenance_work_mem': '832MB', 'max_parallel_workers_per_gather': 5, 'random_page_cost': '1.2259658206561843', 'effective_cache_size': '22528MB', 'wal_buffers': '32MB', 'max_wal_size': '4096MB'}
[CLEANUP] Stopping container...
[CMD] docker stop tuning || true
[CMD] docker rm tuning || true
[CMD] docker run -d --name tuning --memory 32G --cpus 8 -u postgres -e POSTGRES_PASSWORD=password_test -e POSTGRES_USER=postgres -p 5432:5432 -v pg_bench:/var/lib/postgresql/data postgres:18-alpine -c shared_buffers=8GB -c work_mem=64MB -c maintenance_work_mem=832MB -c max_parallel_workers_per_gather=5 -c random_page_cost=1.2259658206561843 -c effective_cache_size=22528MB -c wal_buffers=32MB -c max_wal_size=4096MB
[DB] Waiting for PostgreSQL to be ready...
[CMD] docker exec tuning pg_isready -U postgres -h 127.0.0.1
[CMD] docker exec tuning pg_isready -U postgres -h 127.0.0.1
[DB] PostgreSQL is ready.
[TEST] Running pgbench (warmup)...
[CMD] docker exec tuning pgbench -U postgres -h 127.0.0.1 -c 32 -j 2 -T 10 benchdb
[TEST] Running pgbench (test)...
[CMD] docker exec tuning pgbench -U postgres -h 127.0.0.1 -c 64 -j 2 -T 90 benchdb
[Trial 71] TPS: 8435.33 | Latency Avg: 7.59 ms
[32m[I 2026-05-14 02:26:31,012][0m Trial 71 finished with value: 8435.330344 and parameters: {'shared_buffers': '8GB', 'work_mem': 64, 'maintenance_work_mem': 832, 'max_parallel_workers_per_gather': 5, 'random_page_cost': 1.2259658206561843, 'effective_cache_size': 22528, 'wal_buffers': '32MB', 'max_wal_size': 4096}. Best is trial 2 with value: 8906.714078.[0m

========================================
[Trial 72] Config: {'shared_buffers': '8GB', 'work_mem': '64MB', 'maintenance_work_mem': '832MB', 'max_parallel_workers_per_gather': 5, 'random_page_cost': '1.254358913216197', 'effective_cache_size': '22528MB', 'wal_buffers': '32MB', 'max_wal_size': '4096MB'}
[CLEANUP] Stopping container...
[CMD] docker stop tuning || true
[CMD] docker rm tuning || true
[CMD] docker run -d --name tuning --memory 32G --cpus 8 -u postgres -e POSTGRES_PASSWORD=password_test -e POSTGRES_USER=postgres -p 5432:5432 -v pg_bench:/var/lib/postgresql/data postgres:18-alpine -c shared_buffers=8GB -c work_mem=64MB -c maintenance_work_mem=832MB -c max_parallel_workers_per_gather=5 -c random_page_cost=1.254358913216197 -c effective_cache_size=22528MB -c wal_buffers=32MB -c max_wal_size=4096MB
[DB] Waiting for PostgreSQL to be ready...
[CMD] docker exec tuning pg_isready -U postgres -h 127.0.0.1
[CMD] docker exec tuning pg_isready -U postgres -h 127.0.0.1
[DB] PostgreSQL is ready.
[TEST] Running pgbench (warmup)...
[CMD] docker exec tuning pgbench -U postgres -h 127.0.0.1 -c 32 -j 2 -T 10 benchdb
[TEST] Running pgbench (test)...
[CMD] docker exec tuning pgbench -U postgres -h 127.0.0.1 -c 64 -j 2 -T 90 benchdb
[Trial 72] TPS: 8885.13 | Latency Avg: 7.20 ms
[32m[I 2026-05-14 02:28:18,129][0m Trial 72 finished with value: 8885.132596 and parameters: {'shared_buffers': '8GB', 'work_mem': 64, 'maintenance_work_mem': 832, 'max_parallel_workers_per_gather': 5, 'random_page_cost': 1.254358913216197, 'effective_cache_size': 22528, 'wal_buffers': '32MB', 'max_wal_size': 4096}. Best is trial 2 with value: 8906.714078.[0m

========================================
[Trial 73] Config: {'shared_buffers': '8GB', 'work_mem': '64MB', 'maintenance_work_mem': '832MB', 'max_parallel_workers_per_gather': 5, 'random_page_cost': '1.2546510393396018', 'effective_cache_size': '20480MB', 'wal_buffers': '32MB', 'max_wal_size': '4096MB'}
[CLEANUP] Stopping container...
[CMD] docker stop tuning || true
[CMD] docker rm tuning || true
[CMD] docker run -d --name tuning --memory 32G --cpus 8 -u postgres -e POSTGRES_PASSWORD=password_test -e POSTGRES_USER=postgres -p 5432:5432 -v pg_bench:/var/lib/postgresql/data postgres:18-alpine -c shared_buffers=8GB -c work_mem=64MB -c maintenance_work_mem=832MB -c max_parallel_workers_per_gather=5 -c random_page_cost=1.2546510393396018 -c effective_cache_size=20480MB -c wal_buffers=32MB -c max_wal_size=4096MB
[DB] Waiting for PostgreSQL to be ready...
[CMD] docker exec tuning pg_isready -U postgres -h 127.0.0.1
[CMD] docker exec tuning pg_isready -U postgres -h 127.0.0.1
[DB] PostgreSQL is ready.
[TEST] Running pgbench (warmup)...
[CMD] docker exec tuning pgbench -U postgres -h 127.0.0.1 -c 32 -j 2 -T 10 benchdb
[TEST] Running pgbench (test)...
[CMD] docker exec tuning pgbench -U postgres -h 127.0.0.1 -c 64 -j 2 -T 90 benchdb
[Trial 73] TPS: 8547.19 | Latency Avg: 7.49 ms
[32m[I 2026-05-14 02:30:05,242][0m Trial 73 finished with value: 8547.194189 and parameters: {'shared_buffers': '8GB', 'work_mem': 64, 'maintenance_work_mem': 832, 'max_parallel_workers_per_gather': 5, 'random_page_cost': 1.2546510393396018, 'effective_cache_size': 20480, 'wal_buffers': '32MB', 'max_wal_size': 4096}. Best is trial 2 with value: 8906.714078.[0m

========================================
[Trial 74] Config: {'shared_buffers': '8GB', 'work_mem': '64MB', 'maintenance_work_mem': '832MB', 'max_parallel_workers_per_gather': 5, 'random_page_cost': '1.3916273675230406', 'effective_cache_size': '20480MB', 'wal_buffers': '32MB', 'max_wal_size': '4096MB'}
[CLEANUP] Stopping container...
[CMD] docker stop tuning || true
[CMD] docker rm tuning || true
[CMD] docker run -d --name tuning --memory 32G --cpus 8 -u postgres -e POSTGRES_PASSWORD=password_test -e POSTGRES_USER=postgres -p 5432:5432 -v pg_bench:/var/lib/postgresql/data postgres:18-alpine -c shared_buffers=8GB -c work_mem=64MB -c maintenance_work_mem=832MB -c max_parallel_workers_per_gather=5 -c random_page_cost=1.3916273675230406 -c effective_cache_size=20480MB -c wal_buffers=32MB -c max_wal_size=4096MB
[DB] Waiting for PostgreSQL to be ready...
[CMD] docker exec tuning pg_isready -U postgres -h 127.0.0.1
[CMD] docker exec tuning pg_isready -U postgres -h 127.0.0.1
[DB] PostgreSQL is ready.
[TEST] Running pgbench (warmup)...
[CMD] docker exec tuning pgbench -U postgres -h 127.0.0.1 -c 32 -j 2 -T 10 benchdb
[TEST] Running pgbench (test)...
[CMD] docker exec tuning pgbench -U postgres -h 127.0.0.1 -c 64 -j 2 -T 90 benchdb
[Trial 74] TPS: 8383.36 | Latency Avg: 7.63 ms
[32m[I 2026-05-14 02:31:52,413][0m Trial 74 finished with value: 8383.357595 and parameters: {'shared_buffers': '8GB', 'work_mem': 64, 'maintenance_work_mem': 832, 'max_parallel_workers_per_gather': 5, 'random_page_cost': 1.3916273675230406, 'effective_cache_size': 20480, 'wal_buffers': '32MB', 'max_wal_size': 4096}. Best is trial 2 with value: 8906.714078.[0m

========================================
[Trial 75] Config: {'shared_buffers': '8GB', 'work_mem': '64MB', 'maintenance_work_mem': '832MB', 'max_parallel_workers_per_gather': 5, 'random_page_cost': '1.242686376810289', 'effective_cache_size': '20480MB', 'wal_buffers': '32MB', 'max_wal_size': '4096MB'}
[CLEANUP] Stopping container...
[CMD] docker stop tuning || true
[CMD] docker rm tuning || true
[CMD] docker run -d --name tuning --memory 32G --cpus 8 -u postgres -e POSTGRES_PASSWORD=password_test -e POSTGRES_USER=postgres -p 5432:5432 -v pg_bench:/var/lib/postgresql/data postgres:18-alpine -c shared_buffers=8GB -c work_mem=64MB -c maintenance_work_mem=832MB -c max_parallel_workers_per_gather=5 -c random_page_cost=1.242686376810289 -c effective_cache_size=20480MB -c wal_buffers=32MB -c max_wal_size=4096MB
[DB] Waiting for PostgreSQL to be ready...
[CMD] docker exec tuning pg_isready -U postgres -h 127.0.0.1
[CMD] docker exec tuning pg_isready -U postgres -h 127.0.0.1
[DB] PostgreSQL is ready.
[TEST] Running pgbench (warmup)...
[CMD] docker exec tuning pgbench -U postgres -h 127.0.0.1 -c 32 -j 2 -T 10 benchdb
[TEST] Running pgbench (test)...
[CMD] docker exec tuning pgbench -U postgres -h 127.0.0.1 -c 64 -j 2 -T 90 benchdb
[Trial 75] TPS: 8485.75 | Latency Avg: 7.54 ms
[32m[I 2026-05-14 02:33:39,565][0m Trial 75 finished with value: 8485.754633 and parameters: {'shared_buffers': '8GB', 'work_mem': 64, 'maintenance_work_mem': 832, 'max_parallel_workers_per_gather': 5, 'random_page_cost': 1.242686376810289, 'effective_cache_size': 20480, 'wal_buffers': '32MB', 'max_wal_size': 4096}. Best is trial 2 with value: 8906.714078.[0m

========================================
[Trial 76] Config: {'shared_buffers': '8GB', 'work_mem': '64MB', 'maintenance_work_mem': '960MB', 'max_parallel_workers_per_gather': 5, 'random_page_cost': '1.226219140346379', 'effective_cache_size': '20480MB', 'wal_buffers': '32MB', 'max_wal_size': '4096MB'}
[CLEANUP] Stopping container...
[CMD] docker stop tuning || true
[CMD] docker rm tuning || true
[CMD] docker run -d --name tuning --memory 32G --cpus 8 -u postgres -e POSTGRES_PASSWORD=password_test -e POSTGRES_USER=postgres -p 5432:5432 -v pg_bench:/var/lib/postgresql/data postgres:18-alpine -c shared_buffers=8GB -c work_mem=64MB -c maintenance_work_mem=960MB -c max_parallel_workers_per_gather=5 -c random_page_cost=1.226219140346379 -c effective_cache_size=20480MB -c wal_buffers=32MB -c max_wal_size=4096MB
[DB] Waiting for PostgreSQL to be ready...
[CMD] docker exec tuning pg_isready -U postgres -h 127.0.0.1
[CMD] docker exec tuning pg_isready -U postgres -h 127.0.0.1
[DB] PostgreSQL is ready.
[TEST] Running pgbench (warmup)...
[CMD] docker exec tuning pgbench -U postgres -h 127.0.0.1 -c 32 -j 2 -T 10 benchdb
[TEST] Running pgbench (test)...
[CMD] docker exec tuning pgbench -U postgres -h 127.0.0.1 -c 64 -j 2 -T 90 benchdb
[Trial 76] TPS: 8514.99 | Latency Avg: 7.52 ms
