[32m[I 2026-05-14 01:25:48,070][0m Trial 37 finished with value: 8133.256996 and parameters: {'shared_buffers': '2GB', 'work_mem': 36, 'maintenance_work_mem': 448, 'max_parallel_workers_per_gather': 2, 'random_page_cost': 1.1884152819868887, 'effective_cache_size': 24576, 'wal_buffers': '128MB', 'max_wal_size': 4096}. Best is trial 2 with value: 8906.714078.[0m

========================================
[Trial 38] Config: {'shared_buffers': '2GB', 'work_mem': '64MB', 'maintenance_work_mem': '960MB', 'max_parallel_workers_per_gather': 5, 'random_page_cost': '1.4055371516048993', 'effective_cache_size': '14336MB', 'wal_buffers': '16MB', 'max_wal_size': '2048MB'}
[CLEANUP] Stopping container...
[CMD] docker stop tuning || true
[CMD] docker rm tuning || true
[CMD] docker run -d --name tuning --memory 32G --cpus 8 -u postgres -e POSTGRES_PASSWORD=password_test -e POSTGRES_USER=postgres -p 5432:5432 -v pg_bench:/var/lib/postgresql/data postgres:18-alpine -c shared_buffers=2GB -c work_mem=64MB -c maintenance_work_mem=960MB -c max_parallel_workers_per_gather=5 -c random_page_cost=1.4055371516048993 -c effective_cache_size=14336MB -c wal_buffers=16MB -c max_wal_size=2048MB
[DB] Waiting for PostgreSQL to be ready...
[CMD] docker exec tuning pg_isready -U postgres -h 127.0.0.1
[CMD] docker exec tuning pg_isready -U postgres -h 127.0.0.1
[DB] PostgreSQL is ready.
[TEST] Running pgbench (warmup)...
[CMD] docker exec tuning pgbench -U postgres -h 127.0.0.1 -c 32 -j 2 -T 10 benchdb
[TEST] Running pgbench (test)...
[CMD] docker exec tuning pgbench -U postgres -h 127.0.0.1 -c 64 -j 2 -T 90 benchdb
[Trial 38] TPS: 7014.65 | Latency Avg: 9.12 ms
[32m[I 2026-05-14 01:27:35,388][0m Trial 38 finished with value: 7014.647557 and parameters: {'shared_buffers': '2GB', 'work_mem': 64, 'maintenance_work_mem': 960, 'max_parallel_workers_per_gather': 5, 'random_page_cost': 1.4055371516048993, 'effective_cache_size': 14336, 'wal_buffers': '16MB', 'max_wal_size': 2048}. Best is trial 2 with value: 8906.714078.[0m

========================================
[Trial 39] Config: {'shared_buffers': '4GB', 'work_mem': '56MB', 'maintenance_work_mem': '768MB', 'max_parallel_workers_per_gather': 9, 'random_page_cost': '2.439280704583809', 'effective_cache_size': '22528MB', 'wal_buffers': '256MB', 'max_wal_size': '1024MB'}
[CLEANUP] Stopping container...
[CMD] docker stop tuning || true
[CMD] docker rm tuning || true
[CMD] docker run -d --name tuning --memory 32G --cpus 8 -u postgres -e POSTGRES_PASSWORD=password_test -e POSTGRES_USER=postgres -p 5432:5432 -v pg_bench:/var/lib/postgresql/data postgres:18-alpine -c shared_buffers=4GB -c work_mem=56MB -c maintenance_work_mem=768MB -c max_parallel_workers_per_gather=9 -c random_page_cost=2.439280704583809 -c effective_cache_size=22528MB -c wal_buffers=256MB -c max_wal_size=1024MB
[DB] Waiting for PostgreSQL to be ready...
[CMD] docker exec tuning pg_isready -U postgres -h 127.0.0.1
[CMD] docker exec tuning pg_isready -U postgres -h 127.0.0.1
[DB] PostgreSQL is ready.
[TEST] Running pgbench (warmup)...
[CMD] docker exec tuning pgbench -U postgres -h 127.0.0.1 -c 32 -j 2 -T 10 benchdb
[TEST] Running pgbench (test)...
[CMD] docker exec tuning pgbench -U postgres -h 127.0.0.1 -c 64 -j 2 -T 90 benchdb
[Trial 39] TPS: 6562.36 | Latency Avg: 9.75 ms
[32m[I 2026-05-14 01:29:22,023][0m Trial 39 finished with value: 6562.363068 and parameters: {'shared_buffers': '4GB', 'work_mem': 56, 'maintenance_work_mem': 768, 'max_parallel_workers_per_gather': 9, 'random_page_cost': 2.439280704583809, 'effective_cache_size': 22528, 'wal_buffers': '256MB', 'max_wal_size': 1024}. Best is trial 2 with value: 8906.714078.[0m

========================================
[Trial 40] Config: {'shared_buffers': '8GB', 'work_mem': '44MB', 'maintenance_work_mem': '640MB', 'max_parallel_workers_per_gather': 3, 'random_page_cost': '1.6589458474715275', 'effective_cache_size': '6144MB', 'wal_buffers': '8MB', 'max_wal_size': '4096MB'}
[CLEANUP] Stopping container...
[CMD] docker stop tuning || true
[CMD] docker rm tuning || true
[CMD] docker run -d --name tuning --memory 32G --cpus 8 -u postgres -e POSTGRES_PASSWORD=password_test -e POSTGRES_USER=postgres -p 5432:5432 -v pg_bench:/var/lib/postgresql/data postgres:18-alpine -c shared_buffers=8GB -c work_mem=44MB -c maintenance_work_mem=640MB -c max_parallel_workers_per_gather=3 -c random_page_cost=1.6589458474715275 -c effective_cache_size=6144MB -c wal_buffers=8MB -c max_wal_size=4096MB
[DB] Waiting for PostgreSQL to be ready...
[CMD] docker exec tuning pg_isready -U postgres -h 127.0.0.1
[CMD] docker exec tuning pg_isready -U postgres -h 127.0.0.1
[DB] PostgreSQL is ready.
[TEST] Running pgbench (warmup)...
[CMD] docker exec tuning pgbench -U postgres -h 127.0.0.1 -c 32 -j 2 -T 10 benchdb
[TEST] Running pgbench (test)...
[CMD] docker exec tuning pgbench -U postgres -h 127.0.0.1 -c 64 -j 2 -T 90 benchdb
[Trial 40] TPS: 7955.71 | Latency Avg: 8.04 ms
[32m[I 2026-05-14 01:31:08,050][0m Trial 40 finished with value: 7955.713233 and parameters: {'shared_buffers': '8GB', 'work_mem': 44, 'maintenance_work_mem': 640, 'max_parallel_workers_per_gather': 3, 'random_page_cost': 1.6589458474715275, 'effective_cache_size': 6144, 'wal_buffers': '8MB', 'max_wal_size': 4096}. Best is trial 2 with value: 8906.714078.[0m

========================================
[Trial 41] Config: {'shared_buffers': '8GB', 'work_mem': '48MB', 'maintenance_work_mem': '256MB', 'max_parallel_workers_per_gather': 0, 'random_page_cost': '2.0334998621312903', 'effective_cache_size': '14336MB', 'wal_buffers': '8MB', 'max_wal_size': '3072MB'}
[CLEANUP] Stopping container...
[CMD] docker stop tuning || true
[CMD] docker rm tuning || true
[CMD] docker run -d --name tuning --memory 32G --cpus 8 -u postgres -e POSTGRES_PASSWORD=password_test -e POSTGRES_USER=postgres -p 5432:5432 -v pg_bench:/var/lib/postgresql/data postgres:18-alpine -c shared_buffers=8GB -c work_mem=48MB -c maintenance_work_mem=256MB -c max_parallel_workers_per_gather=0 -c random_page_cost=2.0334998621312903 -c effective_cache_size=14336MB -c wal_buffers=8MB -c max_wal_size=3072MB
[DB] Waiting for PostgreSQL to be ready...
[CMD] docker exec tuning pg_isready -U postgres -h 127.0.0.1
[CMD] docker exec tuning pg_isready -U postgres -h 127.0.0.1
[DB] PostgreSQL is ready.
[TEST] Running pgbench (warmup)...
[CMD] docker exec tuning pgbench -U postgres -h 127.0.0.1 -c 32 -j 2 -T 10 benchdb
[TEST] Running pgbench (test)...
[CMD] docker exec tuning pgbench -U postgres -h 127.0.0.1 -c 64 -j 2 -T 90 benchdb
[Trial 41] TPS: 7566.00 | Latency Avg: 8.46 ms
[32m[I 2026-05-14 01:32:55,321][0m Trial 41 finished with value: 7565.996451 and parameters: {'shared_buffers': '8GB', 'work_mem': 48, 'maintenance_work_mem': 256, 'max_parallel_workers_per_gather': 0, 'random_page_cost': 2.0334998621312903, 'effective_cache_size': 14336, 'wal_buffers': '8MB', 'max_wal_size': 3072}. Best is trial 2 with value: 8906.714078.[0m

========================================
[Trial 42] Config: {'shared_buffers': '8GB', 'work_mem': '60MB', 'maintenance_work_mem': '384MB', 'max_parallel_workers_per_gather': 0, 'random_page_cost': '2.2232288451980766', 'effective_cache_size': '12288MB', 'wal_buffers': '8MB', 'max_wal_size': '3072MB'}
[CLEANUP] Stopping container...
[CMD] docker stop tuning || true
[CMD] docker rm tuning || true
[CMD] docker run -d --name tuning --memory 32G --cpus 8 -u postgres -e POSTGRES_PASSWORD=password_test -e POSTGRES_USER=postgres -p 5432:5432 -v pg_bench:/var/lib/postgresql/data postgres:18-alpine -c shared_buffers=8GB -c work_mem=60MB -c maintenance_work_mem=384MB -c max_parallel_workers_per_gather=0 -c random_page_cost=2.2232288451980766 -c effective_cache_size=12288MB -c wal_buffers=8MB -c max_wal_size=3072MB
[DB] Waiting for PostgreSQL to be ready...
[CMD] docker exec tuning pg_isready -U postgres -h 127.0.0.1
[CMD] docker exec tuning pg_isready -U postgres -h 127.0.0.1
[DB] PostgreSQL is ready.
[TEST] Running pgbench (warmup)...
[CMD] docker exec tuning pgbench -U postgres -h 127.0.0.1 -c 32 -j 2 -T 10 benchdb
[TEST] Running pgbench (test)...
[CMD] docker exec tuning pgbench -U postgres -h 127.0.0.1 -c 64 -j 2 -T 90 benchdb
[Trial 42] TPS: 7911.37 | Latency Avg: 8.09 ms
[32m[I 2026-05-14 01:34:42,395][0m Trial 42 finished with value: 7911.367749 and parameters: {'shared_buffers': '8GB', 'work_mem': 60, 'maintenance_work_mem': 384, 'max_parallel_workers_per_gather': 0, 'random_page_cost': 2.2232288451980766, 'effective_cache_size': 12288, 'wal_buffers': '8MB', 'max_wal_size': 3072}. Best is trial 2 with value: 8906.714078.[0m

========================================
[Trial 43] Config: {'shared_buffers': '8GB', 'work_mem': '52MB', 'maintenance_work_mem': '64MB', 'max_parallel_workers_per_gather': 0, 'random_page_cost': '2.002413233448056', 'effective_cache_size': '10240MB', 'wal_buffers': '8MB', 'max_wal_size': '3072MB'}
[CLEANUP] Stopping container...
[CMD] docker stop tuning || true
[CMD] docker rm tuning || true
[CMD] docker run -d --name tuning --memory 32G --cpus 8 -u postgres -e POSTGRES_PASSWORD=password_test -e POSTGRES_USER=postgres -p 5432:5432 -v pg_bench:/var/lib/postgresql/data postgres:18-alpine -c shared_buffers=8GB -c work_mem=52MB -c maintenance_work_mem=64MB -c max_parallel_workers_per_gather=0 -c random_page_cost=2.002413233448056 -c effective_cache_size=10240MB -c wal_buffers=8MB -c max_wal_size=3072MB
[DB] Waiting for PostgreSQL to be ready...
[CMD] docker exec tuning pg_isready -U postgres -h 127.0.0.1
[CMD] docker exec tuning pg_isready -U postgres -h 127.0.0.1
[DB] PostgreSQL is ready.
[TEST] Running pgbench (warmup)...
[CMD] docker exec tuning pgbench -U postgres -h 127.0.0.1 -c 32 -j 2 -T 10 benchdb
[TEST] Running pgbench (test)...
[CMD] docker exec tuning pgbench -U postgres -h 127.0.0.1 -c 64 -j 2 -T 90 benchdb
[Trial 43] TPS: 7804.50 | Latency Avg: 8.20 ms
[32m[I 2026-05-14 01:36:29,461][0m Trial 43 finished with value: 7804.501682 and parameters: {'shared_buffers': '8GB', 'work_mem': 52, 'maintenance_work_mem': 64, 'max_parallel_workers_per_gather': 0, 'random_page_cost': 2.002413233448056, 'effective_cache_size': 10240, 'wal_buffers': '8MB', 'max_wal_size': 3072}. Best is trial 2 with value: 8906.714078.[0m

========================================
[Trial 44] Config: {'shared_buffers': '8GB', 'work_mem': '60MB', 'maintenance_work_mem': '384MB', 'max_parallel_workers_per_gather': 1, 'random_page_cost': '1.786431314899175', 'effective_cache_size': '18432MB', 'wal_buffers': '64MB', 'max_wal_size': '3072MB'}
[CLEANUP] Stopping container...
[CMD] docker stop tuning || true
[CMD] docker rm tuning || true
[CMD] docker run -d --name tuning --memory 32G --cpus 8 -u postgres -e POSTGRES_PASSWORD=password_test -e POSTGRES_USER=postgres -p 5432:5432 -v pg_bench:/var/lib/postgresql/data postgres:18-alpine -c shared_buffers=8GB -c work_mem=60MB -c maintenance_work_mem=384MB -c max_parallel_workers_per_gather=1 -c random_page_cost=1.786431314899175 -c effective_cache_size=18432MB -c wal_buffers=64MB -c max_wal_size=3072MB
[DB] Waiting for PostgreSQL to be ready...
[CMD] docker exec tuning pg_isready -U postgres -h 127.0.0.1
[CMD] docker exec tuning pg_isready -U postgres -h 127.0.0.1
[DB] PostgreSQL is ready.
[TEST] Running pgbench (warmup)...
[CMD] docker exec tuning pgbench -U postgres -h 127.0.0.1 -c 32 -j 2 -T 10 benchdb
[TEST] Running pgbench (test)...
[CMD] docker exec tuning pgbench -U postgres -h 127.0.0.1 -c 64 -j 2 -T 90 benchdb
[Trial 44] TPS: 7723.33 | Latency Avg: 8.29 ms
[32m[I 2026-05-14 01:38:16,476][0m Trial 44 finished with value: 7723.333699 and parameters: {'shared_buffers': '8GB', 'work_mem': 60, 'maintenance_work_mem': 384, 'max_parallel_workers_per_gather': 1, 'random_page_cost': 1.786431314899175, 'effective_cache_size': 18432, 'wal_buffers': '64MB', 'max_wal_size': 3072}. Best is trial 2 with value: 8906.714078.[0m

========================================
[Trial 45] Config: {'shared_buffers': '8GB', 'work_mem': '48MB', 'maintenance_work_mem': '512MB', 'max_parallel_workers_per_gather': 7, 'random_page_cost': '1.1318270240834696', 'effective_cache_size': '14336MB', 'wal_buffers': '32MB', 'max_wal_size': '4096MB'}
[CLEANUP] Stopping container...
[CMD] docker stop tuning || true
[CMD] docker rm tuning || true
[CMD] docker run -d --name tuning --memory 32G --cpus 8 -u postgres -e POSTGRES_PASSWORD=password_test -e POSTGRES_USER=postgres -p 5432:5432 -v pg_bench:/var/lib/postgresql/data postgres:18-alpine -c shared_buffers=8GB -c work_mem=48MB -c maintenance_work_mem=512MB -c max_parallel_workers_per_gather=7 -c random_page_cost=1.1318270240834696 -c effective_cache_size=14336MB -c wal_buffers=32MB -c max_wal_size=4096MB
[DB] Waiting for PostgreSQL to be ready...
[CMD] docker exec tuning pg_isready -U postgres -h 127.0.0.1
[CMD] docker exec tuning pg_isready -U postgres -h 127.0.0.1
[DB] PostgreSQL is ready.
[TEST] Running pgbench (warmup)...
[CMD] docker exec tuning pgbench -U postgres -h 127.0.0.1 -c 32 -j 2 -T 10 benchdb
[TEST] Running pgbench (test)...
[CMD] docker exec tuning pgbench -U postgres -h 127.0.0.1 -c 64 -j 2 -T 90 benchdb
[Trial 45] TPS: 7982.02 | Latency Avg: 8.02 ms
[32m[I 2026-05-14 01:40:03,794][0m Trial 45 finished with value: 7982.020428 and parameters: {'shared_buffers': '8GB', 'work_mem': 48, 'maintenance_work_mem': 512, 'max_parallel_workers_per_gather': 7, 'random_page_cost': 1.1318270240834696, 'effective_cache_size': 14336, 'wal_buffers': '32MB', 'max_wal_size': 4096}. Best is trial 2 with value: 8906.714078.[0m

========================================
[Trial 46] Config: {'shared_buffers': '4GB', 'work_mem': '56MB', 'maintenance_work_mem': '448MB', 'max_parallel_workers_per_gather': 2, 'random_page_cost': '1.345175838019335', 'effective_cache_size': '16384MB', 'wal_buffers': '512MB', 'max_wal_size': '2048MB'}
[CLEANUP] Stopping container...
[CMD] docker stop tuning || true
[CMD] docker rm tuning || true
[CMD] docker run -d --name tuning --memory 32G --cpus 8 -u postgres -e POSTGRES_PASSWORD=password_test -e POSTGRES_USER=postgres -p 5432:5432 -v pg_bench:/var/lib/postgresql/data postgres:18-alpine -c shared_buffers=4GB -c work_mem=56MB -c maintenance_work_mem=448MB -c max_parallel_workers_per_gather=2 -c random_page_cost=1.345175838019335 -c effective_cache_size=16384MB -c wal_buffers=512MB -c max_wal_size=2048MB
[DB] Waiting for PostgreSQL to be ready...
[CMD] docker exec tuning pg_isready -U postgres -h 127.0.0.1
[CMD] docker exec tuning pg_isready -U postgres -h 127.0.0.1
[DB] PostgreSQL is ready.
[TEST] Running pgbench (warmup)...
[CMD] docker exec tuning pgbench -U postgres -h 127.0.0.1 -c 32 -j 2 -T 10 benchdb
[TEST] Running pgbench (test)...
[CMD] docker exec tuning pgbench -U postgres -h 127.0.0.1 -c 64 -j 2 -T 90 benchdb
[Trial 46] TPS: 6952.21 | Latency Avg: 9.21 ms
[32m[I 2026-05-14 01:41:51,055][0m Trial 46 finished with value: 6952.214343 and parameters: {'shared_buffers': '4GB', 'work_mem': 56, 'maintenance_work_mem': 448, 'max_parallel_workers_per_gather': 2, 'random_page_cost': 1.345175838019335, 'effective_cache_size': 16384, 'wal_buffers': '512MB', 'max_wal_size': 2048}. Best is trial 2 with value: 8906.714078.[0m

========================================
[Trial 47] Config: {'shared_buffers': '2GB', 'work_mem': '64MB', 'maintenance_work_mem': '320MB', 'max_parallel_workers_per_gather': 0, 'random_page_cost': '1.5335815370906782', 'effective_cache_size': '12288MB', 'wal_buffers': '8MB', 'max_wal_size': '3072MB'}
[CLEANUP] Stopping container...
[CMD] docker stop tuning || true
[CMD] docker rm tuning || true
[CMD] docker run -d --name tuning --memory 32G --cpus 8 -u postgres -e POSTGRES_PASSWORD=password_test -e POSTGRES_USER=postgres -p 5432:5432 -v pg_bench:/var/lib/postgresql/data postgres:18-alpine -c shared_buffers=2GB -c work_mem=64MB -c maintenance_work_mem=320MB -c max_parallel_workers_per_gather=0 -c random_page_cost=1.5335815370906782 -c effective_cache_size=12288MB -c wal_buffers=8MB -c max_wal_size=3072MB
[DB] Waiting for PostgreSQL to be ready...
[CMD] docker exec tuning pg_isready -U postgres -h 127.0.0.1
[CMD] docker exec tuning pg_isready -U postgres -h 127.0.0.1
[DB] PostgreSQL is ready.
[TEST] Running pgbench (warmup)...
[CMD] docker exec tuning pgbench -U postgres -h 127.0.0.1 -c 32 -j 2 -T 10 benchdb
[TEST] Running pgbench (test)...
[CMD] docker exec tuning pgbench -U postgres -h 127.0.0.1 -c 64 -j 2 -T 90 benchdb
[Trial 47] TPS: 7696.85 | Latency Avg: 8.31 ms
[32m[I 2026-05-14 01:43:37,722][0m Trial 47 finished with value: 7696.846326 and parameters: {'shared_buffers': '2GB', 'work_mem': 64, 'maintenance_work_mem': 320, 'max_parallel_workers_per_gather': 0, 'random_page_cost': 1.5335815370906782, 'effective_cache_size': 12288, 'wal_buffers': '8MB', 'max_wal_size': 3072}. Best is trial 2 with value: 8906.714078.[0m

========================================
[Trial 48] Config: {'shared_buffers': '2GB', 'work_mem': '32MB', 'maintenance_work_mem': '576MB', 'max_parallel_workers_per_gather': 0, 'random_page_cost': '2.563629138778978', 'effective_cache_size': '18432MB', 'wal_buffers': '16MB', 'max_wal_size': '4096MB'}
[CLEANUP] Stopping container...
[CMD] docker stop tuning || true
[CMD] docker rm tuning || true
[CMD] docker run -d --name tuning --memory 32G --cpus 8 -u postgres -e POSTGRES_PASSWORD=password_test -e POSTGRES_USER=postgres -p 5432:5432 -v pg_bench:/var/lib/postgresql/data postgres:18-alpine -c shared_buffers=2GB -c work_mem=32MB -c maintenance_work_mem=576MB -c max_parallel_workers_per_gather=0 -c random_page_cost=2.563629138778978 -c effective_cache_size=18432MB -c wal_buffers=16MB -c max_wal_size=4096MB
[DB] Waiting for PostgreSQL to be ready...
[CMD] docker exec tuning pg_isready -U postgres -h 127.0.0.1
[CMD] docker exec tuning pg_isready -U postgres -h 127.0.0.1
[DB] PostgreSQL is ready.
[TEST] Running pgbench (warmup)...
[CMD] docker exec tuning pgbench -U postgres -h 127.0.0.1 -c 32 -j 2 -T 10 benchdb
[TEST] Running pgbench (test)...
[CMD] docker exec tuning pgbench -U postgres -h 127.0.0.1 -c 64 -j 2 -T 90 benchdb
[Trial 48] TPS: 8165.84 | Latency Avg: 7.84 ms
[32m[I 2026-05-14 01:45:24,875][0m Trial 48 finished with value: 8165.84318 and parameters: {'shared_buffers': '2GB', 'work_mem': 32, 'maintenance_work_mem': 576, 'max_parallel_workers_per_gather': 0, 'random_page_cost': 2.563629138778978, 'effective_cache_size': 18432, 'wal_buffers': '16MB', 'max_wal_size': 4096}. Best is trial 2 with value: 8906.714078.[0m

========================================
[Trial 49] Config: {'shared_buffers': '4GB', 'work_mem': '52MB', 'maintenance_work_mem': '704MB', 'max_parallel_workers_per_gather': 13, 'random_page_cost': '1.897486609367102', 'effective_cache_size': '10240MB', 'wal_buffers': '64MB', 'max_wal_size': '4096MB'}
[CLEANUP] Stopping container...
[CMD] docker stop tuning || true
[CMD] docker rm tuning || true
[CMD] docker run -d --name tuning --memory 32G --cpus 8 -u postgres -e POSTGRES_PASSWORD=password_test -e POSTGRES_USER=postgres -p 5432:5432 -v pg_bench:/var/lib/postgresql/data postgres:18-alpine -c shared_buffers=4GB -c work_mem=52MB -c maintenance_work_mem=704MB -c max_parallel_workers_per_gather=13 -c random_page_cost=1.897486609367102 -c effective_cache_size=10240MB -c wal_buffers=64MB -c max_wal_size=4096MB
[DB] Waiting for PostgreSQL to be ready...
[CMD] docker exec tuning pg_isready -U postgres -h 127.0.0.1
[CMD] docker exec tuning pg_isready -U postgres -h 127.0.0.1
[DB] PostgreSQL is ready.
[TEST] Running pgbench (warmup)...
[CMD] docker exec tuning pgbench -U postgres -h 127.0.0.1 -c 32 -j 2 -T 10 benchdb
[TEST] Running pgbench (test)...
[CMD] docker exec tuning pgbench -U postgres -h 127.0.0.1 -c 64 -j 2 -T 90 benchdb
[Trial 49] TPS: 8093.32 | Latency Avg: 7.91 ms
[32m[I 2026-05-14 01:47:12,119][0m Trial 49 finished with value: 8093.320066 and parameters: {'shared_buffers': '4GB', 'work_mem': 52, 'maintenance_work_mem': 704, 'max_parallel_workers_per_gather': 13, 'random_page_cost': 1.897486609367102, 'effective_cache_size': 10240, 'wal_buffers': '64MB', 'max_wal_size': 4096}. Best is trial 2 with value: 8906.714078.[0m

========================================
[Trial 50] Config: {'shared_buffers': '8GB', 'work_mem': '60MB', 'maintenance_work_mem': '768MB', 'max_parallel_workers_per_gather': 11, 'random_page_cost': '1.6989698808483737', 'effective_cache_size': '14336MB', 'wal_buffers': '1GB', 'max_wal_size': '3072MB'}
[CLEANUP] Stopping container...
[CMD] docker stop tuning || true
[CMD] docker rm tuning || true
[CMD] docker run -d --name tuning --memory 32G --cpus 8 -u postgres -e POSTGRES_PASSWORD=password_test -e POSTGRES_USER=postgres -p 5432:5432 -v pg_bench:/var/lib/postgresql/data postgres:18-alpine -c shared_buffers=8GB -c work_mem=60MB -c maintenance_work_mem=768MB -c max_parallel_workers_per_gather=11 -c random_page_cost=1.6989698808483737 -c effective_cache_size=14336MB -c wal_buffers=1GB -c max_wal_size=3072MB
[DB] Waiting for PostgreSQL to be ready...
[CMD] docker exec tuning pg_isready -U postgres -h 127.0.0.1
[CMD] docker exec tuning pg_isready -U postgres -h 127.0.0.1
[DB] PostgreSQL is ready.
[TEST] Running pgbench (warmup)...
[CMD] docker exec tuning pgbench -U postgres -h 127.0.0.1 -c 32 -j 2 -T 10 benchdb
[TEST] Running pgbench (test)...
[CMD] docker exec tuning pgbench -U postgres -h 127.0.0.1 -c 64 -j 2 -T 90 benchdb
[Trial 50] TPS: 7685.69 | Latency Avg: 8.33 ms
