[32m[I 2026-05-14 00:39:22,258][0m Trial 11 finished with value: 8244.931016 and parameters: {'shared_buffers': '2GB', 'work_mem': 64, 'maintenance_work_mem': 768, 'max_parallel_workers_per_gather': 0, 'random_page_cost': 1.1111975950112618, 'effective_cache_size': 16384, 'wal_buffers': '512MB', 'max_wal_size': 4096}. Best is trial 2 with value: 8906.714078.[0m

========================================
[Trial 12] Config: {'shared_buffers': '4GB', 'work_mem': '52MB', 'maintenance_work_mem': '768MB', 'max_parallel_workers_per_gather': 0, 'random_page_cost': '1.8755988271290889', 'effective_cache_size': '18432MB', 'wal_buffers': '512MB', 'max_wal_size': '4096MB'}
[CLEANUP] Stopping container...
[CMD] docker stop tuning || true
[CMD] docker rm tuning || true
[CMD] docker run -d --name tuning --memory 32G --cpus 8 -u postgres -e POSTGRES_PASSWORD=password_test -e POSTGRES_USER=postgres -p 5432:5432 -v pg_bench:/var/lib/postgresql/data postgres:18-alpine -c shared_buffers=4GB -c work_mem=52MB -c maintenance_work_mem=768MB -c max_parallel_workers_per_gather=0 -c random_page_cost=1.8755988271290889 -c effective_cache_size=18432MB -c wal_buffers=512MB -c max_wal_size=4096MB
[DB] Waiting for PostgreSQL to be ready...
[CMD] docker exec tuning pg_isready -U postgres -h 127.0.0.1
[CMD] docker exec tuning pg_isready -U postgres -h 127.0.0.1
[DB] PostgreSQL is ready.
[TEST] Running pgbench (warmup)...
[CMD] docker exec tuning pgbench -U postgres -h 127.0.0.1 -c 32 -j 2 -T 10 benchdb
[TEST] Running pgbench (test)...
[CMD] docker exec tuning pgbench -U postgres -h 127.0.0.1 -c 64 -j 2 -T 90 benchdb
[Trial 12] TPS: 7953.24 | Latency Avg: 8.05 ms
[32m[I 2026-05-14 00:41:09,479][0m Trial 12 finished with value: 7953.240333 and parameters: {'shared_buffers': '4GB', 'work_mem': 52, 'maintenance_work_mem': 768, 'max_parallel_workers_per_gather': 0, 'random_page_cost': 1.8755988271290889, 'effective_cache_size': 18432, 'wal_buffers': '512MB', 'max_wal_size': 4096}. Best is trial 2 with value: 8906.714078.[0m

========================================
[Trial 13] Config: {'shared_buffers': '2GB', 'work_mem': '52MB', 'maintenance_work_mem': '384MB', 'max_parallel_workers_per_gather': 1, 'random_page_cost': '1.5136116954328251', 'effective_cache_size': '10240MB', 'wal_buffers': '1GB', 'max_wal_size': '3072MB'}
[CLEANUP] Stopping container...
[CMD] docker stop tuning || true
[CMD] docker rm tuning || true
[CMD] docker run -d --name tuning --memory 32G --cpus 8 -u postgres -e POSTGRES_PASSWORD=password_test -e POSTGRES_USER=postgres -p 5432:5432 -v pg_bench:/var/lib/postgresql/data postgres:18-alpine -c shared_buffers=2GB -c work_mem=52MB -c maintenance_work_mem=384MB -c max_parallel_workers_per_gather=1 -c random_page_cost=1.5136116954328251 -c effective_cache_size=10240MB -c wal_buffers=1GB -c max_wal_size=3072MB
[DB] Waiting for PostgreSQL to be ready...
[CMD] docker exec tuning pg_isready -U postgres -h 127.0.0.1
[CMD] docker exec tuning pg_isready -U postgres -h 127.0.0.1
[DB] PostgreSQL is ready.
[TEST] Running pgbench (warmup)...
[CMD] docker exec tuning pgbench -U postgres -h 127.0.0.1 -c 32 -j 2 -T 10 benchdb
[TEST] Running pgbench (test)...
[CMD] docker exec tuning pgbench -U postgres -h 127.0.0.1 -c 64 -j 2 -T 90 benchdb
[Trial 13] TPS: 8000.39 | Latency Avg: 8.00 ms
[32m[I 2026-05-14 00:42:56,645][0m Trial 13 finished with value: 8000.387316 and parameters: {'shared_buffers': '2GB', 'work_mem': 52, 'maintenance_work_mem': 384, 'max_parallel_workers_per_gather': 1, 'random_page_cost': 1.5136116954328251, 'effective_cache_size': 10240, 'wal_buffers': '1GB', 'max_wal_size': 3072}. Best is trial 2 with value: 8906.714078.[0m

========================================
[Trial 14] Config: {'shared_buffers': '8GB', 'work_mem': '20MB', 'maintenance_work_mem': '768MB', 'max_parallel_workers_per_gather': 7, 'random_page_cost': '1.0394209471534246', 'effective_cache_size': '10240MB', 'wal_buffers': '512MB', 'max_wal_size': '4096MB'}
[CLEANUP] Stopping container...
[CMD] docker stop tuning || true
[CMD] docker rm tuning || true
[CMD] docker run -d --name tuning --memory 32G --cpus 8 -u postgres -e POSTGRES_PASSWORD=password_test -e POSTGRES_USER=postgres -p 5432:5432 -v pg_bench:/var/lib/postgresql/data postgres:18-alpine -c shared_buffers=8GB -c work_mem=20MB -c maintenance_work_mem=768MB -c max_parallel_workers_per_gather=7 -c random_page_cost=1.0394209471534246 -c effective_cache_size=10240MB -c wal_buffers=512MB -c max_wal_size=4096MB
[DB] Waiting for PostgreSQL to be ready...
[CMD] docker exec tuning pg_isready -U postgres -h 127.0.0.1
[CMD] docker exec tuning pg_isready -U postgres -h 127.0.0.1
[DB] PostgreSQL is ready.
[TEST] Running pgbench (warmup)...
[CMD] docker exec tuning pgbench -U postgres -h 127.0.0.1 -c 32 -j 2 -T 10 benchdb
[TEST] Running pgbench (test)...
[CMD] docker exec tuning pgbench -U postgres -h 127.0.0.1 -c 64 -j 2 -T 90 benchdb
[Trial 14] TPS: 8212.30 | Latency Avg: 7.79 ms
[32m[I 2026-05-14 00:44:43,961][0m Trial 14 finished with value: 8212.298894 and parameters: {'shared_buffers': '8GB', 'work_mem': 20, 'maintenance_work_mem': 768, 'max_parallel_workers_per_gather': 7, 'random_page_cost': 1.0394209471534246, 'effective_cache_size': 10240, 'wal_buffers': '512MB', 'max_wal_size': 4096}. Best is trial 2 with value: 8906.714078.[0m

========================================
[Trial 15] Config: {'shared_buffers': '4GB', 'work_mem': '64MB', 'maintenance_work_mem': '448MB', 'max_parallel_workers_per_gather': 3, 'random_page_cost': '2.705445468064531', 'effective_cache_size': '18432MB', 'wal_buffers': '64MB', 'max_wal_size': '3072MB'}
[CLEANUP] Stopping container...
[CMD] docker stop tuning || true
[CMD] docker rm tuning || true
[CMD] docker run -d --name tuning --memory 32G --cpus 8 -u postgres -e POSTGRES_PASSWORD=password_test -e POSTGRES_USER=postgres -p 5432:5432 -v pg_bench:/var/lib/postgresql/data postgres:18-alpine -c shared_buffers=4GB -c work_mem=64MB -c maintenance_work_mem=448MB -c max_parallel_workers_per_gather=3 -c random_page_cost=2.705445468064531 -c effective_cache_size=18432MB -c wal_buffers=64MB -c max_wal_size=3072MB
[DB] Waiting for PostgreSQL to be ready...
[CMD] docker exec tuning pg_isready -U postgres -h 127.0.0.1
[CMD] docker exec tuning pg_isready -U postgres -h 127.0.0.1
[DB] PostgreSQL is ready.
[TEST] Running pgbench (warmup)...
[CMD] docker exec tuning pgbench -U postgres -h 127.0.0.1 -c 32 -j 2 -T 10 benchdb
[TEST] Running pgbench (test)...
[CMD] docker exec tuning pgbench -U postgres -h 127.0.0.1 -c 64 -j 2 -T 90 benchdb
[Trial 15] TPS: 8152.09 | Latency Avg: 7.85 ms
[32m[I 2026-05-14 00:46:31,221][0m Trial 15 finished with value: 8152.090772 and parameters: {'shared_buffers': '4GB', 'work_mem': 64, 'maintenance_work_mem': 448, 'max_parallel_workers_per_gather': 3, 'random_page_cost': 2.705445468064531, 'effective_cache_size': 18432, 'wal_buffers': '64MB', 'max_wal_size': 3072}. Best is trial 2 with value: 8906.714078.[0m

========================================
[Trial 16] Config: {'shared_buffers': '2GB', 'work_mem': '48MB', 'maintenance_work_mem': '896MB', 'max_parallel_workers_per_gather': 0, 'random_page_cost': '2.0750851056539115', 'effective_cache_size': '10240MB', 'wal_buffers': '32MB', 'max_wal_size': '4096MB'}
[CLEANUP] Stopping container...
[CMD] docker stop tuning || true
[CMD] docker rm tuning || true
[CMD] docker run -d --name tuning --memory 32G --cpus 8 -u postgres -e POSTGRES_PASSWORD=password_test -e POSTGRES_USER=postgres -p 5432:5432 -v pg_bench:/var/lib/postgresql/data postgres:18-alpine -c shared_buffers=2GB -c work_mem=48MB -c maintenance_work_mem=896MB -c max_parallel_workers_per_gather=0 -c random_page_cost=2.0750851056539115 -c effective_cache_size=10240MB -c wal_buffers=32MB -c max_wal_size=4096MB
[DB] Waiting for PostgreSQL to be ready...
[CMD] docker exec tuning pg_isready -U postgres -h 127.0.0.1
[CMD] docker exec tuning pg_isready -U postgres -h 127.0.0.1
[DB] PostgreSQL is ready.
[TEST] Running pgbench (warmup)...
[CMD] docker exec tuning pgbench -U postgres -h 127.0.0.1 -c 32 -j 2 -T 10 benchdb
[TEST] Running pgbench (test)...
[CMD] docker exec tuning pgbench -U postgres -h 127.0.0.1 -c 64 -j 2 -T 90 benchdb
[Trial 16] TPS: 8065.73 | Latency Avg: 7.93 ms
[32m[I 2026-05-14 00:48:18,682][0m Trial 16 finished with value: 8065.726964 and parameters: {'shared_buffers': '2GB', 'work_mem': 48, 'maintenance_work_mem': 896, 'max_parallel_workers_per_gather': 0, 'random_page_cost': 2.0750851056539115, 'effective_cache_size': 10240, 'wal_buffers': '32MB', 'max_wal_size': 4096}. Best is trial 2 with value: 8906.714078.[0m

========================================
[Trial 17] Config: {'shared_buffers': '4GB', 'work_mem': '56MB', 'maintenance_work_mem': '640MB', 'max_parallel_workers_per_gather': 0, 'random_page_cost': '3.3081238904560752', 'effective_cache_size': '20480MB', 'wal_buffers': '1GB', 'max_wal_size': '3072MB'}
[CLEANUP] Stopping container...
[CMD] docker stop tuning || true
[CMD] docker rm tuning || true
[CMD] docker run -d --name tuning --memory 32G --cpus 8 -u postgres -e POSTGRES_PASSWORD=password_test -e POSTGRES_USER=postgres -p 5432:5432 -v pg_bench:/var/lib/postgresql/data postgres:18-alpine -c shared_buffers=4GB -c work_mem=56MB -c maintenance_work_mem=640MB -c max_parallel_workers_per_gather=0 -c random_page_cost=3.3081238904560752 -c effective_cache_size=20480MB -c wal_buffers=1GB -c max_wal_size=3072MB
[DB] Waiting for PostgreSQL to be ready...
[CMD] docker exec tuning pg_isready -U postgres -h 127.0.0.1
[CMD] docker exec tuning pg_isready -U postgres -h 127.0.0.1
[DB] PostgreSQL is ready.
[TEST] Running pgbench (warmup)...
[CMD] docker exec tuning pgbench -U postgres -h 127.0.0.1 -c 32 -j 2 -T 10 benchdb
[TEST] Running pgbench (test)...
[CMD] docker exec tuning pgbench -U postgres -h 127.0.0.1 -c 64 -j 2 -T 90 benchdb
[Trial 17] TPS: 7846.27 | Latency Avg: 8.16 ms
[32m[I 2026-05-14 00:50:05,757][0m Trial 17 finished with value: 7846.272202 and parameters: {'shared_buffers': '4GB', 'work_mem': 56, 'maintenance_work_mem': 640, 'max_parallel_workers_per_gather': 0, 'random_page_cost': 3.3081238904560752, 'effective_cache_size': 20480, 'wal_buffers': '1GB', 'max_wal_size': 3072}. Best is trial 2 with value: 8906.714078.[0m

========================================
[Trial 18] Config: {'shared_buffers': '2GB', 'work_mem': '4MB', 'maintenance_work_mem': '832MB', 'max_parallel_workers_per_gather': 1, 'random_page_cost': '1.4646517794244212', 'effective_cache_size': '14336MB', 'wal_buffers': '8MB', 'max_wal_size': '4096MB'}
[CLEANUP] Stopping container...
[CMD] docker stop tuning || true
[CMD] docker rm tuning || true
[CMD] docker run -d --name tuning --memory 32G --cpus 8 -u postgres -e POSTGRES_PASSWORD=password_test -e POSTGRES_USER=postgres -p 5432:5432 -v pg_bench:/var/lib/postgresql/data postgres:18-alpine -c shared_buffers=2GB -c work_mem=4MB -c maintenance_work_mem=832MB -c max_parallel_workers_per_gather=1 -c random_page_cost=1.4646517794244212 -c effective_cache_size=14336MB -c wal_buffers=8MB -c max_wal_size=4096MB
[DB] Waiting for PostgreSQL to be ready...
[CMD] docker exec tuning pg_isready -U postgres -h 127.0.0.1
[CMD] docker exec tuning pg_isready -U postgres -h 127.0.0.1
[DB] PostgreSQL is ready.
[TEST] Running pgbench (warmup)...
[CMD] docker exec tuning pgbench -U postgres -h 127.0.0.1 -c 32 -j 2 -T 10 benchdb
[TEST] Running pgbench (test)...
[CMD] docker exec tuning pgbench -U postgres -h 127.0.0.1 -c 64 -j 2 -T 90 benchdb
[Trial 18] TPS: 8084.10 | Latency Avg: 7.92 ms
[32m[I 2026-05-14 00:51:53,016][0m Trial 18 finished with value: 8084.101486 and parameters: {'shared_buffers': '2GB', 'work_mem': 4, 'maintenance_work_mem': 832, 'max_parallel_workers_per_gather': 1, 'random_page_cost': 1.4646517794244212, 'effective_cache_size': 14336, 'wal_buffers': '8MB', 'max_wal_size': 4096}. Best is trial 2 with value: 8906.714078.[0m

========================================
[Trial 19] Config: {'shared_buffers': '8GB', 'work_mem': '44MB', 'maintenance_work_mem': '512MB', 'max_parallel_workers_per_gather': 11, 'random_page_cost': '2.1365400553081253', 'effective_cache_size': '24576MB', 'wal_buffers': '16MB', 'max_wal_size': '3072MB'}
[CLEANUP] Stopping container...
[CMD] docker stop tuning || true
[CMD] docker rm tuning || true
[CMD] docker run -d --name tuning --memory 32G --cpus 8 -u postgres -e POSTGRES_PASSWORD=password_test -e POSTGRES_USER=postgres -p 5432:5432 -v pg_bench:/var/lib/postgresql/data postgres:18-alpine -c shared_buffers=8GB -c work_mem=44MB -c maintenance_work_mem=512MB -c max_parallel_workers_per_gather=11 -c random_page_cost=2.1365400553081253 -c effective_cache_size=24576MB -c wal_buffers=16MB -c max_wal_size=3072MB
[DB] Waiting for PostgreSQL to be ready...
[CMD] docker exec tuning pg_isready -U postgres -h 127.0.0.1
[CMD] docker exec tuning pg_isready -U postgres -h 127.0.0.1
[DB] PostgreSQL is ready.
[TEST] Running pgbench (warmup)...
[CMD] docker exec tuning pgbench -U postgres -h 127.0.0.1 -c 32 -j 2 -T 10 benchdb
[TEST] Running pgbench (test)...
[CMD] docker exec tuning pgbench -U postgres -h 127.0.0.1 -c 64 -j 2 -T 90 benchdb
[Trial 19] TPS: 7882.08 | Latency Avg: 8.12 ms
[32m[I 2026-05-14 00:53:40,141][0m Trial 19 finished with value: 7882.079885 and parameters: {'shared_buffers': '8GB', 'work_mem': 44, 'maintenance_work_mem': 512, 'max_parallel_workers_per_gather': 11, 'random_page_cost': 2.1365400553081253, 'effective_cache_size': 24576, 'wal_buffers': '16MB', 'max_wal_size': 3072}. Best is trial 2 with value: 8906.714078.[0m

========================================
[Trial 20] Config: {'shared_buffers': '2GB', 'work_mem': '28MB', 'maintenance_work_mem': '640MB', 'max_parallel_workers_per_gather': 7, 'random_page_cost': '1.6757963888036485', 'effective_cache_size': '18432MB', 'wal_buffers': '64MB', 'max_wal_size': '2048MB'}
[CLEANUP] Stopping container...
[CMD] docker stop tuning || true
[CMD] docker rm tuning || true
[CMD] docker run -d --name tuning --memory 32G --cpus 8 -u postgres -e POSTGRES_PASSWORD=password_test -e POSTGRES_USER=postgres -p 5432:5432 -v pg_bench:/var/lib/postgresql/data postgres:18-alpine -c shared_buffers=2GB -c work_mem=28MB -c maintenance_work_mem=640MB -c max_parallel_workers_per_gather=7 -c random_page_cost=1.6757963888036485 -c effective_cache_size=18432MB -c wal_buffers=64MB -c max_wal_size=2048MB
[DB] Waiting for PostgreSQL to be ready...
[CMD] docker exec tuning pg_isready -U postgres -h 127.0.0.1
[CMD] docker exec tuning pg_isready -U postgres -h 127.0.0.1
[DB] PostgreSQL is ready.
[TEST] Running pgbench (warmup)...
[CMD] docker exec tuning pgbench -U postgres -h 127.0.0.1 -c 32 -j 2 -T 10 benchdb
[TEST] Running pgbench (test)...
[CMD] docker exec tuning pgbench -U postgres -h 127.0.0.1 -c 64 -j 2 -T 90 benchdb
[Trial 20] TPS: 7224.22 | Latency Avg: 8.86 ms
[32m[I 2026-05-14 00:55:27,304][0m Trial 20 finished with value: 7224.217352 and parameters: {'shared_buffers': '2GB', 'work_mem': 28, 'maintenance_work_mem': 640, 'max_parallel_workers_per_gather': 7, 'random_page_cost': 1.6757963888036485, 'effective_cache_size': 18432, 'wal_buffers': '64MB', 'max_wal_size': 2048}. Best is trial 2 with value: 8906.714078.[0m

========================================
[Trial 21] Config: {'shared_buffers': '2GB', 'work_mem': '64MB', 'maintenance_work_mem': '768MB', 'max_parallel_workers_per_gather': 0, 'random_page_cost': '1.0519602135034947', 'effective_cache_size': '16384MB', 'wal_buffers': '512MB', 'max_wal_size': '4096MB'}
[CLEANUP] Stopping container...
[CMD] docker stop tuning || true
[CMD] docker rm tuning || true
[CMD] docker run -d --name tuning --memory 32G --cpus 8 -u postgres -e POSTGRES_PASSWORD=password_test -e POSTGRES_USER=postgres -p 5432:5432 -v pg_bench:/var/lib/postgresql/data postgres:18-alpine -c shared_buffers=2GB -c work_mem=64MB -c maintenance_work_mem=768MB -c max_parallel_workers_per_gather=0 -c random_page_cost=1.0519602135034947 -c effective_cache_size=16384MB -c wal_buffers=512MB -c max_wal_size=4096MB
[DB] Waiting for PostgreSQL to be ready...
[CMD] docker exec tuning pg_isready -U postgres -h 127.0.0.1
[CMD] docker exec tuning pg_isready -U postgres -h 127.0.0.1
[DB] PostgreSQL is ready.
[TEST] Running pgbench (warmup)...
[CMD] docker exec tuning pgbench -U postgres -h 127.0.0.1 -c 32 -j 2 -T 10 benchdb
[TEST] Running pgbench (test)...
[CMD] docker exec tuning pgbench -U postgres -h 127.0.0.1 -c 64 -j 2 -T 90 benchdb
[Trial 21] TPS: 7818.91 | Latency Avg: 8.19 ms
[32m[I 2026-05-14 00:57:13,863][0m Trial 21 finished with value: 7818.914575 and parameters: {'shared_buffers': '2GB', 'work_mem': 64, 'maintenance_work_mem': 768, 'max_parallel_workers_per_gather': 0, 'random_page_cost': 1.0519602135034947, 'effective_cache_size': 16384, 'wal_buffers': '512MB', 'max_wal_size': 4096}. Best is trial 2 with value: 8906.714078.[0m

========================================
[Trial 22] Config: {'shared_buffers': '2GB', 'work_mem': '56MB', 'maintenance_work_mem': '704MB', 'max_parallel_workers_per_gather': 0, 'random_page_cost': '1.2791551285336131', 'effective_cache_size': '12288MB', 'wal_buffers': '512MB', 'max_wal_size': '4096MB'}
[CLEANUP] Stopping container...
[CMD] docker stop tuning || true
[CMD] docker rm tuning || true
[CMD] docker run -d --name tuning --memory 32G --cpus 8 -u postgres -e POSTGRES_PASSWORD=password_test -e POSTGRES_USER=postgres -p 5432:5432 -v pg_bench:/var/lib/postgresql/data postgres:18-alpine -c shared_buffers=2GB -c work_mem=56MB -c maintenance_work_mem=704MB -c max_parallel_workers_per_gather=0 -c random_page_cost=1.2791551285336131 -c effective_cache_size=12288MB -c wal_buffers=512MB -c max_wal_size=4096MB
[DB] Waiting for PostgreSQL to be ready...
[CMD] docker exec tuning pg_isready -U postgres -h 127.0.0.1
[CMD] docker exec tuning pg_isready -U postgres -h 127.0.0.1
[DB] PostgreSQL is ready.
[TEST] Running pgbench (warmup)...
[CMD] docker exec tuning pgbench -U postgres -h 127.0.0.1 -c 32 -j 2 -T 10 benchdb
[TEST] Running pgbench (test)...
[CMD] docker exec tuning pgbench -U postgres -h 127.0.0.1 -c 64 -j 2 -T 90 benchdb
[Trial 22] TPS: 8242.40 | Latency Avg: 7.76 ms
[32m[I 2026-05-14 00:59:01,122][0m Trial 22 finished with value: 8242.401238 and parameters: {'shared_buffers': '2GB', 'work_mem': 56, 'maintenance_work_mem': 704, 'max_parallel_workers_per_gather': 0, 'random_page_cost': 1.2791551285336131, 'effective_cache_size': 12288, 'wal_buffers': '512MB', 'max_wal_size': 4096}. Best is trial 2 with value: 8906.714078.[0m

========================================
[Trial 23] Config: {'shared_buffers': '2GB', 'work_mem': '64MB', 'maintenance_work_mem': '512MB', 'max_parallel_workers_per_gather': 0, 'random_page_cost': '1.2608759764605606', 'effective_cache_size': '16384MB', 'wal_buffers': '512MB', 'max_wal_size': '4096MB'}
[CLEANUP] Stopping container...
[CMD] docker stop tuning || true
[CMD] docker rm tuning || true
[CMD] docker run -d --name tuning --memory 32G --cpus 8 -u postgres -e POSTGRES_PASSWORD=password_test -e POSTGRES_USER=postgres -p 5432:5432 -v pg_bench:/var/lib/postgresql/data postgres:18-alpine -c shared_buffers=2GB -c work_mem=64MB -c maintenance_work_mem=512MB -c max_parallel_workers_per_gather=0 -c random_page_cost=1.2608759764605606 -c effective_cache_size=16384MB -c wal_buffers=512MB -c max_wal_size=4096MB
[DB] Waiting for PostgreSQL to be ready...
[CMD] docker exec tuning pg_isready -U postgres -h 127.0.0.1
[CMD] docker exec tuning pg_isready -U postgres -h 127.0.0.1
[DB] PostgreSQL is ready.
[TEST] Running pgbench (warmup)...
[CMD] docker exec tuning pgbench -U postgres -h 127.0.0.1 -c 32 -j 2 -T 10 benchdb
[TEST] Running pgbench (test)...
[CMD] docker exec tuning pgbench -U postgres -h 127.0.0.1 -c 64 -j 2 -T 90 benchdb
[Trial 23] TPS: 7972.43 | Latency Avg: 8.03 ms
[32m[I 2026-05-14 01:00:48,531][0m Trial 23 finished with value: 7972.430122 and parameters: {'shared_buffers': '2GB', 'work_mem': 64, 'maintenance_work_mem': 512, 'max_parallel_workers_per_gather': 0, 'random_page_cost': 1.2608759764605606, 'effective_cache_size': 16384, 'wal_buffers': '512MB', 'max_wal_size': 4096}. Best is trial 2 with value: 8906.714078.[0m

========================================
[Trial 24] Config: {'shared_buffers': '2GB', 'work_mem': '56MB', 'maintenance_work_mem': '896MB', 'max_parallel_workers_per_gather': 13, 'random_page_cost': '1.8643124441778773', 'effective_cache_size': '12288MB', 'wal_buffers': '512MB', 'max_wal_size': '3072MB'}
[CLEANUP] Stopping container...
[CMD] docker stop tuning || true
[CMD] docker rm tuning || true
[CMD] docker run -d --name tuning --memory 32G --cpus 8 -u postgres -e POSTGRES_PASSWORD=password_test -e POSTGRES_USER=postgres -p 5432:5432 -v pg_bench:/var/lib/postgresql/data postgres:18-alpine -c shared_buffers=2GB -c work_mem=56MB -c maintenance_work_mem=896MB -c max_parallel_workers_per_gather=13 -c random_page_cost=1.8643124441778773 -c effective_cache_size=12288MB -c wal_buffers=512MB -c max_wal_size=3072MB
[DB] Waiting for PostgreSQL to be ready...
[CMD] docker exec tuning pg_isready -U postgres -h 127.0.0.1
[CMD] docker exec tuning pg_isready -U postgres -h 127.0.0.1
[DB] PostgreSQL is ready.
[TEST] Running pgbench (warmup)...
[CMD] docker exec tuning pgbench -U postgres -h 127.0.0.1 -c 32 -j 2 -T 10 benchdb
[TEST] Running pgbench (test)...
[CMD] docker exec tuning pgbench -U postgres -h 127.0.0.1 -c 64 -j 2 -T 90 benchdb
[Trial 24] TPS: 7784.60 | Latency Avg: 8.22 ms
