[32m[I 2026-05-14 09:55:52,370][0m Trial 154 finished with value: 9859.552124 and parameters: {'shared_buffers': '8GB', 'work_mem': 52, 'maintenance_work_mem': 896, 'max_parallel_workers_per_gather': 7, 'random_page_cost': 3.7590763685769, 'effective_cache_size': 24576, 'wal_buffers': '16MB', 'max_wal_size': 4096}. Best is trial 106 with value: 10039.067208.[0m

========================================
[Trial 155] Config: {'shared_buffers': '8GB', 'work_mem': '44MB', 'maintenance_work_mem': '960MB', 'max_parallel_workers_per_gather': 3, 'random_page_cost': '3.950375623808852', 'effective_cache_size': '24576MB', 'wal_buffers': '16MB', 'max_wal_size': '4096MB'}
[CLEANUP] Stopping container...
[CMD] docker stop tuning || true
[CMD] docker rm tuning || true
[CMD] docker run -d --name tuning --memory 32G --cpus 8 -u postgres -e POSTGRES_PASSWORD=password_test -e POSTGRES_USER=postgres -p 5432:5432 -v pg_bench:/var/lib/postgresql/data postgres:18-alpine -c shared_buffers=8GB -c work_mem=44MB -c maintenance_work_mem=960MB -c max_parallel_workers_per_gather=3 -c random_page_cost=3.950375623808852 -c effective_cache_size=24576MB -c wal_buffers=16MB -c max_wal_size=4096MB
[DB] Waiting for PostgreSQL to be ready...
[CMD] docker exec tuning pg_isready -U postgres -h 127.0.0.1
[CMD] docker exec tuning pg_isready -U postgres -h 127.0.0.1
[DB] PostgreSQL is ready.
[TEST] Running pgbench (warmup)...
[CMD] docker exec tuning pgbench -U postgres -h 127.0.0.1 -c 32 -j 2 -T 10 benchdb
[TEST] Running pgbench (test)...
[CMD] docker exec tuning pgbench -U postgres -h 127.0.0.1 -c 64 -j 2 -T 90 benchdb
[Trial 155] TPS: 9853.40 | Latency Avg: 6.50 ms
[32m[I 2026-05-14 09:57:39,608][0m Trial 155 finished with value: 9853.399124 and parameters: {'shared_buffers': '8GB', 'work_mem': 44, 'maintenance_work_mem': 960, 'max_parallel_workers_per_gather': 3, 'random_page_cost': 3.950375623808852, 'effective_cache_size': 24576, 'wal_buffers': '16MB', 'max_wal_size': 4096}. Best is trial 106 with value: 10039.067208.[0m

========================================
[Trial 156] Config: {'shared_buffers': '4GB', 'work_mem': '48MB', 'maintenance_work_mem': '1024MB', 'max_parallel_workers_per_gather': 9, 'random_page_cost': '3.7173164589252563', 'effective_cache_size': '22528MB', 'wal_buffers': '8MB', 'max_wal_size': '4096MB'}
[CLEANUP] Stopping container...
[CMD] docker stop tuning || true
[CMD] docker rm tuning || true
[CMD] docker run -d --name tuning --memory 32G --cpus 8 -u postgres -e POSTGRES_PASSWORD=password_test -e POSTGRES_USER=postgres -p 5432:5432 -v pg_bench:/var/lib/postgresql/data postgres:18-alpine -c shared_buffers=4GB -c work_mem=48MB -c maintenance_work_mem=1024MB -c max_parallel_workers_per_gather=9 -c random_page_cost=3.7173164589252563 -c effective_cache_size=22528MB -c wal_buffers=8MB -c max_wal_size=4096MB
[DB] Waiting for PostgreSQL to be ready...
[CMD] docker exec tuning pg_isready -U postgres -h 127.0.0.1
[CMD] docker exec tuning pg_isready -U postgres -h 127.0.0.1
[DB] PostgreSQL is ready.
[TEST] Running pgbench (warmup)...
[CMD] docker exec tuning pgbench -U postgres -h 127.0.0.1 -c 32 -j 2 -T 10 benchdb
[TEST] Running pgbench (test)...
[CMD] docker exec tuning pgbench -U postgres -h 127.0.0.1 -c 64 -j 2 -T 90 benchdb
[Trial 156] TPS: 9931.18 | Latency Avg: 6.44 ms
[32m[I 2026-05-14 09:59:26,924][0m Trial 156 finished with value: 9931.177224 and parameters: {'shared_buffers': '4GB', 'work_mem': 48, 'maintenance_work_mem': 1024, 'max_parallel_workers_per_gather': 9, 'random_page_cost': 3.7173164589252563, 'effective_cache_size': 22528, 'wal_buffers': '8MB', 'max_wal_size': 4096}. Best is trial 106 with value: 10039.067208.[0m

========================================
[Trial 157] Config: {'shared_buffers': '4GB', 'work_mem': '52MB', 'maintenance_work_mem': '1024MB', 'max_parallel_workers_per_gather': 9, 'random_page_cost': '3.6310147132158535', 'effective_cache_size': '22528MB', 'wal_buffers': '8MB', 'max_wal_size': '1024MB'}
[CLEANUP] Stopping container...
[CMD] docker stop tuning || true
[CMD] docker rm tuning || true
[CMD] docker run -d --name tuning --memory 32G --cpus 8 -u postgres -e POSTGRES_PASSWORD=password_test -e POSTGRES_USER=postgres -p 5432:5432 -v pg_bench:/var/lib/postgresql/data postgres:18-alpine -c shared_buffers=4GB -c work_mem=52MB -c maintenance_work_mem=1024MB -c max_parallel_workers_per_gather=9 -c random_page_cost=3.6310147132158535 -c effective_cache_size=22528MB -c wal_buffers=8MB -c max_wal_size=1024MB
[DB] Waiting for PostgreSQL to be ready...
[CMD] docker exec tuning pg_isready -U postgres -h 127.0.0.1
[CMD] docker exec tuning pg_isready -U postgres -h 127.0.0.1
[DB] PostgreSQL is ready.
[TEST] Running pgbench (warmup)...
[CMD] docker exec tuning pgbench -U postgres -h 127.0.0.1 -c 32 -j 2 -T 10 benchdb
[TEST] Running pgbench (test)...
[CMD] docker exec tuning pgbench -U postgres -h 127.0.0.1 -c 64 -j 2 -T 90 benchdb
[Trial 157] TPS: 7173.86 | Latency Avg: 8.92 ms
[32m[I 2026-05-14 10:01:14,017][0m Trial 157 finished with value: 7173.864405 and parameters: {'shared_buffers': '4GB', 'work_mem': 52, 'maintenance_work_mem': 1024, 'max_parallel_workers_per_gather': 9, 'random_page_cost': 3.6310147132158535, 'effective_cache_size': 22528, 'wal_buffers': '8MB', 'max_wal_size': 1024}. Best is trial 106 with value: 10039.067208.[0m

========================================
[Trial 158] Config: {'shared_buffers': '4GB', 'work_mem': '44MB', 'maintenance_work_mem': '1024MB', 'max_parallel_workers_per_gather': 9, 'random_page_cost': '3.7070008194587016', 'effective_cache_size': '22528MB', 'wal_buffers': '8MB', 'max_wal_size': '4096MB'}
[CLEANUP] Stopping container...
[CMD] docker stop tuning || true
[CMD] docker rm tuning || true
[CMD] docker run -d --name tuning --memory 32G --cpus 8 -u postgres -e POSTGRES_PASSWORD=password_test -e POSTGRES_USER=postgres -p 5432:5432 -v pg_bench:/var/lib/postgresql/data postgres:18-alpine -c shared_buffers=4GB -c work_mem=44MB -c maintenance_work_mem=1024MB -c max_parallel_workers_per_gather=9 -c random_page_cost=3.7070008194587016 -c effective_cache_size=22528MB -c wal_buffers=8MB -c max_wal_size=4096MB
[DB] Waiting for PostgreSQL to be ready...
[CMD] docker exec tuning pg_isready -U postgres -h 127.0.0.1
[CMD] docker exec tuning pg_isready -U postgres -h 127.0.0.1
[DB] PostgreSQL is ready.
[TEST] Running pgbench (warmup)...
[CMD] docker exec tuning pgbench -U postgres -h 127.0.0.1 -c 32 -j 2 -T 10 benchdb
[TEST] Running pgbench (test)...
[CMD] docker exec tuning pgbench -U postgres -h 127.0.0.1 -c 64 -j 2 -T 90 benchdb
[Trial 158] TPS: 9724.41 | Latency Avg: 6.58 ms
[32m[I 2026-05-14 10:02:59,996][0m Trial 158 finished with value: 9724.411908 and parameters: {'shared_buffers': '4GB', 'work_mem': 44, 'maintenance_work_mem': 1024, 'max_parallel_workers_per_gather': 9, 'random_page_cost': 3.7070008194587016, 'effective_cache_size': 22528, 'wal_buffers': '8MB', 'max_wal_size': 4096}. Best is trial 106 with value: 10039.067208.[0m

========================================
[Trial 159] Config: {'shared_buffers': '4GB', 'work_mem': '56MB', 'maintenance_work_mem': '1024MB', 'max_parallel_workers_per_gather': 9, 'random_page_cost': '3.5314891583391574', 'effective_cache_size': '24576MB', 'wal_buffers': '8MB', 'max_wal_size': '4096MB'}
[CLEANUP] Stopping container...
[CMD] docker stop tuning || true
[CMD] docker rm tuning || true
[CMD] docker run -d --name tuning --memory 32G --cpus 8 -u postgres -e POSTGRES_PASSWORD=password_test -e POSTGRES_USER=postgres -p 5432:5432 -v pg_bench:/var/lib/postgresql/data postgres:18-alpine -c shared_buffers=4GB -c work_mem=56MB -c maintenance_work_mem=1024MB -c max_parallel_workers_per_gather=9 -c random_page_cost=3.5314891583391574 -c effective_cache_size=24576MB -c wal_buffers=8MB -c max_wal_size=4096MB
[DB] Waiting for PostgreSQL to be ready...
[CMD] docker exec tuning pg_isready -U postgres -h 127.0.0.1
[CMD] docker exec tuning pg_isready -U postgres -h 127.0.0.1
[DB] PostgreSQL is ready.
[TEST] Running pgbench (warmup)...
[CMD] docker exec tuning pgbench -U postgres -h 127.0.0.1 -c 32 -j 2 -T 10 benchdb
[TEST] Running pgbench (test)...
[CMD] docker exec tuning pgbench -U postgres -h 127.0.0.1 -c 64 -j 2 -T 90 benchdb
[Trial 159] TPS: 9959.95 | Latency Avg: 6.43 ms
[32m[I 2026-05-14 10:04:47,198][0m Trial 159 finished with value: 9959.946359 and parameters: {'shared_buffers': '4GB', 'work_mem': 56, 'maintenance_work_mem': 1024, 'max_parallel_workers_per_gather': 9, 'random_page_cost': 3.5314891583391574, 'effective_cache_size': 24576, 'wal_buffers': '8MB', 'max_wal_size': 4096}. Best is trial 106 with value: 10039.067208.[0m

========================================
[Trial 160] Config: {'shared_buffers': '4GB', 'work_mem': '20MB', 'maintenance_work_mem': '1024MB', 'max_parallel_workers_per_gather': 9, 'random_page_cost': '3.508016563864299', 'effective_cache_size': '22528MB', 'wal_buffers': '8MB', 'max_wal_size': '4096MB'}
[CLEANUP] Stopping container...
[CMD] docker stop tuning || true
[CMD] docker rm tuning || true
[CMD] docker run -d --name tuning --memory 32G --cpus 8 -u postgres -e POSTGRES_PASSWORD=password_test -e POSTGRES_USER=postgres -p 5432:5432 -v pg_bench:/var/lib/postgresql/data postgres:18-alpine -c shared_buffers=4GB -c work_mem=20MB -c maintenance_work_mem=1024MB -c max_parallel_workers_per_gather=9 -c random_page_cost=3.508016563864299 -c effective_cache_size=22528MB -c wal_buffers=8MB -c max_wal_size=4096MB
[DB] Waiting for PostgreSQL to be ready...
[CMD] docker exec tuning pg_isready -U postgres -h 127.0.0.1
[CMD] docker exec tuning pg_isready -U postgres -h 127.0.0.1
[DB] PostgreSQL is ready.
[TEST] Running pgbench (warmup)...
[CMD] docker exec tuning pgbench -U postgres -h 127.0.0.1 -c 32 -j 2 -T 10 benchdb
[TEST] Running pgbench (test)...
[CMD] docker exec tuning pgbench -U postgres -h 127.0.0.1 -c 64 -j 2 -T 90 benchdb
[Trial 160] TPS: 9901.16 | Latency Avg: 6.46 ms
[32m[I 2026-05-14 10:06:34,388][0m Trial 160 finished with value: 9901.160195 and parameters: {'shared_buffers': '4GB', 'work_mem': 20, 'maintenance_work_mem': 1024, 'max_parallel_workers_per_gather': 9, 'random_page_cost': 3.508016563864299, 'effective_cache_size': 22528, 'wal_buffers': '8MB', 'max_wal_size': 4096}. Best is trial 106 with value: 10039.067208.[0m

========================================
[Trial 161] Config: {'shared_buffers': '4GB', 'work_mem': '56MB', 'maintenance_work_mem': '1024MB', 'max_parallel_workers_per_gather': 9, 'random_page_cost': '3.438103516200743', 'effective_cache_size': '24576MB', 'wal_buffers': '8MB', 'max_wal_size': '4096MB'}
[CLEANUP] Stopping container...
[CMD] docker stop tuning || true
[CMD] docker rm tuning || true
[CMD] docker run -d --name tuning --memory 32G --cpus 8 -u postgres -e POSTGRES_PASSWORD=password_test -e POSTGRES_USER=postgres -p 5432:5432 -v pg_bench:/var/lib/postgresql/data postgres:18-alpine -c shared_buffers=4GB -c work_mem=56MB -c maintenance_work_mem=1024MB -c max_parallel_workers_per_gather=9 -c random_page_cost=3.438103516200743 -c effective_cache_size=24576MB -c wal_buffers=8MB -c max_wal_size=4096MB
[DB] Waiting for PostgreSQL to be ready...
[CMD] docker exec tuning pg_isready -U postgres -h 127.0.0.1
[CMD] docker exec tuning pg_isready -U postgres -h 127.0.0.1
[DB] PostgreSQL is ready.
[TEST] Running pgbench (warmup)...
[CMD] docker exec tuning pgbench -U postgres -h 127.0.0.1 -c 32 -j 2 -T 10 benchdb
[TEST] Running pgbench (test)...
[CMD] docker exec tuning pgbench -U postgres -h 127.0.0.1 -c 64 -j 2 -T 90 benchdb
[Trial 161] TPS: 9867.88 | Latency Avg: 6.49 ms
[32m[I 2026-05-14 10:08:21,448][0m Trial 161 finished with value: 9867.882179 and parameters: {'shared_buffers': '4GB', 'work_mem': 56, 'maintenance_work_mem': 1024, 'max_parallel_workers_per_gather': 9, 'random_page_cost': 3.438103516200743, 'effective_cache_size': 24576, 'wal_buffers': '8MB', 'max_wal_size': 4096}. Best is trial 106 with value: 10039.067208.[0m

========================================
[Trial 162] Config: {'shared_buffers': '4GB', 'work_mem': '56MB', 'maintenance_work_mem': '960MB', 'max_parallel_workers_per_gather': 9, 'random_page_cost': '3.8771359058930517', 'effective_cache_size': '24576MB', 'wal_buffers': '8MB', 'max_wal_size': '4096MB'}
[CLEANUP] Stopping container...
[CMD] docker stop tuning || true
[CMD] docker rm tuning || true
[CMD] docker run -d --name tuning --memory 32G --cpus 8 -u postgres -e POSTGRES_PASSWORD=password_test -e POSTGRES_USER=postgres -p 5432:5432 -v pg_bench:/var/lib/postgresql/data postgres:18-alpine -c shared_buffers=4GB -c work_mem=56MB -c maintenance_work_mem=960MB -c max_parallel_workers_per_gather=9 -c random_page_cost=3.8771359058930517 -c effective_cache_size=24576MB -c wal_buffers=8MB -c max_wal_size=4096MB
[DB] Waiting for PostgreSQL to be ready...
[CMD] docker exec tuning pg_isready -U postgres -h 127.0.0.1
[CMD] docker exec tuning pg_isready -U postgres -h 127.0.0.1
[DB] PostgreSQL is ready.
[TEST] Running pgbench (warmup)...
[CMD] docker exec tuning pgbench -U postgres -h 127.0.0.1 -c 32 -j 2 -T 10 benchdb
[TEST] Running pgbench (test)...
[CMD] docker exec tuning pgbench -U postgres -h 127.0.0.1 -c 64 -j 2 -T 90 benchdb
[Trial 162] TPS: 9809.02 | Latency Avg: 6.53 ms
[32m[I 2026-05-14 10:10:08,735][0m Trial 162 finished with value: 9809.017278 and parameters: {'shared_buffers': '4GB', 'work_mem': 56, 'maintenance_work_mem': 960, 'max_parallel_workers_per_gather': 9, 'random_page_cost': 3.8771359058930517, 'effective_cache_size': 24576, 'wal_buffers': '8MB', 'max_wal_size': 4096}. Best is trial 106 with value: 10039.067208.[0m

========================================
[Trial 163] Config: {'shared_buffers': '4GB', 'work_mem': '40MB', 'maintenance_work_mem': '128MB', 'max_parallel_workers_per_gather': 9, 'random_page_cost': '3.5982520969977307', 'effective_cache_size': '24576MB', 'wal_buffers': '8MB', 'max_wal_size': '4096MB'}
[CLEANUP] Stopping container...
[CMD] docker stop tuning || true
[CMD] docker rm tuning || true
[CMD] docker run -d --name tuning --memory 32G --cpus 8 -u postgres -e POSTGRES_PASSWORD=password_test -e POSTGRES_USER=postgres -p 5432:5432 -v pg_bench:/var/lib/postgresql/data postgres:18-alpine -c shared_buffers=4GB -c work_mem=40MB -c maintenance_work_mem=128MB -c max_parallel_workers_per_gather=9 -c random_page_cost=3.5982520969977307 -c effective_cache_size=24576MB -c wal_buffers=8MB -c max_wal_size=4096MB
[DB] Waiting for PostgreSQL to be ready...
[CMD] docker exec tuning pg_isready -U postgres -h 127.0.0.1
[CMD] docker exec tuning pg_isready -U postgres -h 127.0.0.1
[DB] PostgreSQL is ready.
[TEST] Running pgbench (warmup)...
[CMD] docker exec tuning pgbench -U postgres -h 127.0.0.1 -c 32 -j 2 -T 10 benchdb
[TEST] Running pgbench (test)...
[CMD] docker exec tuning pgbench -U postgres -h 127.0.0.1 -c 64 -j 2 -T 90 benchdb
[Trial 163] TPS: 9833.46 | Latency Avg: 6.51 ms
[32m[I 2026-05-14 10:11:55,729][0m Trial 163 finished with value: 9833.457306 and parameters: {'shared_buffers': '4GB', 'work_mem': 40, 'maintenance_work_mem': 128, 'max_parallel_workers_per_gather': 9, 'random_page_cost': 3.5982520969977307, 'effective_cache_size': 24576, 'wal_buffers': '8MB', 'max_wal_size': 4096}. Best is trial 106 with value: 10039.067208.[0m

========================================
[Trial 164] Config: {'shared_buffers': '4GB', 'work_mem': '48MB', 'maintenance_work_mem': '1024MB', 'max_parallel_workers_per_gather': 3, 'random_page_cost': '3.707559297580606', 'effective_cache_size': '24576MB', 'wal_buffers': '128MB', 'max_wal_size': '4096MB'}
[CLEANUP] Stopping container...
[CMD] docker stop tuning || true
[CMD] docker rm tuning || true
[CMD] docker run -d --name tuning --memory 32G --cpus 8 -u postgres -e POSTGRES_PASSWORD=password_test -e POSTGRES_USER=postgres -p 5432:5432 -v pg_bench:/var/lib/postgresql/data postgres:18-alpine -c shared_buffers=4GB -c work_mem=48MB -c maintenance_work_mem=1024MB -c max_parallel_workers_per_gather=3 -c random_page_cost=3.707559297580606 -c effective_cache_size=24576MB -c wal_buffers=128MB -c max_wal_size=4096MB
[DB] Waiting for PostgreSQL to be ready...
[CMD] docker exec tuning pg_isready -U postgres -h 127.0.0.1
[CMD] docker exec tuning pg_isready -U postgres -h 127.0.0.1
[DB] PostgreSQL is ready.
[TEST] Running pgbench (warmup)...
[CMD] docker exec tuning pgbench -U postgres -h 127.0.0.1 -c 32 -j 2 -T 10 benchdb
[TEST] Running pgbench (test)...
[CMD] docker exec tuning pgbench -U postgres -h 127.0.0.1 -c 64 -j 2 -T 90 benchdb
[Trial 164] TPS: 9370.50 | Latency Avg: 6.83 ms
[32m[I 2026-05-14 10:13:43,129][0m Trial 164 finished with value: 9370.50167 and parameters: {'shared_buffers': '4GB', 'work_mem': 48, 'maintenance_work_mem': 1024, 'max_parallel_workers_per_gather': 3, 'random_page_cost': 3.707559297580606, 'effective_cache_size': 24576, 'wal_buffers': '128MB', 'max_wal_size': 4096}. Best is trial 106 with value: 10039.067208.[0m